<?xml version="1.0" encoding="utf-8" standalone="no"?>
<!--This file represents the results of running a test suite-->
<test-results name="D:\TFS\SSV4.X\src_V4.3\reference\mysql-connector-net\mysql-connector-net-6.3.7-src\Tests\MySql.Data.Tests\MySql.Data.Tests.csproj" total="876" errors="261" failures="1" not-run="0" inconclusive="0" ignored="0" skipped="0" invalid="0" date="2011-10-26" time="17:50:41">
  <environment nunit-version="2.5.10.11092" clr-version="2.0.50727.5448" os-version="Microsoft Windows NT 6.1.7601 Service Pack 1" platform="Win32NT" cwd="C:\Program Files (x86)\NUnit 2.5.10\bin\net-2.0" machine-name="PENGJILU_1" user="pengjilu" user-domain="FEINNO" />
  <culture-info current-culture="zh-CN" current-uiculture="zh-CN" />
  <test-suite type="Project" name="D:\TFS\SSV4.X\src_V4.3\reference\mysql-connector-net\mysql-connector-net-6.3.7-src\Tests\MySql.Data.Tests\MySql.Data.Tests.csproj" executed="True" result="Failure" success="False" time="3051.118" asserts="0">
    <results>
      <test-suite type="Assembly" name="D:\TFS\SSV4.X\src_V4.3\reference\mysql-connector-net\mysql-connector-net-6.3.7-src\Tests\MySql.Data.Tests\bin\Debug\MySql.Data.Tests.dll" executed="True" result="Failure" success="False" time="3051.072" asserts="0">
        <results>
          <test-suite type="Namespace" name="MySql" executed="True" result="Failure" success="False" time="3051.072" asserts="0">
            <results>
              <test-suite type="Namespace" name="Data" executed="True" result="Failure" success="False" time="3051.072" asserts="0">
                <results>
                  <test-suite type="Namespace" name="MySqlClient" executed="True" result="Failure" success="False" time="3051.071" asserts="0">
                    <results>
                      <test-suite type="Namespace" name="Tests" executed="True" result="Failure" success="False" time="3051.071" asserts="0">
                        <results>
                          <test-suite type="TestFixture" name="AsyncTests" executed="True" result="Success" success="True" time="15.893" asserts="0">
                            <results>
                              <test-case name="MySql.Data.MySqlClient.Tests.AsyncTests.ExecuteNonQuery" executed="True" result="Success" success="True" time="9.168" asserts="3" />
                              <test-case name="MySql.Data.MySqlClient.Tests.AsyncTests.ExecuteReader" executed="True" result="Success" success="True" time="3.217" asserts="8" />
                              <test-case name="MySql.Data.MySqlClient.Tests.AsyncTests.ThrowingExceptions" executed="True" result="Success" success="True" time="1.015" asserts="1" />
                            </results>
                          </test-suite>
                          <test-suite type="TestFixture" name="BlobTests" executed="True" result="Success" success="True" time="13.420" asserts="0">
                            <results>
                              <test-case name="MySql.Data.MySqlClient.Tests.BlobTests.BlobBiggerThanMaxPacket" executed="True" result="Success" success="True" time="2.250" asserts="1" />
                              <test-case name="MySql.Data.MySqlClient.Tests.BlobTests.GetChars" executed="True" result="Success" success="True" time="1.271" asserts="20001" />
                              <test-case name="MySql.Data.MySqlClient.Tests.BlobTests.GetCharsOnLongTextColumn" executed="True" result="Success" success="True" time="1.211" asserts="3" />
                              <test-case name="MySql.Data.MySqlClient.Tests.BlobTests.GetCharsPrepared" executed="True" result="Success" success="True" time="1.262" asserts="20001" />
                              <test-case name="MySql.Data.MySqlClient.Tests.BlobTests.InsertBinary" executed="True" result="Success" success="True" time="2.402" asserts="1200005" />
                              <test-case name="MySql.Data.MySqlClient.Tests.BlobTests.InsertText" executed="True" result="Success" success="True" time="1.173" asserts="11" />
                              <test-case name="MySql.Data.MySqlClient.Tests.BlobTests.InsertTextPrepared" executed="True" result="Success" success="True" time="1.199" asserts="11" />
                              <test-case name="MySql.Data.MySqlClient.Tests.BlobTests.MediumIntBlobSize" executed="True" result="Success" success="True" time="1.157" asserts="4" />
                              <test-case name="MySql.Data.MySqlClient.Tests.BlobTests.UpdateDataSet" executed="True" result="Success" success="True" time="1.465" asserts="515" />
                            </results>
                          </test-suite>
                          <test-suite type="TestFixture" name="BlobTestsPipe" executed="True" result="Failure" success="False" time="46.098" asserts="0">
                            <categories>
                              <category name="Pipe" />
                            </categories>
                            <results>
                              <test-case name="MySql.Data.MySqlClient.Tests.BlobTestsPipe.BlobTests.BlobBiggerThanMaxPacket" executed="True" result="Error" success="False" time="5.453" asserts="1">
                                <failure>
                                  <message><![CDATA[SetUp : MySql.Data.MySqlClient.MySqlException : Unable to connect to any of the specified MySQL hosts.
  ----> System.ArgumentException : 无效的句柄。
参数名: handle
TearDown : NUnit.Framework.AssertionException :   Too many processes still running
  Expected: 0
  But was:  1
]]></message>
                                  <stack-trace><![CDATA[在 MySql.Data.MySqlClient.NativeDriver.Open() 位置 D:\TFS\SSV4.X\src_V4.3\reference\mysql-connector-net\mysql-connector-net-6.3.7-src\Source\MySql.Data\NativeDriver.cs:行号 269
在 MySql.Data.MySqlClient.Driver.Open() 位置 D:\TFS\SSV4.X\src_V4.3\reference\mysql-connector-net\mysql-connector-net-6.3.7-src\Source\MySql.Data\Driver.cs:行号 212
在 MySql.Data.MySqlClient.Driver.Create(MySqlConnectionStringBuilder settings) 位置 D:\TFS\SSV4.X\src_V4.3\reference\mysql-connector-net\mysql-connector-net-6.3.7-src\Source\MySql.Data\Driver.cs:行号 200
在 MySql.Data.MySqlClient.MySqlConnection.Open() 位置 D:\TFS\SSV4.X\src_V4.3\reference\mysql-connector-net\mysql-connector-net-6.3.7-src\Source\MySql.Data\Connection.cs:行号 514
在 MySql.Data.MySqlClient.Tests.BaseTest.Open() 位置 D:\TFS\SSV4.X\src_V4.3\reference\mysql-connector-net\mysql-connector-net-6.3.7-src\Tests\MySql.Data.Tests\BaseTest.cs:行号 174
在 MySql.Data.MySqlClient.Tests.BaseTest.Setup() 位置 D:\TFS\SSV4.X\src_V4.3\reference\mysql-connector-net\mysql-connector-net-6.3.7-src\Tests\MySql.Data.Tests\BaseTest.cs:行号 215
--ArgumentException
在 System.IO.FileStream..ctor(SafeFileHandle handle, FileAccess access, Int32 bufferSize, Boolean isAsync)
在 MySql.Data.Common.NamedPipeStream.Open(String path, FileAccess mode, UInt32 timeout) 位置 D:\TFS\SSV4.X\src_V4.3\reference\mysql-connector-net\mysql-connector-net-6.3.7-src\Source\MySql.Data\common\NamedPipeStream.cs:行号 94
在 MySql.Data.Common.NamedPipeStream..ctor(String path, FileAccess mode, UInt32 timeout) 位置 D:\TFS\SSV4.X\src_V4.3\reference\mysql-connector-net\mysql-connector-net-6.3.7-src\Source\MySql.Data\common\NamedPipeStream.cs:行号 51
在 MySql.Data.Common.NamedPipeStream.Create(String pipeName, String hostname, UInt32 timeout) 位置 D:\TFS\SSV4.X\src_V4.3\reference\mysql-connector-net\mysql-connector-net-6.3.7-src\Source\MySql.Data\common\NamedPipeStream.cs:行号 233
在 MySql.Data.Common.StreamCreator.GetStreamFromHost(String pipeName, String hostName, UInt32 timeout) 位置 D:\TFS\SSV4.X\src_V4.3\reference\mysql-connector-net\mysql-connector-net-6.3.7-src\Source\MySql.Data\common\StreamCreator.cs:行号 61
在 MySql.Data.Common.StreamCreator.GetStream(UInt32 timeout) 位置 D:\TFS\SSV4.X\src_V4.3\reference\mysql-connector-net\mysql-connector-net-6.3.7-src\Source\MySql.Data\common\StreamCreator.cs:行号 105
在 MySql.Data.MySqlClient.NativeDriver.Open() 位置 D:\TFS\SSV4.X\src_V4.3\reference\mysql-connector-net\mysql-connector-net-6.3.7-src\Source\MySql.Data\NativeDriver.cs:行号 181
--TearDown
在 MySql.Data.MySqlClient.Tests.BaseTest.Teardown() 位置 D:\TFS\SSV4.X\src_V4.3\reference\mysql-connector-net\mysql-connector-net-6.3.7-src\Tests\MySql.Data.Tests\BaseTest.cs:行号 236
]]></stack-trace>
                                </failure>
                              </test-case>
                              <test-case name="MySql.Data.MySqlClient.Tests.BlobTestsPipe.BlobTests.GetChars" executed="True" result="Error" success="False" time="5.031" asserts="1">
                                <failure>
                                  <message><![CDATA[SetUp : MySql.Data.MySqlClient.MySqlException : Unable to connect to any of the specified MySQL hosts.
  ----> System.ArgumentException : 无效的句柄。
参数名: handle
TearDown : NUnit.Framework.AssertionException :   Too many processes still running
  Expected: 0
  But was:  1
]]></message>
                                  <stack-trace><![CDATA[在 MySql.Data.MySqlClient.NativeDriver.Open() 位置 D:\TFS\SSV4.X\src_V4.3\reference\mysql-connector-net\mysql-connector-net-6.3.7-src\Source\MySql.Data\NativeDriver.cs:行号 269
在 MySql.Data.MySqlClient.Driver.Open() 位置 D:\TFS\SSV4.X\src_V4.3\reference\mysql-connector-net\mysql-connector-net-6.3.7-src\Source\MySql.Data\Driver.cs:行号 212
在 MySql.Data.MySqlClient.Driver.Create(MySqlConnectionStringBuilder settings) 位置 D:\TFS\SSV4.X\src_V4.3\reference\mysql-connector-net\mysql-connector-net-6.3.7-src\Source\MySql.Data\Driver.cs:行号 200
在 MySql.Data.MySqlClient.MySqlConnection.Open() 位置 D:\TFS\SSV4.X\src_V4.3\reference\mysql-connector-net\mysql-connector-net-6.3.7-src\Source\MySql.Data\Connection.cs:行号 514
在 MySql.Data.MySqlClient.Tests.BaseTest.Open() 位置 D:\TFS\SSV4.X\src_V4.3\reference\mysql-connector-net\mysql-connector-net-6.3.7-src\Tests\MySql.Data.Tests\BaseTest.cs:行号 174
在 MySql.Data.MySqlClient.Tests.BaseTest.Setup() 位置 D:\TFS\SSV4.X\src_V4.3\reference\mysql-connector-net\mysql-connector-net-6.3.7-src\Tests\MySql.Data.Tests\BaseTest.cs:行号 215
--ArgumentException
在 System.IO.FileStream..ctor(SafeFileHandle handle, FileAccess access, Int32 bufferSize, Boolean isAsync)
在 MySql.Data.Common.NamedPipeStream.Open(String path, FileAccess mode, UInt32 timeout) 位置 D:\TFS\SSV4.X\src_V4.3\reference\mysql-connector-net\mysql-connector-net-6.3.7-src\Source\MySql.Data\common\NamedPipeStream.cs:行号 94
在 MySql.Data.Common.NamedPipeStream..ctor(String path, FileAccess mode, UInt32 timeout) 位置 D:\TFS\SSV4.X\src_V4.3\reference\mysql-connector-net\mysql-connector-net-6.3.7-src\Source\MySql.Data\common\NamedPipeStream.cs:行号 51
在 MySql.Data.Common.NamedPipeStream.Create(String pipeName, String hostname, UInt32 timeout) 位置 D:\TFS\SSV4.X\src_V4.3\reference\mysql-connector-net\mysql-connector-net-6.3.7-src\Source\MySql.Data\common\NamedPipeStream.cs:行号 233
在 MySql.Data.Common.StreamCreator.GetStreamFromHost(String pipeName, String hostName, UInt32 timeout) 位置 D:\TFS\SSV4.X\src_V4.3\reference\mysql-connector-net\mysql-connector-net-6.3.7-src\Source\MySql.Data\common\StreamCreator.cs:行号 61
在 MySql.Data.Common.StreamCreator.GetStream(UInt32 timeout) 位置 D:\TFS\SSV4.X\src_V4.3\reference\mysql-connector-net\mysql-connector-net-6.3.7-src\Source\MySql.Data\common\StreamCreator.cs:行号 105
在 MySql.Data.MySqlClient.NativeDriver.Open() 位置 D:\TFS\SSV4.X\src_V4.3\reference\mysql-connector-net\mysql-connector-net-6.3.7-src\Source\MySql.Data\NativeDriver.cs:行号 181
--TearDown
在 MySql.Data.MySqlClient.Tests.BaseTest.Teardown() 位置 D:\TFS\SSV4.X\src_V4.3\reference\mysql-connector-net\mysql-connector-net-6.3.7-src\Tests\MySql.Data.Tests\BaseTest.cs:行号 236
]]></stack-trace>
                                </failure>
                              </test-case>
                              <test-case name="MySql.Data.MySqlClient.Tests.BlobTestsPipe.BlobTests.GetCharsOnLongTextColumn" executed="True" result="Error" success="False" time="5.017" asserts="1">
                                <failure>
                                  <message><![CDATA[SetUp : MySql.Data.MySqlClient.MySqlException : Unable to connect to any of the specified MySQL hosts.
  ----> System.ArgumentException : 无效的句柄。
参数名: handle
TearDown : NUnit.Framework.AssertionException :   Too many processes still running
  Expected: 0
  But was:  1
]]></message>
                                  <stack-trace><![CDATA[在 MySql.Data.MySqlClient.NativeDriver.Open() 位置 D:\TFS\SSV4.X\src_V4.3\reference\mysql-connector-net\mysql-connector-net-6.3.7-src\Source\MySql.Data\NativeDriver.cs:行号 269
在 MySql.Data.MySqlClient.Driver.Open() 位置 D:\TFS\SSV4.X\src_V4.3\reference\mysql-connector-net\mysql-connector-net-6.3.7-src\Source\MySql.Data\Driver.cs:行号 212
在 MySql.Data.MySqlClient.Driver.Create(MySqlConnectionStringBuilder settings) 位置 D:\TFS\SSV4.X\src_V4.3\reference\mysql-connector-net\mysql-connector-net-6.3.7-src\Source\MySql.Data\Driver.cs:行号 200
在 MySql.Data.MySqlClient.MySqlConnection.Open() 位置 D:\TFS\SSV4.X\src_V4.3\reference\mysql-connector-net\mysql-connector-net-6.3.7-src\Source\MySql.Data\Connection.cs:行号 514
在 MySql.Data.MySqlClient.Tests.BaseTest.Open() 位置 D:\TFS\SSV4.X\src_V4.3\reference\mysql-connector-net\mysql-connector-net-6.3.7-src\Tests\MySql.Data.Tests\BaseTest.cs:行号 174
在 MySql.Data.MySqlClient.Tests.BaseTest.Setup() 位置 D:\TFS\SSV4.X\src_V4.3\reference\mysql-connector-net\mysql-connector-net-6.3.7-src\Tests\MySql.Data.Tests\BaseTest.cs:行号 215
--ArgumentException
在 System.IO.FileStream..ctor(SafeFileHandle handle, FileAccess access, Int32 bufferSize, Boolean isAsync)
在 MySql.Data.Common.NamedPipeStream.Open(String path, FileAccess mode, UInt32 timeout) 位置 D:\TFS\SSV4.X\src_V4.3\reference\mysql-connector-net\mysql-connector-net-6.3.7-src\Source\MySql.Data\common\NamedPipeStream.cs:行号 94
在 MySql.Data.Common.NamedPipeStream..ctor(String path, FileAccess mode, UInt32 timeout) 位置 D:\TFS\SSV4.X\src_V4.3\reference\mysql-connector-net\mysql-connector-net-6.3.7-src\Source\MySql.Data\common\NamedPipeStream.cs:行号 51
在 MySql.Data.Common.NamedPipeStream.Create(String pipeName, String hostname, UInt32 timeout) 位置 D:\TFS\SSV4.X\src_V4.3\reference\mysql-connector-net\mysql-connector-net-6.3.7-src\Source\MySql.Data\common\NamedPipeStream.cs:行号 233
在 MySql.Data.Common.StreamCreator.GetStreamFromHost(String pipeName, String hostName, UInt32 timeout) 位置 D:\TFS\SSV4.X\src_V4.3\reference\mysql-connector-net\mysql-connector-net-6.3.7-src\Source\MySql.Data\common\StreamCreator.cs:行号 61
在 MySql.Data.Common.StreamCreator.GetStream(UInt32 timeout) 位置 D:\TFS\SSV4.X\src_V4.3\reference\mysql-connector-net\mysql-connector-net-6.3.7-src\Source\MySql.Data\common\StreamCreator.cs:行号 105
在 MySql.Data.MySqlClient.NativeDriver.Open() 位置 D:\TFS\SSV4.X\src_V4.3\reference\mysql-connector-net\mysql-connector-net-6.3.7-src\Source\MySql.Data\NativeDriver.cs:行号 181
--TearDown
在 MySql.Data.MySqlClient.Tests.BaseTest.Teardown() 位置 D:\TFS\SSV4.X\src_V4.3\reference\mysql-connector-net\mysql-connector-net-6.3.7-src\Tests\MySql.Data.Tests\BaseTest.cs:行号 236
]]></stack-trace>
                                </failure>
                              </test-case>
                              <test-case name="MySql.Data.MySqlClient.Tests.BlobTestsPipe.BlobTests.GetCharsPrepared" executed="True" result="Error" success="False" time="5.019" asserts="1">
                                <failure>
                                  <message><![CDATA[SetUp : MySql.Data.MySqlClient.MySqlException : Unable to connect to any of the specified MySQL hosts.
  ----> System.ArgumentException : 无效的句柄。
参数名: handle
TearDown : NUnit.Framework.AssertionException :   Too many processes still running
  Expected: 0
  But was:  1
]]></message>
                                  <stack-trace><![CDATA[在 MySql.Data.MySqlClient.NativeDriver.Open() 位置 D:\TFS\SSV4.X\src_V4.3\reference\mysql-connector-net\mysql-connector-net-6.3.7-src\Source\MySql.Data\NativeDriver.cs:行号 269
在 MySql.Data.MySqlClient.Driver.Open() 位置 D:\TFS\SSV4.X\src_V4.3\reference\mysql-connector-net\mysql-connector-net-6.3.7-src\Source\MySql.Data\Driver.cs:行号 212
在 MySql.Data.MySqlClient.Driver.Create(MySqlConnectionStringBuilder settings) 位置 D:\TFS\SSV4.X\src_V4.3\reference\mysql-connector-net\mysql-connector-net-6.3.7-src\Source\MySql.Data\Driver.cs:行号 200
在 MySql.Data.MySqlClient.MySqlConnection.Open() 位置 D:\TFS\SSV4.X\src_V4.3\reference\mysql-connector-net\mysql-connector-net-6.3.7-src\Source\MySql.Data\Connection.cs:行号 514
在 MySql.Data.MySqlClient.Tests.BaseTest.Open() 位置 D:\TFS\SSV4.X\src_V4.3\reference\mysql-connector-net\mysql-connector-net-6.3.7-src\Tests\MySql.Data.Tests\BaseTest.cs:行号 174
在 MySql.Data.MySqlClient.Tests.BaseTest.Setup() 位置 D:\TFS\SSV4.X\src_V4.3\reference\mysql-connector-net\mysql-connector-net-6.3.7-src\Tests\MySql.Data.Tests\BaseTest.cs:行号 215
--ArgumentException
在 System.IO.FileStream..ctor(SafeFileHandle handle, FileAccess access, Int32 bufferSize, Boolean isAsync)
在 MySql.Data.Common.NamedPipeStream.Open(String path, FileAccess mode, UInt32 timeout) 位置 D:\TFS\SSV4.X\src_V4.3\reference\mysql-connector-net\mysql-connector-net-6.3.7-src\Source\MySql.Data\common\NamedPipeStream.cs:行号 94
在 MySql.Data.Common.NamedPipeStream..ctor(String path, FileAccess mode, UInt32 timeout) 位置 D:\TFS\SSV4.X\src_V4.3\reference\mysql-connector-net\mysql-connector-net-6.3.7-src\Source\MySql.Data\common\NamedPipeStream.cs:行号 51
在 MySql.Data.Common.NamedPipeStream.Create(String pipeName, String hostname, UInt32 timeout) 位置 D:\TFS\SSV4.X\src_V4.3\reference\mysql-connector-net\mysql-connector-net-6.3.7-src\Source\MySql.Data\common\NamedPipeStream.cs:行号 233
在 MySql.Data.Common.StreamCreator.GetStreamFromHost(String pipeName, String hostName, UInt32 timeout) 位置 D:\TFS\SSV4.X\src_V4.3\reference\mysql-connector-net\mysql-connector-net-6.3.7-src\Source\MySql.Data\common\StreamCreator.cs:行号 61
在 MySql.Data.Common.StreamCreator.GetStream(UInt32 timeout) 位置 D:\TFS\SSV4.X\src_V4.3\reference\mysql-connector-net\mysql-connector-net-6.3.7-src\Source\MySql.Data\common\StreamCreator.cs:行号 105
在 MySql.Data.MySqlClient.NativeDriver.Open() 位置 D:\TFS\SSV4.X\src_V4.3\reference\mysql-connector-net\mysql-connector-net-6.3.7-src\Source\MySql.Data\NativeDriver.cs:行号 181
--TearDown
在 MySql.Data.MySqlClient.Tests.BaseTest.Teardown() 位置 D:\TFS\SSV4.X\src_V4.3\reference\mysql-connector-net\mysql-connector-net-6.3.7-src\Tests\MySql.Data.Tests\BaseTest.cs:行号 236
]]></stack-trace>
                                </failure>
                              </test-case>
                              <test-case name="MySql.Data.MySqlClient.Tests.BlobTestsPipe.BlobTests.InsertBinary" executed="True" result="Error" success="False" time="5.036" asserts="1">
                                <failure>
                                  <message><![CDATA[SetUp : MySql.Data.MySqlClient.MySqlException : Unable to connect to any of the specified MySQL hosts.
  ----> System.ArgumentException : 无效的句柄。
参数名: handle
TearDown : NUnit.Framework.AssertionException :   Too many processes still running
  Expected: 0
  But was:  1
]]></message>
                                  <stack-trace><![CDATA[在 MySql.Data.MySqlClient.NativeDriver.Open() 位置 D:\TFS\SSV4.X\src_V4.3\reference\mysql-connector-net\mysql-connector-net-6.3.7-src\Source\MySql.Data\NativeDriver.cs:行号 269
在 MySql.Data.MySqlClient.Driver.Open() 位置 D:\TFS\SSV4.X\src_V4.3\reference\mysql-connector-net\mysql-connector-net-6.3.7-src\Source\MySql.Data\Driver.cs:行号 212
在 MySql.Data.MySqlClient.Driver.Create(MySqlConnectionStringBuilder settings) 位置 D:\TFS\SSV4.X\src_V4.3\reference\mysql-connector-net\mysql-connector-net-6.3.7-src\Source\MySql.Data\Driver.cs:行号 200
在 MySql.Data.MySqlClient.MySqlConnection.Open() 位置 D:\TFS\SSV4.X\src_V4.3\reference\mysql-connector-net\mysql-connector-net-6.3.7-src\Source\MySql.Data\Connection.cs:行号 514
在 MySql.Data.MySqlClient.Tests.BaseTest.Open() 位置 D:\TFS\SSV4.X\src_V4.3\reference\mysql-connector-net\mysql-connector-net-6.3.7-src\Tests\MySql.Data.Tests\BaseTest.cs:行号 174
在 MySql.Data.MySqlClient.Tests.BaseTest.Setup() 位置 D:\TFS\SSV4.X\src_V4.3\reference\mysql-connector-net\mysql-connector-net-6.3.7-src\Tests\MySql.Data.Tests\BaseTest.cs:行号 215
--ArgumentException
在 System.IO.FileStream..ctor(SafeFileHandle handle, FileAccess access, Int32 bufferSize, Boolean isAsync)
在 MySql.Data.Common.NamedPipeStream.Open(String path, FileAccess mode, UInt32 timeout) 位置 D:\TFS\SSV4.X\src_V4.3\reference\mysql-connector-net\mysql-connector-net-6.3.7-src\Source\MySql.Data\common\NamedPipeStream.cs:行号 94
在 MySql.Data.Common.NamedPipeStream..ctor(String path, FileAccess mode, UInt32 timeout) 位置 D:\TFS\SSV4.X\src_V4.3\reference\mysql-connector-net\mysql-connector-net-6.3.7-src\Source\MySql.Data\common\NamedPipeStream.cs:行号 51
在 MySql.Data.Common.NamedPipeStream.Create(String pipeName, String hostname, UInt32 timeout) 位置 D:\TFS\SSV4.X\src_V4.3\reference\mysql-connector-net\mysql-connector-net-6.3.7-src\Source\MySql.Data\common\NamedPipeStream.cs:行号 233
在 MySql.Data.Common.StreamCreator.GetStreamFromHost(String pipeName, String hostName, UInt32 timeout) 位置 D:\TFS\SSV4.X\src_V4.3\reference\mysql-connector-net\mysql-connector-net-6.3.7-src\Source\MySql.Data\common\StreamCreator.cs:行号 61
在 MySql.Data.Common.StreamCreator.GetStream(UInt32 timeout) 位置 D:\TFS\SSV4.X\src_V4.3\reference\mysql-connector-net\mysql-connector-net-6.3.7-src\Source\MySql.Data\common\StreamCreator.cs:行号 105
在 MySql.Data.MySqlClient.NativeDriver.Open() 位置 D:\TFS\SSV4.X\src_V4.3\reference\mysql-connector-net\mysql-connector-net-6.3.7-src\Source\MySql.Data\NativeDriver.cs:行号 181
--TearDown
在 MySql.Data.MySqlClient.Tests.BaseTest.Teardown() 位置 D:\TFS\SSV4.X\src_V4.3\reference\mysql-connector-net\mysql-connector-net-6.3.7-src\Tests\MySql.Data.Tests\BaseTest.cs:行号 236
]]></stack-trace>
                                </failure>
                              </test-case>
                              <test-case name="MySql.Data.MySqlClient.Tests.BlobTestsPipe.BlobTests.InsertText" executed="True" result="Error" success="False" time="5.022" asserts="1">
                                <failure>
                                  <message><![CDATA[SetUp : MySql.Data.MySqlClient.MySqlException : Unable to connect to any of the specified MySQL hosts.
  ----> System.ArgumentException : 无效的句柄。
参数名: handle
TearDown : NUnit.Framework.AssertionException :   Too many processes still running
  Expected: 0
  But was:  1
]]></message>
                                  <stack-trace><![CDATA[在 MySql.Data.MySqlClient.NativeDriver.Open() 位置 D:\TFS\SSV4.X\src_V4.3\reference\mysql-connector-net\mysql-connector-net-6.3.7-src\Source\MySql.Data\NativeDriver.cs:行号 269
在 MySql.Data.MySqlClient.Driver.Open() 位置 D:\TFS\SSV4.X\src_V4.3\reference\mysql-connector-net\mysql-connector-net-6.3.7-src\Source\MySql.Data\Driver.cs:行号 212
在 MySql.Data.MySqlClient.Driver.Create(MySqlConnectionStringBuilder settings) 位置 D:\TFS\SSV4.X\src_V4.3\reference\mysql-connector-net\mysql-connector-net-6.3.7-src\Source\MySql.Data\Driver.cs:行号 200
在 MySql.Data.MySqlClient.MySqlConnection.Open() 位置 D:\TFS\SSV4.X\src_V4.3\reference\mysql-connector-net\mysql-connector-net-6.3.7-src\Source\MySql.Data\Connection.cs:行号 514
在 MySql.Data.MySqlClient.Tests.BaseTest.Open() 位置 D:\TFS\SSV4.X\src_V4.3\reference\mysql-connector-net\mysql-connector-net-6.3.7-src\Tests\MySql.Data.Tests\BaseTest.cs:行号 174
在 MySql.Data.MySqlClient.Tests.BaseTest.Setup() 位置 D:\TFS\SSV4.X\src_V4.3\reference\mysql-connector-net\mysql-connector-net-6.3.7-src\Tests\MySql.Data.Tests\BaseTest.cs:行号 215
--ArgumentException
在 System.IO.FileStream..ctor(SafeFileHandle handle, FileAccess access, Int32 bufferSize, Boolean isAsync)
在 MySql.Data.Common.NamedPipeStream.Open(String path, FileAccess mode, UInt32 timeout) 位置 D:\TFS\SSV4.X\src_V4.3\reference\mysql-connector-net\mysql-connector-net-6.3.7-src\Source\MySql.Data\common\NamedPipeStream.cs:行号 94
在 MySql.Data.Common.NamedPipeStream..ctor(String path, FileAccess mode, UInt32 timeout) 位置 D:\TFS\SSV4.X\src_V4.3\reference\mysql-connector-net\mysql-connector-net-6.3.7-src\Source\MySql.Data\common\NamedPipeStream.cs:行号 51
在 MySql.Data.Common.NamedPipeStream.Create(String pipeName, String hostname, UInt32 timeout) 位置 D:\TFS\SSV4.X\src_V4.3\reference\mysql-connector-net\mysql-connector-net-6.3.7-src\Source\MySql.Data\common\NamedPipeStream.cs:行号 233
在 MySql.Data.Common.StreamCreator.GetStreamFromHost(String pipeName, String hostName, UInt32 timeout) 位置 D:\TFS\SSV4.X\src_V4.3\reference\mysql-connector-net\mysql-connector-net-6.3.7-src\Source\MySql.Data\common\StreamCreator.cs:行号 61
在 MySql.Data.Common.StreamCreator.GetStream(UInt32 timeout) 位置 D:\TFS\SSV4.X\src_V4.3\reference\mysql-connector-net\mysql-connector-net-6.3.7-src\Source\MySql.Data\common\StreamCreator.cs:行号 105
在 MySql.Data.MySqlClient.NativeDriver.Open() 位置 D:\TFS\SSV4.X\src_V4.3\reference\mysql-connector-net\mysql-connector-net-6.3.7-src\Source\MySql.Data\NativeDriver.cs:行号 181
--TearDown
在 MySql.Data.MySqlClient.Tests.BaseTest.Teardown() 位置 D:\TFS\SSV4.X\src_V4.3\reference\mysql-connector-net\mysql-connector-net-6.3.7-src\Tests\MySql.Data.Tests\BaseTest.cs:行号 236
]]></stack-trace>
                                </failure>
                              </test-case>
                              <test-case name="MySql.Data.MySqlClient.Tests.BlobTestsPipe.BlobTests.InsertTextPrepared" executed="True" result="Error" success="False" time="5.028" asserts="1">
                                <failure>
                                  <message><![CDATA[SetUp : MySql.Data.MySqlClient.MySqlException : Unable to connect to any of the specified MySQL hosts.
  ----> System.ArgumentException : 无效的句柄。
参数名: handle
TearDown : NUnit.Framework.AssertionException :   Too many processes still running
  Expected: 0
  But was:  1
]]></message>
                                  <stack-trace><![CDATA[在 MySql.Data.MySqlClient.NativeDriver.Open() 位置 D:\TFS\SSV4.X\src_V4.3\reference\mysql-connector-net\mysql-connector-net-6.3.7-src\Source\MySql.Data\NativeDriver.cs:行号 269
在 MySql.Data.MySqlClient.Driver.Open() 位置 D:\TFS\SSV4.X\src_V4.3\reference\mysql-connector-net\mysql-connector-net-6.3.7-src\Source\MySql.Data\Driver.cs:行号 212
在 MySql.Data.MySqlClient.Driver.Create(MySqlConnectionStringBuilder settings) 位置 D:\TFS\SSV4.X\src_V4.3\reference\mysql-connector-net\mysql-connector-net-6.3.7-src\Source\MySql.Data\Driver.cs:行号 200
在 MySql.Data.MySqlClient.MySqlConnection.Open() 位置 D:\TFS\SSV4.X\src_V4.3\reference\mysql-connector-net\mysql-connector-net-6.3.7-src\Source\MySql.Data\Connection.cs:行号 514
在 MySql.Data.MySqlClient.Tests.BaseTest.Open() 位置 D:\TFS\SSV4.X\src_V4.3\reference\mysql-connector-net\mysql-connector-net-6.3.7-src\Tests\MySql.Data.Tests\BaseTest.cs:行号 174
在 MySql.Data.MySqlClient.Tests.BaseTest.Setup() 位置 D:\TFS\SSV4.X\src_V4.3\reference\mysql-connector-net\mysql-connector-net-6.3.7-src\Tests\MySql.Data.Tests\BaseTest.cs:行号 215
--ArgumentException
在 System.IO.FileStream..ctor(SafeFileHandle handle, FileAccess access, Int32 bufferSize, Boolean isAsync)
在 MySql.Data.Common.NamedPipeStream.Open(String path, FileAccess mode, UInt32 timeout) 位置 D:\TFS\SSV4.X\src_V4.3\reference\mysql-connector-net\mysql-connector-net-6.3.7-src\Source\MySql.Data\common\NamedPipeStream.cs:行号 94
在 MySql.Data.Common.NamedPipeStream..ctor(String path, FileAccess mode, UInt32 timeout) 位置 D:\TFS\SSV4.X\src_V4.3\reference\mysql-connector-net\mysql-connector-net-6.3.7-src\Source\MySql.Data\common\NamedPipeStream.cs:行号 51
在 MySql.Data.Common.NamedPipeStream.Create(String pipeName, String hostname, UInt32 timeout) 位置 D:\TFS\SSV4.X\src_V4.3\reference\mysql-connector-net\mysql-connector-net-6.3.7-src\Source\MySql.Data\common\NamedPipeStream.cs:行号 233
在 MySql.Data.Common.StreamCreator.GetStreamFromHost(String pipeName, String hostName, UInt32 timeout) 位置 D:\TFS\SSV4.X\src_V4.3\reference\mysql-connector-net\mysql-connector-net-6.3.7-src\Source\MySql.Data\common\StreamCreator.cs:行号 61
在 MySql.Data.Common.StreamCreator.GetStream(UInt32 timeout) 位置 D:\TFS\SSV4.X\src_V4.3\reference\mysql-connector-net\mysql-connector-net-6.3.7-src\Source\MySql.Data\common\StreamCreator.cs:行号 105
在 MySql.Data.MySqlClient.NativeDriver.Open() 位置 D:\TFS\SSV4.X\src_V4.3\reference\mysql-connector-net\mysql-connector-net-6.3.7-src\Source\MySql.Data\NativeDriver.cs:行号 181
--TearDown
在 MySql.Data.MySqlClient.Tests.BaseTest.Teardown() 位置 D:\TFS\SSV4.X\src_V4.3\reference\mysql-connector-net\mysql-connector-net-6.3.7-src\Tests\MySql.Data.Tests\BaseTest.cs:行号 236
]]></stack-trace>
                                </failure>
                              </test-case>
                              <test-case name="MySql.Data.MySqlClient.Tests.BlobTestsPipe.BlobTests.MediumIntBlobSize" executed="True" result="Error" success="False" time="5.024" asserts="1">
                                <failure>
                                  <message><![CDATA[SetUp : MySql.Data.MySqlClient.MySqlException : Unable to connect to any of the specified MySQL hosts.
  ----> System.ArgumentException : 无效的句柄。
参数名: handle
TearDown : NUnit.Framework.AssertionException :   Too many processes still running
  Expected: 0
  But was:  1
]]></message>
                                  <stack-trace><![CDATA[在 MySql.Data.MySqlClient.NativeDriver.Open() 位置 D:\TFS\SSV4.X\src_V4.3\reference\mysql-connector-net\mysql-connector-net-6.3.7-src\Source\MySql.Data\NativeDriver.cs:行号 269
在 MySql.Data.MySqlClient.Driver.Open() 位置 D:\TFS\SSV4.X\src_V4.3\reference\mysql-connector-net\mysql-connector-net-6.3.7-src\Source\MySql.Data\Driver.cs:行号 212
在 MySql.Data.MySqlClient.Driver.Create(MySqlConnectionStringBuilder settings) 位置 D:\TFS\SSV4.X\src_V4.3\reference\mysql-connector-net\mysql-connector-net-6.3.7-src\Source\MySql.Data\Driver.cs:行号 200
在 MySql.Data.MySqlClient.MySqlConnection.Open() 位置 D:\TFS\SSV4.X\src_V4.3\reference\mysql-connector-net\mysql-connector-net-6.3.7-src\Source\MySql.Data\Connection.cs:行号 514
在 MySql.Data.MySqlClient.Tests.BaseTest.Open() 位置 D:\TFS\SSV4.X\src_V4.3\reference\mysql-connector-net\mysql-connector-net-6.3.7-src\Tests\MySql.Data.Tests\BaseTest.cs:行号 174
在 MySql.Data.MySqlClient.Tests.BaseTest.Setup() 位置 D:\TFS\SSV4.X\src_V4.3\reference\mysql-connector-net\mysql-connector-net-6.3.7-src\Tests\MySql.Data.Tests\BaseTest.cs:行号 215
--ArgumentException
在 System.IO.FileStream..ctor(SafeFileHandle handle, FileAccess access, Int32 bufferSize, Boolean isAsync)
在 MySql.Data.Common.NamedPipeStream.Open(String path, FileAccess mode, UInt32 timeout) 位置 D:\TFS\SSV4.X\src_V4.3\reference\mysql-connector-net\mysql-connector-net-6.3.7-src\Source\MySql.Data\common\NamedPipeStream.cs:行号 94
在 MySql.Data.Common.NamedPipeStream..ctor(String path, FileAccess mode, UInt32 timeout) 位置 D:\TFS\SSV4.X\src_V4.3\reference\mysql-connector-net\mysql-connector-net-6.3.7-src\Source\MySql.Data\common\NamedPipeStream.cs:行号 51
在 MySql.Data.Common.NamedPipeStream.Create(String pipeName, String hostname, UInt32 timeout) 位置 D:\TFS\SSV4.X\src_V4.3\reference\mysql-connector-net\mysql-connector-net-6.3.7-src\Source\MySql.Data\common\NamedPipeStream.cs:行号 233
在 MySql.Data.Common.StreamCreator.GetStreamFromHost(String pipeName, String hostName, UInt32 timeout) 位置 D:\TFS\SSV4.X\src_V4.3\reference\mysql-connector-net\mysql-connector-net-6.3.7-src\Source\MySql.Data\common\StreamCreator.cs:行号 61
在 MySql.Data.Common.StreamCreator.GetStream(UInt32 timeout) 位置 D:\TFS\SSV4.X\src_V4.3\reference\mysql-connector-net\mysql-connector-net-6.3.7-src\Source\MySql.Data\common\StreamCreator.cs:行号 105
在 MySql.Data.MySqlClient.NativeDriver.Open() 位置 D:\TFS\SSV4.X\src_V4.3\reference\mysql-connector-net\mysql-connector-net-6.3.7-src\Source\MySql.Data\NativeDriver.cs:行号 181
--TearDown
在 MySql.Data.MySqlClient.Tests.BaseTest.Teardown() 位置 D:\TFS\SSV4.X\src_V4.3\reference\mysql-connector-net\mysql-connector-net-6.3.7-src\Tests\MySql.Data.Tests\BaseTest.cs:行号 236
]]></stack-trace>
                                </failure>
                              </test-case>
                              <test-case name="MySql.Data.MySqlClient.Tests.BlobTestsPipe.BlobTests.UpdateDataSet" executed="True" result="Error" success="False" time="5.022" asserts="1">
                                <failure>
                                  <message><![CDATA[SetUp : MySql.Data.MySqlClient.MySqlException : Unable to connect to any of the specified MySQL hosts.
  ----> System.ArgumentException : 无效的句柄。
参数名: handle
TearDown : NUnit.Framework.AssertionException :   Too many processes still running
  Expected: 0
  But was:  1
]]></message>
                                  <stack-trace><![CDATA[在 MySql.Data.MySqlClient.NativeDriver.Open() 位置 D:\TFS\SSV4.X\src_V4.3\reference\mysql-connector-net\mysql-connector-net-6.3.7-src\Source\MySql.Data\NativeDriver.cs:行号 269
在 MySql.Data.MySqlClient.Driver.Open() 位置 D:\TFS\SSV4.X\src_V4.3\reference\mysql-connector-net\mysql-connector-net-6.3.7-src\Source\MySql.Data\Driver.cs:行号 212
在 MySql.Data.MySqlClient.Driver.Create(MySqlConnectionStringBuilder settings) 位置 D:\TFS\SSV4.X\src_V4.3\reference\mysql-connector-net\mysql-connector-net-6.3.7-src\Source\MySql.Data\Driver.cs:行号 200
在 MySql.Data.MySqlClient.MySqlConnection.Open() 位置 D:\TFS\SSV4.X\src_V4.3\reference\mysql-connector-net\mysql-connector-net-6.3.7-src\Source\MySql.Data\Connection.cs:行号 514
在 MySql.Data.MySqlClient.Tests.BaseTest.Open() 位置 D:\TFS\SSV4.X\src_V4.3\reference\mysql-connector-net\mysql-connector-net-6.3.7-src\Tests\MySql.Data.Tests\BaseTest.cs:行号 174
在 MySql.Data.MySqlClient.Tests.BaseTest.Setup() 位置 D:\TFS\SSV4.X\src_V4.3\reference\mysql-connector-net\mysql-connector-net-6.3.7-src\Tests\MySql.Data.Tests\BaseTest.cs:行号 215
--ArgumentException
在 System.IO.FileStream..ctor(SafeFileHandle handle, FileAccess access, Int32 bufferSize, Boolean isAsync)
在 MySql.Data.Common.NamedPipeStream.Open(String path, FileAccess mode, UInt32 timeout) 位置 D:\TFS\SSV4.X\src_V4.3\reference\mysql-connector-net\mysql-connector-net-6.3.7-src\Source\MySql.Data\common\NamedPipeStream.cs:行号 94
在 MySql.Data.Common.NamedPipeStream..ctor(String path, FileAccess mode, UInt32 timeout) 位置 D:\TFS\SSV4.X\src_V4.3\reference\mysql-connector-net\mysql-connector-net-6.3.7-src\Source\MySql.Data\common\NamedPipeStream.cs:行号 51
在 MySql.Data.Common.NamedPipeStream.Create(String pipeName, String hostname, UInt32 timeout) 位置 D:\TFS\SSV4.X\src_V4.3\reference\mysql-connector-net\mysql-connector-net-6.3.7-src\Source\MySql.Data\common\NamedPipeStream.cs:行号 233
在 MySql.Data.Common.StreamCreator.GetStreamFromHost(String pipeName, String hostName, UInt32 timeout) 位置 D:\TFS\SSV4.X\src_V4.3\reference\mysql-connector-net\mysql-connector-net-6.3.7-src\Source\MySql.Data\common\StreamCreator.cs:行号 61
在 MySql.Data.Common.StreamCreator.GetStream(UInt32 timeout) 位置 D:\TFS\SSV4.X\src_V4.3\reference\mysql-connector-net\mysql-connector-net-6.3.7-src\Source\MySql.Data\common\StreamCreator.cs:行号 105
在 MySql.Data.MySqlClient.NativeDriver.Open() 位置 D:\TFS\SSV4.X\src_V4.3\reference\mysql-connector-net\mysql-connector-net-6.3.7-src\Source\MySql.Data\NativeDriver.cs:行号 181
--TearDown
在 MySql.Data.MySqlClient.Tests.BaseTest.Teardown() 位置 D:\TFS\SSV4.X\src_V4.3\reference\mysql-connector-net\mysql-connector-net-6.3.7-src\Tests\MySql.Data.Tests\BaseTest.cs:行号 236
]]></stack-trace>
                                </failure>
                              </test-case>
                            </results>
                          </test-suite>
                          <test-suite type="TestFixture" name="BlobTestsPipeCompressed" executed="True" result="Failure" success="False" time="45.308" asserts="0">
                            <categories>
                              <category name="Pipe" />
                              <category name="Compressed" />
                            </categories>
                            <results>
                              <test-case name="MySql.Data.MySqlClient.Tests.BlobTestsPipeCompressed.BlobTests.BlobBiggerThanMaxPacket" executed="True" result="Error" success="False" time="5.021" asserts="1">
                                <failure>
                                  <message><![CDATA[SetUp : MySql.Data.MySqlClient.MySqlException : Unable to connect to any of the specified MySQL hosts.
  ----> System.ArgumentException : 无效的句柄。
参数名: handle
TearDown : NUnit.Framework.AssertionException :   Too many processes still running
  Expected: 0
  But was:  1
]]></message>
                                  <stack-trace><![CDATA[在 MySql.Data.MySqlClient.NativeDriver.Open() 位置 D:\TFS\SSV4.X\src_V4.3\reference\mysql-connector-net\mysql-connector-net-6.3.7-src\Source\MySql.Data\NativeDriver.cs:行号 269
在 MySql.Data.MySqlClient.Driver.Open() 位置 D:\TFS\SSV4.X\src_V4.3\reference\mysql-connector-net\mysql-connector-net-6.3.7-src\Source\MySql.Data\Driver.cs:行号 212
在 MySql.Data.MySqlClient.Driver.Create(MySqlConnectionStringBuilder settings) 位置 D:\TFS\SSV4.X\src_V4.3\reference\mysql-connector-net\mysql-connector-net-6.3.7-src\Source\MySql.Data\Driver.cs:行号 200
在 MySql.Data.MySqlClient.MySqlConnection.Open() 位置 D:\TFS\SSV4.X\src_V4.3\reference\mysql-connector-net\mysql-connector-net-6.3.7-src\Source\MySql.Data\Connection.cs:行号 514
在 MySql.Data.MySqlClient.Tests.BaseTest.Open() 位置 D:\TFS\SSV4.X\src_V4.3\reference\mysql-connector-net\mysql-connector-net-6.3.7-src\Tests\MySql.Data.Tests\BaseTest.cs:行号 174
在 MySql.Data.MySqlClient.Tests.BaseTest.Setup() 位置 D:\TFS\SSV4.X\src_V4.3\reference\mysql-connector-net\mysql-connector-net-6.3.7-src\Tests\MySql.Data.Tests\BaseTest.cs:行号 215
--ArgumentException
在 System.IO.FileStream..ctor(SafeFileHandle handle, FileAccess access, Int32 bufferSize, Boolean isAsync)
在 MySql.Data.Common.NamedPipeStream.Open(String path, FileAccess mode, UInt32 timeout) 位置 D:\TFS\SSV4.X\src_V4.3\reference\mysql-connector-net\mysql-connector-net-6.3.7-src\Source\MySql.Data\common\NamedPipeStream.cs:行号 94
在 MySql.Data.Common.NamedPipeStream..ctor(String path, FileAccess mode, UInt32 timeout) 位置 D:\TFS\SSV4.X\src_V4.3\reference\mysql-connector-net\mysql-connector-net-6.3.7-src\Source\MySql.Data\common\NamedPipeStream.cs:行号 51
在 MySql.Data.Common.NamedPipeStream.Create(String pipeName, String hostname, UInt32 timeout) 位置 D:\TFS\SSV4.X\src_V4.3\reference\mysql-connector-net\mysql-connector-net-6.3.7-src\Source\MySql.Data\common\NamedPipeStream.cs:行号 233
在 MySql.Data.Common.StreamCreator.GetStreamFromHost(String pipeName, String hostName, UInt32 timeout) 位置 D:\TFS\SSV4.X\src_V4.3\reference\mysql-connector-net\mysql-connector-net-6.3.7-src\Source\MySql.Data\common\StreamCreator.cs:行号 61
在 MySql.Data.Common.StreamCreator.GetStream(UInt32 timeout) 位置 D:\TFS\SSV4.X\src_V4.3\reference\mysql-connector-net\mysql-connector-net-6.3.7-src\Source\MySql.Data\common\StreamCreator.cs:行号 105
在 MySql.Data.MySqlClient.NativeDriver.Open() 位置 D:\TFS\SSV4.X\src_V4.3\reference\mysql-connector-net\mysql-connector-net-6.3.7-src\Source\MySql.Data\NativeDriver.cs:行号 181
--TearDown
在 MySql.Data.MySqlClient.Tests.BaseTest.Teardown() 位置 D:\TFS\SSV4.X\src_V4.3\reference\mysql-connector-net\mysql-connector-net-6.3.7-src\Tests\MySql.Data.Tests\BaseTest.cs:行号 236
]]></stack-trace>
                                </failure>
                              </test-case>
                              <test-case name="MySql.Data.MySqlClient.Tests.BlobTestsPipeCompressed.BlobTests.GetChars" executed="True" result="Error" success="False" time="5.018" asserts="1">
                                <failure>
                                  <message><![CDATA[SetUp : MySql.Data.MySqlClient.MySqlException : Unable to connect to any of the specified MySQL hosts.
  ----> System.ArgumentException : 无效的句柄。
参数名: handle
TearDown : NUnit.Framework.AssertionException :   Too many processes still running
  Expected: 0
  But was:  1
]]></message>
                                  <stack-trace><![CDATA[在 MySql.Data.MySqlClient.NativeDriver.Open() 位置 D:\TFS\SSV4.X\src_V4.3\reference\mysql-connector-net\mysql-connector-net-6.3.7-src\Source\MySql.Data\NativeDriver.cs:行号 269
在 MySql.Data.MySqlClient.Driver.Open() 位置 D:\TFS\SSV4.X\src_V4.3\reference\mysql-connector-net\mysql-connector-net-6.3.7-src\Source\MySql.Data\Driver.cs:行号 212
在 MySql.Data.MySqlClient.Driver.Create(MySqlConnectionStringBuilder settings) 位置 D:\TFS\SSV4.X\src_V4.3\reference\mysql-connector-net\mysql-connector-net-6.3.7-src\Source\MySql.Data\Driver.cs:行号 200
在 MySql.Data.MySqlClient.MySqlConnection.Open() 位置 D:\TFS\SSV4.X\src_V4.3\reference\mysql-connector-net\mysql-connector-net-6.3.7-src\Source\MySql.Data\Connection.cs:行号 514
在 MySql.Data.MySqlClient.Tests.BaseTest.Open() 位置 D:\TFS\SSV4.X\src_V4.3\reference\mysql-connector-net\mysql-connector-net-6.3.7-src\Tests\MySql.Data.Tests\BaseTest.cs:行号 174
在 MySql.Data.MySqlClient.Tests.BaseTest.Setup() 位置 D:\TFS\SSV4.X\src_V4.3\reference\mysql-connector-net\mysql-connector-net-6.3.7-src\Tests\MySql.Data.Tests\BaseTest.cs:行号 215
--ArgumentException
在 System.IO.FileStream..ctor(SafeFileHandle handle, FileAccess access, Int32 bufferSize, Boolean isAsync)
在 MySql.Data.Common.NamedPipeStream.Open(String path, FileAccess mode, UInt32 timeout) 位置 D:\TFS\SSV4.X\src_V4.3\reference\mysql-connector-net\mysql-connector-net-6.3.7-src\Source\MySql.Data\common\NamedPipeStream.cs:行号 94
在 MySql.Data.Common.NamedPipeStream..ctor(String path, FileAccess mode, UInt32 timeout) 位置 D:\TFS\SSV4.X\src_V4.3\reference\mysql-connector-net\mysql-connector-net-6.3.7-src\Source\MySql.Data\common\NamedPipeStream.cs:行号 51
在 MySql.Data.Common.NamedPipeStream.Create(String pipeName, String hostname, UInt32 timeout) 位置 D:\TFS\SSV4.X\src_V4.3\reference\mysql-connector-net\mysql-connector-net-6.3.7-src\Source\MySql.Data\common\NamedPipeStream.cs:行号 233
在 MySql.Data.Common.StreamCreator.GetStreamFromHost(String pipeName, String hostName, UInt32 timeout) 位置 D:\TFS\SSV4.X\src_V4.3\reference\mysql-connector-net\mysql-connector-net-6.3.7-src\Source\MySql.Data\common\StreamCreator.cs:行号 61
在 MySql.Data.Common.StreamCreator.GetStream(UInt32 timeout) 位置 D:\TFS\SSV4.X\src_V4.3\reference\mysql-connector-net\mysql-connector-net-6.3.7-src\Source\MySql.Data\common\StreamCreator.cs:行号 105
在 MySql.Data.MySqlClient.NativeDriver.Open() 位置 D:\TFS\SSV4.X\src_V4.3\reference\mysql-connector-net\mysql-connector-net-6.3.7-src\Source\MySql.Data\NativeDriver.cs:行号 181
--TearDown
在 MySql.Data.MySqlClient.Tests.BaseTest.Teardown() 位置 D:\TFS\SSV4.X\src_V4.3\reference\mysql-connector-net\mysql-connector-net-6.3.7-src\Tests\MySql.Data.Tests\BaseTest.cs:行号 236
]]></stack-trace>
                                </failure>
                              </test-case>
                              <test-case name="MySql.Data.MySqlClient.Tests.BlobTestsPipeCompressed.BlobTests.GetCharsOnLongTextColumn" executed="True" result="Error" success="False" time="5.066" asserts="1">
                                <failure>
                                  <message><![CDATA[SetUp : MySql.Data.MySqlClient.MySqlException : Unable to connect to any of the specified MySQL hosts.
  ----> System.ArgumentException : 无效的句柄。
参数名: handle
TearDown : NUnit.Framework.AssertionException :   Too many processes still running
  Expected: 0
  But was:  1
]]></message>
                                  <stack-trace><![CDATA[在 MySql.Data.MySqlClient.NativeDriver.Open() 位置 D:\TFS\SSV4.X\src_V4.3\reference\mysql-connector-net\mysql-connector-net-6.3.7-src\Source\MySql.Data\NativeDriver.cs:行号 269
在 MySql.Data.MySqlClient.Driver.Open() 位置 D:\TFS\SSV4.X\src_V4.3\reference\mysql-connector-net\mysql-connector-net-6.3.7-src\Source\MySql.Data\Driver.cs:行号 212
在 MySql.Data.MySqlClient.Driver.Create(MySqlConnectionStringBuilder settings) 位置 D:\TFS\SSV4.X\src_V4.3\reference\mysql-connector-net\mysql-connector-net-6.3.7-src\Source\MySql.Data\Driver.cs:行号 200
在 MySql.Data.MySqlClient.MySqlConnection.Open() 位置 D:\TFS\SSV4.X\src_V4.3\reference\mysql-connector-net\mysql-connector-net-6.3.7-src\Source\MySql.Data\Connection.cs:行号 514
在 MySql.Data.MySqlClient.Tests.BaseTest.Open() 位置 D:\TFS\SSV4.X\src_V4.3\reference\mysql-connector-net\mysql-connector-net-6.3.7-src\Tests\MySql.Data.Tests\BaseTest.cs:行号 174
在 MySql.Data.MySqlClient.Tests.BaseTest.Setup() 位置 D:\TFS\SSV4.X\src_V4.3\reference\mysql-connector-net\mysql-connector-net-6.3.7-src\Tests\MySql.Data.Tests\BaseTest.cs:行号 215
--ArgumentException
在 System.IO.FileStream..ctor(SafeFileHandle handle, FileAccess access, Int32 bufferSize, Boolean isAsync)
在 MySql.Data.Common.NamedPipeStream.Open(String path, FileAccess mode, UInt32 timeout) 位置 D:\TFS\SSV4.X\src_V4.3\reference\mysql-connector-net\mysql-connector-net-6.3.7-src\Source\MySql.Data\common\NamedPipeStream.cs:行号 94
在 MySql.Data.Common.NamedPipeStream..ctor(String path, FileAccess mode, UInt32 timeout) 位置 D:\TFS\SSV4.X\src_V4.3\reference\mysql-connector-net\mysql-connector-net-6.3.7-src\Source\MySql.Data\common\NamedPipeStream.cs:行号 51
在 MySql.Data.Common.NamedPipeStream.Create(String pipeName, String hostname, UInt32 timeout) 位置 D:\TFS\SSV4.X\src_V4.3\reference\mysql-connector-net\mysql-connector-net-6.3.7-src\Source\MySql.Data\common\NamedPipeStream.cs:行号 233
在 MySql.Data.Common.StreamCreator.GetStreamFromHost(String pipeName, String hostName, UInt32 timeout) 位置 D:\TFS\SSV4.X\src_V4.3\reference\mysql-connector-net\mysql-connector-net-6.3.7-src\Source\MySql.Data\common\StreamCreator.cs:行号 61
在 MySql.Data.Common.StreamCreator.GetStream(UInt32 timeout) 位置 D:\TFS\SSV4.X\src_V4.3\reference\mysql-connector-net\mysql-connector-net-6.3.7-src\Source\MySql.Data\common\StreamCreator.cs:行号 105
在 MySql.Data.MySqlClient.NativeDriver.Open() 位置 D:\TFS\SSV4.X\src_V4.3\reference\mysql-connector-net\mysql-connector-net-6.3.7-src\Source\MySql.Data\NativeDriver.cs:行号 181
--TearDown
在 MySql.Data.MySqlClient.Tests.BaseTest.Teardown() 位置 D:\TFS\SSV4.X\src_V4.3\reference\mysql-connector-net\mysql-connector-net-6.3.7-src\Tests\MySql.Data.Tests\BaseTest.cs:行号 236
]]></stack-trace>
                                </failure>
                              </test-case>
                              <test-case name="MySql.Data.MySqlClient.Tests.BlobTestsPipeCompressed.BlobTests.GetCharsPrepared" executed="True" result="Error" success="False" time="5.020" asserts="1">
                                <failure>
                                  <message><![CDATA[SetUp : MySql.Data.MySqlClient.MySqlException : Unable to connect to any of the specified MySQL hosts.
  ----> System.ArgumentException : 无效的句柄。
参数名: handle
TearDown : NUnit.Framework.AssertionException :   Too many processes still running
  Expected: 0
  But was:  1
]]></message>
                                  <stack-trace><![CDATA[在 MySql.Data.MySqlClient.NativeDriver.Open() 位置 D:\TFS\SSV4.X\src_V4.3\reference\mysql-connector-net\mysql-connector-net-6.3.7-src\Source\MySql.Data\NativeDriver.cs:行号 269
在 MySql.Data.MySqlClient.Driver.Open() 位置 D:\TFS\SSV4.X\src_V4.3\reference\mysql-connector-net\mysql-connector-net-6.3.7-src\Source\MySql.Data\Driver.cs:行号 212
在 MySql.Data.MySqlClient.Driver.Create(MySqlConnectionStringBuilder settings) 位置 D:\TFS\SSV4.X\src_V4.3\reference\mysql-connector-net\mysql-connector-net-6.3.7-src\Source\MySql.Data\Driver.cs:行号 200
在 MySql.Data.MySqlClient.MySqlConnection.Open() 位置 D:\TFS\SSV4.X\src_V4.3\reference\mysql-connector-net\mysql-connector-net-6.3.7-src\Source\MySql.Data\Connection.cs:行号 514
在 MySql.Data.MySqlClient.Tests.BaseTest.Open() 位置 D:\TFS\SSV4.X\src_V4.3\reference\mysql-connector-net\mysql-connector-net-6.3.7-src\Tests\MySql.Data.Tests\BaseTest.cs:行号 174
在 MySql.Data.MySqlClient.Tests.BaseTest.Setup() 位置 D:\TFS\SSV4.X\src_V4.3\reference\mysql-connector-net\mysql-connector-net-6.3.7-src\Tests\MySql.Data.Tests\BaseTest.cs:行号 215
--ArgumentException
在 System.IO.FileStream..ctor(SafeFileHandle handle, FileAccess access, Int32 bufferSize, Boolean isAsync)
在 MySql.Data.Common.NamedPipeStream.Open(String path, FileAccess mode, UInt32 timeout) 位置 D:\TFS\SSV4.X\src_V4.3\reference\mysql-connector-net\mysql-connector-net-6.3.7-src\Source\MySql.Data\common\NamedPipeStream.cs:行号 94
在 MySql.Data.Common.NamedPipeStream..ctor(String path, FileAccess mode, UInt32 timeout) 位置 D:\TFS\SSV4.X\src_V4.3\reference\mysql-connector-net\mysql-connector-net-6.3.7-src\Source\MySql.Data\common\NamedPipeStream.cs:行号 51
在 MySql.Data.Common.NamedPipeStream.Create(String pipeName, String hostname, UInt32 timeout) 位置 D:\TFS\SSV4.X\src_V4.3\reference\mysql-connector-net\mysql-connector-net-6.3.7-src\Source\MySql.Data\common\NamedPipeStream.cs:行号 233
在 MySql.Data.Common.StreamCreator.GetStreamFromHost(String pipeName, String hostName, UInt32 timeout) 位置 D:\TFS\SSV4.X\src_V4.3\reference\mysql-connector-net\mysql-connector-net-6.3.7-src\Source\MySql.Data\common\StreamCreator.cs:行号 61
在 MySql.Data.Common.StreamCreator.GetStream(UInt32 timeout) 位置 D:\TFS\SSV4.X\src_V4.3\reference\mysql-connector-net\mysql-connector-net-6.3.7-src\Source\MySql.Data\common\StreamCreator.cs:行号 105
在 MySql.Data.MySqlClient.NativeDriver.Open() 位置 D:\TFS\SSV4.X\src_V4.3\reference\mysql-connector-net\mysql-connector-net-6.3.7-src\Source\MySql.Data\NativeDriver.cs:行号 181
--TearDown
在 MySql.Data.MySqlClient.Tests.BaseTest.Teardown() 位置 D:\TFS\SSV4.X\src_V4.3\reference\mysql-connector-net\mysql-connector-net-6.3.7-src\Tests\MySql.Data.Tests\BaseTest.cs:行号 236
]]></stack-trace>
                                </failure>
                              </test-case>
                              <test-case name="MySql.Data.MySqlClient.Tests.BlobTestsPipeCompressed.BlobTests.InsertBinary" executed="True" result="Error" success="False" time="5.019" asserts="1">
                                <failure>
                                  <message><![CDATA[SetUp : MySql.Data.MySqlClient.MySqlException : Unable to connect to any of the specified MySQL hosts.
  ----> System.ArgumentException : 无效的句柄。
参数名: handle
TearDown : NUnit.Framework.AssertionException :   Too many processes still running
  Expected: 0
  But was:  1
]]></message>
                                  <stack-trace><![CDATA[在 MySql.Data.MySqlClient.NativeDriver.Open() 位置 D:\TFS\SSV4.X\src_V4.3\reference\mysql-connector-net\mysql-connector-net-6.3.7-src\Source\MySql.Data\NativeDriver.cs:行号 269
在 MySql.Data.MySqlClient.Driver.Open() 位置 D:\TFS\SSV4.X\src_V4.3\reference\mysql-connector-net\mysql-connector-net-6.3.7-src\Source\MySql.Data\Driver.cs:行号 212
在 MySql.Data.MySqlClient.Driver.Create(MySqlConnectionStringBuilder settings) 位置 D:\TFS\SSV4.X\src_V4.3\reference\mysql-connector-net\mysql-connector-net-6.3.7-src\Source\MySql.Data\Driver.cs:行号 200
在 MySql.Data.MySqlClient.MySqlConnection.Open() 位置 D:\TFS\SSV4.X\src_V4.3\reference\mysql-connector-net\mysql-connector-net-6.3.7-src\Source\MySql.Data\Connection.cs:行号 514
在 MySql.Data.MySqlClient.Tests.BaseTest.Open() 位置 D:\TFS\SSV4.X\src_V4.3\reference\mysql-connector-net\mysql-connector-net-6.3.7-src\Tests\MySql.Data.Tests\BaseTest.cs:行号 174
在 MySql.Data.MySqlClient.Tests.BaseTest.Setup() 位置 D:\TFS\SSV4.X\src_V4.3\reference\mysql-connector-net\mysql-connector-net-6.3.7-src\Tests\MySql.Data.Tests\BaseTest.cs:行号 215
--ArgumentException
在 System.IO.FileStream..ctor(SafeFileHandle handle, FileAccess access, Int32 bufferSize, Boolean isAsync)
在 MySql.Data.Common.NamedPipeStream.Open(String path, FileAccess mode, UInt32 timeout) 位置 D:\TFS\SSV4.X\src_V4.3\reference\mysql-connector-net\mysql-connector-net-6.3.7-src\Source\MySql.Data\common\NamedPipeStream.cs:行号 94
在 MySql.Data.Common.NamedPipeStream..ctor(String path, FileAccess mode, UInt32 timeout) 位置 D:\TFS\SSV4.X\src_V4.3\reference\mysql-connector-net\mysql-connector-net-6.3.7-src\Source\MySql.Data\common\NamedPipeStream.cs:行号 51
在 MySql.Data.Common.NamedPipeStream.Create(String pipeName, String hostname, UInt32 timeout) 位置 D:\TFS\SSV4.X\src_V4.3\reference\mysql-connector-net\mysql-connector-net-6.3.7-src\Source\MySql.Data\common\NamedPipeStream.cs:行号 233
在 MySql.Data.Common.StreamCreator.GetStreamFromHost(String pipeName, String hostName, UInt32 timeout) 位置 D:\TFS\SSV4.X\src_V4.3\reference\mysql-connector-net\mysql-connector-net-6.3.7-src\Source\MySql.Data\common\StreamCreator.cs:行号 61
在 MySql.Data.Common.StreamCreator.GetStream(UInt32 timeout) 位置 D:\TFS\SSV4.X\src_V4.3\reference\mysql-connector-net\mysql-connector-net-6.3.7-src\Source\MySql.Data\common\StreamCreator.cs:行号 105
在 MySql.Data.MySqlClient.NativeDriver.Open() 位置 D:\TFS\SSV4.X\src_V4.3\reference\mysql-connector-net\mysql-connector-net-6.3.7-src\Source\MySql.Data\NativeDriver.cs:行号 181
--TearDown
在 MySql.Data.MySqlClient.Tests.BaseTest.Teardown() 位置 D:\TFS\SSV4.X\src_V4.3\reference\mysql-connector-net\mysql-connector-net-6.3.7-src\Tests\MySql.Data.Tests\BaseTest.cs:行号 236
]]></stack-trace>
                                </failure>
                              </test-case>
                              <test-case name="MySql.Data.MySqlClient.Tests.BlobTestsPipeCompressed.BlobTests.InsertText" executed="True" result="Error" success="False" time="5.022" asserts="1">
                                <failure>
                                  <message><![CDATA[SetUp : MySql.Data.MySqlClient.MySqlException : Unable to connect to any of the specified MySQL hosts.
  ----> System.ArgumentException : 无效的句柄。
参数名: handle
TearDown : NUnit.Framework.AssertionException :   Too many processes still running
  Expected: 0
  But was:  1
]]></message>
                                  <stack-trace><![CDATA[在 MySql.Data.MySqlClient.NativeDriver.Open() 位置 D:\TFS\SSV4.X\src_V4.3\reference\mysql-connector-net\mysql-connector-net-6.3.7-src\Source\MySql.Data\NativeDriver.cs:行号 269
在 MySql.Data.MySqlClient.Driver.Open() 位置 D:\TFS\SSV4.X\src_V4.3\reference\mysql-connector-net\mysql-connector-net-6.3.7-src\Source\MySql.Data\Driver.cs:行号 212
在 MySql.Data.MySqlClient.Driver.Create(MySqlConnectionStringBuilder settings) 位置 D:\TFS\SSV4.X\src_V4.3\reference\mysql-connector-net\mysql-connector-net-6.3.7-src\Source\MySql.Data\Driver.cs:行号 200
在 MySql.Data.MySqlClient.MySqlConnection.Open() 位置 D:\TFS\SSV4.X\src_V4.3\reference\mysql-connector-net\mysql-connector-net-6.3.7-src\Source\MySql.Data\Connection.cs:行号 514
在 MySql.Data.MySqlClient.Tests.BaseTest.Open() 位置 D:\TFS\SSV4.X\src_V4.3\reference\mysql-connector-net\mysql-connector-net-6.3.7-src\Tests\MySql.Data.Tests\BaseTest.cs:行号 174
在 MySql.Data.MySqlClient.Tests.BaseTest.Setup() 位置 D:\TFS\SSV4.X\src_V4.3\reference\mysql-connector-net\mysql-connector-net-6.3.7-src\Tests\MySql.Data.Tests\BaseTest.cs:行号 215
--ArgumentException
在 System.IO.FileStream..ctor(SafeFileHandle handle, FileAccess access, Int32 bufferSize, Boolean isAsync)
在 MySql.Data.Common.NamedPipeStream.Open(String path, FileAccess mode, UInt32 timeout) 位置 D:\TFS\SSV4.X\src_V4.3\reference\mysql-connector-net\mysql-connector-net-6.3.7-src\Source\MySql.Data\common\NamedPipeStream.cs:行号 94
在 MySql.Data.Common.NamedPipeStream..ctor(String path, FileAccess mode, UInt32 timeout) 位置 D:\TFS\SSV4.X\src_V4.3\reference\mysql-connector-net\mysql-connector-net-6.3.7-src\Source\MySql.Data\common\NamedPipeStream.cs:行号 51
在 MySql.Data.Common.NamedPipeStream.Create(String pipeName, String hostname, UInt32 timeout) 位置 D:\TFS\SSV4.X\src_V4.3\reference\mysql-connector-net\mysql-connector-net-6.3.7-src\Source\MySql.Data\common\NamedPipeStream.cs:行号 233
在 MySql.Data.Common.StreamCreator.GetStreamFromHost(String pipeName, String hostName, UInt32 timeout) 位置 D:\TFS\SSV4.X\src_V4.3\reference\mysql-connector-net\mysql-connector-net-6.3.7-src\Source\MySql.Data\common\StreamCreator.cs:行号 61
在 MySql.Data.Common.StreamCreator.GetStream(UInt32 timeout) 位置 D:\TFS\SSV4.X\src_V4.3\reference\mysql-connector-net\mysql-connector-net-6.3.7-src\Source\MySql.Data\common\StreamCreator.cs:行号 105
在 MySql.Data.MySqlClient.NativeDriver.Open() 位置 D:\TFS\SSV4.X\src_V4.3\reference\mysql-connector-net\mysql-connector-net-6.3.7-src\Source\MySql.Data\NativeDriver.cs:行号 181
--TearDown
在 MySql.Data.MySqlClient.Tests.BaseTest.Teardown() 位置 D:\TFS\SSV4.X\src_V4.3\reference\mysql-connector-net\mysql-connector-net-6.3.7-src\Tests\MySql.Data.Tests\BaseTest.cs:行号 236
]]></stack-trace>
                                </failure>
                              </test-case>
                              <test-case name="MySql.Data.MySqlClient.Tests.BlobTestsPipeCompressed.BlobTests.InsertTextPrepared" executed="True" result="Error" success="False" time="5.022" asserts="1">
                                <failure>
                                  <message><![CDATA[SetUp : MySql.Data.MySqlClient.MySqlException : Unable to connect to any of the specified MySQL hosts.
  ----> System.ArgumentException : 无效的句柄。
参数名: handle
TearDown : NUnit.Framework.AssertionException :   Too many processes still running
  Expected: 0
  But was:  1
]]></message>
                                  <stack-trace><![CDATA[在 MySql.Data.MySqlClient.NativeDriver.Open() 位置 D:\TFS\SSV4.X\src_V4.3\reference\mysql-connector-net\mysql-connector-net-6.3.7-src\Source\MySql.Data\NativeDriver.cs:行号 269
在 MySql.Data.MySqlClient.Driver.Open() 位置 D:\TFS\SSV4.X\src_V4.3\reference\mysql-connector-net\mysql-connector-net-6.3.7-src\Source\MySql.Data\Driver.cs:行号 212
在 MySql.Data.MySqlClient.Driver.Create(MySqlConnectionStringBuilder settings) 位置 D:\TFS\SSV4.X\src_V4.3\reference\mysql-connector-net\mysql-connector-net-6.3.7-src\Source\MySql.Data\Driver.cs:行号 200
在 MySql.Data.MySqlClient.MySqlConnection.Open() 位置 D:\TFS\SSV4.X\src_V4.3\reference\mysql-connector-net\mysql-connector-net-6.3.7-src\Source\MySql.Data\Connection.cs:行号 514
在 MySql.Data.MySqlClient.Tests.BaseTest.Open() 位置 D:\TFS\SSV4.X\src_V4.3\reference\mysql-connector-net\mysql-connector-net-6.3.7-src\Tests\MySql.Data.Tests\BaseTest.cs:行号 174
在 MySql.Data.MySqlClient.Tests.BaseTest.Setup() 位置 D:\TFS\SSV4.X\src_V4.3\reference\mysql-connector-net\mysql-connector-net-6.3.7-src\Tests\MySql.Data.Tests\BaseTest.cs:行号 215
--ArgumentException
在 System.IO.FileStream..ctor(SafeFileHandle handle, FileAccess access, Int32 bufferSize, Boolean isAsync)
在 MySql.Data.Common.NamedPipeStream.Open(String path, FileAccess mode, UInt32 timeout) 位置 D:\TFS\SSV4.X\src_V4.3\reference\mysql-connector-net\mysql-connector-net-6.3.7-src\Source\MySql.Data\common\NamedPipeStream.cs:行号 94
在 MySql.Data.Common.NamedPipeStream..ctor(String path, FileAccess mode, UInt32 timeout) 位置 D:\TFS\SSV4.X\src_V4.3\reference\mysql-connector-net\mysql-connector-net-6.3.7-src\Source\MySql.Data\common\NamedPipeStream.cs:行号 51
在 MySql.Data.Common.NamedPipeStream.Create(String pipeName, String hostname, UInt32 timeout) 位置 D:\TFS\SSV4.X\src_V4.3\reference\mysql-connector-net\mysql-connector-net-6.3.7-src\Source\MySql.Data\common\NamedPipeStream.cs:行号 233
在 MySql.Data.Common.StreamCreator.GetStreamFromHost(String pipeName, String hostName, UInt32 timeout) 位置 D:\TFS\SSV4.X\src_V4.3\reference\mysql-connector-net\mysql-connector-net-6.3.7-src\Source\MySql.Data\common\StreamCreator.cs:行号 61
在 MySql.Data.Common.StreamCreator.GetStream(UInt32 timeout) 位置 D:\TFS\SSV4.X\src_V4.3\reference\mysql-connector-net\mysql-connector-net-6.3.7-src\Source\MySql.Data\common\StreamCreator.cs:行号 105
在 MySql.Data.MySqlClient.NativeDriver.Open() 位置 D:\TFS\SSV4.X\src_V4.3\reference\mysql-connector-net\mysql-connector-net-6.3.7-src\Source\MySql.Data\NativeDriver.cs:行号 181
--TearDown
在 MySql.Data.MySqlClient.Tests.BaseTest.Teardown() 位置 D:\TFS\SSV4.X\src_V4.3\reference\mysql-connector-net\mysql-connector-net-6.3.7-src\Tests\MySql.Data.Tests\BaseTest.cs:行号 236
]]></stack-trace>
                                </failure>
                              </test-case>
                              <test-case name="MySql.Data.MySqlClient.Tests.BlobTestsPipeCompressed.BlobTests.MediumIntBlobSize" executed="True" result="Error" success="False" time="5.024" asserts="1">
                                <failure>
                                  <message><![CDATA[SetUp : MySql.Data.MySqlClient.MySqlException : Unable to connect to any of the specified MySQL hosts.
  ----> System.ArgumentException : 无效的句柄。
参数名: handle
TearDown : NUnit.Framework.AssertionException :   Too many processes still running
  Expected: 0
  But was:  1
]]></message>
                                  <stack-trace><![CDATA[在 MySql.Data.MySqlClient.NativeDriver.Open() 位置 D:\TFS\SSV4.X\src_V4.3\reference\mysql-connector-net\mysql-connector-net-6.3.7-src\Source\MySql.Data\NativeDriver.cs:行号 269
在 MySql.Data.MySqlClient.Driver.Open() 位置 D:\TFS\SSV4.X\src_V4.3\reference\mysql-connector-net\mysql-connector-net-6.3.7-src\Source\MySql.Data\Driver.cs:行号 212
在 MySql.Data.MySqlClient.Driver.Create(MySqlConnectionStringBuilder settings) 位置 D:\TFS\SSV4.X\src_V4.3\reference\mysql-connector-net\mysql-connector-net-6.3.7-src\Source\MySql.Data\Driver.cs:行号 200
在 MySql.Data.MySqlClient.MySqlConnection.Open() 位置 D:\TFS\SSV4.X\src_V4.3\reference\mysql-connector-net\mysql-connector-net-6.3.7-src\Source\MySql.Data\Connection.cs:行号 514
在 MySql.Data.MySqlClient.Tests.BaseTest.Open() 位置 D:\TFS\SSV4.X\src_V4.3\reference\mysql-connector-net\mysql-connector-net-6.3.7-src\Tests\MySql.Data.Tests\BaseTest.cs:行号 174
在 MySql.Data.MySqlClient.Tests.BaseTest.Setup() 位置 D:\TFS\SSV4.X\src_V4.3\reference\mysql-connector-net\mysql-connector-net-6.3.7-src\Tests\MySql.Data.Tests\BaseTest.cs:行号 215
--ArgumentException
在 System.IO.FileStream..ctor(SafeFileHandle handle, FileAccess access, Int32 bufferSize, Boolean isAsync)
在 MySql.Data.Common.NamedPipeStream.Open(String path, FileAccess mode, UInt32 timeout) 位置 D:\TFS\SSV4.X\src_V4.3\reference\mysql-connector-net\mysql-connector-net-6.3.7-src\Source\MySql.Data\common\NamedPipeStream.cs:行号 94
在 MySql.Data.Common.NamedPipeStream..ctor(String path, FileAccess mode, UInt32 timeout) 位置 D:\TFS\SSV4.X\src_V4.3\reference\mysql-connector-net\mysql-connector-net-6.3.7-src\Source\MySql.Data\common\NamedPipeStream.cs:行号 51
在 MySql.Data.Common.NamedPipeStream.Create(String pipeName, String hostname, UInt32 timeout) 位置 D:\TFS\SSV4.X\src_V4.3\reference\mysql-connector-net\mysql-connector-net-6.3.7-src\Source\MySql.Data\common\NamedPipeStream.cs:行号 233
在 MySql.Data.Common.StreamCreator.GetStreamFromHost(String pipeName, String hostName, UInt32 timeout) 位置 D:\TFS\SSV4.X\src_V4.3\reference\mysql-connector-net\mysql-connector-net-6.3.7-src\Source\MySql.Data\common\StreamCreator.cs:行号 61
在 MySql.Data.Common.StreamCreator.GetStream(UInt32 timeout) 位置 D:\TFS\SSV4.X\src_V4.3\reference\mysql-connector-net\mysql-connector-net-6.3.7-src\Source\MySql.Data\common\StreamCreator.cs:行号 105
在 MySql.Data.MySqlClient.NativeDriver.Open() 位置 D:\TFS\SSV4.X\src_V4.3\reference\mysql-connector-net\mysql-connector-net-6.3.7-src\Source\MySql.Data\NativeDriver.cs:行号 181
--TearDown
在 MySql.Data.MySqlClient.Tests.BaseTest.Teardown() 位置 D:\TFS\SSV4.X\src_V4.3\reference\mysql-connector-net\mysql-connector-net-6.3.7-src\Tests\MySql.Data.Tests\BaseTest.cs:行号 236
]]></stack-trace>
                                </failure>
                              </test-case>
                              <test-case name="MySql.Data.MySqlClient.Tests.BlobTestsPipeCompressed.BlobTests.UpdateDataSet" executed="True" result="Error" success="False" time="5.020" asserts="1">
                                <failure>
                                  <message><![CDATA[SetUp : MySql.Data.MySqlClient.MySqlException : Unable to connect to any of the specified MySQL hosts.
  ----> System.ArgumentException : 无效的句柄。
参数名: handle
TearDown : NUnit.Framework.AssertionException :   Too many processes still running
  Expected: 0
  But was:  1
]]></message>
                                  <stack-trace><![CDATA[在 MySql.Data.MySqlClient.NativeDriver.Open() 位置 D:\TFS\SSV4.X\src_V4.3\reference\mysql-connector-net\mysql-connector-net-6.3.7-src\Source\MySql.Data\NativeDriver.cs:行号 269
在 MySql.Data.MySqlClient.Driver.Open() 位置 D:\TFS\SSV4.X\src_V4.3\reference\mysql-connector-net\mysql-connector-net-6.3.7-src\Source\MySql.Data\Driver.cs:行号 212
在 MySql.Data.MySqlClient.Driver.Create(MySqlConnectionStringBuilder settings) 位置 D:\TFS\SSV4.X\src_V4.3\reference\mysql-connector-net\mysql-connector-net-6.3.7-src\Source\MySql.Data\Driver.cs:行号 200
在 MySql.Data.MySqlClient.MySqlConnection.Open() 位置 D:\TFS\SSV4.X\src_V4.3\reference\mysql-connector-net\mysql-connector-net-6.3.7-src\Source\MySql.Data\Connection.cs:行号 514
在 MySql.Data.MySqlClient.Tests.BaseTest.Open() 位置 D:\TFS\SSV4.X\src_V4.3\reference\mysql-connector-net\mysql-connector-net-6.3.7-src\Tests\MySql.Data.Tests\BaseTest.cs:行号 174
在 MySql.Data.MySqlClient.Tests.BaseTest.Setup() 位置 D:\TFS\SSV4.X\src_V4.3\reference\mysql-connector-net\mysql-connector-net-6.3.7-src\Tests\MySql.Data.Tests\BaseTest.cs:行号 215
--ArgumentException
在 System.IO.FileStream..ctor(SafeFileHandle handle, FileAccess access, Int32 bufferSize, Boolean isAsync)
在 MySql.Data.Common.NamedPipeStream.Open(String path, FileAccess mode, UInt32 timeout) 位置 D:\TFS\SSV4.X\src_V4.3\reference\mysql-connector-net\mysql-connector-net-6.3.7-src\Source\MySql.Data\common\NamedPipeStream.cs:行号 94
在 MySql.Data.Common.NamedPipeStream..ctor(String path, FileAccess mode, UInt32 timeout) 位置 D:\TFS\SSV4.X\src_V4.3\reference\mysql-connector-net\mysql-connector-net-6.3.7-src\Source\MySql.Data\common\NamedPipeStream.cs:行号 51
在 MySql.Data.Common.NamedPipeStream.Create(String pipeName, String hostname, UInt32 timeout) 位置 D:\TFS\SSV4.X\src_V4.3\reference\mysql-connector-net\mysql-connector-net-6.3.7-src\Source\MySql.Data\common\NamedPipeStream.cs:行号 233
在 MySql.Data.Common.StreamCreator.GetStreamFromHost(String pipeName, String hostName, UInt32 timeout) 位置 D:\TFS\SSV4.X\src_V4.3\reference\mysql-connector-net\mysql-connector-net-6.3.7-src\Source\MySql.Data\common\StreamCreator.cs:行号 61
在 MySql.Data.Common.StreamCreator.GetStream(UInt32 timeout) 位置 D:\TFS\SSV4.X\src_V4.3\reference\mysql-connector-net\mysql-connector-net-6.3.7-src\Source\MySql.Data\common\StreamCreator.cs:行号 105
在 MySql.Data.MySqlClient.NativeDriver.Open() 位置 D:\TFS\SSV4.X\src_V4.3\reference\mysql-connector-net\mysql-connector-net-6.3.7-src\Source\MySql.Data\NativeDriver.cs:行号 181
--TearDown
在 MySql.Data.MySqlClient.Tests.BaseTest.Teardown() 位置 D:\TFS\SSV4.X\src_V4.3\reference\mysql-connector-net\mysql-connector-net-6.3.7-src\Tests\MySql.Data.Tests\BaseTest.cs:行号 236
]]></stack-trace>
                                </failure>
                              </test-case>
                            </results>
                          </test-suite>
                          <test-suite type="TestFixture" name="BlobTestsSharedMemory" executed="True" result="Failure" success="False" time="45.431" asserts="0">
                            <categories>
                              <category name="SharedMemory" />
                            </categories>
                            <results>
                              <test-case name="MySql.Data.MySqlClient.Tests.BlobTestsSharedMemory.BlobTests.BlobBiggerThanMaxPacket" executed="True" result="Error" success="False" time="5.107" asserts="1">
                                <failure>
                                  <message><![CDATA[SetUp : MySql.Data.MySqlClient.MySqlException : Unable to connect to any of the specified MySQL hosts.
  ----> System.Threading.WaitHandleCannotBeOpenedException : 不存在给定名称的句柄。
TearDown : NUnit.Framework.AssertionException :   Too many processes still running
  Expected: 0
  But was:  1
]]></message>
                                  <stack-trace><![CDATA[在 MySql.Data.MySqlClient.NativeDriver.Open() 位置 D:\TFS\SSV4.X\src_V4.3\reference\mysql-connector-net\mysql-connector-net-6.3.7-src\Source\MySql.Data\NativeDriver.cs:行号 269
在 MySql.Data.MySqlClient.Driver.Open() 位置 D:\TFS\SSV4.X\src_V4.3\reference\mysql-connector-net\mysql-connector-net-6.3.7-src\Source\MySql.Data\Driver.cs:行号 212
在 MySql.Data.MySqlClient.Driver.Create(MySqlConnectionStringBuilder settings) 位置 D:\TFS\SSV4.X\src_V4.3\reference\mysql-connector-net\mysql-connector-net-6.3.7-src\Source\MySql.Data\Driver.cs:行号 200
在 MySql.Data.MySqlClient.MySqlConnection.Open() 位置 D:\TFS\SSV4.X\src_V4.3\reference\mysql-connector-net\mysql-connector-net-6.3.7-src\Source\MySql.Data\Connection.cs:行号 514
在 MySql.Data.MySqlClient.Tests.BaseTest.Open() 位置 D:\TFS\SSV4.X\src_V4.3\reference\mysql-connector-net\mysql-connector-net-6.3.7-src\Tests\MySql.Data.Tests\BaseTest.cs:行号 174
在 MySql.Data.MySqlClient.Tests.BaseTest.Setup() 位置 D:\TFS\SSV4.X\src_V4.3\reference\mysql-connector-net\mysql-connector-net-6.3.7-src\Tests\MySql.Data.Tests\BaseTest.cs:行号 215
--WaitHandleCannotBeOpenedException
在 System.Threading.EventWaitHandle.OpenExisting(String name, EventWaitHandleRights rights)
在 MySql.Data.Common.SharedMemoryStream.GetConnectNumber(UInt32 timeOut) 位置 D:\TFS\SSV4.X\src_V4.3\reference\mysql-connector-net\mysql-connector-net-6.3.7-src\Source\MySql.Data\common\SharedMemoryStream.cs:行号 166
在 MySql.Data.Common.SharedMemoryStream.Open(UInt32 timeOut) 位置 D:\TFS\SSV4.X\src_V4.3\reference\mysql-connector-net\mysql-connector-net-6.3.7-src\Source\MySql.Data\common\SharedMemoryStream.cs:行号 120
在 MySql.Data.MySqlClient.NativeDriver.Open() 位置 D:\TFS\SSV4.X\src_V4.3\reference\mysql-connector-net\mysql-connector-net-6.3.7-src\Source\MySql.Data\NativeDriver.cs:行号 170
--TearDown
在 MySql.Data.MySqlClient.Tests.BaseTest.Teardown() 位置 D:\TFS\SSV4.X\src_V4.3\reference\mysql-connector-net\mysql-connector-net-6.3.7-src\Tests\MySql.Data.Tests\BaseTest.cs:行号 236
]]></stack-trace>
                                </failure>
                              </test-case>
                              <test-case name="MySql.Data.MySqlClient.Tests.BlobTestsSharedMemory.BlobTests.GetChars" executed="True" result="Error" success="False" time="5.021" asserts="1">
                                <failure>
                                  <message><![CDATA[SetUp : MySql.Data.MySqlClient.MySqlException : Unable to connect to any of the specified MySQL hosts.
  ----> System.Threading.WaitHandleCannotBeOpenedException : 不存在给定名称的句柄。
TearDown : NUnit.Framework.AssertionException :   Too many processes still running
  Expected: 0
  But was:  1
]]></message>
                                  <stack-trace><![CDATA[在 MySql.Data.MySqlClient.NativeDriver.Open() 位置 D:\TFS\SSV4.X\src_V4.3\reference\mysql-connector-net\mysql-connector-net-6.3.7-src\Source\MySql.Data\NativeDriver.cs:行号 269
在 MySql.Data.MySqlClient.Driver.Open() 位置 D:\TFS\SSV4.X\src_V4.3\reference\mysql-connector-net\mysql-connector-net-6.3.7-src\Source\MySql.Data\Driver.cs:行号 212
在 MySql.Data.MySqlClient.Driver.Create(MySqlConnectionStringBuilder settings) 位置 D:\TFS\SSV4.X\src_V4.3\reference\mysql-connector-net\mysql-connector-net-6.3.7-src\Source\MySql.Data\Driver.cs:行号 200
在 MySql.Data.MySqlClient.MySqlConnection.Open() 位置 D:\TFS\SSV4.X\src_V4.3\reference\mysql-connector-net\mysql-connector-net-6.3.7-src\Source\MySql.Data\Connection.cs:行号 514
在 MySql.Data.MySqlClient.Tests.BaseTest.Open() 位置 D:\TFS\SSV4.X\src_V4.3\reference\mysql-connector-net\mysql-connector-net-6.3.7-src\Tests\MySql.Data.Tests\BaseTest.cs:行号 174
在 MySql.Data.MySqlClient.Tests.BaseTest.Setup() 位置 D:\TFS\SSV4.X\src_V4.3\reference\mysql-connector-net\mysql-connector-net-6.3.7-src\Tests\MySql.Data.Tests\BaseTest.cs:行号 215
--WaitHandleCannotBeOpenedException
在 System.Threading.EventWaitHandle.OpenExisting(String name, EventWaitHandleRights rights)
在 MySql.Data.Common.SharedMemoryStream.GetConnectNumber(UInt32 timeOut) 位置 D:\TFS\SSV4.X\src_V4.3\reference\mysql-connector-net\mysql-connector-net-6.3.7-src\Source\MySql.Data\common\SharedMemoryStream.cs:行号 166
在 MySql.Data.Common.SharedMemoryStream.Open(UInt32 timeOut) 位置 D:\TFS\SSV4.X\src_V4.3\reference\mysql-connector-net\mysql-connector-net-6.3.7-src\Source\MySql.Data\common\SharedMemoryStream.cs:行号 120
在 MySql.Data.MySqlClient.NativeDriver.Open() 位置 D:\TFS\SSV4.X\src_V4.3\reference\mysql-connector-net\mysql-connector-net-6.3.7-src\Source\MySql.Data\NativeDriver.cs:行号 170
--TearDown
在 MySql.Data.MySqlClient.Tests.BaseTest.Teardown() 位置 D:\TFS\SSV4.X\src_V4.3\reference\mysql-connector-net\mysql-connector-net-6.3.7-src\Tests\MySql.Data.Tests\BaseTest.cs:行号 236
]]></stack-trace>
                                </failure>
                              </test-case>
                              <test-case name="MySql.Data.MySqlClient.Tests.BlobTestsSharedMemory.BlobTests.GetCharsOnLongTextColumn" executed="True" result="Error" success="False" time="5.021" asserts="1">
                                <failure>
                                  <message><![CDATA[SetUp : MySql.Data.MySqlClient.MySqlException : Unable to connect to any of the specified MySQL hosts.
  ----> System.Threading.WaitHandleCannotBeOpenedException : 不存在给定名称的句柄。
TearDown : NUnit.Framework.AssertionException :   Too many processes still running
  Expected: 0
  But was:  1
]]></message>
                                  <stack-trace><![CDATA[在 MySql.Data.MySqlClient.NativeDriver.Open() 位置 D:\TFS\SSV4.X\src_V4.3\reference\mysql-connector-net\mysql-connector-net-6.3.7-src\Source\MySql.Data\NativeDriver.cs:行号 269
在 MySql.Data.MySqlClient.Driver.Open() 位置 D:\TFS\SSV4.X\src_V4.3\reference\mysql-connector-net\mysql-connector-net-6.3.7-src\Source\MySql.Data\Driver.cs:行号 212
在 MySql.Data.MySqlClient.Driver.Create(MySqlConnectionStringBuilder settings) 位置 D:\TFS\SSV4.X\src_V4.3\reference\mysql-connector-net\mysql-connector-net-6.3.7-src\Source\MySql.Data\Driver.cs:行号 200
在 MySql.Data.MySqlClient.MySqlConnection.Open() 位置 D:\TFS\SSV4.X\src_V4.3\reference\mysql-connector-net\mysql-connector-net-6.3.7-src\Source\MySql.Data\Connection.cs:行号 514
在 MySql.Data.MySqlClient.Tests.BaseTest.Open() 位置 D:\TFS\SSV4.X\src_V4.3\reference\mysql-connector-net\mysql-connector-net-6.3.7-src\Tests\MySql.Data.Tests\BaseTest.cs:行号 174
在 MySql.Data.MySqlClient.Tests.BaseTest.Setup() 位置 D:\TFS\SSV4.X\src_V4.3\reference\mysql-connector-net\mysql-connector-net-6.3.7-src\Tests\MySql.Data.Tests\BaseTest.cs:行号 215
--WaitHandleCannotBeOpenedException
在 System.Threading.EventWaitHandle.OpenExisting(String name, EventWaitHandleRights rights)
在 MySql.Data.Common.SharedMemoryStream.GetConnectNumber(UInt32 timeOut) 位置 D:\TFS\SSV4.X\src_V4.3\reference\mysql-connector-net\mysql-connector-net-6.3.7-src\Source\MySql.Data\common\SharedMemoryStream.cs:行号 166
在 MySql.Data.Common.SharedMemoryStream.Open(UInt32 timeOut) 位置 D:\TFS\SSV4.X\src_V4.3\reference\mysql-connector-net\mysql-connector-net-6.3.7-src\Source\MySql.Data\common\SharedMemoryStream.cs:行号 120
在 MySql.Data.MySqlClient.NativeDriver.Open() 位置 D:\TFS\SSV4.X\src_V4.3\reference\mysql-connector-net\mysql-connector-net-6.3.7-src\Source\MySql.Data\NativeDriver.cs:行号 170
--TearDown
在 MySql.Data.MySqlClient.Tests.BaseTest.Teardown() 位置 D:\TFS\SSV4.X\src_V4.3\reference\mysql-connector-net\mysql-connector-net-6.3.7-src\Tests\MySql.Data.Tests\BaseTest.cs:行号 236
]]></stack-trace>
                                </failure>
                              </test-case>
                              <test-case name="MySql.Data.MySqlClient.Tests.BlobTestsSharedMemory.BlobTests.GetCharsPrepared" executed="True" result="Error" success="False" time="5.021" asserts="1">
                                <failure>
                                  <message><![CDATA[SetUp : MySql.Data.MySqlClient.MySqlException : Unable to connect to any of the specified MySQL hosts.
  ----> System.Threading.WaitHandleCannotBeOpenedException : 不存在给定名称的句柄。
TearDown : NUnit.Framework.AssertionException :   Too many processes still running
  Expected: 0
  But was:  1
]]></message>
                                  <stack-trace><![CDATA[在 MySql.Data.MySqlClient.NativeDriver.Open() 位置 D:\TFS\SSV4.X\src_V4.3\reference\mysql-connector-net\mysql-connector-net-6.3.7-src\Source\MySql.Data\NativeDriver.cs:行号 269
在 MySql.Data.MySqlClient.Driver.Open() 位置 D:\TFS\SSV4.X\src_V4.3\reference\mysql-connector-net\mysql-connector-net-6.3.7-src\Source\MySql.Data\Driver.cs:行号 212
在 MySql.Data.MySqlClient.Driver.Create(MySqlConnectionStringBuilder settings) 位置 D:\TFS\SSV4.X\src_V4.3\reference\mysql-connector-net\mysql-connector-net-6.3.7-src\Source\MySql.Data\Driver.cs:行号 200
在 MySql.Data.MySqlClient.MySqlConnection.Open() 位置 D:\TFS\SSV4.X\src_V4.3\reference\mysql-connector-net\mysql-connector-net-6.3.7-src\Source\MySql.Data\Connection.cs:行号 514
在 MySql.Data.MySqlClient.Tests.BaseTest.Open() 位置 D:\TFS\SSV4.X\src_V4.3\reference\mysql-connector-net\mysql-connector-net-6.3.7-src\Tests\MySql.Data.Tests\BaseTest.cs:行号 174
在 MySql.Data.MySqlClient.Tests.BaseTest.Setup() 位置 D:\TFS\SSV4.X\src_V4.3\reference\mysql-connector-net\mysql-connector-net-6.3.7-src\Tests\MySql.Data.Tests\BaseTest.cs:行号 215
--WaitHandleCannotBeOpenedException
在 System.Threading.EventWaitHandle.OpenExisting(String name, EventWaitHandleRights rights)
在 MySql.Data.Common.SharedMemoryStream.GetConnectNumber(UInt32 timeOut) 位置 D:\TFS\SSV4.X\src_V4.3\reference\mysql-connector-net\mysql-connector-net-6.3.7-src\Source\MySql.Data\common\SharedMemoryStream.cs:行号 166
在 MySql.Data.Common.SharedMemoryStream.Open(UInt32 timeOut) 位置 D:\TFS\SSV4.X\src_V4.3\reference\mysql-connector-net\mysql-connector-net-6.3.7-src\Source\MySql.Data\common\SharedMemoryStream.cs:行号 120
在 MySql.Data.MySqlClient.NativeDriver.Open() 位置 D:\TFS\SSV4.X\src_V4.3\reference\mysql-connector-net\mysql-connector-net-6.3.7-src\Source\MySql.Data\NativeDriver.cs:行号 170
--TearDown
在 MySql.Data.MySqlClient.Tests.BaseTest.Teardown() 位置 D:\TFS\SSV4.X\src_V4.3\reference\mysql-connector-net\mysql-connector-net-6.3.7-src\Tests\MySql.Data.Tests\BaseTest.cs:行号 236
]]></stack-trace>
                                </failure>
                              </test-case>
                              <test-case name="MySql.Data.MySqlClient.Tests.BlobTestsSharedMemory.BlobTests.InsertBinary" executed="True" result="Error" success="False" time="5.108" asserts="1">
                                <failure>
                                  <message><![CDATA[SetUp : MySql.Data.MySqlClient.MySqlException : Unable to connect to any of the specified MySQL hosts.
  ----> System.Threading.WaitHandleCannotBeOpenedException : 不存在给定名称的句柄。
TearDown : NUnit.Framework.AssertionException :   Too many processes still running
  Expected: 0
  But was:  1
]]></message>
                                  <stack-trace><![CDATA[在 MySql.Data.MySqlClient.NativeDriver.Open() 位置 D:\TFS\SSV4.X\src_V4.3\reference\mysql-connector-net\mysql-connector-net-6.3.7-src\Source\MySql.Data\NativeDriver.cs:行号 269
在 MySql.Data.MySqlClient.Driver.Open() 位置 D:\TFS\SSV4.X\src_V4.3\reference\mysql-connector-net\mysql-connector-net-6.3.7-src\Source\MySql.Data\Driver.cs:行号 212
在 MySql.Data.MySqlClient.Driver.Create(MySqlConnectionStringBuilder settings) 位置 D:\TFS\SSV4.X\src_V4.3\reference\mysql-connector-net\mysql-connector-net-6.3.7-src\Source\MySql.Data\Driver.cs:行号 200
在 MySql.Data.MySqlClient.MySqlConnection.Open() 位置 D:\TFS\SSV4.X\src_V4.3\reference\mysql-connector-net\mysql-connector-net-6.3.7-src\Source\MySql.Data\Connection.cs:行号 514
在 MySql.Data.MySqlClient.Tests.BaseTest.Open() 位置 D:\TFS\SSV4.X\src_V4.3\reference\mysql-connector-net\mysql-connector-net-6.3.7-src\Tests\MySql.Data.Tests\BaseTest.cs:行号 174
在 MySql.Data.MySqlClient.Tests.BaseTest.Setup() 位置 D:\TFS\SSV4.X\src_V4.3\reference\mysql-connector-net\mysql-connector-net-6.3.7-src\Tests\MySql.Data.Tests\BaseTest.cs:行号 215
--WaitHandleCannotBeOpenedException
在 System.Threading.EventWaitHandle.OpenExisting(String name, EventWaitHandleRights rights)
在 MySql.Data.Common.SharedMemoryStream.GetConnectNumber(UInt32 timeOut) 位置 D:\TFS\SSV4.X\src_V4.3\reference\mysql-connector-net\mysql-connector-net-6.3.7-src\Source\MySql.Data\common\SharedMemoryStream.cs:行号 166
在 MySql.Data.Common.SharedMemoryStream.Open(UInt32 timeOut) 位置 D:\TFS\SSV4.X\src_V4.3\reference\mysql-connector-net\mysql-connector-net-6.3.7-src\Source\MySql.Data\common\SharedMemoryStream.cs:行号 120
在 MySql.Data.MySqlClient.NativeDriver.Open() 位置 D:\TFS\SSV4.X\src_V4.3\reference\mysql-connector-net\mysql-connector-net-6.3.7-src\Source\MySql.Data\NativeDriver.cs:行号 170
--TearDown
在 MySql.Data.MySqlClient.Tests.BaseTest.Teardown() 位置 D:\TFS\SSV4.X\src_V4.3\reference\mysql-connector-net\mysql-connector-net-6.3.7-src\Tests\MySql.Data.Tests\BaseTest.cs:行号 236
]]></stack-trace>
                                </failure>
                              </test-case>
                              <test-case name="MySql.Data.MySqlClient.Tests.BlobTestsSharedMemory.BlobTests.InsertText" executed="True" result="Error" success="False" time="5.020" asserts="1">
                                <failure>
                                  <message><![CDATA[SetUp : MySql.Data.MySqlClient.MySqlException : Unable to connect to any of the specified MySQL hosts.
  ----> System.Threading.WaitHandleCannotBeOpenedException : 不存在给定名称的句柄。
TearDown : NUnit.Framework.AssertionException :   Too many processes still running
  Expected: 0
  But was:  1
]]></message>
                                  <stack-trace><![CDATA[在 MySql.Data.MySqlClient.NativeDriver.Open() 位置 D:\TFS\SSV4.X\src_V4.3\reference\mysql-connector-net\mysql-connector-net-6.3.7-src\Source\MySql.Data\NativeDriver.cs:行号 269
在 MySql.Data.MySqlClient.Driver.Open() 位置 D:\TFS\SSV4.X\src_V4.3\reference\mysql-connector-net\mysql-connector-net-6.3.7-src\Source\MySql.Data\Driver.cs:行号 212
在 MySql.Data.MySqlClient.Driver.Create(MySqlConnectionStringBuilder settings) 位置 D:\TFS\SSV4.X\src_V4.3\reference\mysql-connector-net\mysql-connector-net-6.3.7-src\Source\MySql.Data\Driver.cs:行号 200
在 MySql.Data.MySqlClient.MySqlConnection.Open() 位置 D:\TFS\SSV4.X\src_V4.3\reference\mysql-connector-net\mysql-connector-net-6.3.7-src\Source\MySql.Data\Connection.cs:行号 514
在 MySql.Data.MySqlClient.Tests.BaseTest.Open() 位置 D:\TFS\SSV4.X\src_V4.3\reference\mysql-connector-net\mysql-connector-net-6.3.7-src\Tests\MySql.Data.Tests\BaseTest.cs:行号 174
在 MySql.Data.MySqlClient.Tests.BaseTest.Setup() 位置 D:\TFS\SSV4.X\src_V4.3\reference\mysql-connector-net\mysql-connector-net-6.3.7-src\Tests\MySql.Data.Tests\BaseTest.cs:行号 215
--WaitHandleCannotBeOpenedException
在 System.Threading.EventWaitHandle.OpenExisting(String name, EventWaitHandleRights rights)
在 MySql.Data.Common.SharedMemoryStream.GetConnectNumber(UInt32 timeOut) 位置 D:\TFS\SSV4.X\src_V4.3\reference\mysql-connector-net\mysql-connector-net-6.3.7-src\Source\MySql.Data\common\SharedMemoryStream.cs:行号 166
在 MySql.Data.Common.SharedMemoryStream.Open(UInt32 timeOut) 位置 D:\TFS\SSV4.X\src_V4.3\reference\mysql-connector-net\mysql-connector-net-6.3.7-src\Source\MySql.Data\common\SharedMemoryStream.cs:行号 120
在 MySql.Data.MySqlClient.NativeDriver.Open() 位置 D:\TFS\SSV4.X\src_V4.3\reference\mysql-connector-net\mysql-connector-net-6.3.7-src\Source\MySql.Data\NativeDriver.cs:行号 170
--TearDown
在 MySql.Data.MySqlClient.Tests.BaseTest.Teardown() 位置 D:\TFS\SSV4.X\src_V4.3\reference\mysql-connector-net\mysql-connector-net-6.3.7-src\Tests\MySql.Data.Tests\BaseTest.cs:行号 236
]]></stack-trace>
                                </failure>
                              </test-case>
                              <test-case name="MySql.Data.MySqlClient.Tests.BlobTestsSharedMemory.BlobTests.InsertTextPrepared" executed="True" result="Error" success="False" time="5.018" asserts="1">
                                <failure>
                                  <message><![CDATA[SetUp : MySql.Data.MySqlClient.MySqlException : Unable to connect to any of the specified MySQL hosts.
  ----> System.Threading.WaitHandleCannotBeOpenedException : 不存在给定名称的句柄。
TearDown : NUnit.Framework.AssertionException :   Too many processes still running
  Expected: 0
  But was:  1
]]></message>
                                  <stack-trace><![CDATA[在 MySql.Data.MySqlClient.NativeDriver.Open() 位置 D:\TFS\SSV4.X\src_V4.3\reference\mysql-connector-net\mysql-connector-net-6.3.7-src\Source\MySql.Data\NativeDriver.cs:行号 269
在 MySql.Data.MySqlClient.Driver.Open() 位置 D:\TFS\SSV4.X\src_V4.3\reference\mysql-connector-net\mysql-connector-net-6.3.7-src\Source\MySql.Data\Driver.cs:行号 212
在 MySql.Data.MySqlClient.Driver.Create(MySqlConnectionStringBuilder settings) 位置 D:\TFS\SSV4.X\src_V4.3\reference\mysql-connector-net\mysql-connector-net-6.3.7-src\Source\MySql.Data\Driver.cs:行号 200
在 MySql.Data.MySqlClient.MySqlConnection.Open() 位置 D:\TFS\SSV4.X\src_V4.3\reference\mysql-connector-net\mysql-connector-net-6.3.7-src\Source\MySql.Data\Connection.cs:行号 514
在 MySql.Data.MySqlClient.Tests.BaseTest.Open() 位置 D:\TFS\SSV4.X\src_V4.3\reference\mysql-connector-net\mysql-connector-net-6.3.7-src\Tests\MySql.Data.Tests\BaseTest.cs:行号 174
在 MySql.Data.MySqlClient.Tests.BaseTest.Setup() 位置 D:\TFS\SSV4.X\src_V4.3\reference\mysql-connector-net\mysql-connector-net-6.3.7-src\Tests\MySql.Data.Tests\BaseTest.cs:行号 215
--WaitHandleCannotBeOpenedException
在 System.Threading.EventWaitHandle.OpenExisting(String name, EventWaitHandleRights rights)
在 MySql.Data.Common.SharedMemoryStream.GetConnectNumber(UInt32 timeOut) 位置 D:\TFS\SSV4.X\src_V4.3\reference\mysql-connector-net\mysql-connector-net-6.3.7-src\Source\MySql.Data\common\SharedMemoryStream.cs:行号 166
在 MySql.Data.Common.SharedMemoryStream.Open(UInt32 timeOut) 位置 D:\TFS\SSV4.X\src_V4.3\reference\mysql-connector-net\mysql-connector-net-6.3.7-src\Source\MySql.Data\common\SharedMemoryStream.cs:行号 120
在 MySql.Data.MySqlClient.NativeDriver.Open() 位置 D:\TFS\SSV4.X\src_V4.3\reference\mysql-connector-net\mysql-connector-net-6.3.7-src\Source\MySql.Data\NativeDriver.cs:行号 170
--TearDown
在 MySql.Data.MySqlClient.Tests.BaseTest.Teardown() 位置 D:\TFS\SSV4.X\src_V4.3\reference\mysql-connector-net\mysql-connector-net-6.3.7-src\Tests\MySql.Data.Tests\BaseTest.cs:行号 236
]]></stack-trace>
                                </failure>
                              </test-case>
                              <test-case name="MySql.Data.MySqlClient.Tests.BlobTestsSharedMemory.BlobTests.MediumIntBlobSize" executed="True" result="Error" success="False" time="5.018" asserts="1">
                                <failure>
                                  <message><![CDATA[SetUp : MySql.Data.MySqlClient.MySqlException : Unable to connect to any of the specified MySQL hosts.
  ----> System.Threading.WaitHandleCannotBeOpenedException : 不存在给定名称的句柄。
TearDown : NUnit.Framework.AssertionException :   Too many processes still running
  Expected: 0
  But was:  1
]]></message>
                                  <stack-trace><![CDATA[在 MySql.Data.MySqlClient.NativeDriver.Open() 位置 D:\TFS\SSV4.X\src_V4.3\reference\mysql-connector-net\mysql-connector-net-6.3.7-src\Source\MySql.Data\NativeDriver.cs:行号 269
在 MySql.Data.MySqlClient.Driver.Open() 位置 D:\TFS\SSV4.X\src_V4.3\reference\mysql-connector-net\mysql-connector-net-6.3.7-src\Source\MySql.Data\Driver.cs:行号 212
在 MySql.Data.MySqlClient.Driver.Create(MySqlConnectionStringBuilder settings) 位置 D:\TFS\SSV4.X\src_V4.3\reference\mysql-connector-net\mysql-connector-net-6.3.7-src\Source\MySql.Data\Driver.cs:行号 200
在 MySql.Data.MySqlClient.MySqlConnection.Open() 位置 D:\TFS\SSV4.X\src_V4.3\reference\mysql-connector-net\mysql-connector-net-6.3.7-src\Source\MySql.Data\Connection.cs:行号 514
在 MySql.Data.MySqlClient.Tests.BaseTest.Open() 位置 D:\TFS\SSV4.X\src_V4.3\reference\mysql-connector-net\mysql-connector-net-6.3.7-src\Tests\MySql.Data.Tests\BaseTest.cs:行号 174
在 MySql.Data.MySqlClient.Tests.BaseTest.Setup() 位置 D:\TFS\SSV4.X\src_V4.3\reference\mysql-connector-net\mysql-connector-net-6.3.7-src\Tests\MySql.Data.Tests\BaseTest.cs:行号 215
--WaitHandleCannotBeOpenedException
在 System.Threading.EventWaitHandle.OpenExisting(String name, EventWaitHandleRights rights)
在 MySql.Data.Common.SharedMemoryStream.GetConnectNumber(UInt32 timeOut) 位置 D:\TFS\SSV4.X\src_V4.3\reference\mysql-connector-net\mysql-connector-net-6.3.7-src\Source\MySql.Data\common\SharedMemoryStream.cs:行号 166
在 MySql.Data.Common.SharedMemoryStream.Open(UInt32 timeOut) 位置 D:\TFS\SSV4.X\src_V4.3\reference\mysql-connector-net\mysql-connector-net-6.3.7-src\Source\MySql.Data\common\SharedMemoryStream.cs:行号 120
在 MySql.Data.MySqlClient.NativeDriver.Open() 位置 D:\TFS\SSV4.X\src_V4.3\reference\mysql-connector-net\mysql-connector-net-6.3.7-src\Source\MySql.Data\NativeDriver.cs:行号 170
--TearDown
在 MySql.Data.MySqlClient.Tests.BaseTest.Teardown() 位置 D:\TFS\SSV4.X\src_V4.3\reference\mysql-connector-net\mysql-connector-net-6.3.7-src\Tests\MySql.Data.Tests\BaseTest.cs:行号 236
]]></stack-trace>
                                </failure>
                              </test-case>
                              <test-case name="MySql.Data.MySqlClient.Tests.BlobTestsSharedMemory.BlobTests.UpdateDataSet" executed="True" result="Error" success="False" time="5.021" asserts="1">
                                <failure>
                                  <message><![CDATA[SetUp : MySql.Data.MySqlClient.MySqlException : Unable to connect to any of the specified MySQL hosts.
  ----> System.Threading.WaitHandleCannotBeOpenedException : 不存在给定名称的句柄。
TearDown : NUnit.Framework.AssertionException :   Too many processes still running
  Expected: 0
  But was:  1
]]></message>
                                  <stack-trace><![CDATA[在 MySql.Data.MySqlClient.NativeDriver.Open() 位置 D:\TFS\SSV4.X\src_V4.3\reference\mysql-connector-net\mysql-connector-net-6.3.7-src\Source\MySql.Data\NativeDriver.cs:行号 269
在 MySql.Data.MySqlClient.Driver.Open() 位置 D:\TFS\SSV4.X\src_V4.3\reference\mysql-connector-net\mysql-connector-net-6.3.7-src\Source\MySql.Data\Driver.cs:行号 212
在 MySql.Data.MySqlClient.Driver.Create(MySqlConnectionStringBuilder settings) 位置 D:\TFS\SSV4.X\src_V4.3\reference\mysql-connector-net\mysql-connector-net-6.3.7-src\Source\MySql.Data\Driver.cs:行号 200
在 MySql.Data.MySqlClient.MySqlConnection.Open() 位置 D:\TFS\SSV4.X\src_V4.3\reference\mysql-connector-net\mysql-connector-net-6.3.7-src\Source\MySql.Data\Connection.cs:行号 514
在 MySql.Data.MySqlClient.Tests.BaseTest.Open() 位置 D:\TFS\SSV4.X\src_V4.3\reference\mysql-connector-net\mysql-connector-net-6.3.7-src\Tests\MySql.Data.Tests\BaseTest.cs:行号 174
在 MySql.Data.MySqlClient.Tests.BaseTest.Setup() 位置 D:\TFS\SSV4.X\src_V4.3\reference\mysql-connector-net\mysql-connector-net-6.3.7-src\Tests\MySql.Data.Tests\BaseTest.cs:行号 215
--WaitHandleCannotBeOpenedException
在 System.Threading.EventWaitHandle.OpenExisting(String name, EventWaitHandleRights rights)
在 MySql.Data.Common.SharedMemoryStream.GetConnectNumber(UInt32 timeOut) 位置 D:\TFS\SSV4.X\src_V4.3\reference\mysql-connector-net\mysql-connector-net-6.3.7-src\Source\MySql.Data\common\SharedMemoryStream.cs:行号 166
在 MySql.Data.Common.SharedMemoryStream.Open(UInt32 timeOut) 位置 D:\TFS\SSV4.X\src_V4.3\reference\mysql-connector-net\mysql-connector-net-6.3.7-src\Source\MySql.Data\common\SharedMemoryStream.cs:行号 120
在 MySql.Data.MySqlClient.NativeDriver.Open() 位置 D:\TFS\SSV4.X\src_V4.3\reference\mysql-connector-net\mysql-connector-net-6.3.7-src\Source\MySql.Data\NativeDriver.cs:行号 170
--TearDown
在 MySql.Data.MySqlClient.Tests.BaseTest.Teardown() 位置 D:\TFS\SSV4.X\src_V4.3\reference\mysql-connector-net\mysql-connector-net-6.3.7-src\Tests\MySql.Data.Tests\BaseTest.cs:行号 236
]]></stack-trace>
                                </failure>
                              </test-case>
                            </results>
                          </test-suite>
                          <test-suite type="TestFixture" name="BlobTestsSharedMemoryCompressed" executed="True" result="Failure" success="False" time="45.262" asserts="0">
                            <categories>
                              <category name="SharedMemory" />
                              <category name="Compressed" />
                            </categories>
                            <results>
                              <test-case name="MySql.Data.MySqlClient.Tests.BlobTestsSharedMemoryCompressed.BlobTests.BlobBiggerThanMaxPacket" executed="True" result="Error" success="False" time="5.022" asserts="1">
                                <failure>
                                  <message><![CDATA[SetUp : MySql.Data.MySqlClient.MySqlException : Unable to connect to any of the specified MySQL hosts.
  ----> System.Threading.WaitHandleCannotBeOpenedException : 不存在给定名称的句柄。
TearDown : NUnit.Framework.AssertionException :   Too many processes still running
  Expected: 0
  But was:  1
]]></message>
                                  <stack-trace><![CDATA[在 MySql.Data.MySqlClient.NativeDriver.Open() 位置 D:\TFS\SSV4.X\src_V4.3\reference\mysql-connector-net\mysql-connector-net-6.3.7-src\Source\MySql.Data\NativeDriver.cs:行号 269
在 MySql.Data.MySqlClient.Driver.Open() 位置 D:\TFS\SSV4.X\src_V4.3\reference\mysql-connector-net\mysql-connector-net-6.3.7-src\Source\MySql.Data\Driver.cs:行号 212
在 MySql.Data.MySqlClient.Driver.Create(MySqlConnectionStringBuilder settings) 位置 D:\TFS\SSV4.X\src_V4.3\reference\mysql-connector-net\mysql-connector-net-6.3.7-src\Source\MySql.Data\Driver.cs:行号 200
在 MySql.Data.MySqlClient.MySqlConnection.Open() 位置 D:\TFS\SSV4.X\src_V4.3\reference\mysql-connector-net\mysql-connector-net-6.3.7-src\Source\MySql.Data\Connection.cs:行号 514
在 MySql.Data.MySqlClient.Tests.BaseTest.Open() 位置 D:\TFS\SSV4.X\src_V4.3\reference\mysql-connector-net\mysql-connector-net-6.3.7-src\Tests\MySql.Data.Tests\BaseTest.cs:行号 174
在 MySql.Data.MySqlClient.Tests.BaseTest.Setup() 位置 D:\TFS\SSV4.X\src_V4.3\reference\mysql-connector-net\mysql-connector-net-6.3.7-src\Tests\MySql.Data.Tests\BaseTest.cs:行号 215
--WaitHandleCannotBeOpenedException
在 System.Threading.EventWaitHandle.OpenExisting(String name, EventWaitHandleRights rights)
在 MySql.Data.Common.SharedMemoryStream.GetConnectNumber(UInt32 timeOut) 位置 D:\TFS\SSV4.X\src_V4.3\reference\mysql-connector-net\mysql-connector-net-6.3.7-src\Source\MySql.Data\common\SharedMemoryStream.cs:行号 166
在 MySql.Data.Common.SharedMemoryStream.Open(UInt32 timeOut) 位置 D:\TFS\SSV4.X\src_V4.3\reference\mysql-connector-net\mysql-connector-net-6.3.7-src\Source\MySql.Data\common\SharedMemoryStream.cs:行号 120
在 MySql.Data.MySqlClient.NativeDriver.Open() 位置 D:\TFS\SSV4.X\src_V4.3\reference\mysql-connector-net\mysql-connector-net-6.3.7-src\Source\MySql.Data\NativeDriver.cs:行号 170
--TearDown
在 MySql.Data.MySqlClient.Tests.BaseTest.Teardown() 位置 D:\TFS\SSV4.X\src_V4.3\reference\mysql-connector-net\mysql-connector-net-6.3.7-src\Tests\MySql.Data.Tests\BaseTest.cs:行号 236
]]></stack-trace>
                                </failure>
                              </test-case>
                              <test-case name="MySql.Data.MySqlClient.Tests.BlobTestsSharedMemoryCompressed.BlobTests.GetChars" executed="True" result="Error" success="False" time="5.019" asserts="1">
                                <failure>
                                  <message><![CDATA[SetUp : MySql.Data.MySqlClient.MySqlException : Unable to connect to any of the specified MySQL hosts.
  ----> System.Threading.WaitHandleCannotBeOpenedException : 不存在给定名称的句柄。
TearDown : NUnit.Framework.AssertionException :   Too many processes still running
  Expected: 0
  But was:  1
]]></message>
                                  <stack-trace><![CDATA[在 MySql.Data.MySqlClient.NativeDriver.Open() 位置 D:\TFS\SSV4.X\src_V4.3\reference\mysql-connector-net\mysql-connector-net-6.3.7-src\Source\MySql.Data\NativeDriver.cs:行号 269
在 MySql.Data.MySqlClient.Driver.Open() 位置 D:\TFS\SSV4.X\src_V4.3\reference\mysql-connector-net\mysql-connector-net-6.3.7-src\Source\MySql.Data\Driver.cs:行号 212
在 MySql.Data.MySqlClient.Driver.Create(MySqlConnectionStringBuilder settings) 位置 D:\TFS\SSV4.X\src_V4.3\reference\mysql-connector-net\mysql-connector-net-6.3.7-src\Source\MySql.Data\Driver.cs:行号 200
在 MySql.Data.MySqlClient.MySqlConnection.Open() 位置 D:\TFS\SSV4.X\src_V4.3\reference\mysql-connector-net\mysql-connector-net-6.3.7-src\Source\MySql.Data\Connection.cs:行号 514
在 MySql.Data.MySqlClient.Tests.BaseTest.Open() 位置 D:\TFS\SSV4.X\src_V4.3\reference\mysql-connector-net\mysql-connector-net-6.3.7-src\Tests\MySql.Data.Tests\BaseTest.cs:行号 174
在 MySql.Data.MySqlClient.Tests.BaseTest.Setup() 位置 D:\TFS\SSV4.X\src_V4.3\reference\mysql-connector-net\mysql-connector-net-6.3.7-src\Tests\MySql.Data.Tests\BaseTest.cs:行号 215
--WaitHandleCannotBeOpenedException
在 System.Threading.EventWaitHandle.OpenExisting(String name, EventWaitHandleRights rights)
在 MySql.Data.Common.SharedMemoryStream.GetConnectNumber(UInt32 timeOut) 位置 D:\TFS\SSV4.X\src_V4.3\reference\mysql-connector-net\mysql-connector-net-6.3.7-src\Source\MySql.Data\common\SharedMemoryStream.cs:行号 166
在 MySql.Data.Common.SharedMemoryStream.Open(UInt32 timeOut) 位置 D:\TFS\SSV4.X\src_V4.3\reference\mysql-connector-net\mysql-connector-net-6.3.7-src\Source\MySql.Data\common\SharedMemoryStream.cs:行号 120
在 MySql.Data.MySqlClient.NativeDriver.Open() 位置 D:\TFS\SSV4.X\src_V4.3\reference\mysql-connector-net\mysql-connector-net-6.3.7-src\Source\MySql.Data\NativeDriver.cs:行号 170
--TearDown
在 MySql.Data.MySqlClient.Tests.BaseTest.Teardown() 位置 D:\TFS\SSV4.X\src_V4.3\reference\mysql-connector-net\mysql-connector-net-6.3.7-src\Tests\MySql.Data.Tests\BaseTest.cs:行号 236
]]></stack-trace>
                                </failure>
                              </test-case>
                              <test-case name="MySql.Data.MySqlClient.Tests.BlobTestsSharedMemoryCompressed.BlobTests.GetCharsOnLongTextColumn" executed="True" result="Error" success="False" time="5.018" asserts="1">
                                <failure>
                                  <message><![CDATA[SetUp : MySql.Data.MySqlClient.MySqlException : Unable to connect to any of the specified MySQL hosts.
  ----> System.Threading.WaitHandleCannotBeOpenedException : 不存在给定名称的句柄。
TearDown : NUnit.Framework.AssertionException :   Too many processes still running
  Expected: 0
  But was:  1
]]></message>
                                  <stack-trace><![CDATA[在 MySql.Data.MySqlClient.NativeDriver.Open() 位置 D:\TFS\SSV4.X\src_V4.3\reference\mysql-connector-net\mysql-connector-net-6.3.7-src\Source\MySql.Data\NativeDriver.cs:行号 269
在 MySql.Data.MySqlClient.Driver.Open() 位置 D:\TFS\SSV4.X\src_V4.3\reference\mysql-connector-net\mysql-connector-net-6.3.7-src\Source\MySql.Data\Driver.cs:行号 212
在 MySql.Data.MySqlClient.Driver.Create(MySqlConnectionStringBuilder settings) 位置 D:\TFS\SSV4.X\src_V4.3\reference\mysql-connector-net\mysql-connector-net-6.3.7-src\Source\MySql.Data\Driver.cs:行号 200
在 MySql.Data.MySqlClient.MySqlConnection.Open() 位置 D:\TFS\SSV4.X\src_V4.3\reference\mysql-connector-net\mysql-connector-net-6.3.7-src\Source\MySql.Data\Connection.cs:行号 514
在 MySql.Data.MySqlClient.Tests.BaseTest.Open() 位置 D:\TFS\SSV4.X\src_V4.3\reference\mysql-connector-net\mysql-connector-net-6.3.7-src\Tests\MySql.Data.Tests\BaseTest.cs:行号 174
在 MySql.Data.MySqlClient.Tests.BaseTest.Setup() 位置 D:\TFS\SSV4.X\src_V4.3\reference\mysql-connector-net\mysql-connector-net-6.3.7-src\Tests\MySql.Data.Tests\BaseTest.cs:行号 215
--WaitHandleCannotBeOpenedException
在 System.Threading.EventWaitHandle.OpenExisting(String name, EventWaitHandleRights rights)
在 MySql.Data.Common.SharedMemoryStream.GetConnectNumber(UInt32 timeOut) 位置 D:\TFS\SSV4.X\src_V4.3\reference\mysql-connector-net\mysql-connector-net-6.3.7-src\Source\MySql.Data\common\SharedMemoryStream.cs:行号 166
在 MySql.Data.Common.SharedMemoryStream.Open(UInt32 timeOut) 位置 D:\TFS\SSV4.X\src_V4.3\reference\mysql-connector-net\mysql-connector-net-6.3.7-src\Source\MySql.Data\common\SharedMemoryStream.cs:行号 120
在 MySql.Data.MySqlClient.NativeDriver.Open() 位置 D:\TFS\SSV4.X\src_V4.3\reference\mysql-connector-net\mysql-connector-net-6.3.7-src\Source\MySql.Data\NativeDriver.cs:行号 170
--TearDown
在 MySql.Data.MySqlClient.Tests.BaseTest.Teardown() 位置 D:\TFS\SSV4.X\src_V4.3\reference\mysql-connector-net\mysql-connector-net-6.3.7-src\Tests\MySql.Data.Tests\BaseTest.cs:行号 236
]]></stack-trace>
                                </failure>
                              </test-case>
                              <test-case name="MySql.Data.MySqlClient.Tests.BlobTestsSharedMemoryCompressed.BlobTests.GetCharsPrepared" executed="True" result="Error" success="False" time="5.025" asserts="1">
                                <failure>
                                  <message><![CDATA[SetUp : MySql.Data.MySqlClient.MySqlException : Unable to connect to any of the specified MySQL hosts.
  ----> System.Threading.WaitHandleCannotBeOpenedException : 不存在给定名称的句柄。
TearDown : NUnit.Framework.AssertionException :   Too many processes still running
  Expected: 0
  But was:  1
]]></message>
                                  <stack-trace><![CDATA[在 MySql.Data.MySqlClient.NativeDriver.Open() 位置 D:\TFS\SSV4.X\src_V4.3\reference\mysql-connector-net\mysql-connector-net-6.3.7-src\Source\MySql.Data\NativeDriver.cs:行号 269
在 MySql.Data.MySqlClient.Driver.Open() 位置 D:\TFS\SSV4.X\src_V4.3\reference\mysql-connector-net\mysql-connector-net-6.3.7-src\Source\MySql.Data\Driver.cs:行号 212
在 MySql.Data.MySqlClient.Driver.Create(MySqlConnectionStringBuilder settings) 位置 D:\TFS\SSV4.X\src_V4.3\reference\mysql-connector-net\mysql-connector-net-6.3.7-src\Source\MySql.Data\Driver.cs:行号 200
在 MySql.Data.MySqlClient.MySqlConnection.Open() 位置 D:\TFS\SSV4.X\src_V4.3\reference\mysql-connector-net\mysql-connector-net-6.3.7-src\Source\MySql.Data\Connection.cs:行号 514
在 MySql.Data.MySqlClient.Tests.BaseTest.Open() 位置 D:\TFS\SSV4.X\src_V4.3\reference\mysql-connector-net\mysql-connector-net-6.3.7-src\Tests\MySql.Data.Tests\BaseTest.cs:行号 174
在 MySql.Data.MySqlClient.Tests.BaseTest.Setup() 位置 D:\TFS\SSV4.X\src_V4.3\reference\mysql-connector-net\mysql-connector-net-6.3.7-src\Tests\MySql.Data.Tests\BaseTest.cs:行号 215
--WaitHandleCannotBeOpenedException
在 System.Threading.EventWaitHandle.OpenExisting(String name, EventWaitHandleRights rights)
在 MySql.Data.Common.SharedMemoryStream.GetConnectNumber(UInt32 timeOut) 位置 D:\TFS\SSV4.X\src_V4.3\reference\mysql-connector-net\mysql-connector-net-6.3.7-src\Source\MySql.Data\common\SharedMemoryStream.cs:行号 166
在 MySql.Data.Common.SharedMemoryStream.Open(UInt32 timeOut) 位置 D:\TFS\SSV4.X\src_V4.3\reference\mysql-connector-net\mysql-connector-net-6.3.7-src\Source\MySql.Data\common\SharedMemoryStream.cs:行号 120
在 MySql.Data.MySqlClient.NativeDriver.Open() 位置 D:\TFS\SSV4.X\src_V4.3\reference\mysql-connector-net\mysql-connector-net-6.3.7-src\Source\MySql.Data\NativeDriver.cs:行号 170
--TearDown
在 MySql.Data.MySqlClient.Tests.BaseTest.Teardown() 位置 D:\TFS\SSV4.X\src_V4.3\reference\mysql-connector-net\mysql-connector-net-6.3.7-src\Tests\MySql.Data.Tests\BaseTest.cs:行号 236
]]></stack-trace>
                                </failure>
                              </test-case>
                              <test-case name="MySql.Data.MySqlClient.Tests.BlobTestsSharedMemoryCompressed.BlobTests.InsertBinary" executed="True" result="Error" success="False" time="5.025" asserts="1">
                                <failure>
                                  <message><![CDATA[SetUp : MySql.Data.MySqlClient.MySqlException : Unable to connect to any of the specified MySQL hosts.
  ----> System.Threading.WaitHandleCannotBeOpenedException : 不存在给定名称的句柄。
TearDown : NUnit.Framework.AssertionException :   Too many processes still running
  Expected: 0
  But was:  1
]]></message>
                                  <stack-trace><![CDATA[在 MySql.Data.MySqlClient.NativeDriver.Open() 位置 D:\TFS\SSV4.X\src_V4.3\reference\mysql-connector-net\mysql-connector-net-6.3.7-src\Source\MySql.Data\NativeDriver.cs:行号 269
在 MySql.Data.MySqlClient.Driver.Open() 位置 D:\TFS\SSV4.X\src_V4.3\reference\mysql-connector-net\mysql-connector-net-6.3.7-src\Source\MySql.Data\Driver.cs:行号 212
在 MySql.Data.MySqlClient.Driver.Create(MySqlConnectionStringBuilder settings) 位置 D:\TFS\SSV4.X\src_V4.3\reference\mysql-connector-net\mysql-connector-net-6.3.7-src\Source\MySql.Data\Driver.cs:行号 200
在 MySql.Data.MySqlClient.MySqlConnection.Open() 位置 D:\TFS\SSV4.X\src_V4.3\reference\mysql-connector-net\mysql-connector-net-6.3.7-src\Source\MySql.Data\Connection.cs:行号 514
在 MySql.Data.MySqlClient.Tests.BaseTest.Open() 位置 D:\TFS\SSV4.X\src_V4.3\reference\mysql-connector-net\mysql-connector-net-6.3.7-src\Tests\MySql.Data.Tests\BaseTest.cs:行号 174
在 MySql.Data.MySqlClient.Tests.BaseTest.Setup() 位置 D:\TFS\SSV4.X\src_V4.3\reference\mysql-connector-net\mysql-connector-net-6.3.7-src\Tests\MySql.Data.Tests\BaseTest.cs:行号 215
--WaitHandleCannotBeOpenedException
在 System.Threading.EventWaitHandle.OpenExisting(String name, EventWaitHandleRights rights)
在 MySql.Data.Common.SharedMemoryStream.GetConnectNumber(UInt32 timeOut) 位置 D:\TFS\SSV4.X\src_V4.3\reference\mysql-connector-net\mysql-connector-net-6.3.7-src\Source\MySql.Data\common\SharedMemoryStream.cs:行号 166
在 MySql.Data.Common.SharedMemoryStream.Open(UInt32 timeOut) 位置 D:\TFS\SSV4.X\src_V4.3\reference\mysql-connector-net\mysql-connector-net-6.3.7-src\Source\MySql.Data\common\SharedMemoryStream.cs:行号 120
在 MySql.Data.MySqlClient.NativeDriver.Open() 位置 D:\TFS\SSV4.X\src_V4.3\reference\mysql-connector-net\mysql-connector-net-6.3.7-src\Source\MySql.Data\NativeDriver.cs:行号 170
--TearDown
在 MySql.Data.MySqlClient.Tests.BaseTest.Teardown() 位置 D:\TFS\SSV4.X\src_V4.3\reference\mysql-connector-net\mysql-connector-net-6.3.7-src\Tests\MySql.Data.Tests\BaseTest.cs:行号 236
]]></stack-trace>
                                </failure>
                              </test-case>
                              <test-case name="MySql.Data.MySqlClient.Tests.BlobTestsSharedMemoryCompressed.BlobTests.InsertText" executed="True" result="Error" success="False" time="5.046" asserts="1">
                                <failure>
                                  <message><![CDATA[SetUp : MySql.Data.MySqlClient.MySqlException : Unable to connect to any of the specified MySQL hosts.
  ----> System.Threading.WaitHandleCannotBeOpenedException : 不存在给定名称的句柄。
TearDown : NUnit.Framework.AssertionException :   Too many processes still running
  Expected: 0
  But was:  1
]]></message>
                                  <stack-trace><![CDATA[在 MySql.Data.MySqlClient.NativeDriver.Open() 位置 D:\TFS\SSV4.X\src_V4.3\reference\mysql-connector-net\mysql-connector-net-6.3.7-src\Source\MySql.Data\NativeDriver.cs:行号 269
在 MySql.Data.MySqlClient.Driver.Open() 位置 D:\TFS\SSV4.X\src_V4.3\reference\mysql-connector-net\mysql-connector-net-6.3.7-src\Source\MySql.Data\Driver.cs:行号 212
在 MySql.Data.MySqlClient.Driver.Create(MySqlConnectionStringBuilder settings) 位置 D:\TFS\SSV4.X\src_V4.3\reference\mysql-connector-net\mysql-connector-net-6.3.7-src\Source\MySql.Data\Driver.cs:行号 200
在 MySql.Data.MySqlClient.MySqlConnection.Open() 位置 D:\TFS\SSV4.X\src_V4.3\reference\mysql-connector-net\mysql-connector-net-6.3.7-src\Source\MySql.Data\Connection.cs:行号 514
在 MySql.Data.MySqlClient.Tests.BaseTest.Open() 位置 D:\TFS\SSV4.X\src_V4.3\reference\mysql-connector-net\mysql-connector-net-6.3.7-src\Tests\MySql.Data.Tests\BaseTest.cs:行号 174
在 MySql.Data.MySqlClient.Tests.BaseTest.Setup() 位置 D:\TFS\SSV4.X\src_V4.3\reference\mysql-connector-net\mysql-connector-net-6.3.7-src\Tests\MySql.Data.Tests\BaseTest.cs:行号 215
--WaitHandleCannotBeOpenedException
在 System.Threading.EventWaitHandle.OpenExisting(String name, EventWaitHandleRights rights)
在 MySql.Data.Common.SharedMemoryStream.GetConnectNumber(UInt32 timeOut) 位置 D:\TFS\SSV4.X\src_V4.3\reference\mysql-connector-net\mysql-connector-net-6.3.7-src\Source\MySql.Data\common\SharedMemoryStream.cs:行号 166
在 MySql.Data.Common.SharedMemoryStream.Open(UInt32 timeOut) 位置 D:\TFS\SSV4.X\src_V4.3\reference\mysql-connector-net\mysql-connector-net-6.3.7-src\Source\MySql.Data\common\SharedMemoryStream.cs:行号 120
在 MySql.Data.MySqlClient.NativeDriver.Open() 位置 D:\TFS\SSV4.X\src_V4.3\reference\mysql-connector-net\mysql-connector-net-6.3.7-src\Source\MySql.Data\NativeDriver.cs:行号 170
--TearDown
在 MySql.Data.MySqlClient.Tests.BaseTest.Teardown() 位置 D:\TFS\SSV4.X\src_V4.3\reference\mysql-connector-net\mysql-connector-net-6.3.7-src\Tests\MySql.Data.Tests\BaseTest.cs:行号 236
]]></stack-trace>
                                </failure>
                              </test-case>
                              <test-case name="MySql.Data.MySqlClient.Tests.BlobTestsSharedMemoryCompressed.BlobTests.InsertTextPrepared" executed="True" result="Error" success="False" time="5.029" asserts="1">
                                <failure>
                                  <message><![CDATA[SetUp : MySql.Data.MySqlClient.MySqlException : Unable to connect to any of the specified MySQL hosts.
  ----> System.Threading.WaitHandleCannotBeOpenedException : 不存在给定名称的句柄。
TearDown : NUnit.Framework.AssertionException :   Too many processes still running
  Expected: 0
  But was:  1
]]></message>
                                  <stack-trace><![CDATA[在 MySql.Data.MySqlClient.NativeDriver.Open() 位置 D:\TFS\SSV4.X\src_V4.3\reference\mysql-connector-net\mysql-connector-net-6.3.7-src\Source\MySql.Data\NativeDriver.cs:行号 269
在 MySql.Data.MySqlClient.Driver.Open() 位置 D:\TFS\SSV4.X\src_V4.3\reference\mysql-connector-net\mysql-connector-net-6.3.7-src\Source\MySql.Data\Driver.cs:行号 212
在 MySql.Data.MySqlClient.Driver.Create(MySqlConnectionStringBuilder settings) 位置 D:\TFS\SSV4.X\src_V4.3\reference\mysql-connector-net\mysql-connector-net-6.3.7-src\Source\MySql.Data\Driver.cs:行号 200
在 MySql.Data.MySqlClient.MySqlConnection.Open() 位置 D:\TFS\SSV4.X\src_V4.3\reference\mysql-connector-net\mysql-connector-net-6.3.7-src\Source\MySql.Data\Connection.cs:行号 514
在 MySql.Data.MySqlClient.Tests.BaseTest.Open() 位置 D:\TFS\SSV4.X\src_V4.3\reference\mysql-connector-net\mysql-connector-net-6.3.7-src\Tests\MySql.Data.Tests\BaseTest.cs:行号 174
在 MySql.Data.MySqlClient.Tests.BaseTest.Setup() 位置 D:\TFS\SSV4.X\src_V4.3\reference\mysql-connector-net\mysql-connector-net-6.3.7-src\Tests\MySql.Data.Tests\BaseTest.cs:行号 215
--WaitHandleCannotBeOpenedException
在 System.Threading.EventWaitHandle.OpenExisting(String name, EventWaitHandleRights rights)
在 MySql.Data.Common.SharedMemoryStream.GetConnectNumber(UInt32 timeOut) 位置 D:\TFS\SSV4.X\src_V4.3\reference\mysql-connector-net\mysql-connector-net-6.3.7-src\Source\MySql.Data\common\SharedMemoryStream.cs:行号 166
在 MySql.Data.Common.SharedMemoryStream.Open(UInt32 timeOut) 位置 D:\TFS\SSV4.X\src_V4.3\reference\mysql-connector-net\mysql-connector-net-6.3.7-src\Source\MySql.Data\common\SharedMemoryStream.cs:行号 120
在 MySql.Data.MySqlClient.NativeDriver.Open() 位置 D:\TFS\SSV4.X\src_V4.3\reference\mysql-connector-net\mysql-connector-net-6.3.7-src\Source\MySql.Data\NativeDriver.cs:行号 170
--TearDown
在 MySql.Data.MySqlClient.Tests.BaseTest.Teardown() 位置 D:\TFS\SSV4.X\src_V4.3\reference\mysql-connector-net\mysql-connector-net-6.3.7-src\Tests\MySql.Data.Tests\BaseTest.cs:行号 236
]]></stack-trace>
                                </failure>
                              </test-case>
                              <test-case name="MySql.Data.MySqlClient.Tests.BlobTestsSharedMemoryCompressed.BlobTests.MediumIntBlobSize" executed="True" result="Error" success="False" time="5.021" asserts="1">
                                <failure>
                                  <message><![CDATA[SetUp : MySql.Data.MySqlClient.MySqlException : Unable to connect to any of the specified MySQL hosts.
  ----> System.Threading.WaitHandleCannotBeOpenedException : 不存在给定名称的句柄。
TearDown : NUnit.Framework.AssertionException :   Too many processes still running
  Expected: 0
  But was:  1
]]></message>
                                  <stack-trace><![CDATA[在 MySql.Data.MySqlClient.NativeDriver.Open() 位置 D:\TFS\SSV4.X\src_V4.3\reference\mysql-connector-net\mysql-connector-net-6.3.7-src\Source\MySql.Data\NativeDriver.cs:行号 269
在 MySql.Data.MySqlClient.Driver.Open() 位置 D:\TFS\SSV4.X\src_V4.3\reference\mysql-connector-net\mysql-connector-net-6.3.7-src\Source\MySql.Data\Driver.cs:行号 212
在 MySql.Data.MySqlClient.Driver.Create(MySqlConnectionStringBuilder settings) 位置 D:\TFS\SSV4.X\src_V4.3\reference\mysql-connector-net\mysql-connector-net-6.3.7-src\Source\MySql.Data\Driver.cs:行号 200
在 MySql.Data.MySqlClient.MySqlConnection.Open() 位置 D:\TFS\SSV4.X\src_V4.3\reference\mysql-connector-net\mysql-connector-net-6.3.7-src\Source\MySql.Data\Connection.cs:行号 514
在 MySql.Data.MySqlClient.Tests.BaseTest.Open() 位置 D:\TFS\SSV4.X\src_V4.3\reference\mysql-connector-net\mysql-connector-net-6.3.7-src\Tests\MySql.Data.Tests\BaseTest.cs:行号 174
在 MySql.Data.MySqlClient.Tests.BaseTest.Setup() 位置 D:\TFS\SSV4.X\src_V4.3\reference\mysql-connector-net\mysql-connector-net-6.3.7-src\Tests\MySql.Data.Tests\BaseTest.cs:行号 215
--WaitHandleCannotBeOpenedException
在 System.Threading.EventWaitHandle.OpenExisting(String name, EventWaitHandleRights rights)
在 MySql.Data.Common.SharedMemoryStream.GetConnectNumber(UInt32 timeOut) 位置 D:\TFS\SSV4.X\src_V4.3\reference\mysql-connector-net\mysql-connector-net-6.3.7-src\Source\MySql.Data\common\SharedMemoryStream.cs:行号 166
在 MySql.Data.Common.SharedMemoryStream.Open(UInt32 timeOut) 位置 D:\TFS\SSV4.X\src_V4.3\reference\mysql-connector-net\mysql-connector-net-6.3.7-src\Source\MySql.Data\common\SharedMemoryStream.cs:行号 120
在 MySql.Data.MySqlClient.NativeDriver.Open() 位置 D:\TFS\SSV4.X\src_V4.3\reference\mysql-connector-net\mysql-connector-net-6.3.7-src\Source\MySql.Data\NativeDriver.cs:行号 170
--TearDown
在 MySql.Data.MySqlClient.Tests.BaseTest.Teardown() 位置 D:\TFS\SSV4.X\src_V4.3\reference\mysql-connector-net\mysql-connector-net-6.3.7-src\Tests\MySql.Data.Tests\BaseTest.cs:行号 236
]]></stack-trace>
                                </failure>
                              </test-case>
                              <test-case name="MySql.Data.MySqlClient.Tests.BlobTestsSharedMemoryCompressed.BlobTests.UpdateDataSet" executed="True" result="Error" success="False" time="5.022" asserts="1">
                                <failure>
                                  <message><![CDATA[SetUp : MySql.Data.MySqlClient.MySqlException : Unable to connect to any of the specified MySQL hosts.
  ----> System.Threading.WaitHandleCannotBeOpenedException : 不存在给定名称的句柄。
TearDown : NUnit.Framework.AssertionException :   Too many processes still running
  Expected: 0
  But was:  1
]]></message>
                                  <stack-trace><![CDATA[在 MySql.Data.MySqlClient.NativeDriver.Open() 位置 D:\TFS\SSV4.X\src_V4.3\reference\mysql-connector-net\mysql-connector-net-6.3.7-src\Source\MySql.Data\NativeDriver.cs:行号 269
在 MySql.Data.MySqlClient.Driver.Open() 位置 D:\TFS\SSV4.X\src_V4.3\reference\mysql-connector-net\mysql-connector-net-6.3.7-src\Source\MySql.Data\Driver.cs:行号 212
在 MySql.Data.MySqlClient.Driver.Create(MySqlConnectionStringBuilder settings) 位置 D:\TFS\SSV4.X\src_V4.3\reference\mysql-connector-net\mysql-connector-net-6.3.7-src\Source\MySql.Data\Driver.cs:行号 200
在 MySql.Data.MySqlClient.MySqlConnection.Open() 位置 D:\TFS\SSV4.X\src_V4.3\reference\mysql-connector-net\mysql-connector-net-6.3.7-src\Source\MySql.Data\Connection.cs:行号 514
在 MySql.Data.MySqlClient.Tests.BaseTest.Open() 位置 D:\TFS\SSV4.X\src_V4.3\reference\mysql-connector-net\mysql-connector-net-6.3.7-src\Tests\MySql.Data.Tests\BaseTest.cs:行号 174
在 MySql.Data.MySqlClient.Tests.BaseTest.Setup() 位置 D:\TFS\SSV4.X\src_V4.3\reference\mysql-connector-net\mysql-connector-net-6.3.7-src\Tests\MySql.Data.Tests\BaseTest.cs:行号 215
--WaitHandleCannotBeOpenedException
在 System.Threading.EventWaitHandle.OpenExisting(String name, EventWaitHandleRights rights)
在 MySql.Data.Common.SharedMemoryStream.GetConnectNumber(UInt32 timeOut) 位置 D:\TFS\SSV4.X\src_V4.3\reference\mysql-connector-net\mysql-connector-net-6.3.7-src\Source\MySql.Data\common\SharedMemoryStream.cs:行号 166
在 MySql.Data.Common.SharedMemoryStream.Open(UInt32 timeOut) 位置 D:\TFS\SSV4.X\src_V4.3\reference\mysql-connector-net\mysql-connector-net-6.3.7-src\Source\MySql.Data\common\SharedMemoryStream.cs:行号 120
在 MySql.Data.MySqlClient.NativeDriver.Open() 位置 D:\TFS\SSV4.X\src_V4.3\reference\mysql-connector-net\mysql-connector-net-6.3.7-src\Source\MySql.Data\NativeDriver.cs:行号 170
--TearDown
在 MySql.Data.MySqlClient.Tests.BaseTest.Teardown() 位置 D:\TFS\SSV4.X\src_V4.3\reference\mysql-connector-net\mysql-connector-net-6.3.7-src\Tests\MySql.Data.Tests\BaseTest.cs:行号 236
]]></stack-trace>
                                </failure>
                              </test-case>
                            </results>
                          </test-suite>
                          <test-suite type="TestFixture" name="BlobTestsSocketCompressed" executed="True" result="Success" success="True" time="13.486" asserts="0">
                            <categories>
                              <category name="Compressed" />
                            </categories>
                            <results>
                              <test-case name="MySql.Data.MySqlClient.Tests.BlobTestsSocketCompressed.BlobTests.BlobBiggerThanMaxPacket" executed="True" result="Success" success="True" time="2.273" asserts="1" />
                              <test-case name="MySql.Data.MySqlClient.Tests.BlobTestsSocketCompressed.BlobTests.GetChars" executed="True" result="Success" success="True" time="1.252" asserts="20001" />
                              <test-case name="MySql.Data.MySqlClient.Tests.BlobTestsSocketCompressed.BlobTests.GetCharsOnLongTextColumn" executed="True" result="Success" success="True" time="1.192" asserts="3" />
                              <test-case name="MySql.Data.MySqlClient.Tests.BlobTestsSocketCompressed.BlobTests.GetCharsPrepared" executed="True" result="Success" success="True" time="1.228" asserts="20001" />
                              <test-case name="MySql.Data.MySqlClient.Tests.BlobTestsSocketCompressed.BlobTests.InsertBinary" executed="True" result="Success" success="True" time="2.727" asserts="1200005" />
                              <test-case name="MySql.Data.MySqlClient.Tests.BlobTestsSocketCompressed.BlobTests.InsertText" executed="True" result="Success" success="True" time="1.223" asserts="11" />
                              <test-case name="MySql.Data.MySqlClient.Tests.BlobTestsSocketCompressed.BlobTests.InsertTextPrepared" executed="True" result="Success" success="True" time="1.174" asserts="11" />
                              <test-case name="MySql.Data.MySqlClient.Tests.BlobTestsSocketCompressed.BlobTests.MediumIntBlobSize" executed="True" result="Success" success="True" time="1.132" asserts="4" />
                              <test-case name="MySql.Data.MySqlClient.Tests.BlobTestsSocketCompressed.BlobTests.UpdateDataSet" executed="True" result="Success" success="True" time="1.266" asserts="515" />
                            </results>
                          </test-suite>
                          <test-suite type="TestFixture" name="BulkLoading" executed="True" result="Success" success="True" time="12.000" asserts="0">
                            <results>
                              <test-case name="MySql.Data.MySqlClient.Tests.BulkLoading.BulkLoadColumnOrder" executed="True" result="Success" success="True" time="1.272" asserts="6" />
                              <test-case name="MySql.Data.MySqlClient.Tests.BulkLoading.BulkLoadConflictOptionIgnore" executed="True" result="Success" success="True" time="1.213" asserts="4" />
                              <test-case name="MySql.Data.MySqlClient.Tests.BulkLoading.BulkLoadConflictOptionReplace" executed="True" result="Success" success="True" time="1.169" asserts="4" />
                              <test-case name="MySql.Data.MySqlClient.Tests.BulkLoading.BulkLoadEscaping" executed="True" result="Success" success="True" time="1.198" asserts="5" />
                              <test-case name="MySql.Data.MySqlClient.Tests.BulkLoading.BulkLoadFieldQuoting" executed="True" result="Success" success="True" time="1.170" asserts="5" />
                              <test-case name="MySql.Data.MySqlClient.Tests.BulkLoading.BulkLoadReadOnlyFile" executed="True" result="Success" success="True" time="1.252" asserts="4" />
                              <test-case name="MySql.Data.MySqlClient.Tests.BulkLoading.BulkLoadSimple" executed="True" result="Success" success="True" time="1.174" asserts="4" />
                              <test-case name="MySql.Data.MySqlClient.Tests.BulkLoading.BulkLoadSimple2" executed="True" result="Success" success="True" time="1.150" asserts="3" />
                              <test-case name="MySql.Data.MySqlClient.Tests.BulkLoading.BulkLoadSimple3" executed="True" result="Success" success="True" time="1.185" asserts="3" />
                              <test-case name="MySql.Data.MySqlClient.Tests.BulkLoading.BulkLoadSimple4" executed="True" result="Success" success="True" time="1.186" asserts="3" />
                            </results>
                          </test-suite>
                          <test-suite type="TestFixture" name="CharacterSetTests" executed="True" result="Success" success="True" time="22.539" asserts="0">
                            <results>
                              <test-case name="MySql.Data.MySqlClient.Tests.CharacterSetTests.BlobAsUtf8" executed="True" result="Success" success="True" time="4.343" asserts="31" />
                              <test-case name="MySql.Data.MySqlClient.Tests.CharacterSetTests.FunctionReturnsStringWithCharSet" executed="True" result="Success" success="True" time="2.019" asserts="2" />
                              <test-case name="MySql.Data.MySqlClient.Tests.CharacterSetTests.GetSchemaOnUTF8" executed="True" result="Success" success="True" time="1.110" asserts="3" />
                              <test-case name="MySql.Data.MySqlClient.Tests.CharacterSetTests.Latin1Connection" executed="True" result="Success" success="True" time="2.296" asserts="2" />
                              <test-case name="MySql.Data.MySqlClient.Tests.CharacterSetTests.NonLatin1Exception" executed="True" result="Success" success="True" time="2.244" asserts="2" />
                              <test-case name="MySql.Data.MySqlClient.Tests.CharacterSetTests.RespectBinaryFlags" executed="True" result="Success" success="True" time="3.023" asserts="4" />
                              <test-case name="MySql.Data.MySqlClient.Tests.CharacterSetTests.UseFunctions" executed="True" result="Success" success="True" time="2.139" asserts="1" />
                              <test-case name="MySql.Data.MySqlClient.Tests.CharacterSetTests.UTF8AsColumnNames" executed="True" result="Success" success="True" time="2.012" asserts="3" />
                              <test-case name="MySql.Data.MySqlClient.Tests.CharacterSetTests.UTF8BlogsTruncating" executed="True" result="Success" success="True" time="2.176" asserts="2" />
                              <test-case name="MySql.Data.MySqlClient.Tests.CharacterSetTests.VarBinary" executed="True" result="Success" success="True" time="1.160" asserts="3" />
                            </results>
                          </test-suite>
                          <test-suite type="TestFixture" name="CommandBuilderTests" executed="True" result="Success" success="True" time="14.689" asserts="0">
                            <results>
                              <test-case name="MySql.Data.MySqlClient.Tests.CommandBuilderTests.AutoIncrementColumnsOnInsert" executed="True" result="Success" success="True" time="1.180" asserts="5" />
                              <test-case name="MySql.Data.MySqlClient.Tests.CommandBuilderTests.AutoIncrementColumnsOnInsert2" executed="True" result="Success" success="True" time="1.212" asserts="6" />
                              <test-case name="MySql.Data.MySqlClient.Tests.CommandBuilderTests.DifferentDatabase" executed="True" result="Success" success="True" time="1.340" asserts="1" />
                              <test-case name="MySql.Data.MySqlClient.Tests.CommandBuilderTests.LastOneWins" executed="True" result="Success" success="True" time="1.170" asserts="5" />
                              <test-case name="MySql.Data.MySqlClient.Tests.CommandBuilderTests.MultiUpdate" executed="True" result="Success" success="True" time="1.352" asserts="1" />
                              <test-case name="MySql.Data.MySqlClient.Tests.CommandBuilderTests.MultiWord" executed="True" result="Success" success="True" time="1.203" asserts="5" />
                              <test-case name="MySql.Data.MySqlClient.Tests.CommandBuilderTests.NotLastOneWins" executed="True" result="Success" success="True" time="1.233" asserts="4" />
                              <test-case name="MySql.Data.MySqlClient.Tests.CommandBuilderTests.QuoteAndUnquoteIdentifiers" executed="True" result="Success" success="True" time="1.014" asserts="7" />
                              <test-case name="MySql.Data.MySqlClient.Tests.CommandBuilderTests.SemicolonAtEndOfSQL" executed="True" result="Success" success="True" time="1.240" asserts="3" />
                              <test-case name="MySql.Data.MySqlClient.Tests.CommandBuilderTests.SpecialCharactersInFieldNames" executed="True" result="Success" success="True" time="1.154" asserts="1" />
                              <test-case name="MySql.Data.MySqlClient.Tests.CommandBuilderTests.UpdatingWithDateInKey" executed="True" result="Success" success="True" time="1.236" asserts="2" />
                              <test-case name="MySql.Data.MySqlClient.Tests.CommandBuilderTests.UsingFunctions" executed="True" result="Success" success="True" time="1.336" asserts="6" />
                            </results>
                          </test-suite>
                          <test-suite type="TestFixture" name="CommandTests" executed="True" result="Success" success="True" time="32.398" asserts="0">
                            <results>
                              <test-case name="MySql.Data.MySqlClient.Tests.CommandTests.BatchUpdatesAndDeletes" executed="True" result="Success" success="True" time="2.453" asserts="2" />
                              <test-case name="MySql.Data.MySqlClient.Tests.CommandTests.CloneCommand" executed="True" result="Success" success="True" time="1.012" asserts="1" />
                              <test-case name="MySql.Data.MySqlClient.Tests.CommandTests.CloseReaderAfterFailedConvert" executed="True" result="Success" success="True" time="1.188" asserts="1" />
                              <test-case name="MySql.Data.MySqlClient.Tests.CommandTests.CtorTest" executed="True" result="Success" success="True" time="1.179" asserts="1" />
                              <test-case name="MySql.Data.MySqlClient.Tests.CommandTests.DefaultCommandTimeout" executed="True" result="Success" success="True" time="1.014" asserts="7" />
                              <test-case name="MySql.Data.MySqlClient.Tests.CommandTests.DeleteTest" executed="True" result="Success" success="True" time="1.170" asserts="3" />
                              <test-case name="MySql.Data.MySqlClient.Tests.CommandTests.DontAllowBatching" executed="True" result="Success" success="True" time="2.022" asserts="1" />
                              <test-case name="MySql.Data.MySqlClient.Tests.CommandTests.EmptyOrJustSemiCommand" executed="True" result="Success" success="True" time="1.015" asserts="1" />
                              <test-case name="MySql.Data.MySqlClient.Tests.CommandTests.ExecuteReaderReturnsReaderAfterCancel" executed="True" result="Success" success="True" time="3.274" asserts="3" />
                              <test-case name="MySql.Data.MySqlClient.Tests.CommandTests.ExecuteWithOneBadQuery" executed="True" result="Success" success="True" time="1.015" asserts="1" />
                              <test-case name="MySql.Data.MySqlClient.Tests.CommandTests.GenWarnings" executed="True" result="Success" success="True" time="1.200" asserts="1" />
                              <test-case name="MySql.Data.MySqlClient.Tests.CommandTests.HelperTest" executed="True" result="Success" success="True" time="2.024" asserts="1" />
                              <test-case name="MySql.Data.MySqlClient.Tests.CommandTests.InsertingPreparedNulls" executed="True" result="Success" success="True" time="1.194" asserts="3" />
                              <test-case name="MySql.Data.MySqlClient.Tests.CommandTests.InsertTest" executed="True" result="Success" success="True" time="1.203" asserts="5" />
                              <test-case name="MySql.Data.MySqlClient.Tests.CommandTests.PreparedInsertUsingReader" executed="True" result="Success" success="True" time="1.217" asserts="4" />
                              <test-case name="MySql.Data.MySqlClient.Tests.CommandTests.SetNullConnection" executed="True" result="Success" success="True" time="1.014" asserts="1" />
                              <test-case name="MySql.Data.MySqlClient.Tests.CommandTests.SqlInjection1" executed="True" result="Success" success="True" time="1.086" asserts="2" />
                              <test-case name="MySql.Data.MySqlClient.Tests.CommandTests.SyntaxErrorWithCloseConnection" executed="True" result="Success" success="True" time="2.027" asserts="2" />
                              <test-case name="MySql.Data.MySqlClient.Tests.CommandTests.TableCommandType" executed="True" result="Success" success="True" time="1.235" asserts="5" />
                              <test-case name="MySql.Data.MySqlClient.Tests.CommandTests.TableWithOVer100Columns" executed="True" result="Success" success="True" time="1.159" asserts="1" />
                              <test-case name="MySql.Data.MySqlClient.Tests.CommandTests.UpdateTest" executed="True" result="Success" success="True" time="1.393" asserts="7" />
                              <test-case name="MySql.Data.MySqlClient.Tests.CommandTests.UseAffectedRows" executed="True" result="Success" success="True" time="2.267" asserts="3" />
                            </results>
                          </test-suite>
                          <test-suite type="TestFixture" name="CommandTestsPipe" executed="True" result="Failure" success="False" time="110.709" asserts="0">
                            <categories>
                              <category name="Pipe" />
                            </categories>
                            <results>
                              <test-case name="MySql.Data.MySqlClient.Tests.CommandTestsPipe.CommandTests.BatchUpdatesAndDeletes" executed="True" result="Error" success="False" time="5.031" asserts="1">
                                <failure>
                                  <message><![CDATA[SetUp : MySql.Data.MySqlClient.MySqlException : Unable to connect to any of the specified MySQL hosts.
  ----> System.ArgumentException : 无效的句柄。
参数名: handle
TearDown : NUnit.Framework.AssertionException :   Too many processes still running
  Expected: 0
  But was:  1
]]></message>
                                  <stack-trace><![CDATA[在 MySql.Data.MySqlClient.NativeDriver.Open() 位置 D:\TFS\SSV4.X\src_V4.3\reference\mysql-connector-net\mysql-connector-net-6.3.7-src\Source\MySql.Data\NativeDriver.cs:行号 269
在 MySql.Data.MySqlClient.Driver.Open() 位置 D:\TFS\SSV4.X\src_V4.3\reference\mysql-connector-net\mysql-connector-net-6.3.7-src\Source\MySql.Data\Driver.cs:行号 212
在 MySql.Data.MySqlClient.Driver.Create(MySqlConnectionStringBuilder settings) 位置 D:\TFS\SSV4.X\src_V4.3\reference\mysql-connector-net\mysql-connector-net-6.3.7-src\Source\MySql.Data\Driver.cs:行号 200
在 MySql.Data.MySqlClient.MySqlConnection.Open() 位置 D:\TFS\SSV4.X\src_V4.3\reference\mysql-connector-net\mysql-connector-net-6.3.7-src\Source\MySql.Data\Connection.cs:行号 514
在 MySql.Data.MySqlClient.Tests.BaseTest.Open() 位置 D:\TFS\SSV4.X\src_V4.3\reference\mysql-connector-net\mysql-connector-net-6.3.7-src\Tests\MySql.Data.Tests\BaseTest.cs:行号 174
在 MySql.Data.MySqlClient.Tests.BaseTest.Setup() 位置 D:\TFS\SSV4.X\src_V4.3\reference\mysql-connector-net\mysql-connector-net-6.3.7-src\Tests\MySql.Data.Tests\BaseTest.cs:行号 215
--ArgumentException
在 System.IO.FileStream..ctor(SafeFileHandle handle, FileAccess access, Int32 bufferSize, Boolean isAsync)
在 MySql.Data.Common.NamedPipeStream.Open(String path, FileAccess mode, UInt32 timeout) 位置 D:\TFS\SSV4.X\src_V4.3\reference\mysql-connector-net\mysql-connector-net-6.3.7-src\Source\MySql.Data\common\NamedPipeStream.cs:行号 94
在 MySql.Data.Common.NamedPipeStream..ctor(String path, FileAccess mode, UInt32 timeout) 位置 D:\TFS\SSV4.X\src_V4.3\reference\mysql-connector-net\mysql-connector-net-6.3.7-src\Source\MySql.Data\common\NamedPipeStream.cs:行号 51
在 MySql.Data.Common.NamedPipeStream.Create(String pipeName, String hostname, UInt32 timeout) 位置 D:\TFS\SSV4.X\src_V4.3\reference\mysql-connector-net\mysql-connector-net-6.3.7-src\Source\MySql.Data\common\NamedPipeStream.cs:行号 233
在 MySql.Data.Common.StreamCreator.GetStreamFromHost(String pipeName, String hostName, UInt32 timeout) 位置 D:\TFS\SSV4.X\src_V4.3\reference\mysql-connector-net\mysql-connector-net-6.3.7-src\Source\MySql.Data\common\StreamCreator.cs:行号 61
在 MySql.Data.Common.StreamCreator.GetStream(UInt32 timeout) 位置 D:\TFS\SSV4.X\src_V4.3\reference\mysql-connector-net\mysql-connector-net-6.3.7-src\Source\MySql.Data\common\StreamCreator.cs:行号 105
在 MySql.Data.MySqlClient.NativeDriver.Open() 位置 D:\TFS\SSV4.X\src_V4.3\reference\mysql-connector-net\mysql-connector-net-6.3.7-src\Source\MySql.Data\NativeDriver.cs:行号 181
--TearDown
在 MySql.Data.MySqlClient.Tests.BaseTest.Teardown() 位置 D:\TFS\SSV4.X\src_V4.3\reference\mysql-connector-net\mysql-connector-net-6.3.7-src\Tests\MySql.Data.Tests\BaseTest.cs:行号 236
]]></stack-trace>
                                </failure>
                              </test-case>
                              <test-case name="MySql.Data.MySqlClient.Tests.CommandTestsPipe.CommandTests.CloneCommand" executed="True" result="Error" success="False" time="5.030" asserts="1">
                                <failure>
                                  <message><![CDATA[SetUp : MySql.Data.MySqlClient.MySqlException : Unable to connect to any of the specified MySQL hosts.
  ----> System.ArgumentException : 无效的句柄。
参数名: handle
TearDown : NUnit.Framework.AssertionException :   Too many processes still running
  Expected: 0
  But was:  1
]]></message>
                                  <stack-trace><![CDATA[在 MySql.Data.MySqlClient.NativeDriver.Open() 位置 D:\TFS\SSV4.X\src_V4.3\reference\mysql-connector-net\mysql-connector-net-6.3.7-src\Source\MySql.Data\NativeDriver.cs:行号 269
在 MySql.Data.MySqlClient.Driver.Open() 位置 D:\TFS\SSV4.X\src_V4.3\reference\mysql-connector-net\mysql-connector-net-6.3.7-src\Source\MySql.Data\Driver.cs:行号 212
在 MySql.Data.MySqlClient.Driver.Create(MySqlConnectionStringBuilder settings) 位置 D:\TFS\SSV4.X\src_V4.3\reference\mysql-connector-net\mysql-connector-net-6.3.7-src\Source\MySql.Data\Driver.cs:行号 200
在 MySql.Data.MySqlClient.MySqlConnection.Open() 位置 D:\TFS\SSV4.X\src_V4.3\reference\mysql-connector-net\mysql-connector-net-6.3.7-src\Source\MySql.Data\Connection.cs:行号 514
在 MySql.Data.MySqlClient.Tests.BaseTest.Open() 位置 D:\TFS\SSV4.X\src_V4.3\reference\mysql-connector-net\mysql-connector-net-6.3.7-src\Tests\MySql.Data.Tests\BaseTest.cs:行号 174
在 MySql.Data.MySqlClient.Tests.BaseTest.Setup() 位置 D:\TFS\SSV4.X\src_V4.3\reference\mysql-connector-net\mysql-connector-net-6.3.7-src\Tests\MySql.Data.Tests\BaseTest.cs:行号 215
--ArgumentException
在 System.IO.FileStream..ctor(SafeFileHandle handle, FileAccess access, Int32 bufferSize, Boolean isAsync)
在 MySql.Data.Common.NamedPipeStream.Open(String path, FileAccess mode, UInt32 timeout) 位置 D:\TFS\SSV4.X\src_V4.3\reference\mysql-connector-net\mysql-connector-net-6.3.7-src\Source\MySql.Data\common\NamedPipeStream.cs:行号 94
在 MySql.Data.Common.NamedPipeStream..ctor(String path, FileAccess mode, UInt32 timeout) 位置 D:\TFS\SSV4.X\src_V4.3\reference\mysql-connector-net\mysql-connector-net-6.3.7-src\Source\MySql.Data\common\NamedPipeStream.cs:行号 51
在 MySql.Data.Common.NamedPipeStream.Create(String pipeName, String hostname, UInt32 timeout) 位置 D:\TFS\SSV4.X\src_V4.3\reference\mysql-connector-net\mysql-connector-net-6.3.7-src\Source\MySql.Data\common\NamedPipeStream.cs:行号 233
在 MySql.Data.Common.StreamCreator.GetStreamFromHost(String pipeName, String hostName, UInt32 timeout) 位置 D:\TFS\SSV4.X\src_V4.3\reference\mysql-connector-net\mysql-connector-net-6.3.7-src\Source\MySql.Data\common\StreamCreator.cs:行号 61
在 MySql.Data.Common.StreamCreator.GetStream(UInt32 timeout) 位置 D:\TFS\SSV4.X\src_V4.3\reference\mysql-connector-net\mysql-connector-net-6.3.7-src\Source\MySql.Data\common\StreamCreator.cs:行号 105
在 MySql.Data.MySqlClient.NativeDriver.Open() 位置 D:\TFS\SSV4.X\src_V4.3\reference\mysql-connector-net\mysql-connector-net-6.3.7-src\Source\MySql.Data\NativeDriver.cs:行号 181
--TearDown
在 MySql.Data.MySqlClient.Tests.BaseTest.Teardown() 位置 D:\TFS\SSV4.X\src_V4.3\reference\mysql-connector-net\mysql-connector-net-6.3.7-src\Tests\MySql.Data.Tests\BaseTest.cs:行号 236
]]></stack-trace>
                                </failure>
                              </test-case>
                              <test-case name="MySql.Data.MySqlClient.Tests.CommandTestsPipe.CommandTests.CloseReaderAfterFailedConvert" executed="True" result="Error" success="False" time="5.024" asserts="1">
                                <failure>
                                  <message><![CDATA[SetUp : MySql.Data.MySqlClient.MySqlException : Unable to connect to any of the specified MySQL hosts.
  ----> System.ArgumentException : 无效的句柄。
参数名: handle
TearDown : NUnit.Framework.AssertionException :   Too many processes still running
  Expected: 0
  But was:  1
]]></message>
                                  <stack-trace><![CDATA[在 MySql.Data.MySqlClient.NativeDriver.Open() 位置 D:\TFS\SSV4.X\src_V4.3\reference\mysql-connector-net\mysql-connector-net-6.3.7-src\Source\MySql.Data\NativeDriver.cs:行号 269
在 MySql.Data.MySqlClient.Driver.Open() 位置 D:\TFS\SSV4.X\src_V4.3\reference\mysql-connector-net\mysql-connector-net-6.3.7-src\Source\MySql.Data\Driver.cs:行号 212
在 MySql.Data.MySqlClient.Driver.Create(MySqlConnectionStringBuilder settings) 位置 D:\TFS\SSV4.X\src_V4.3\reference\mysql-connector-net\mysql-connector-net-6.3.7-src\Source\MySql.Data\Driver.cs:行号 200
在 MySql.Data.MySqlClient.MySqlConnection.Open() 位置 D:\TFS\SSV4.X\src_V4.3\reference\mysql-connector-net\mysql-connector-net-6.3.7-src\Source\MySql.Data\Connection.cs:行号 514
在 MySql.Data.MySqlClient.Tests.BaseTest.Open() 位置 D:\TFS\SSV4.X\src_V4.3\reference\mysql-connector-net\mysql-connector-net-6.3.7-src\Tests\MySql.Data.Tests\BaseTest.cs:行号 174
在 MySql.Data.MySqlClient.Tests.BaseTest.Setup() 位置 D:\TFS\SSV4.X\src_V4.3\reference\mysql-connector-net\mysql-connector-net-6.3.7-src\Tests\MySql.Data.Tests\BaseTest.cs:行号 215
--ArgumentException
在 System.IO.FileStream..ctor(SafeFileHandle handle, FileAccess access, Int32 bufferSize, Boolean isAsync)
在 MySql.Data.Common.NamedPipeStream.Open(String path, FileAccess mode, UInt32 timeout) 位置 D:\TFS\SSV4.X\src_V4.3\reference\mysql-connector-net\mysql-connector-net-6.3.7-src\Source\MySql.Data\common\NamedPipeStream.cs:行号 94
在 MySql.Data.Common.NamedPipeStream..ctor(String path, FileAccess mode, UInt32 timeout) 位置 D:\TFS\SSV4.X\src_V4.3\reference\mysql-connector-net\mysql-connector-net-6.3.7-src\Source\MySql.Data\common\NamedPipeStream.cs:行号 51
在 MySql.Data.Common.NamedPipeStream.Create(String pipeName, String hostname, UInt32 timeout) 位置 D:\TFS\SSV4.X\src_V4.3\reference\mysql-connector-net\mysql-connector-net-6.3.7-src\Source\MySql.Data\common\NamedPipeStream.cs:行号 233
在 MySql.Data.Common.StreamCreator.GetStreamFromHost(String pipeName, String hostName, UInt32 timeout) 位置 D:\TFS\SSV4.X\src_V4.3\reference\mysql-connector-net\mysql-connector-net-6.3.7-src\Source\MySql.Data\common\StreamCreator.cs:行号 61
在 MySql.Data.Common.StreamCreator.GetStream(UInt32 timeout) 位置 D:\TFS\SSV4.X\src_V4.3\reference\mysql-connector-net\mysql-connector-net-6.3.7-src\Source\MySql.Data\common\StreamCreator.cs:行号 105
在 MySql.Data.MySqlClient.NativeDriver.Open() 位置 D:\TFS\SSV4.X\src_V4.3\reference\mysql-connector-net\mysql-connector-net-6.3.7-src\Source\MySql.Data\NativeDriver.cs:行号 181
--TearDown
在 MySql.Data.MySqlClient.Tests.BaseTest.Teardown() 位置 D:\TFS\SSV4.X\src_V4.3\reference\mysql-connector-net\mysql-connector-net-6.3.7-src\Tests\MySql.Data.Tests\BaseTest.cs:行号 236
]]></stack-trace>
                                </failure>
                              </test-case>
                              <test-case name="MySql.Data.MySqlClient.Tests.CommandTestsPipe.CommandTests.CtorTest" executed="True" result="Error" success="False" time="5.046" asserts="1">
                                <failure>
                                  <message><![CDATA[SetUp : MySql.Data.MySqlClient.MySqlException : Unable to connect to any of the specified MySQL hosts.
  ----> System.ArgumentException : 无效的句柄。
参数名: handle
TearDown : NUnit.Framework.AssertionException :   Too many processes still running
  Expected: 0
  But was:  1
]]></message>
                                  <stack-trace><![CDATA[在 MySql.Data.MySqlClient.NativeDriver.Open() 位置 D:\TFS\SSV4.X\src_V4.3\reference\mysql-connector-net\mysql-connector-net-6.3.7-src\Source\MySql.Data\NativeDriver.cs:行号 269
在 MySql.Data.MySqlClient.Driver.Open() 位置 D:\TFS\SSV4.X\src_V4.3\reference\mysql-connector-net\mysql-connector-net-6.3.7-src\Source\MySql.Data\Driver.cs:行号 212
在 MySql.Data.MySqlClient.Driver.Create(MySqlConnectionStringBuilder settings) 位置 D:\TFS\SSV4.X\src_V4.3\reference\mysql-connector-net\mysql-connector-net-6.3.7-src\Source\MySql.Data\Driver.cs:行号 200
在 MySql.Data.MySqlClient.MySqlConnection.Open() 位置 D:\TFS\SSV4.X\src_V4.3\reference\mysql-connector-net\mysql-connector-net-6.3.7-src\Source\MySql.Data\Connection.cs:行号 514
在 MySql.Data.MySqlClient.Tests.BaseTest.Open() 位置 D:\TFS\SSV4.X\src_V4.3\reference\mysql-connector-net\mysql-connector-net-6.3.7-src\Tests\MySql.Data.Tests\BaseTest.cs:行号 174
在 MySql.Data.MySqlClient.Tests.BaseTest.Setup() 位置 D:\TFS\SSV4.X\src_V4.3\reference\mysql-connector-net\mysql-connector-net-6.3.7-src\Tests\MySql.Data.Tests\BaseTest.cs:行号 215
--ArgumentException
在 System.IO.FileStream..ctor(SafeFileHandle handle, FileAccess access, Int32 bufferSize, Boolean isAsync)
在 MySql.Data.Common.NamedPipeStream.Open(String path, FileAccess mode, UInt32 timeout) 位置 D:\TFS\SSV4.X\src_V4.3\reference\mysql-connector-net\mysql-connector-net-6.3.7-src\Source\MySql.Data\common\NamedPipeStream.cs:行号 94
在 MySql.Data.Common.NamedPipeStream..ctor(String path, FileAccess mode, UInt32 timeout) 位置 D:\TFS\SSV4.X\src_V4.3\reference\mysql-connector-net\mysql-connector-net-6.3.7-src\Source\MySql.Data\common\NamedPipeStream.cs:行号 51
在 MySql.Data.Common.NamedPipeStream.Create(String pipeName, String hostname, UInt32 timeout) 位置 D:\TFS\SSV4.X\src_V4.3\reference\mysql-connector-net\mysql-connector-net-6.3.7-src\Source\MySql.Data\common\NamedPipeStream.cs:行号 233
在 MySql.Data.Common.StreamCreator.GetStreamFromHost(String pipeName, String hostName, UInt32 timeout) 位置 D:\TFS\SSV4.X\src_V4.3\reference\mysql-connector-net\mysql-connector-net-6.3.7-src\Source\MySql.Data\common\StreamCreator.cs:行号 61
在 MySql.Data.Common.StreamCreator.GetStream(UInt32 timeout) 位置 D:\TFS\SSV4.X\src_V4.3\reference\mysql-connector-net\mysql-connector-net-6.3.7-src\Source\MySql.Data\common\StreamCreator.cs:行号 105
在 MySql.Data.MySqlClient.NativeDriver.Open() 位置 D:\TFS\SSV4.X\src_V4.3\reference\mysql-connector-net\mysql-connector-net-6.3.7-src\Source\MySql.Data\NativeDriver.cs:行号 181
--TearDown
在 MySql.Data.MySqlClient.Tests.BaseTest.Teardown() 位置 D:\TFS\SSV4.X\src_V4.3\reference\mysql-connector-net\mysql-connector-net-6.3.7-src\Tests\MySql.Data.Tests\BaseTest.cs:行号 236
]]></stack-trace>
                                </failure>
                              </test-case>
                              <test-case name="MySql.Data.MySqlClient.Tests.CommandTestsPipe.CommandTests.DefaultCommandTimeout" executed="True" result="Error" success="False" time="5.019" asserts="1">
                                <failure>
                                  <message><![CDATA[SetUp : MySql.Data.MySqlClient.MySqlException : Unable to connect to any of the specified MySQL hosts.
  ----> System.ArgumentException : 无效的句柄。
参数名: handle
TearDown : NUnit.Framework.AssertionException :   Too many processes still running
  Expected: 0
  But was:  1
]]></message>
                                  <stack-trace><![CDATA[在 MySql.Data.MySqlClient.NativeDriver.Open() 位置 D:\TFS\SSV4.X\src_V4.3\reference\mysql-connector-net\mysql-connector-net-6.3.7-src\Source\MySql.Data\NativeDriver.cs:行号 269
在 MySql.Data.MySqlClient.Driver.Open() 位置 D:\TFS\SSV4.X\src_V4.3\reference\mysql-connector-net\mysql-connector-net-6.3.7-src\Source\MySql.Data\Driver.cs:行号 212
在 MySql.Data.MySqlClient.Driver.Create(MySqlConnectionStringBuilder settings) 位置 D:\TFS\SSV4.X\src_V4.3\reference\mysql-connector-net\mysql-connector-net-6.3.7-src\Source\MySql.Data\Driver.cs:行号 200
在 MySql.Data.MySqlClient.MySqlConnection.Open() 位置 D:\TFS\SSV4.X\src_V4.3\reference\mysql-connector-net\mysql-connector-net-6.3.7-src\Source\MySql.Data\Connection.cs:行号 514
在 MySql.Data.MySqlClient.Tests.BaseTest.Open() 位置 D:\TFS\SSV4.X\src_V4.3\reference\mysql-connector-net\mysql-connector-net-6.3.7-src\Tests\MySql.Data.Tests\BaseTest.cs:行号 174
在 MySql.Data.MySqlClient.Tests.BaseTest.Setup() 位置 D:\TFS\SSV4.X\src_V4.3\reference\mysql-connector-net\mysql-connector-net-6.3.7-src\Tests\MySql.Data.Tests\BaseTest.cs:行号 215
--ArgumentException
在 System.IO.FileStream..ctor(SafeFileHandle handle, FileAccess access, Int32 bufferSize, Boolean isAsync)
在 MySql.Data.Common.NamedPipeStream.Open(String path, FileAccess mode, UInt32 timeout) 位置 D:\TFS\SSV4.X\src_V4.3\reference\mysql-connector-net\mysql-connector-net-6.3.7-src\Source\MySql.Data\common\NamedPipeStream.cs:行号 94
在 MySql.Data.Common.NamedPipeStream..ctor(String path, FileAccess mode, UInt32 timeout) 位置 D:\TFS\SSV4.X\src_V4.3\reference\mysql-connector-net\mysql-connector-net-6.3.7-src\Source\MySql.Data\common\NamedPipeStream.cs:行号 51
在 MySql.Data.Common.NamedPipeStream.Create(String pipeName, String hostname, UInt32 timeout) 位置 D:\TFS\SSV4.X\src_V4.3\reference\mysql-connector-net\mysql-connector-net-6.3.7-src\Source\MySql.Data\common\NamedPipeStream.cs:行号 233
在 MySql.Data.Common.StreamCreator.GetStreamFromHost(String pipeName, String hostName, UInt32 timeout) 位置 D:\TFS\SSV4.X\src_V4.3\reference\mysql-connector-net\mysql-connector-net-6.3.7-src\Source\MySql.Data\common\StreamCreator.cs:行号 61
在 MySql.Data.Common.StreamCreator.GetStream(UInt32 timeout) 位置 D:\TFS\SSV4.X\src_V4.3\reference\mysql-connector-net\mysql-connector-net-6.3.7-src\Source\MySql.Data\common\StreamCreator.cs:行号 105
在 MySql.Data.MySqlClient.NativeDriver.Open() 位置 D:\TFS\SSV4.X\src_V4.3\reference\mysql-connector-net\mysql-connector-net-6.3.7-src\Source\MySql.Data\NativeDriver.cs:行号 181
--TearDown
在 MySql.Data.MySqlClient.Tests.BaseTest.Teardown() 位置 D:\TFS\SSV4.X\src_V4.3\reference\mysql-connector-net\mysql-connector-net-6.3.7-src\Tests\MySql.Data.Tests\BaseTest.cs:行号 236
]]></stack-trace>
                                </failure>
                              </test-case>
                              <test-case name="MySql.Data.MySqlClient.Tests.CommandTestsPipe.CommandTests.DeleteTest" executed="True" result="Error" success="False" time="5.018" asserts="1">
                                <failure>
                                  <message><![CDATA[SetUp : MySql.Data.MySqlClient.MySqlException : Unable to connect to any of the specified MySQL hosts.
  ----> System.ArgumentException : 无效的句柄。
参数名: handle
TearDown : NUnit.Framework.AssertionException :   Too many processes still running
  Expected: 0
  But was:  1
]]></message>
                                  <stack-trace><![CDATA[在 MySql.Data.MySqlClient.NativeDriver.Open() 位置 D:\TFS\SSV4.X\src_V4.3\reference\mysql-connector-net\mysql-connector-net-6.3.7-src\Source\MySql.Data\NativeDriver.cs:行号 269
在 MySql.Data.MySqlClient.Driver.Open() 位置 D:\TFS\SSV4.X\src_V4.3\reference\mysql-connector-net\mysql-connector-net-6.3.7-src\Source\MySql.Data\Driver.cs:行号 212
在 MySql.Data.MySqlClient.Driver.Create(MySqlConnectionStringBuilder settings) 位置 D:\TFS\SSV4.X\src_V4.3\reference\mysql-connector-net\mysql-connector-net-6.3.7-src\Source\MySql.Data\Driver.cs:行号 200
在 MySql.Data.MySqlClient.MySqlConnection.Open() 位置 D:\TFS\SSV4.X\src_V4.3\reference\mysql-connector-net\mysql-connector-net-6.3.7-src\Source\MySql.Data\Connection.cs:行号 514
在 MySql.Data.MySqlClient.Tests.BaseTest.Open() 位置 D:\TFS\SSV4.X\src_V4.3\reference\mysql-connector-net\mysql-connector-net-6.3.7-src\Tests\MySql.Data.Tests\BaseTest.cs:行号 174
在 MySql.Data.MySqlClient.Tests.BaseTest.Setup() 位置 D:\TFS\SSV4.X\src_V4.3\reference\mysql-connector-net\mysql-connector-net-6.3.7-src\Tests\MySql.Data.Tests\BaseTest.cs:行号 215
--ArgumentException
在 System.IO.FileStream..ctor(SafeFileHandle handle, FileAccess access, Int32 bufferSize, Boolean isAsync)
在 MySql.Data.Common.NamedPipeStream.Open(String path, FileAccess mode, UInt32 timeout) 位置 D:\TFS\SSV4.X\src_V4.3\reference\mysql-connector-net\mysql-connector-net-6.3.7-src\Source\MySql.Data\common\NamedPipeStream.cs:行号 94
在 MySql.Data.Common.NamedPipeStream..ctor(String path, FileAccess mode, UInt32 timeout) 位置 D:\TFS\SSV4.X\src_V4.3\reference\mysql-connector-net\mysql-connector-net-6.3.7-src\Source\MySql.Data\common\NamedPipeStream.cs:行号 51
在 MySql.Data.Common.NamedPipeStream.Create(String pipeName, String hostname, UInt32 timeout) 位置 D:\TFS\SSV4.X\src_V4.3\reference\mysql-connector-net\mysql-connector-net-6.3.7-src\Source\MySql.Data\common\NamedPipeStream.cs:行号 233
在 MySql.Data.Common.StreamCreator.GetStreamFromHost(String pipeName, String hostName, UInt32 timeout) 位置 D:\TFS\SSV4.X\src_V4.3\reference\mysql-connector-net\mysql-connector-net-6.3.7-src\Source\MySql.Data\common\StreamCreator.cs:行号 61
在 MySql.Data.Common.StreamCreator.GetStream(UInt32 timeout) 位置 D:\TFS\SSV4.X\src_V4.3\reference\mysql-connector-net\mysql-connector-net-6.3.7-src\Source\MySql.Data\common\StreamCreator.cs:行号 105
在 MySql.Data.MySqlClient.NativeDriver.Open() 位置 D:\TFS\SSV4.X\src_V4.3\reference\mysql-connector-net\mysql-connector-net-6.3.7-src\Source\MySql.Data\NativeDriver.cs:行号 181
--TearDown
在 MySql.Data.MySqlClient.Tests.BaseTest.Teardown() 位置 D:\TFS\SSV4.X\src_V4.3\reference\mysql-connector-net\mysql-connector-net-6.3.7-src\Tests\MySql.Data.Tests\BaseTest.cs:行号 236
]]></stack-trace>
                                </failure>
                              </test-case>
                              <test-case name="MySql.Data.MySqlClient.Tests.CommandTestsPipe.CommandTests.DontAllowBatching" executed="True" result="Error" success="False" time="5.024" asserts="1">
                                <failure>
                                  <message><![CDATA[SetUp : MySql.Data.MySqlClient.MySqlException : Unable to connect to any of the specified MySQL hosts.
  ----> System.ArgumentException : 无效的句柄。
参数名: handle
TearDown : NUnit.Framework.AssertionException :   Too many processes still running
  Expected: 0
  But was:  1
]]></message>
                                  <stack-trace><![CDATA[在 MySql.Data.MySqlClient.NativeDriver.Open() 位置 D:\TFS\SSV4.X\src_V4.3\reference\mysql-connector-net\mysql-connector-net-6.3.7-src\Source\MySql.Data\NativeDriver.cs:行号 269
在 MySql.Data.MySqlClient.Driver.Open() 位置 D:\TFS\SSV4.X\src_V4.3\reference\mysql-connector-net\mysql-connector-net-6.3.7-src\Source\MySql.Data\Driver.cs:行号 212
在 MySql.Data.MySqlClient.Driver.Create(MySqlConnectionStringBuilder settings) 位置 D:\TFS\SSV4.X\src_V4.3\reference\mysql-connector-net\mysql-connector-net-6.3.7-src\Source\MySql.Data\Driver.cs:行号 200
在 MySql.Data.MySqlClient.MySqlConnection.Open() 位置 D:\TFS\SSV4.X\src_V4.3\reference\mysql-connector-net\mysql-connector-net-6.3.7-src\Source\MySql.Data\Connection.cs:行号 514
在 MySql.Data.MySqlClient.Tests.BaseTest.Open() 位置 D:\TFS\SSV4.X\src_V4.3\reference\mysql-connector-net\mysql-connector-net-6.3.7-src\Tests\MySql.Data.Tests\BaseTest.cs:行号 174
在 MySql.Data.MySqlClient.Tests.BaseTest.Setup() 位置 D:\TFS\SSV4.X\src_V4.3\reference\mysql-connector-net\mysql-connector-net-6.3.7-src\Tests\MySql.Data.Tests\BaseTest.cs:行号 215
--ArgumentException
在 System.IO.FileStream..ctor(SafeFileHandle handle, FileAccess access, Int32 bufferSize, Boolean isAsync)
在 MySql.Data.Common.NamedPipeStream.Open(String path, FileAccess mode, UInt32 timeout) 位置 D:\TFS\SSV4.X\src_V4.3\reference\mysql-connector-net\mysql-connector-net-6.3.7-src\Source\MySql.Data\common\NamedPipeStream.cs:行号 94
在 MySql.Data.Common.NamedPipeStream..ctor(String path, FileAccess mode, UInt32 timeout) 位置 D:\TFS\SSV4.X\src_V4.3\reference\mysql-connector-net\mysql-connector-net-6.3.7-src\Source\MySql.Data\common\NamedPipeStream.cs:行号 51
在 MySql.Data.Common.NamedPipeStream.Create(String pipeName, String hostname, UInt32 timeout) 位置 D:\TFS\SSV4.X\src_V4.3\reference\mysql-connector-net\mysql-connector-net-6.3.7-src\Source\MySql.Data\common\NamedPipeStream.cs:行号 233
在 MySql.Data.Common.StreamCreator.GetStreamFromHost(String pipeName, String hostName, UInt32 timeout) 位置 D:\TFS\SSV4.X\src_V4.3\reference\mysql-connector-net\mysql-connector-net-6.3.7-src\Source\MySql.Data\common\StreamCreator.cs:行号 61
在 MySql.Data.Common.StreamCreator.GetStream(UInt32 timeout) 位置 D:\TFS\SSV4.X\src_V4.3\reference\mysql-connector-net\mysql-connector-net-6.3.7-src\Source\MySql.Data\common\StreamCreator.cs:行号 105
在 MySql.Data.MySqlClient.NativeDriver.Open() 位置 D:\TFS\SSV4.X\src_V4.3\reference\mysql-connector-net\mysql-connector-net-6.3.7-src\Source\MySql.Data\NativeDriver.cs:行号 181
--TearDown
在 MySql.Data.MySqlClient.Tests.BaseTest.Teardown() 位置 D:\TFS\SSV4.X\src_V4.3\reference\mysql-connector-net\mysql-connector-net-6.3.7-src\Tests\MySql.Data.Tests\BaseTest.cs:行号 236
]]></stack-trace>
                                </failure>
                              </test-case>
                              <test-case name="MySql.Data.MySqlClient.Tests.CommandTestsPipe.CommandTests.EmptyOrJustSemiCommand" executed="True" result="Error" success="False" time="5.019" asserts="1">
                                <failure>
                                  <message><![CDATA[SetUp : MySql.Data.MySqlClient.MySqlException : Unable to connect to any of the specified MySQL hosts.
  ----> System.ArgumentException : 无效的句柄。
参数名: handle
TearDown : NUnit.Framework.AssertionException :   Too many processes still running
  Expected: 0
  But was:  1
]]></message>
                                  <stack-trace><![CDATA[在 MySql.Data.MySqlClient.NativeDriver.Open() 位置 D:\TFS\SSV4.X\src_V4.3\reference\mysql-connector-net\mysql-connector-net-6.3.7-src\Source\MySql.Data\NativeDriver.cs:行号 269
在 MySql.Data.MySqlClient.Driver.Open() 位置 D:\TFS\SSV4.X\src_V4.3\reference\mysql-connector-net\mysql-connector-net-6.3.7-src\Source\MySql.Data\Driver.cs:行号 212
在 MySql.Data.MySqlClient.Driver.Create(MySqlConnectionStringBuilder settings) 位置 D:\TFS\SSV4.X\src_V4.3\reference\mysql-connector-net\mysql-connector-net-6.3.7-src\Source\MySql.Data\Driver.cs:行号 200
在 MySql.Data.MySqlClient.MySqlConnection.Open() 位置 D:\TFS\SSV4.X\src_V4.3\reference\mysql-connector-net\mysql-connector-net-6.3.7-src\Source\MySql.Data\Connection.cs:行号 514
在 MySql.Data.MySqlClient.Tests.BaseTest.Open() 位置 D:\TFS\SSV4.X\src_V4.3\reference\mysql-connector-net\mysql-connector-net-6.3.7-src\Tests\MySql.Data.Tests\BaseTest.cs:行号 174
在 MySql.Data.MySqlClient.Tests.BaseTest.Setup() 位置 D:\TFS\SSV4.X\src_V4.3\reference\mysql-connector-net\mysql-connector-net-6.3.7-src\Tests\MySql.Data.Tests\BaseTest.cs:行号 215
--ArgumentException
在 System.IO.FileStream..ctor(SafeFileHandle handle, FileAccess access, Int32 bufferSize, Boolean isAsync)
在 MySql.Data.Common.NamedPipeStream.Open(String path, FileAccess mode, UInt32 timeout) 位置 D:\TFS\SSV4.X\src_V4.3\reference\mysql-connector-net\mysql-connector-net-6.3.7-src\Source\MySql.Data\common\NamedPipeStream.cs:行号 94
在 MySql.Data.Common.NamedPipeStream..ctor(String path, FileAccess mode, UInt32 timeout) 位置 D:\TFS\SSV4.X\src_V4.3\reference\mysql-connector-net\mysql-connector-net-6.3.7-src\Source\MySql.Data\common\NamedPipeStream.cs:行号 51
在 MySql.Data.Common.NamedPipeStream.Create(String pipeName, String hostname, UInt32 timeout) 位置 D:\TFS\SSV4.X\src_V4.3\reference\mysql-connector-net\mysql-connector-net-6.3.7-src\Source\MySql.Data\common\NamedPipeStream.cs:行号 233
在 MySql.Data.Common.StreamCreator.GetStreamFromHost(String pipeName, String hostName, UInt32 timeout) 位置 D:\TFS\SSV4.X\src_V4.3\reference\mysql-connector-net\mysql-connector-net-6.3.7-src\Source\MySql.Data\common\StreamCreator.cs:行号 61
在 MySql.Data.Common.StreamCreator.GetStream(UInt32 timeout) 位置 D:\TFS\SSV4.X\src_V4.3\reference\mysql-connector-net\mysql-connector-net-6.3.7-src\Source\MySql.Data\common\StreamCreator.cs:行号 105
在 MySql.Data.MySqlClient.NativeDriver.Open() 位置 D:\TFS\SSV4.X\src_V4.3\reference\mysql-connector-net\mysql-connector-net-6.3.7-src\Source\MySql.Data\NativeDriver.cs:行号 181
--TearDown
在 MySql.Data.MySqlClient.Tests.BaseTest.Teardown() 位置 D:\TFS\SSV4.X\src_V4.3\reference\mysql-connector-net\mysql-connector-net-6.3.7-src\Tests\MySql.Data.Tests\BaseTest.cs:行号 236
]]></stack-trace>
                                </failure>
                              </test-case>
                              <test-case name="MySql.Data.MySqlClient.Tests.CommandTestsPipe.CommandTests.ExecuteReaderReturnsReaderAfterCancel" executed="True" result="Error" success="False" time="5.034" asserts="1">
                                <failure>
                                  <message><![CDATA[SetUp : MySql.Data.MySqlClient.MySqlException : Unable to connect to any of the specified MySQL hosts.
  ----> System.ArgumentException : 无效的句柄。
参数名: handle
TearDown : NUnit.Framework.AssertionException :   Too many processes still running
  Expected: 0
  But was:  1
]]></message>
                                  <stack-trace><![CDATA[在 MySql.Data.MySqlClient.NativeDriver.Open() 位置 D:\TFS\SSV4.X\src_V4.3\reference\mysql-connector-net\mysql-connector-net-6.3.7-src\Source\MySql.Data\NativeDriver.cs:行号 269
在 MySql.Data.MySqlClient.Driver.Open() 位置 D:\TFS\SSV4.X\src_V4.3\reference\mysql-connector-net\mysql-connector-net-6.3.7-src\Source\MySql.Data\Driver.cs:行号 212
在 MySql.Data.MySqlClient.Driver.Create(MySqlConnectionStringBuilder settings) 位置 D:\TFS\SSV4.X\src_V4.3\reference\mysql-connector-net\mysql-connector-net-6.3.7-src\Source\MySql.Data\Driver.cs:行号 200
在 MySql.Data.MySqlClient.MySqlConnection.Open() 位置 D:\TFS\SSV4.X\src_V4.3\reference\mysql-connector-net\mysql-connector-net-6.3.7-src\Source\MySql.Data\Connection.cs:行号 514
在 MySql.Data.MySqlClient.Tests.BaseTest.Open() 位置 D:\TFS\SSV4.X\src_V4.3\reference\mysql-connector-net\mysql-connector-net-6.3.7-src\Tests\MySql.Data.Tests\BaseTest.cs:行号 174
在 MySql.Data.MySqlClient.Tests.BaseTest.Setup() 位置 D:\TFS\SSV4.X\src_V4.3\reference\mysql-connector-net\mysql-connector-net-6.3.7-src\Tests\MySql.Data.Tests\BaseTest.cs:行号 215
--ArgumentException
在 System.IO.FileStream..ctor(SafeFileHandle handle, FileAccess access, Int32 bufferSize, Boolean isAsync)
在 MySql.Data.Common.NamedPipeStream.Open(String path, FileAccess mode, UInt32 timeout) 位置 D:\TFS\SSV4.X\src_V4.3\reference\mysql-connector-net\mysql-connector-net-6.3.7-src\Source\MySql.Data\common\NamedPipeStream.cs:行号 94
在 MySql.Data.Common.NamedPipeStream..ctor(String path, FileAccess mode, UInt32 timeout) 位置 D:\TFS\SSV4.X\src_V4.3\reference\mysql-connector-net\mysql-connector-net-6.3.7-src\Source\MySql.Data\common\NamedPipeStream.cs:行号 51
在 MySql.Data.Common.NamedPipeStream.Create(String pipeName, String hostname, UInt32 timeout) 位置 D:\TFS\SSV4.X\src_V4.3\reference\mysql-connector-net\mysql-connector-net-6.3.7-src\Source\MySql.Data\common\NamedPipeStream.cs:行号 233
在 MySql.Data.Common.StreamCreator.GetStreamFromHost(String pipeName, String hostName, UInt32 timeout) 位置 D:\TFS\SSV4.X\src_V4.3\reference\mysql-connector-net\mysql-connector-net-6.3.7-src\Source\MySql.Data\common\StreamCreator.cs:行号 61
在 MySql.Data.Common.StreamCreator.GetStream(UInt32 timeout) 位置 D:\TFS\SSV4.X\src_V4.3\reference\mysql-connector-net\mysql-connector-net-6.3.7-src\Source\MySql.Data\common\StreamCreator.cs:行号 105
在 MySql.Data.MySqlClient.NativeDriver.Open() 位置 D:\TFS\SSV4.X\src_V4.3\reference\mysql-connector-net\mysql-connector-net-6.3.7-src\Source\MySql.Data\NativeDriver.cs:行号 181
--TearDown
在 MySql.Data.MySqlClient.Tests.BaseTest.Teardown() 位置 D:\TFS\SSV4.X\src_V4.3\reference\mysql-connector-net\mysql-connector-net-6.3.7-src\Tests\MySql.Data.Tests\BaseTest.cs:行号 236
]]></stack-trace>
                                </failure>
                              </test-case>
                              <test-case name="MySql.Data.MySqlClient.Tests.CommandTestsPipe.CommandTests.ExecuteWithOneBadQuery" executed="True" result="Error" success="False" time="5.055" asserts="1">
                                <failure>
                                  <message><![CDATA[SetUp : MySql.Data.MySqlClient.MySqlException : Unable to connect to any of the specified MySQL hosts.
  ----> System.ArgumentException : 无效的句柄。
参数名: handle
TearDown : NUnit.Framework.AssertionException :   Too many processes still running
  Expected: 0
  But was:  1
]]></message>
                                  <stack-trace><![CDATA[在 MySql.Data.MySqlClient.NativeDriver.Open() 位置 D:\TFS\SSV4.X\src_V4.3\reference\mysql-connector-net\mysql-connector-net-6.3.7-src\Source\MySql.Data\NativeDriver.cs:行号 269
在 MySql.Data.MySqlClient.Driver.Open() 位置 D:\TFS\SSV4.X\src_V4.3\reference\mysql-connector-net\mysql-connector-net-6.3.7-src\Source\MySql.Data\Driver.cs:行号 212
在 MySql.Data.MySqlClient.Driver.Create(MySqlConnectionStringBuilder settings) 位置 D:\TFS\SSV4.X\src_V4.3\reference\mysql-connector-net\mysql-connector-net-6.3.7-src\Source\MySql.Data\Driver.cs:行号 200
在 MySql.Data.MySqlClient.MySqlConnection.Open() 位置 D:\TFS\SSV4.X\src_V4.3\reference\mysql-connector-net\mysql-connector-net-6.3.7-src\Source\MySql.Data\Connection.cs:行号 514
在 MySql.Data.MySqlClient.Tests.BaseTest.Open() 位置 D:\TFS\SSV4.X\src_V4.3\reference\mysql-connector-net\mysql-connector-net-6.3.7-src\Tests\MySql.Data.Tests\BaseTest.cs:行号 174
在 MySql.Data.MySqlClient.Tests.BaseTest.Setup() 位置 D:\TFS\SSV4.X\src_V4.3\reference\mysql-connector-net\mysql-connector-net-6.3.7-src\Tests\MySql.Data.Tests\BaseTest.cs:行号 215
--ArgumentException
在 System.IO.FileStream..ctor(SafeFileHandle handle, FileAccess access, Int32 bufferSize, Boolean isAsync)
在 MySql.Data.Common.NamedPipeStream.Open(String path, FileAccess mode, UInt32 timeout) 位置 D:\TFS\SSV4.X\src_V4.3\reference\mysql-connector-net\mysql-connector-net-6.3.7-src\Source\MySql.Data\common\NamedPipeStream.cs:行号 94
在 MySql.Data.Common.NamedPipeStream..ctor(String path, FileAccess mode, UInt32 timeout) 位置 D:\TFS\SSV4.X\src_V4.3\reference\mysql-connector-net\mysql-connector-net-6.3.7-src\Source\MySql.Data\common\NamedPipeStream.cs:行号 51
在 MySql.Data.Common.NamedPipeStream.Create(String pipeName, String hostname, UInt32 timeout) 位置 D:\TFS\SSV4.X\src_V4.3\reference\mysql-connector-net\mysql-connector-net-6.3.7-src\Source\MySql.Data\common\NamedPipeStream.cs:行号 233
在 MySql.Data.Common.StreamCreator.GetStreamFromHost(String pipeName, String hostName, UInt32 timeout) 位置 D:\TFS\SSV4.X\src_V4.3\reference\mysql-connector-net\mysql-connector-net-6.3.7-src\Source\MySql.Data\common\StreamCreator.cs:行号 61
在 MySql.Data.Common.StreamCreator.GetStream(UInt32 timeout) 位置 D:\TFS\SSV4.X\src_V4.3\reference\mysql-connector-net\mysql-connector-net-6.3.7-src\Source\MySql.Data\common\StreamCreator.cs:行号 105
在 MySql.Data.MySqlClient.NativeDriver.Open() 位置 D:\TFS\SSV4.X\src_V4.3\reference\mysql-connector-net\mysql-connector-net-6.3.7-src\Source\MySql.Data\NativeDriver.cs:行号 181
--TearDown
在 MySql.Data.MySqlClient.Tests.BaseTest.Teardown() 位置 D:\TFS\SSV4.X\src_V4.3\reference\mysql-connector-net\mysql-connector-net-6.3.7-src\Tests\MySql.Data.Tests\BaseTest.cs:行号 236
]]></stack-trace>
                                </failure>
                              </test-case>
                              <test-case name="MySql.Data.MySqlClient.Tests.CommandTestsPipe.CommandTests.GenWarnings" executed="True" result="Error" success="False" time="5.023" asserts="1">
                                <failure>
                                  <message><![CDATA[SetUp : MySql.Data.MySqlClient.MySqlException : Unable to connect to any of the specified MySQL hosts.
  ----> System.ArgumentException : 无效的句柄。
参数名: handle
TearDown : NUnit.Framework.AssertionException :   Too many processes still running
  Expected: 0
  But was:  1
]]></message>
                                  <stack-trace><![CDATA[在 MySql.Data.MySqlClient.NativeDriver.Open() 位置 D:\TFS\SSV4.X\src_V4.3\reference\mysql-connector-net\mysql-connector-net-6.3.7-src\Source\MySql.Data\NativeDriver.cs:行号 269
在 MySql.Data.MySqlClient.Driver.Open() 位置 D:\TFS\SSV4.X\src_V4.3\reference\mysql-connector-net\mysql-connector-net-6.3.7-src\Source\MySql.Data\Driver.cs:行号 212
在 MySql.Data.MySqlClient.Driver.Create(MySqlConnectionStringBuilder settings) 位置 D:\TFS\SSV4.X\src_V4.3\reference\mysql-connector-net\mysql-connector-net-6.3.7-src\Source\MySql.Data\Driver.cs:行号 200
在 MySql.Data.MySqlClient.MySqlConnection.Open() 位置 D:\TFS\SSV4.X\src_V4.3\reference\mysql-connector-net\mysql-connector-net-6.3.7-src\Source\MySql.Data\Connection.cs:行号 514
在 MySql.Data.MySqlClient.Tests.BaseTest.Open() 位置 D:\TFS\SSV4.X\src_V4.3\reference\mysql-connector-net\mysql-connector-net-6.3.7-src\Tests\MySql.Data.Tests\BaseTest.cs:行号 174
在 MySql.Data.MySqlClient.Tests.BaseTest.Setup() 位置 D:\TFS\SSV4.X\src_V4.3\reference\mysql-connector-net\mysql-connector-net-6.3.7-src\Tests\MySql.Data.Tests\BaseTest.cs:行号 215
--ArgumentException
在 System.IO.FileStream..ctor(SafeFileHandle handle, FileAccess access, Int32 bufferSize, Boolean isAsync)
在 MySql.Data.Common.NamedPipeStream.Open(String path, FileAccess mode, UInt32 timeout) 位置 D:\TFS\SSV4.X\src_V4.3\reference\mysql-connector-net\mysql-connector-net-6.3.7-src\Source\MySql.Data\common\NamedPipeStream.cs:行号 94
在 MySql.Data.Common.NamedPipeStream..ctor(String path, FileAccess mode, UInt32 timeout) 位置 D:\TFS\SSV4.X\src_V4.3\reference\mysql-connector-net\mysql-connector-net-6.3.7-src\Source\MySql.Data\common\NamedPipeStream.cs:行号 51
在 MySql.Data.Common.NamedPipeStream.Create(String pipeName, String hostname, UInt32 timeout) 位置 D:\TFS\SSV4.X\src_V4.3\reference\mysql-connector-net\mysql-connector-net-6.3.7-src\Source\MySql.Data\common\NamedPipeStream.cs:行号 233
在 MySql.Data.Common.StreamCreator.GetStreamFromHost(String pipeName, String hostName, UInt32 timeout) 位置 D:\TFS\SSV4.X\src_V4.3\reference\mysql-connector-net\mysql-connector-net-6.3.7-src\Source\MySql.Data\common\StreamCreator.cs:行号 61
在 MySql.Data.Common.StreamCreator.GetStream(UInt32 timeout) 位置 D:\TFS\SSV4.X\src_V4.3\reference\mysql-connector-net\mysql-connector-net-6.3.7-src\Source\MySql.Data\common\StreamCreator.cs:行号 105
在 MySql.Data.MySqlClient.NativeDriver.Open() 位置 D:\TFS\SSV4.X\src_V4.3\reference\mysql-connector-net\mysql-connector-net-6.3.7-src\Source\MySql.Data\NativeDriver.cs:行号 181
--TearDown
在 MySql.Data.MySqlClient.Tests.BaseTest.Teardown() 位置 D:\TFS\SSV4.X\src_V4.3\reference\mysql-connector-net\mysql-connector-net-6.3.7-src\Tests\MySql.Data.Tests\BaseTest.cs:行号 236
]]></stack-trace>
                                </failure>
                              </test-case>
                              <test-case name="MySql.Data.MySqlClient.Tests.CommandTestsPipe.CommandTests.HelperTest" executed="True" result="Error" success="False" time="5.023" asserts="1">
                                <failure>
                                  <message><![CDATA[SetUp : MySql.Data.MySqlClient.MySqlException : Unable to connect to any of the specified MySQL hosts.
  ----> System.ArgumentException : 无效的句柄。
参数名: handle
TearDown : NUnit.Framework.AssertionException :   Too many processes still running
  Expected: 0
  But was:  1
]]></message>
                                  <stack-trace><![CDATA[在 MySql.Data.MySqlClient.NativeDriver.Open() 位置 D:\TFS\SSV4.X\src_V4.3\reference\mysql-connector-net\mysql-connector-net-6.3.7-src\Source\MySql.Data\NativeDriver.cs:行号 269
在 MySql.Data.MySqlClient.Driver.Open() 位置 D:\TFS\SSV4.X\src_V4.3\reference\mysql-connector-net\mysql-connector-net-6.3.7-src\Source\MySql.Data\Driver.cs:行号 212
在 MySql.Data.MySqlClient.Driver.Create(MySqlConnectionStringBuilder settings) 位置 D:\TFS\SSV4.X\src_V4.3\reference\mysql-connector-net\mysql-connector-net-6.3.7-src\Source\MySql.Data\Driver.cs:行号 200
在 MySql.Data.MySqlClient.MySqlConnection.Open() 位置 D:\TFS\SSV4.X\src_V4.3\reference\mysql-connector-net\mysql-connector-net-6.3.7-src\Source\MySql.Data\Connection.cs:行号 514
在 MySql.Data.MySqlClient.Tests.BaseTest.Open() 位置 D:\TFS\SSV4.X\src_V4.3\reference\mysql-connector-net\mysql-connector-net-6.3.7-src\Tests\MySql.Data.Tests\BaseTest.cs:行号 174
在 MySql.Data.MySqlClient.Tests.BaseTest.Setup() 位置 D:\TFS\SSV4.X\src_V4.3\reference\mysql-connector-net\mysql-connector-net-6.3.7-src\Tests\MySql.Data.Tests\BaseTest.cs:行号 215
--ArgumentException
在 System.IO.FileStream..ctor(SafeFileHandle handle, FileAccess access, Int32 bufferSize, Boolean isAsync)
在 MySql.Data.Common.NamedPipeStream.Open(String path, FileAccess mode, UInt32 timeout) 位置 D:\TFS\SSV4.X\src_V4.3\reference\mysql-connector-net\mysql-connector-net-6.3.7-src\Source\MySql.Data\common\NamedPipeStream.cs:行号 94
在 MySql.Data.Common.NamedPipeStream..ctor(String path, FileAccess mode, UInt32 timeout) 位置 D:\TFS\SSV4.X\src_V4.3\reference\mysql-connector-net\mysql-connector-net-6.3.7-src\Source\MySql.Data\common\NamedPipeStream.cs:行号 51
在 MySql.Data.Common.NamedPipeStream.Create(String pipeName, String hostname, UInt32 timeout) 位置 D:\TFS\SSV4.X\src_V4.3\reference\mysql-connector-net\mysql-connector-net-6.3.7-src\Source\MySql.Data\common\NamedPipeStream.cs:行号 233
在 MySql.Data.Common.StreamCreator.GetStreamFromHost(String pipeName, String hostName, UInt32 timeout) 位置 D:\TFS\SSV4.X\src_V4.3\reference\mysql-connector-net\mysql-connector-net-6.3.7-src\Source\MySql.Data\common\StreamCreator.cs:行号 61
在 MySql.Data.Common.StreamCreator.GetStream(UInt32 timeout) 位置 D:\TFS\SSV4.X\src_V4.3\reference\mysql-connector-net\mysql-connector-net-6.3.7-src\Source\MySql.Data\common\StreamCreator.cs:行号 105
在 MySql.Data.MySqlClient.NativeDriver.Open() 位置 D:\TFS\SSV4.X\src_V4.3\reference\mysql-connector-net\mysql-connector-net-6.3.7-src\Source\MySql.Data\NativeDriver.cs:行号 181
--TearDown
在 MySql.Data.MySqlClient.Tests.BaseTest.Teardown() 位置 D:\TFS\SSV4.X\src_V4.3\reference\mysql-connector-net\mysql-connector-net-6.3.7-src\Tests\MySql.Data.Tests\BaseTest.cs:行号 236
]]></stack-trace>
                                </failure>
                              </test-case>
                              <test-case name="MySql.Data.MySqlClient.Tests.CommandTestsPipe.CommandTests.InsertingPreparedNulls" executed="True" result="Error" success="False" time="5.096" asserts="1">
                                <failure>
                                  <message><![CDATA[SetUp : MySql.Data.MySqlClient.MySqlException : Unable to connect to any of the specified MySQL hosts.
  ----> System.ArgumentException : 无效的句柄。
参数名: handle
TearDown : NUnit.Framework.AssertionException :   Too many processes still running
  Expected: 0
  But was:  1
]]></message>
                                  <stack-trace><![CDATA[在 MySql.Data.MySqlClient.NativeDriver.Open() 位置 D:\TFS\SSV4.X\src_V4.3\reference\mysql-connector-net\mysql-connector-net-6.3.7-src\Source\MySql.Data\NativeDriver.cs:行号 269
在 MySql.Data.MySqlClient.Driver.Open() 位置 D:\TFS\SSV4.X\src_V4.3\reference\mysql-connector-net\mysql-connector-net-6.3.7-src\Source\MySql.Data\Driver.cs:行号 212
在 MySql.Data.MySqlClient.Driver.Create(MySqlConnectionStringBuilder settings) 位置 D:\TFS\SSV4.X\src_V4.3\reference\mysql-connector-net\mysql-connector-net-6.3.7-src\Source\MySql.Data\Driver.cs:行号 200
在 MySql.Data.MySqlClient.MySqlConnection.Open() 位置 D:\TFS\SSV4.X\src_V4.3\reference\mysql-connector-net\mysql-connector-net-6.3.7-src\Source\MySql.Data\Connection.cs:行号 514
在 MySql.Data.MySqlClient.Tests.BaseTest.Open() 位置 D:\TFS\SSV4.X\src_V4.3\reference\mysql-connector-net\mysql-connector-net-6.3.7-src\Tests\MySql.Data.Tests\BaseTest.cs:行号 174
在 MySql.Data.MySqlClient.Tests.BaseTest.Setup() 位置 D:\TFS\SSV4.X\src_V4.3\reference\mysql-connector-net\mysql-connector-net-6.3.7-src\Tests\MySql.Data.Tests\BaseTest.cs:行号 215
--ArgumentException
在 System.IO.FileStream..ctor(SafeFileHandle handle, FileAccess access, Int32 bufferSize, Boolean isAsync)
在 MySql.Data.Common.NamedPipeStream.Open(String path, FileAccess mode, UInt32 timeout) 位置 D:\TFS\SSV4.X\src_V4.3\reference\mysql-connector-net\mysql-connector-net-6.3.7-src\Source\MySql.Data\common\NamedPipeStream.cs:行号 94
在 MySql.Data.Common.NamedPipeStream..ctor(String path, FileAccess mode, UInt32 timeout) 位置 D:\TFS\SSV4.X\src_V4.3\reference\mysql-connector-net\mysql-connector-net-6.3.7-src\Source\MySql.Data\common\NamedPipeStream.cs:行号 51
在 MySql.Data.Common.NamedPipeStream.Create(String pipeName, String hostname, UInt32 timeout) 位置 D:\TFS\SSV4.X\src_V4.3\reference\mysql-connector-net\mysql-connector-net-6.3.7-src\Source\MySql.Data\common\NamedPipeStream.cs:行号 233
在 MySql.Data.Common.StreamCreator.GetStreamFromHost(String pipeName, String hostName, UInt32 timeout) 位置 D:\TFS\SSV4.X\src_V4.3\reference\mysql-connector-net\mysql-connector-net-6.3.7-src\Source\MySql.Data\common\StreamCreator.cs:行号 61
在 MySql.Data.Common.StreamCreator.GetStream(UInt32 timeout) 位置 D:\TFS\SSV4.X\src_V4.3\reference\mysql-connector-net\mysql-connector-net-6.3.7-src\Source\MySql.Data\common\StreamCreator.cs:行号 105
在 MySql.Data.MySqlClient.NativeDriver.Open() 位置 D:\TFS\SSV4.X\src_V4.3\reference\mysql-connector-net\mysql-connector-net-6.3.7-src\Source\MySql.Data\NativeDriver.cs:行号 181
--TearDown
在 MySql.Data.MySqlClient.Tests.BaseTest.Teardown() 位置 D:\TFS\SSV4.X\src_V4.3\reference\mysql-connector-net\mysql-connector-net-6.3.7-src\Tests\MySql.Data.Tests\BaseTest.cs:行号 236
]]></stack-trace>
                                </failure>
                              </test-case>
                              <test-case name="MySql.Data.MySqlClient.Tests.CommandTestsPipe.CommandTests.InsertTest" executed="True" result="Error" success="False" time="5.024" asserts="1">
                                <failure>
                                  <message><![CDATA[SetUp : MySql.Data.MySqlClient.MySqlException : Unable to connect to any of the specified MySQL hosts.
  ----> System.ArgumentException : 无效的句柄。
参数名: handle
TearDown : NUnit.Framework.AssertionException :   Too many processes still running
  Expected: 0
  But was:  1
]]></message>
                                  <stack-trace><![CDATA[在 MySql.Data.MySqlClient.NativeDriver.Open() 位置 D:\TFS\SSV4.X\src_V4.3\reference\mysql-connector-net\mysql-connector-net-6.3.7-src\Source\MySql.Data\NativeDriver.cs:行号 269
在 MySql.Data.MySqlClient.Driver.Open() 位置 D:\TFS\SSV4.X\src_V4.3\reference\mysql-connector-net\mysql-connector-net-6.3.7-src\Source\MySql.Data\Driver.cs:行号 212
在 MySql.Data.MySqlClient.Driver.Create(MySqlConnectionStringBuilder settings) 位置 D:\TFS\SSV4.X\src_V4.3\reference\mysql-connector-net\mysql-connector-net-6.3.7-src\Source\MySql.Data\Driver.cs:行号 200
在 MySql.Data.MySqlClient.MySqlConnection.Open() 位置 D:\TFS\SSV4.X\src_V4.3\reference\mysql-connector-net\mysql-connector-net-6.3.7-src\Source\MySql.Data\Connection.cs:行号 514
在 MySql.Data.MySqlClient.Tests.BaseTest.Open() 位置 D:\TFS\SSV4.X\src_V4.3\reference\mysql-connector-net\mysql-connector-net-6.3.7-src\Tests\MySql.Data.Tests\BaseTest.cs:行号 174
在 MySql.Data.MySqlClient.Tests.BaseTest.Setup() 位置 D:\TFS\SSV4.X\src_V4.3\reference\mysql-connector-net\mysql-connector-net-6.3.7-src\Tests\MySql.Data.Tests\BaseTest.cs:行号 215
--ArgumentException
在 System.IO.FileStream..ctor(SafeFileHandle handle, FileAccess access, Int32 bufferSize, Boolean isAsync)
在 MySql.Data.Common.NamedPipeStream.Open(String path, FileAccess mode, UInt32 timeout) 位置 D:\TFS\SSV4.X\src_V4.3\reference\mysql-connector-net\mysql-connector-net-6.3.7-src\Source\MySql.Data\common\NamedPipeStream.cs:行号 94
在 MySql.Data.Common.NamedPipeStream..ctor(String path, FileAccess mode, UInt32 timeout) 位置 D:\TFS\SSV4.X\src_V4.3\reference\mysql-connector-net\mysql-connector-net-6.3.7-src\Source\MySql.Data\common\NamedPipeStream.cs:行号 51
在 MySql.Data.Common.NamedPipeStream.Create(String pipeName, String hostname, UInt32 timeout) 位置 D:\TFS\SSV4.X\src_V4.3\reference\mysql-connector-net\mysql-connector-net-6.3.7-src\Source\MySql.Data\common\NamedPipeStream.cs:行号 233
在 MySql.Data.Common.StreamCreator.GetStreamFromHost(String pipeName, String hostName, UInt32 timeout) 位置 D:\TFS\SSV4.X\src_V4.3\reference\mysql-connector-net\mysql-connector-net-6.3.7-src\Source\MySql.Data\common\StreamCreator.cs:行号 61
在 MySql.Data.Common.StreamCreator.GetStream(UInt32 timeout) 位置 D:\TFS\SSV4.X\src_V4.3\reference\mysql-connector-net\mysql-connector-net-6.3.7-src\Source\MySql.Data\common\StreamCreator.cs:行号 105
在 MySql.Data.MySqlClient.NativeDriver.Open() 位置 D:\TFS\SSV4.X\src_V4.3\reference\mysql-connector-net\mysql-connector-net-6.3.7-src\Source\MySql.Data\NativeDriver.cs:行号 181
--TearDown
在 MySql.Data.MySqlClient.Tests.BaseTest.Teardown() 位置 D:\TFS\SSV4.X\src_V4.3\reference\mysql-connector-net\mysql-connector-net-6.3.7-src\Tests\MySql.Data.Tests\BaseTest.cs:行号 236
]]></stack-trace>
                                </failure>
                              </test-case>
                              <test-case name="MySql.Data.MySqlClient.Tests.CommandTestsPipe.CommandTests.PreparedInsertUsingReader" executed="True" result="Error" success="False" time="5.019" asserts="1">
                                <failure>
                                  <message><![CDATA[SetUp : MySql.Data.MySqlClient.MySqlException : Unable to connect to any of the specified MySQL hosts.
  ----> System.ArgumentException : 无效的句柄。
参数名: handle
TearDown : NUnit.Framework.AssertionException :   Too many processes still running
  Expected: 0
  But was:  1
]]></message>
                                  <stack-trace><![CDATA[在 MySql.Data.MySqlClient.NativeDriver.Open() 位置 D:\TFS\SSV4.X\src_V4.3\reference\mysql-connector-net\mysql-connector-net-6.3.7-src\Source\MySql.Data\NativeDriver.cs:行号 269
在 MySql.Data.MySqlClient.Driver.Open() 位置 D:\TFS\SSV4.X\src_V4.3\reference\mysql-connector-net\mysql-connector-net-6.3.7-src\Source\MySql.Data\Driver.cs:行号 212
在 MySql.Data.MySqlClient.Driver.Create(MySqlConnectionStringBuilder settings) 位置 D:\TFS\SSV4.X\src_V4.3\reference\mysql-connector-net\mysql-connector-net-6.3.7-src\Source\MySql.Data\Driver.cs:行号 200
在 MySql.Data.MySqlClient.MySqlConnection.Open() 位置 D:\TFS\SSV4.X\src_V4.3\reference\mysql-connector-net\mysql-connector-net-6.3.7-src\Source\MySql.Data\Connection.cs:行号 514
在 MySql.Data.MySqlClient.Tests.BaseTest.Open() 位置 D:\TFS\SSV4.X\src_V4.3\reference\mysql-connector-net\mysql-connector-net-6.3.7-src\Tests\MySql.Data.Tests\BaseTest.cs:行号 174
在 MySql.Data.MySqlClient.Tests.BaseTest.Setup() 位置 D:\TFS\SSV4.X\src_V4.3\reference\mysql-connector-net\mysql-connector-net-6.3.7-src\Tests\MySql.Data.Tests\BaseTest.cs:行号 215
--ArgumentException
在 System.IO.FileStream..ctor(SafeFileHandle handle, FileAccess access, Int32 bufferSize, Boolean isAsync)
在 MySql.Data.Common.NamedPipeStream.Open(String path, FileAccess mode, UInt32 timeout) 位置 D:\TFS\SSV4.X\src_V4.3\reference\mysql-connector-net\mysql-connector-net-6.3.7-src\Source\MySql.Data\common\NamedPipeStream.cs:行号 94
在 MySql.Data.Common.NamedPipeStream..ctor(String path, FileAccess mode, UInt32 timeout) 位置 D:\TFS\SSV4.X\src_V4.3\reference\mysql-connector-net\mysql-connector-net-6.3.7-src\Source\MySql.Data\common\NamedPipeStream.cs:行号 51
在 MySql.Data.Common.NamedPipeStream.Create(String pipeName, String hostname, UInt32 timeout) 位置 D:\TFS\SSV4.X\src_V4.3\reference\mysql-connector-net\mysql-connector-net-6.3.7-src\Source\MySql.Data\common\NamedPipeStream.cs:行号 233
在 MySql.Data.Common.StreamCreator.GetStreamFromHost(String pipeName, String hostName, UInt32 timeout) 位置 D:\TFS\SSV4.X\src_V4.3\reference\mysql-connector-net\mysql-connector-net-6.3.7-src\Source\MySql.Data\common\StreamCreator.cs:行号 61
在 MySql.Data.Common.StreamCreator.GetStream(UInt32 timeout) 位置 D:\TFS\SSV4.X\src_V4.3\reference\mysql-connector-net\mysql-connector-net-6.3.7-src\Source\MySql.Data\common\StreamCreator.cs:行号 105
在 MySql.Data.MySqlClient.NativeDriver.Open() 位置 D:\TFS\SSV4.X\src_V4.3\reference\mysql-connector-net\mysql-connector-net-6.3.7-src\Source\MySql.Data\NativeDriver.cs:行号 181
--TearDown
在 MySql.Data.MySqlClient.Tests.BaseTest.Teardown() 位置 D:\TFS\SSV4.X\src_V4.3\reference\mysql-connector-net\mysql-connector-net-6.3.7-src\Tests\MySql.Data.Tests\BaseTest.cs:行号 236
]]></stack-trace>
                                </failure>
                              </test-case>
                              <test-case name="MySql.Data.MySqlClient.Tests.CommandTestsPipe.CommandTests.SetNullConnection" executed="True" result="Error" success="False" time="5.020" asserts="1">
                                <failure>
                                  <message><![CDATA[SetUp : MySql.Data.MySqlClient.MySqlException : Unable to connect to any of the specified MySQL hosts.
  ----> System.ArgumentException : 无效的句柄。
参数名: handle
TearDown : NUnit.Framework.AssertionException :   Too many processes still running
  Expected: 0
  But was:  1
]]></message>
                                  <stack-trace><![CDATA[在 MySql.Data.MySqlClient.NativeDriver.Open() 位置 D:\TFS\SSV4.X\src_V4.3\reference\mysql-connector-net\mysql-connector-net-6.3.7-src\Source\MySql.Data\NativeDriver.cs:行号 269
在 MySql.Data.MySqlClient.Driver.Open() 位置 D:\TFS\SSV4.X\src_V4.3\reference\mysql-connector-net\mysql-connector-net-6.3.7-src\Source\MySql.Data\Driver.cs:行号 212
在 MySql.Data.MySqlClient.Driver.Create(MySqlConnectionStringBuilder settings) 位置 D:\TFS\SSV4.X\src_V4.3\reference\mysql-connector-net\mysql-connector-net-6.3.7-src\Source\MySql.Data\Driver.cs:行号 200
在 MySql.Data.MySqlClient.MySqlConnection.Open() 位置 D:\TFS\SSV4.X\src_V4.3\reference\mysql-connector-net\mysql-connector-net-6.3.7-src\Source\MySql.Data\Connection.cs:行号 514
在 MySql.Data.MySqlClient.Tests.BaseTest.Open() 位置 D:\TFS\SSV4.X\src_V4.3\reference\mysql-connector-net\mysql-connector-net-6.3.7-src\Tests\MySql.Data.Tests\BaseTest.cs:行号 174
在 MySql.Data.MySqlClient.Tests.BaseTest.Setup() 位置 D:\TFS\SSV4.X\src_V4.3\reference\mysql-connector-net\mysql-connector-net-6.3.7-src\Tests\MySql.Data.Tests\BaseTest.cs:行号 215
--ArgumentException
在 System.IO.FileStream..ctor(SafeFileHandle handle, FileAccess access, Int32 bufferSize, Boolean isAsync)
在 MySql.Data.Common.NamedPipeStream.Open(String path, FileAccess mode, UInt32 timeout) 位置 D:\TFS\SSV4.X\src_V4.3\reference\mysql-connector-net\mysql-connector-net-6.3.7-src\Source\MySql.Data\common\NamedPipeStream.cs:行号 94
在 MySql.Data.Common.NamedPipeStream..ctor(String path, FileAccess mode, UInt32 timeout) 位置 D:\TFS\SSV4.X\src_V4.3\reference\mysql-connector-net\mysql-connector-net-6.3.7-src\Source\MySql.Data\common\NamedPipeStream.cs:行号 51
在 MySql.Data.Common.NamedPipeStream.Create(String pipeName, String hostname, UInt32 timeout) 位置 D:\TFS\SSV4.X\src_V4.3\reference\mysql-connector-net\mysql-connector-net-6.3.7-src\Source\MySql.Data\common\NamedPipeStream.cs:行号 233
在 MySql.Data.Common.StreamCreator.GetStreamFromHost(String pipeName, String hostName, UInt32 timeout) 位置 D:\TFS\SSV4.X\src_V4.3\reference\mysql-connector-net\mysql-connector-net-6.3.7-src\Source\MySql.Data\common\StreamCreator.cs:行号 61
在 MySql.Data.Common.StreamCreator.GetStream(UInt32 timeout) 位置 D:\TFS\SSV4.X\src_V4.3\reference\mysql-connector-net\mysql-connector-net-6.3.7-src\Source\MySql.Data\common\StreamCreator.cs:行号 105
在 MySql.Data.MySqlClient.NativeDriver.Open() 位置 D:\TFS\SSV4.X\src_V4.3\reference\mysql-connector-net\mysql-connector-net-6.3.7-src\Source\MySql.Data\NativeDriver.cs:行号 181
--TearDown
在 MySql.Data.MySqlClient.Tests.BaseTest.Teardown() 位置 D:\TFS\SSV4.X\src_V4.3\reference\mysql-connector-net\mysql-connector-net-6.3.7-src\Tests\MySql.Data.Tests\BaseTest.cs:行号 236
]]></stack-trace>
                                </failure>
                              </test-case>
                              <test-case name="MySql.Data.MySqlClient.Tests.CommandTestsPipe.CommandTests.SqlInjection1" executed="True" result="Error" success="False" time="5.023" asserts="1">
                                <failure>
                                  <message><![CDATA[SetUp : MySql.Data.MySqlClient.MySqlException : Unable to connect to any of the specified MySQL hosts.
  ----> System.ArgumentException : 无效的句柄。
参数名: handle
TearDown : NUnit.Framework.AssertionException :   Too many processes still running
  Expected: 0
  But was:  1
]]></message>
                                  <stack-trace><![CDATA[在 MySql.Data.MySqlClient.NativeDriver.Open() 位置 D:\TFS\SSV4.X\src_V4.3\reference\mysql-connector-net\mysql-connector-net-6.3.7-src\Source\MySql.Data\NativeDriver.cs:行号 269
在 MySql.Data.MySqlClient.Driver.Open() 位置 D:\TFS\SSV4.X\src_V4.3\reference\mysql-connector-net\mysql-connector-net-6.3.7-src\Source\MySql.Data\Driver.cs:行号 212
在 MySql.Data.MySqlClient.Driver.Create(MySqlConnectionStringBuilder settings) 位置 D:\TFS\SSV4.X\src_V4.3\reference\mysql-connector-net\mysql-connector-net-6.3.7-src\Source\MySql.Data\Driver.cs:行号 200
在 MySql.Data.MySqlClient.MySqlConnection.Open() 位置 D:\TFS\SSV4.X\src_V4.3\reference\mysql-connector-net\mysql-connector-net-6.3.7-src\Source\MySql.Data\Connection.cs:行号 514
在 MySql.Data.MySqlClient.Tests.BaseTest.Open() 位置 D:\TFS\SSV4.X\src_V4.3\reference\mysql-connector-net\mysql-connector-net-6.3.7-src\Tests\MySql.Data.Tests\BaseTest.cs:行号 174
在 MySql.Data.MySqlClient.Tests.BaseTest.Setup() 位置 D:\TFS\SSV4.X\src_V4.3\reference\mysql-connector-net\mysql-connector-net-6.3.7-src\Tests\MySql.Data.Tests\BaseTest.cs:行号 215
--ArgumentException
在 System.IO.FileStream..ctor(SafeFileHandle handle, FileAccess access, Int32 bufferSize, Boolean isAsync)
在 MySql.Data.Common.NamedPipeStream.Open(String path, FileAccess mode, UInt32 timeout) 位置 D:\TFS\SSV4.X\src_V4.3\reference\mysql-connector-net\mysql-connector-net-6.3.7-src\Source\MySql.Data\common\NamedPipeStream.cs:行号 94
在 MySql.Data.Common.NamedPipeStream..ctor(String path, FileAccess mode, UInt32 timeout) 位置 D:\TFS\SSV4.X\src_V4.3\reference\mysql-connector-net\mysql-connector-net-6.3.7-src\Source\MySql.Data\common\NamedPipeStream.cs:行号 51
在 MySql.Data.Common.NamedPipeStream.Create(String pipeName, String hostname, UInt32 timeout) 位置 D:\TFS\SSV4.X\src_V4.3\reference\mysql-connector-net\mysql-connector-net-6.3.7-src\Source\MySql.Data\common\NamedPipeStream.cs:行号 233
在 MySql.Data.Common.StreamCreator.GetStreamFromHost(String pipeName, String hostName, UInt32 timeout) 位置 D:\TFS\SSV4.X\src_V4.3\reference\mysql-connector-net\mysql-connector-net-6.3.7-src\Source\MySql.Data\common\StreamCreator.cs:行号 61
在 MySql.Data.Common.StreamCreator.GetStream(UInt32 timeout) 位置 D:\TFS\SSV4.X\src_V4.3\reference\mysql-connector-net\mysql-connector-net-6.3.7-src\Source\MySql.Data\common\StreamCreator.cs:行号 105
在 MySql.Data.MySqlClient.NativeDriver.Open() 位置 D:\TFS\SSV4.X\src_V4.3\reference\mysql-connector-net\mysql-connector-net-6.3.7-src\Source\MySql.Data\NativeDriver.cs:行号 181
--TearDown
在 MySql.Data.MySqlClient.Tests.BaseTest.Teardown() 位置 D:\TFS\SSV4.X\src_V4.3\reference\mysql-connector-net\mysql-connector-net-6.3.7-src\Tests\MySql.Data.Tests\BaseTest.cs:行号 236
]]></stack-trace>
                                </failure>
                              </test-case>
                              <test-case name="MySql.Data.MySqlClient.Tests.CommandTestsPipe.CommandTests.SyntaxErrorWithCloseConnection" executed="True" result="Error" success="False" time="5.043" asserts="1">
                                <failure>
                                  <message><![CDATA[SetUp : MySql.Data.MySqlClient.MySqlException : Unable to connect to any of the specified MySQL hosts.
  ----> System.ArgumentException : 无效的句柄。
参数名: handle
TearDown : NUnit.Framework.AssertionException :   Too many processes still running
  Expected: 0
  But was:  1
]]></message>
                                  <stack-trace><![CDATA[在 MySql.Data.MySqlClient.NativeDriver.Open() 位置 D:\TFS\SSV4.X\src_V4.3\reference\mysql-connector-net\mysql-connector-net-6.3.7-src\Source\MySql.Data\NativeDriver.cs:行号 269
在 MySql.Data.MySqlClient.Driver.Open() 位置 D:\TFS\SSV4.X\src_V4.3\reference\mysql-connector-net\mysql-connector-net-6.3.7-src\Source\MySql.Data\Driver.cs:行号 212
在 MySql.Data.MySqlClient.Driver.Create(MySqlConnectionStringBuilder settings) 位置 D:\TFS\SSV4.X\src_V4.3\reference\mysql-connector-net\mysql-connector-net-6.3.7-src\Source\MySql.Data\Driver.cs:行号 200
在 MySql.Data.MySqlClient.MySqlConnection.Open() 位置 D:\TFS\SSV4.X\src_V4.3\reference\mysql-connector-net\mysql-connector-net-6.3.7-src\Source\MySql.Data\Connection.cs:行号 514
在 MySql.Data.MySqlClient.Tests.BaseTest.Open() 位置 D:\TFS\SSV4.X\src_V4.3\reference\mysql-connector-net\mysql-connector-net-6.3.7-src\Tests\MySql.Data.Tests\BaseTest.cs:行号 174
在 MySql.Data.MySqlClient.Tests.BaseTest.Setup() 位置 D:\TFS\SSV4.X\src_V4.3\reference\mysql-connector-net\mysql-connector-net-6.3.7-src\Tests\MySql.Data.Tests\BaseTest.cs:行号 215
--ArgumentException
在 System.IO.FileStream..ctor(SafeFileHandle handle, FileAccess access, Int32 bufferSize, Boolean isAsync)
在 MySql.Data.Common.NamedPipeStream.Open(String path, FileAccess mode, UInt32 timeout) 位置 D:\TFS\SSV4.X\src_V4.3\reference\mysql-connector-net\mysql-connector-net-6.3.7-src\Source\MySql.Data\common\NamedPipeStream.cs:行号 94
在 MySql.Data.Common.NamedPipeStream..ctor(String path, FileAccess mode, UInt32 timeout) 位置 D:\TFS\SSV4.X\src_V4.3\reference\mysql-connector-net\mysql-connector-net-6.3.7-src\Source\MySql.Data\common\NamedPipeStream.cs:行号 51
在 MySql.Data.Common.NamedPipeStream.Create(String pipeName, String hostname, UInt32 timeout) 位置 D:\TFS\SSV4.X\src_V4.3\reference\mysql-connector-net\mysql-connector-net-6.3.7-src\Source\MySql.Data\common\NamedPipeStream.cs:行号 233
在 MySql.Data.Common.StreamCreator.GetStreamFromHost(String pipeName, String hostName, UInt32 timeout) 位置 D:\TFS\SSV4.X\src_V4.3\reference\mysql-connector-net\mysql-connector-net-6.3.7-src\Source\MySql.Data\common\StreamCreator.cs:行号 61
在 MySql.Data.Common.StreamCreator.GetStream(UInt32 timeout) 位置 D:\TFS\SSV4.X\src_V4.3\reference\mysql-connector-net\mysql-connector-net-6.3.7-src\Source\MySql.Data\common\StreamCreator.cs:行号 105
在 MySql.Data.MySqlClient.NativeDriver.Open() 位置 D:\TFS\SSV4.X\src_V4.3\reference\mysql-connector-net\mysql-connector-net-6.3.7-src\Source\MySql.Data\NativeDriver.cs:行号 181
--TearDown
在 MySql.Data.MySqlClient.Tests.BaseTest.Teardown() 位置 D:\TFS\SSV4.X\src_V4.3\reference\mysql-connector-net\mysql-connector-net-6.3.7-src\Tests\MySql.Data.Tests\BaseTest.cs:行号 236
]]></stack-trace>
                                </failure>
                              </test-case>
                              <test-case name="MySql.Data.MySqlClient.Tests.CommandTestsPipe.CommandTests.TableCommandType" executed="True" result="Error" success="False" time="5.019" asserts="1">
                                <failure>
                                  <message><![CDATA[SetUp : MySql.Data.MySqlClient.MySqlException : Unable to connect to any of the specified MySQL hosts.
  ----> System.ArgumentException : 无效的句柄。
参数名: handle
TearDown : NUnit.Framework.AssertionException :   Too many processes still running
  Expected: 0
  But was:  1
]]></message>
                                  <stack-trace><![CDATA[在 MySql.Data.MySqlClient.NativeDriver.Open() 位置 D:\TFS\SSV4.X\src_V4.3\reference\mysql-connector-net\mysql-connector-net-6.3.7-src\Source\MySql.Data\NativeDriver.cs:行号 269
在 MySql.Data.MySqlClient.Driver.Open() 位置 D:\TFS\SSV4.X\src_V4.3\reference\mysql-connector-net\mysql-connector-net-6.3.7-src\Source\MySql.Data\Driver.cs:行号 212
在 MySql.Data.MySqlClient.Driver.Create(MySqlConnectionStringBuilder settings) 位置 D:\TFS\SSV4.X\src_V4.3\reference\mysql-connector-net\mysql-connector-net-6.3.7-src\Source\MySql.Data\Driver.cs:行号 200
在 MySql.Data.MySqlClient.MySqlConnection.Open() 位置 D:\TFS\SSV4.X\src_V4.3\reference\mysql-connector-net\mysql-connector-net-6.3.7-src\Source\MySql.Data\Connection.cs:行号 514
在 MySql.Data.MySqlClient.Tests.BaseTest.Open() 位置 D:\TFS\SSV4.X\src_V4.3\reference\mysql-connector-net\mysql-connector-net-6.3.7-src\Tests\MySql.Data.Tests\BaseTest.cs:行号 174
在 MySql.Data.MySqlClient.Tests.BaseTest.Setup() 位置 D:\TFS\SSV4.X\src_V4.3\reference\mysql-connector-net\mysql-connector-net-6.3.7-src\Tests\MySql.Data.Tests\BaseTest.cs:行号 215
--ArgumentException
在 System.IO.FileStream..ctor(SafeFileHandle handle, FileAccess access, Int32 bufferSize, Boolean isAsync)
在 MySql.Data.Common.NamedPipeStream.Open(String path, FileAccess mode, UInt32 timeout) 位置 D:\TFS\SSV4.X\src_V4.3\reference\mysql-connector-net\mysql-connector-net-6.3.7-src\Source\MySql.Data\common\NamedPipeStream.cs:行号 94
在 MySql.Data.Common.NamedPipeStream..ctor(String path, FileAccess mode, UInt32 timeout) 位置 D:\TFS\SSV4.X\src_V4.3\reference\mysql-connector-net\mysql-connector-net-6.3.7-src\Source\MySql.Data\common\NamedPipeStream.cs:行号 51
在 MySql.Data.Common.NamedPipeStream.Create(String pipeName, String hostname, UInt32 timeout) 位置 D:\TFS\SSV4.X\src_V4.3\reference\mysql-connector-net\mysql-connector-net-6.3.7-src\Source\MySql.Data\common\NamedPipeStream.cs:行号 233
在 MySql.Data.Common.StreamCreator.GetStreamFromHost(String pipeName, String hostName, UInt32 timeout) 位置 D:\TFS\SSV4.X\src_V4.3\reference\mysql-connector-net\mysql-connector-net-6.3.7-src\Source\MySql.Data\common\StreamCreator.cs:行号 61
在 MySql.Data.Common.StreamCreator.GetStream(UInt32 timeout) 位置 D:\TFS\SSV4.X\src_V4.3\reference\mysql-connector-net\mysql-connector-net-6.3.7-src\Source\MySql.Data\common\StreamCreator.cs:行号 105
在 MySql.Data.MySqlClient.NativeDriver.Open() 位置 D:\TFS\SSV4.X\src_V4.3\reference\mysql-connector-net\mysql-connector-net-6.3.7-src\Source\MySql.Data\NativeDriver.cs:行号 181
--TearDown
在 MySql.Data.MySqlClient.Tests.BaseTest.Teardown() 位置 D:\TFS\SSV4.X\src_V4.3\reference\mysql-connector-net\mysql-connector-net-6.3.7-src\Tests\MySql.Data.Tests\BaseTest.cs:行号 236
]]></stack-trace>
                                </failure>
                              </test-case>
                              <test-case name="MySql.Data.MySqlClient.Tests.CommandTestsPipe.CommandTests.TableWithOVer100Columns" executed="True" result="Error" success="False" time="5.023" asserts="1">
                                <failure>
                                  <message><![CDATA[SetUp : MySql.Data.MySqlClient.MySqlException : Unable to connect to any of the specified MySQL hosts.
  ----> System.ArgumentException : 无效的句柄。
参数名: handle
TearDown : NUnit.Framework.AssertionException :   Too many processes still running
  Expected: 0
  But was:  1
]]></message>
                                  <stack-trace><![CDATA[在 MySql.Data.MySqlClient.NativeDriver.Open() 位置 D:\TFS\SSV4.X\src_V4.3\reference\mysql-connector-net\mysql-connector-net-6.3.7-src\Source\MySql.Data\NativeDriver.cs:行号 269
在 MySql.Data.MySqlClient.Driver.Open() 位置 D:\TFS\SSV4.X\src_V4.3\reference\mysql-connector-net\mysql-connector-net-6.3.7-src\Source\MySql.Data\Driver.cs:行号 212
在 MySql.Data.MySqlClient.Driver.Create(MySqlConnectionStringBuilder settings) 位置 D:\TFS\SSV4.X\src_V4.3\reference\mysql-connector-net\mysql-connector-net-6.3.7-src\Source\MySql.Data\Driver.cs:行号 200
在 MySql.Data.MySqlClient.MySqlConnection.Open() 位置 D:\TFS\SSV4.X\src_V4.3\reference\mysql-connector-net\mysql-connector-net-6.3.7-src\Source\MySql.Data\Connection.cs:行号 514
在 MySql.Data.MySqlClient.Tests.BaseTest.Open() 位置 D:\TFS\SSV4.X\src_V4.3\reference\mysql-connector-net\mysql-connector-net-6.3.7-src\Tests\MySql.Data.Tests\BaseTest.cs:行号 174
在 MySql.Data.MySqlClient.Tests.BaseTest.Setup() 位置 D:\TFS\SSV4.X\src_V4.3\reference\mysql-connector-net\mysql-connector-net-6.3.7-src\Tests\MySql.Data.Tests\BaseTest.cs:行号 215
--ArgumentException
在 System.IO.FileStream..ctor(SafeFileHandle handle, FileAccess access, Int32 bufferSize, Boolean isAsync)
在 MySql.Data.Common.NamedPipeStream.Open(String path, FileAccess mode, UInt32 timeout) 位置 D:\TFS\SSV4.X\src_V4.3\reference\mysql-connector-net\mysql-connector-net-6.3.7-src\Source\MySql.Data\common\NamedPipeStream.cs:行号 94
在 MySql.Data.Common.NamedPipeStream..ctor(String path, FileAccess mode, UInt32 timeout) 位置 D:\TFS\SSV4.X\src_V4.3\reference\mysql-connector-net\mysql-connector-net-6.3.7-src\Source\MySql.Data\common\NamedPipeStream.cs:行号 51
在 MySql.Data.Common.NamedPipeStream.Create(String pipeName, String hostname, UInt32 timeout) 位置 D:\TFS\SSV4.X\src_V4.3\reference\mysql-connector-net\mysql-connector-net-6.3.7-src\Source\MySql.Data\common\NamedPipeStream.cs:行号 233
在 MySql.Data.Common.StreamCreator.GetStreamFromHost(String pipeName, String hostName, UInt32 timeout) 位置 D:\TFS\SSV4.X\src_V4.3\reference\mysql-connector-net\mysql-connector-net-6.3.7-src\Source\MySql.Data\common\StreamCreator.cs:行号 61
在 MySql.Data.Common.StreamCreator.GetStream(UInt32 timeout) 位置 D:\TFS\SSV4.X\src_V4.3\reference\mysql-connector-net\mysql-connector-net-6.3.7-src\Source\MySql.Data\common\StreamCreator.cs:行号 105
在 MySql.Data.MySqlClient.NativeDriver.Open() 位置 D:\TFS\SSV4.X\src_V4.3\reference\mysql-connector-net\mysql-connector-net-6.3.7-src\Source\MySql.Data\NativeDriver.cs:行号 181
--TearDown
在 MySql.Data.MySqlClient.Tests.BaseTest.Teardown() 位置 D:\TFS\SSV4.X\src_V4.3\reference\mysql-connector-net\mysql-connector-net-6.3.7-src\Tests\MySql.Data.Tests\BaseTest.cs:行号 236
]]></stack-trace>
                                </failure>
                              </test-case>
                              <test-case name="MySql.Data.MySqlClient.Tests.CommandTestsPipe.CommandTests.UpdateTest" executed="True" result="Error" success="False" time="5.022" asserts="1">
                                <failure>
                                  <message><![CDATA[SetUp : MySql.Data.MySqlClient.MySqlException : Unable to connect to any of the specified MySQL hosts.
  ----> System.ArgumentException : 无效的句柄。
参数名: handle
TearDown : NUnit.Framework.AssertionException :   Too many processes still running
  Expected: 0
  But was:  1
]]></message>
                                  <stack-trace><![CDATA[在 MySql.Data.MySqlClient.NativeDriver.Open() 位置 D:\TFS\SSV4.X\src_V4.3\reference\mysql-connector-net\mysql-connector-net-6.3.7-src\Source\MySql.Data\NativeDriver.cs:行号 269
在 MySql.Data.MySqlClient.Driver.Open() 位置 D:\TFS\SSV4.X\src_V4.3\reference\mysql-connector-net\mysql-connector-net-6.3.7-src\Source\MySql.Data\Driver.cs:行号 212
在 MySql.Data.MySqlClient.Driver.Create(MySqlConnectionStringBuilder settings) 位置 D:\TFS\SSV4.X\src_V4.3\reference\mysql-connector-net\mysql-connector-net-6.3.7-src\Source\MySql.Data\Driver.cs:行号 200
在 MySql.Data.MySqlClient.MySqlConnection.Open() 位置 D:\TFS\SSV4.X\src_V4.3\reference\mysql-connector-net\mysql-connector-net-6.3.7-src\Source\MySql.Data\Connection.cs:行号 514
在 MySql.Data.MySqlClient.Tests.BaseTest.Open() 位置 D:\TFS\SSV4.X\src_V4.3\reference\mysql-connector-net\mysql-connector-net-6.3.7-src\Tests\MySql.Data.Tests\BaseTest.cs:行号 174
在 MySql.Data.MySqlClient.Tests.BaseTest.Setup() 位置 D:\TFS\SSV4.X\src_V4.3\reference\mysql-connector-net\mysql-connector-net-6.3.7-src\Tests\MySql.Data.Tests\BaseTest.cs:行号 215
--ArgumentException
在 System.IO.FileStream..ctor(SafeFileHandle handle, FileAccess access, Int32 bufferSize, Boolean isAsync)
在 MySql.Data.Common.NamedPipeStream.Open(String path, FileAccess mode, UInt32 timeout) 位置 D:\TFS\SSV4.X\src_V4.3\reference\mysql-connector-net\mysql-connector-net-6.3.7-src\Source\MySql.Data\common\NamedPipeStream.cs:行号 94
在 MySql.Data.Common.NamedPipeStream..ctor(String path, FileAccess mode, UInt32 timeout) 位置 D:\TFS\SSV4.X\src_V4.3\reference\mysql-connector-net\mysql-connector-net-6.3.7-src\Source\MySql.Data\common\NamedPipeStream.cs:行号 51
在 MySql.Data.Common.NamedPipeStream.Create(String pipeName, String hostname, UInt32 timeout) 位置 D:\TFS\SSV4.X\src_V4.3\reference\mysql-connector-net\mysql-connector-net-6.3.7-src\Source\MySql.Data\common\NamedPipeStream.cs:行号 233
在 MySql.Data.Common.StreamCreator.GetStreamFromHost(String pipeName, String hostName, UInt32 timeout) 位置 D:\TFS\SSV4.X\src_V4.3\reference\mysql-connector-net\mysql-connector-net-6.3.7-src\Source\MySql.Data\common\StreamCreator.cs:行号 61
在 MySql.Data.Common.StreamCreator.GetStream(UInt32 timeout) 位置 D:\TFS\SSV4.X\src_V4.3\reference\mysql-connector-net\mysql-connector-net-6.3.7-src\Source\MySql.Data\common\StreamCreator.cs:行号 105
在 MySql.Data.MySqlClient.NativeDriver.Open() 位置 D:\TFS\SSV4.X\src_V4.3\reference\mysql-connector-net\mysql-connector-net-6.3.7-src\Source\MySql.Data\NativeDriver.cs:行号 181
--TearDown
在 MySql.Data.MySqlClient.Tests.BaseTest.Teardown() 位置 D:\TFS\SSV4.X\src_V4.3\reference\mysql-connector-net\mysql-connector-net-6.3.7-src\Tests\MySql.Data.Tests\BaseTest.cs:行号 236
]]></stack-trace>
                                </failure>
                              </test-case>
                              <test-case name="MySql.Data.MySqlClient.Tests.CommandTestsPipe.CommandTests.UseAffectedRows" executed="True" result="Error" success="False" time="5.025" asserts="1">
                                <failure>
                                  <message><![CDATA[SetUp : MySql.Data.MySqlClient.MySqlException : Unable to connect to any of the specified MySQL hosts.
  ----> System.ArgumentException : 无效的句柄。
参数名: handle
TearDown : NUnit.Framework.AssertionException :   Too many processes still running
  Expected: 0
  But was:  1
]]></message>
                                  <stack-trace><![CDATA[在 MySql.Data.MySqlClient.NativeDriver.Open() 位置 D:\TFS\SSV4.X\src_V4.3\reference\mysql-connector-net\mysql-connector-net-6.3.7-src\Source\MySql.Data\NativeDriver.cs:行号 269
在 MySql.Data.MySqlClient.Driver.Open() 位置 D:\TFS\SSV4.X\src_V4.3\reference\mysql-connector-net\mysql-connector-net-6.3.7-src\Source\MySql.Data\Driver.cs:行号 212
在 MySql.Data.MySqlClient.Driver.Create(MySqlConnectionStringBuilder settings) 位置 D:\TFS\SSV4.X\src_V4.3\reference\mysql-connector-net\mysql-connector-net-6.3.7-src\Source\MySql.Data\Driver.cs:行号 200
在 MySql.Data.MySqlClient.MySqlConnection.Open() 位置 D:\TFS\SSV4.X\src_V4.3\reference\mysql-connector-net\mysql-connector-net-6.3.7-src\Source\MySql.Data\Connection.cs:行号 514
在 MySql.Data.MySqlClient.Tests.BaseTest.Open() 位置 D:\TFS\SSV4.X\src_V4.3\reference\mysql-connector-net\mysql-connector-net-6.3.7-src\Tests\MySql.Data.Tests\BaseTest.cs:行号 174
在 MySql.Data.MySqlClient.Tests.BaseTest.Setup() 位置 D:\TFS\SSV4.X\src_V4.3\reference\mysql-connector-net\mysql-connector-net-6.3.7-src\Tests\MySql.Data.Tests\BaseTest.cs:行号 215
--ArgumentException
在 System.IO.FileStream..ctor(SafeFileHandle handle, FileAccess access, Int32 bufferSize, Boolean isAsync)
在 MySql.Data.Common.NamedPipeStream.Open(String path, FileAccess mode, UInt32 timeout) 位置 D:\TFS\SSV4.X\src_V4.3\reference\mysql-connector-net\mysql-connector-net-6.3.7-src\Source\MySql.Data\common\NamedPipeStream.cs:行号 94
在 MySql.Data.Common.NamedPipeStream..ctor(String path, FileAccess mode, UInt32 timeout) 位置 D:\TFS\SSV4.X\src_V4.3\reference\mysql-connector-net\mysql-connector-net-6.3.7-src\Source\MySql.Data\common\NamedPipeStream.cs:行号 51
在 MySql.Data.Common.NamedPipeStream.Create(String pipeName, String hostname, UInt32 timeout) 位置 D:\TFS\SSV4.X\src_V4.3\reference\mysql-connector-net\mysql-connector-net-6.3.7-src\Source\MySql.Data\common\NamedPipeStream.cs:行号 233
在 MySql.Data.Common.StreamCreator.GetStreamFromHost(String pipeName, String hostName, UInt32 timeout) 位置 D:\TFS\SSV4.X\src_V4.3\reference\mysql-connector-net\mysql-connector-net-6.3.7-src\Source\MySql.Data\common\StreamCreator.cs:行号 61
在 MySql.Data.Common.StreamCreator.GetStream(UInt32 timeout) 位置 D:\TFS\SSV4.X\src_V4.3\reference\mysql-connector-net\mysql-connector-net-6.3.7-src\Source\MySql.Data\common\StreamCreator.cs:行号 105
在 MySql.Data.MySqlClient.NativeDriver.Open() 位置 D:\TFS\SSV4.X\src_V4.3\reference\mysql-connector-net\mysql-connector-net-6.3.7-src\Source\MySql.Data\NativeDriver.cs:行号 181
--TearDown
在 MySql.Data.MySqlClient.Tests.BaseTest.Teardown() 位置 D:\TFS\SSV4.X\src_V4.3\reference\mysql-connector-net\mysql-connector-net-6.3.7-src\Tests\MySql.Data.Tests\BaseTest.cs:行号 236
]]></stack-trace>
                                </failure>
                              </test-case>
                            </results>
                          </test-suite>
                          <test-suite type="TestFixture" name="CommandTestsPipeCompressed" executed="True" result="Failure" success="False" time="110.574" asserts="0">
                            <categories>
                              <category name="Pipe" />
                              <category name="Compressed" />
                            </categories>
                            <results>
                              <test-case name="MySql.Data.MySqlClient.Tests.CommandTestsPipeCompressed.CommandTests.BatchUpdatesAndDeletes" executed="True" result="Error" success="False" time="5.021" asserts="1">
                                <failure>
                                  <message><![CDATA[SetUp : MySql.Data.MySqlClient.MySqlException : Unable to connect to any of the specified MySQL hosts.
  ----> System.ArgumentException : 无效的句柄。
参数名: handle
TearDown : NUnit.Framework.AssertionException :   Too many processes still running
  Expected: 0
  But was:  1
]]></message>
                                  <stack-trace><![CDATA[在 MySql.Data.MySqlClient.NativeDriver.Open() 位置 D:\TFS\SSV4.X\src_V4.3\reference\mysql-connector-net\mysql-connector-net-6.3.7-src\Source\MySql.Data\NativeDriver.cs:行号 269
在 MySql.Data.MySqlClient.Driver.Open() 位置 D:\TFS\SSV4.X\src_V4.3\reference\mysql-connector-net\mysql-connector-net-6.3.7-src\Source\MySql.Data\Driver.cs:行号 212
在 MySql.Data.MySqlClient.Driver.Create(MySqlConnectionStringBuilder settings) 位置 D:\TFS\SSV4.X\src_V4.3\reference\mysql-connector-net\mysql-connector-net-6.3.7-src\Source\MySql.Data\Driver.cs:行号 200
在 MySql.Data.MySqlClient.MySqlConnection.Open() 位置 D:\TFS\SSV4.X\src_V4.3\reference\mysql-connector-net\mysql-connector-net-6.3.7-src\Source\MySql.Data\Connection.cs:行号 514
在 MySql.Data.MySqlClient.Tests.BaseTest.Open() 位置 D:\TFS\SSV4.X\src_V4.3\reference\mysql-connector-net\mysql-connector-net-6.3.7-src\Tests\MySql.Data.Tests\BaseTest.cs:行号 174
在 MySql.Data.MySqlClient.Tests.BaseTest.Setup() 位置 D:\TFS\SSV4.X\src_V4.3\reference\mysql-connector-net\mysql-connector-net-6.3.7-src\Tests\MySql.Data.Tests\BaseTest.cs:行号 215
--ArgumentException
在 System.IO.FileStream..ctor(SafeFileHandle handle, FileAccess access, Int32 bufferSize, Boolean isAsync)
在 MySql.Data.Common.NamedPipeStream.Open(String path, FileAccess mode, UInt32 timeout) 位置 D:\TFS\SSV4.X\src_V4.3\reference\mysql-connector-net\mysql-connector-net-6.3.7-src\Source\MySql.Data\common\NamedPipeStream.cs:行号 94
在 MySql.Data.Common.NamedPipeStream..ctor(String path, FileAccess mode, UInt32 timeout) 位置 D:\TFS\SSV4.X\src_V4.3\reference\mysql-connector-net\mysql-connector-net-6.3.7-src\Source\MySql.Data\common\NamedPipeStream.cs:行号 51
在 MySql.Data.Common.NamedPipeStream.Create(String pipeName, String hostname, UInt32 timeout) 位置 D:\TFS\SSV4.X\src_V4.3\reference\mysql-connector-net\mysql-connector-net-6.3.7-src\Source\MySql.Data\common\NamedPipeStream.cs:行号 233
在 MySql.Data.Common.StreamCreator.GetStreamFromHost(String pipeName, String hostName, UInt32 timeout) 位置 D:\TFS\SSV4.X\src_V4.3\reference\mysql-connector-net\mysql-connector-net-6.3.7-src\Source\MySql.Data\common\StreamCreator.cs:行号 61
在 MySql.Data.Common.StreamCreator.GetStream(UInt32 timeout) 位置 D:\TFS\SSV4.X\src_V4.3\reference\mysql-connector-net\mysql-connector-net-6.3.7-src\Source\MySql.Data\common\StreamCreator.cs:行号 105
在 MySql.Data.MySqlClient.NativeDriver.Open() 位置 D:\TFS\SSV4.X\src_V4.3\reference\mysql-connector-net\mysql-connector-net-6.3.7-src\Source\MySql.Data\NativeDriver.cs:行号 181
--TearDown
在 MySql.Data.MySqlClient.Tests.BaseTest.Teardown() 位置 D:\TFS\SSV4.X\src_V4.3\reference\mysql-connector-net\mysql-connector-net-6.3.7-src\Tests\MySql.Data.Tests\BaseTest.cs:行号 236
]]></stack-trace>
                                </failure>
                              </test-case>
                              <test-case name="MySql.Data.MySqlClient.Tests.CommandTestsPipeCompressed.CommandTests.CloneCommand" executed="True" result="Error" success="False" time="5.022" asserts="1">
                                <failure>
                                  <message><![CDATA[SetUp : MySql.Data.MySqlClient.MySqlException : Unable to connect to any of the specified MySQL hosts.
  ----> System.ArgumentException : 无效的句柄。
参数名: handle
TearDown : NUnit.Framework.AssertionException :   Too many processes still running
  Expected: 0
  But was:  1
]]></message>
                                  <stack-trace><![CDATA[在 MySql.Data.MySqlClient.NativeDriver.Open() 位置 D:\TFS\SSV4.X\src_V4.3\reference\mysql-connector-net\mysql-connector-net-6.3.7-src\Source\MySql.Data\NativeDriver.cs:行号 269
在 MySql.Data.MySqlClient.Driver.Open() 位置 D:\TFS\SSV4.X\src_V4.3\reference\mysql-connector-net\mysql-connector-net-6.3.7-src\Source\MySql.Data\Driver.cs:行号 212
在 MySql.Data.MySqlClient.Driver.Create(MySqlConnectionStringBuilder settings) 位置 D:\TFS\SSV4.X\src_V4.3\reference\mysql-connector-net\mysql-connector-net-6.3.7-src\Source\MySql.Data\Driver.cs:行号 200
在 MySql.Data.MySqlClient.MySqlConnection.Open() 位置 D:\TFS\SSV4.X\src_V4.3\reference\mysql-connector-net\mysql-connector-net-6.3.7-src\Source\MySql.Data\Connection.cs:行号 514
在 MySql.Data.MySqlClient.Tests.BaseTest.Open() 位置 D:\TFS\SSV4.X\src_V4.3\reference\mysql-connector-net\mysql-connector-net-6.3.7-src\Tests\MySql.Data.Tests\BaseTest.cs:行号 174
在 MySql.Data.MySqlClient.Tests.BaseTest.Setup() 位置 D:\TFS\SSV4.X\src_V4.3\reference\mysql-connector-net\mysql-connector-net-6.3.7-src\Tests\MySql.Data.Tests\BaseTest.cs:行号 215
--ArgumentException
在 System.IO.FileStream..ctor(SafeFileHandle handle, FileAccess access, Int32 bufferSize, Boolean isAsync)
在 MySql.Data.Common.NamedPipeStream.Open(String path, FileAccess mode, UInt32 timeout) 位置 D:\TFS\SSV4.X\src_V4.3\reference\mysql-connector-net\mysql-connector-net-6.3.7-src\Source\MySql.Data\common\NamedPipeStream.cs:行号 94
在 MySql.Data.Common.NamedPipeStream..ctor(String path, FileAccess mode, UInt32 timeout) 位置 D:\TFS\SSV4.X\src_V4.3\reference\mysql-connector-net\mysql-connector-net-6.3.7-src\Source\MySql.Data\common\NamedPipeStream.cs:行号 51
在 MySql.Data.Common.NamedPipeStream.Create(String pipeName, String hostname, UInt32 timeout) 位置 D:\TFS\SSV4.X\src_V4.3\reference\mysql-connector-net\mysql-connector-net-6.3.7-src\Source\MySql.Data\common\NamedPipeStream.cs:行号 233
在 MySql.Data.Common.StreamCreator.GetStreamFromHost(String pipeName, String hostName, UInt32 timeout) 位置 D:\TFS\SSV4.X\src_V4.3\reference\mysql-connector-net\mysql-connector-net-6.3.7-src\Source\MySql.Data\common\StreamCreator.cs:行号 61
在 MySql.Data.Common.StreamCreator.GetStream(UInt32 timeout) 位置 D:\TFS\SSV4.X\src_V4.3\reference\mysql-connector-net\mysql-connector-net-6.3.7-src\Source\MySql.Data\common\StreamCreator.cs:行号 105
在 MySql.Data.MySqlClient.NativeDriver.Open() 位置 D:\TFS\SSV4.X\src_V4.3\reference\mysql-connector-net\mysql-connector-net-6.3.7-src\Source\MySql.Data\NativeDriver.cs:行号 181
--TearDown
在 MySql.Data.MySqlClient.Tests.BaseTest.Teardown() 位置 D:\TFS\SSV4.X\src_V4.3\reference\mysql-connector-net\mysql-connector-net-6.3.7-src\Tests\MySql.Data.Tests\BaseTest.cs:行号 236
]]></stack-trace>
                                </failure>
                              </test-case>
                              <test-case name="MySql.Data.MySqlClient.Tests.CommandTestsPipeCompressed.CommandTests.CloseReaderAfterFailedConvert" executed="True" result="Error" success="False" time="5.020" asserts="1">
                                <failure>
                                  <message><![CDATA[SetUp : MySql.Data.MySqlClient.MySqlException : Unable to connect to any of the specified MySQL hosts.
  ----> System.ArgumentException : 无效的句柄。
参数名: handle
TearDown : NUnit.Framework.AssertionException :   Too many processes still running
  Expected: 0
  But was:  1
]]></message>
                                  <stack-trace><![CDATA[在 MySql.Data.MySqlClient.NativeDriver.Open() 位置 D:\TFS\SSV4.X\src_V4.3\reference\mysql-connector-net\mysql-connector-net-6.3.7-src\Source\MySql.Data\NativeDriver.cs:行号 269
在 MySql.Data.MySqlClient.Driver.Open() 位置 D:\TFS\SSV4.X\src_V4.3\reference\mysql-connector-net\mysql-connector-net-6.3.7-src\Source\MySql.Data\Driver.cs:行号 212
在 MySql.Data.MySqlClient.Driver.Create(MySqlConnectionStringBuilder settings) 位置 D:\TFS\SSV4.X\src_V4.3\reference\mysql-connector-net\mysql-connector-net-6.3.7-src\Source\MySql.Data\Driver.cs:行号 200
在 MySql.Data.MySqlClient.MySqlConnection.Open() 位置 D:\TFS\SSV4.X\src_V4.3\reference\mysql-connector-net\mysql-connector-net-6.3.7-src\Source\MySql.Data\Connection.cs:行号 514
在 MySql.Data.MySqlClient.Tests.BaseTest.Open() 位置 D:\TFS\SSV4.X\src_V4.3\reference\mysql-connector-net\mysql-connector-net-6.3.7-src\Tests\MySql.Data.Tests\BaseTest.cs:行号 174
在 MySql.Data.MySqlClient.Tests.BaseTest.Setup() 位置 D:\TFS\SSV4.X\src_V4.3\reference\mysql-connector-net\mysql-connector-net-6.3.7-src\Tests\MySql.Data.Tests\BaseTest.cs:行号 215
--ArgumentException
在 System.IO.FileStream..ctor(SafeFileHandle handle, FileAccess access, Int32 bufferSize, Boolean isAsync)
在 MySql.Data.Common.NamedPipeStream.Open(String path, FileAccess mode, UInt32 timeout) 位置 D:\TFS\SSV4.X\src_V4.3\reference\mysql-connector-net\mysql-connector-net-6.3.7-src\Source\MySql.Data\common\NamedPipeStream.cs:行号 94
在 MySql.Data.Common.NamedPipeStream..ctor(String path, FileAccess mode, UInt32 timeout) 位置 D:\TFS\SSV4.X\src_V4.3\reference\mysql-connector-net\mysql-connector-net-6.3.7-src\Source\MySql.Data\common\NamedPipeStream.cs:行号 51
在 MySql.Data.Common.NamedPipeStream.Create(String pipeName, String hostname, UInt32 timeout) 位置 D:\TFS\SSV4.X\src_V4.3\reference\mysql-connector-net\mysql-connector-net-6.3.7-src\Source\MySql.Data\common\NamedPipeStream.cs:行号 233
在 MySql.Data.Common.StreamCreator.GetStreamFromHost(String pipeName, String hostName, UInt32 timeout) 位置 D:\TFS\SSV4.X\src_V4.3\reference\mysql-connector-net\mysql-connector-net-6.3.7-src\Source\MySql.Data\common\StreamCreator.cs:行号 61
在 MySql.Data.Common.StreamCreator.GetStream(UInt32 timeout) 位置 D:\TFS\SSV4.X\src_V4.3\reference\mysql-connector-net\mysql-connector-net-6.3.7-src\Source\MySql.Data\common\StreamCreator.cs:行号 105
在 MySql.Data.MySqlClient.NativeDriver.Open() 位置 D:\TFS\SSV4.X\src_V4.3\reference\mysql-connector-net\mysql-connector-net-6.3.7-src\Source\MySql.Data\NativeDriver.cs:行号 181
--TearDown
在 MySql.Data.MySqlClient.Tests.BaseTest.Teardown() 位置 D:\TFS\SSV4.X\src_V4.3\reference\mysql-connector-net\mysql-connector-net-6.3.7-src\Tests\MySql.Data.Tests\BaseTest.cs:行号 236
]]></stack-trace>
                                </failure>
                              </test-case>
                              <test-case name="MySql.Data.MySqlClient.Tests.CommandTestsPipeCompressed.CommandTests.CtorTest" executed="True" result="Error" success="False" time="5.033" asserts="1">
                                <failure>
                                  <message><![CDATA[SetUp : MySql.Data.MySqlClient.MySqlException : Unable to connect to any of the specified MySQL hosts.
  ----> System.ArgumentException : 无效的句柄。
参数名: handle
TearDown : NUnit.Framework.AssertionException :   Too many processes still running
  Expected: 0
  But was:  1
]]></message>
                                  <stack-trace><![CDATA[在 MySql.Data.MySqlClient.NativeDriver.Open() 位置 D:\TFS\SSV4.X\src_V4.3\reference\mysql-connector-net\mysql-connector-net-6.3.7-src\Source\MySql.Data\NativeDriver.cs:行号 269
在 MySql.Data.MySqlClient.Driver.Open() 位置 D:\TFS\SSV4.X\src_V4.3\reference\mysql-connector-net\mysql-connector-net-6.3.7-src\Source\MySql.Data\Driver.cs:行号 212
在 MySql.Data.MySqlClient.Driver.Create(MySqlConnectionStringBuilder settings) 位置 D:\TFS\SSV4.X\src_V4.3\reference\mysql-connector-net\mysql-connector-net-6.3.7-src\Source\MySql.Data\Driver.cs:行号 200
在 MySql.Data.MySqlClient.MySqlConnection.Open() 位置 D:\TFS\SSV4.X\src_V4.3\reference\mysql-connector-net\mysql-connector-net-6.3.7-src\Source\MySql.Data\Connection.cs:行号 514
在 MySql.Data.MySqlClient.Tests.BaseTest.Open() 位置 D:\TFS\SSV4.X\src_V4.3\reference\mysql-connector-net\mysql-connector-net-6.3.7-src\Tests\MySql.Data.Tests\BaseTest.cs:行号 174
在 MySql.Data.MySqlClient.Tests.BaseTest.Setup() 位置 D:\TFS\SSV4.X\src_V4.3\reference\mysql-connector-net\mysql-connector-net-6.3.7-src\Tests\MySql.Data.Tests\BaseTest.cs:行号 215
--ArgumentException
在 System.IO.FileStream..ctor(SafeFileHandle handle, FileAccess access, Int32 bufferSize, Boolean isAsync)
在 MySql.Data.Common.NamedPipeStream.Open(String path, FileAccess mode, UInt32 timeout) 位置 D:\TFS\SSV4.X\src_V4.3\reference\mysql-connector-net\mysql-connector-net-6.3.7-src\Source\MySql.Data\common\NamedPipeStream.cs:行号 94
在 MySql.Data.Common.NamedPipeStream..ctor(String path, FileAccess mode, UInt32 timeout) 位置 D:\TFS\SSV4.X\src_V4.3\reference\mysql-connector-net\mysql-connector-net-6.3.7-src\Source\MySql.Data\common\NamedPipeStream.cs:行号 51
在 MySql.Data.Common.NamedPipeStream.Create(String pipeName, String hostname, UInt32 timeout) 位置 D:\TFS\SSV4.X\src_V4.3\reference\mysql-connector-net\mysql-connector-net-6.3.7-src\Source\MySql.Data\common\NamedPipeStream.cs:行号 233
在 MySql.Data.Common.StreamCreator.GetStreamFromHost(String pipeName, String hostName, UInt32 timeout) 位置 D:\TFS\SSV4.X\src_V4.3\reference\mysql-connector-net\mysql-connector-net-6.3.7-src\Source\MySql.Data\common\StreamCreator.cs:行号 61
在 MySql.Data.Common.StreamCreator.GetStream(UInt32 timeout) 位置 D:\TFS\SSV4.X\src_V4.3\reference\mysql-connector-net\mysql-connector-net-6.3.7-src\Source\MySql.Data\common\StreamCreator.cs:行号 105
在 MySql.Data.MySqlClient.NativeDriver.Open() 位置 D:\TFS\SSV4.X\src_V4.3\reference\mysql-connector-net\mysql-connector-net-6.3.7-src\Source\MySql.Data\NativeDriver.cs:行号 181
--TearDown
在 MySql.Data.MySqlClient.Tests.BaseTest.Teardown() 位置 D:\TFS\SSV4.X\src_V4.3\reference\mysql-connector-net\mysql-connector-net-6.3.7-src\Tests\MySql.Data.Tests\BaseTest.cs:行号 236
]]></stack-trace>
                                </failure>
                              </test-case>
                              <test-case name="MySql.Data.MySqlClient.Tests.CommandTestsPipeCompressed.CommandTests.DefaultCommandTimeout" executed="True" result="Error" success="False" time="5.020" asserts="1">
                                <failure>
                                  <message><![CDATA[SetUp : MySql.Data.MySqlClient.MySqlException : Unable to connect to any of the specified MySQL hosts.
  ----> System.ArgumentException : 无效的句柄。
参数名: handle
TearDown : NUnit.Framework.AssertionException :   Too many processes still running
  Expected: 0
  But was:  1
]]></message>
                                  <stack-trace><![CDATA[在 MySql.Data.MySqlClient.NativeDriver.Open() 位置 D:\TFS\SSV4.X\src_V4.3\reference\mysql-connector-net\mysql-connector-net-6.3.7-src\Source\MySql.Data\NativeDriver.cs:行号 269
在 MySql.Data.MySqlClient.Driver.Open() 位置 D:\TFS\SSV4.X\src_V4.3\reference\mysql-connector-net\mysql-connector-net-6.3.7-src\Source\MySql.Data\Driver.cs:行号 212
在 MySql.Data.MySqlClient.Driver.Create(MySqlConnectionStringBuilder settings) 位置 D:\TFS\SSV4.X\src_V4.3\reference\mysql-connector-net\mysql-connector-net-6.3.7-src\Source\MySql.Data\Driver.cs:行号 200
在 MySql.Data.MySqlClient.MySqlConnection.Open() 位置 D:\TFS\SSV4.X\src_V4.3\reference\mysql-connector-net\mysql-connector-net-6.3.7-src\Source\MySql.Data\Connection.cs:行号 514
在 MySql.Data.MySqlClient.Tests.BaseTest.Open() 位置 D:\TFS\SSV4.X\src_V4.3\reference\mysql-connector-net\mysql-connector-net-6.3.7-src\Tests\MySql.Data.Tests\BaseTest.cs:行号 174
在 MySql.Data.MySqlClient.Tests.BaseTest.Setup() 位置 D:\TFS\SSV4.X\src_V4.3\reference\mysql-connector-net\mysql-connector-net-6.3.7-src\Tests\MySql.Data.Tests\BaseTest.cs:行号 215
--ArgumentException
在 System.IO.FileStream..ctor(SafeFileHandle handle, FileAccess access, Int32 bufferSize, Boolean isAsync)
在 MySql.Data.Common.NamedPipeStream.Open(String path, FileAccess mode, UInt32 timeout) 位置 D:\TFS\SSV4.X\src_V4.3\reference\mysql-connector-net\mysql-connector-net-6.3.7-src\Source\MySql.Data\common\NamedPipeStream.cs:行号 94
在 MySql.Data.Common.NamedPipeStream..ctor(String path, FileAccess mode, UInt32 timeout) 位置 D:\TFS\SSV4.X\src_V4.3\reference\mysql-connector-net\mysql-connector-net-6.3.7-src\Source\MySql.Data\common\NamedPipeStream.cs:行号 51
在 MySql.Data.Common.NamedPipeStream.Create(String pipeName, String hostname, UInt32 timeout) 位置 D:\TFS\SSV4.X\src_V4.3\reference\mysql-connector-net\mysql-connector-net-6.3.7-src\Source\MySql.Data\common\NamedPipeStream.cs:行号 233
在 MySql.Data.Common.StreamCreator.GetStreamFromHost(String pipeName, String hostName, UInt32 timeout) 位置 D:\TFS\SSV4.X\src_V4.3\reference\mysql-connector-net\mysql-connector-net-6.3.7-src\Source\MySql.Data\common\StreamCreator.cs:行号 61
在 MySql.Data.Common.StreamCreator.GetStream(UInt32 timeout) 位置 D:\TFS\SSV4.X\src_V4.3\reference\mysql-connector-net\mysql-connector-net-6.3.7-src\Source\MySql.Data\common\StreamCreator.cs:行号 105
在 MySql.Data.MySqlClient.NativeDriver.Open() 位置 D:\TFS\SSV4.X\src_V4.3\reference\mysql-connector-net\mysql-connector-net-6.3.7-src\Source\MySql.Data\NativeDriver.cs:行号 181
--TearDown
在 MySql.Data.MySqlClient.Tests.BaseTest.Teardown() 位置 D:\TFS\SSV4.X\src_V4.3\reference\mysql-connector-net\mysql-connector-net-6.3.7-src\Tests\MySql.Data.Tests\BaseTest.cs:行号 236
]]></stack-trace>
                                </failure>
                              </test-case>
                              <test-case name="MySql.Data.MySqlClient.Tests.CommandTestsPipeCompressed.CommandTests.DeleteTest" executed="True" result="Error" success="False" time="5.019" asserts="1">
                                <failure>
                                  <message><![CDATA[SetUp : MySql.Data.MySqlClient.MySqlException : Unable to connect to any of the specified MySQL hosts.
  ----> System.ArgumentException : 无效的句柄。
参数名: handle
TearDown : NUnit.Framework.AssertionException :   Too many processes still running
  Expected: 0
  But was:  1
]]></message>
                                  <stack-trace><![CDATA[在 MySql.Data.MySqlClient.NativeDriver.Open() 位置 D:\TFS\SSV4.X\src_V4.3\reference\mysql-connector-net\mysql-connector-net-6.3.7-src\Source\MySql.Data\NativeDriver.cs:行号 269
在 MySql.Data.MySqlClient.Driver.Open() 位置 D:\TFS\SSV4.X\src_V4.3\reference\mysql-connector-net\mysql-connector-net-6.3.7-src\Source\MySql.Data\Driver.cs:行号 212
在 MySql.Data.MySqlClient.Driver.Create(MySqlConnectionStringBuilder settings) 位置 D:\TFS\SSV4.X\src_V4.3\reference\mysql-connector-net\mysql-connector-net-6.3.7-src\Source\MySql.Data\Driver.cs:行号 200
在 MySql.Data.MySqlClient.MySqlConnection.Open() 位置 D:\TFS\SSV4.X\src_V4.3\reference\mysql-connector-net\mysql-connector-net-6.3.7-src\Source\MySql.Data\Connection.cs:行号 514
在 MySql.Data.MySqlClient.Tests.BaseTest.Open() 位置 D:\TFS\SSV4.X\src_V4.3\reference\mysql-connector-net\mysql-connector-net-6.3.7-src\Tests\MySql.Data.Tests\BaseTest.cs:行号 174
在 MySql.Data.MySqlClient.Tests.BaseTest.Setup() 位置 D:\TFS\SSV4.X\src_V4.3\reference\mysql-connector-net\mysql-connector-net-6.3.7-src\Tests\MySql.Data.Tests\BaseTest.cs:行号 215
--ArgumentException
在 System.IO.FileStream..ctor(SafeFileHandle handle, FileAccess access, Int32 bufferSize, Boolean isAsync)
在 MySql.Data.Common.NamedPipeStream.Open(String path, FileAccess mode, UInt32 timeout) 位置 D:\TFS\SSV4.X\src_V4.3\reference\mysql-connector-net\mysql-connector-net-6.3.7-src\Source\MySql.Data\common\NamedPipeStream.cs:行号 94
在 MySql.Data.Common.NamedPipeStream..ctor(String path, FileAccess mode, UInt32 timeout) 位置 D:\TFS\SSV4.X\src_V4.3\reference\mysql-connector-net\mysql-connector-net-6.3.7-src\Source\MySql.Data\common\NamedPipeStream.cs:行号 51
在 MySql.Data.Common.NamedPipeStream.Create(String pipeName, String hostname, UInt32 timeout) 位置 D:\TFS\SSV4.X\src_V4.3\reference\mysql-connector-net\mysql-connector-net-6.3.7-src\Source\MySql.Data\common\NamedPipeStream.cs:行号 233
在 MySql.Data.Common.StreamCreator.GetStreamFromHost(String pipeName, String hostName, UInt32 timeout) 位置 D:\TFS\SSV4.X\src_V4.3\reference\mysql-connector-net\mysql-connector-net-6.3.7-src\Source\MySql.Data\common\StreamCreator.cs:行号 61
在 MySql.Data.Common.StreamCreator.GetStream(UInt32 timeout) 位置 D:\TFS\SSV4.X\src_V4.3\reference\mysql-connector-net\mysql-connector-net-6.3.7-src\Source\MySql.Data\common\StreamCreator.cs:行号 105
在 MySql.Data.MySqlClient.NativeDriver.Open() 位置 D:\TFS\SSV4.X\src_V4.3\reference\mysql-connector-net\mysql-connector-net-6.3.7-src\Source\MySql.Data\NativeDriver.cs:行号 181
--TearDown
在 MySql.Data.MySqlClient.Tests.BaseTest.Teardown() 位置 D:\TFS\SSV4.X\src_V4.3\reference\mysql-connector-net\mysql-connector-net-6.3.7-src\Tests\MySql.Data.Tests\BaseTest.cs:行号 236
]]></stack-trace>
                                </failure>
                              </test-case>
                              <test-case name="MySql.Data.MySqlClient.Tests.CommandTestsPipeCompressed.CommandTests.DontAllowBatching" executed="True" result="Error" success="False" time="5.019" asserts="1">
                                <failure>
                                  <message><![CDATA[SetUp : MySql.Data.MySqlClient.MySqlException : Unable to connect to any of the specified MySQL hosts.
  ----> System.ArgumentException : 无效的句柄。
参数名: handle
TearDown : NUnit.Framework.AssertionException :   Too many processes still running
  Expected: 0
  But was:  1
]]></message>
                                  <stack-trace><![CDATA[在 MySql.Data.MySqlClient.NativeDriver.Open() 位置 D:\TFS\SSV4.X\src_V4.3\reference\mysql-connector-net\mysql-connector-net-6.3.7-src\Source\MySql.Data\NativeDriver.cs:行号 269
在 MySql.Data.MySqlClient.Driver.Open() 位置 D:\TFS\SSV4.X\src_V4.3\reference\mysql-connector-net\mysql-connector-net-6.3.7-src\Source\MySql.Data\Driver.cs:行号 212
在 MySql.Data.MySqlClient.Driver.Create(MySqlConnectionStringBuilder settings) 位置 D:\TFS\SSV4.X\src_V4.3\reference\mysql-connector-net\mysql-connector-net-6.3.7-src\Source\MySql.Data\Driver.cs:行号 200
在 MySql.Data.MySqlClient.MySqlConnection.Open() 位置 D:\TFS\SSV4.X\src_V4.3\reference\mysql-connector-net\mysql-connector-net-6.3.7-src\Source\MySql.Data\Connection.cs:行号 514
在 MySql.Data.MySqlClient.Tests.BaseTest.Open() 位置 D:\TFS\SSV4.X\src_V4.3\reference\mysql-connector-net\mysql-connector-net-6.3.7-src\Tests\MySql.Data.Tests\BaseTest.cs:行号 174
在 MySql.Data.MySqlClient.Tests.BaseTest.Setup() 位置 D:\TFS\SSV4.X\src_V4.3\reference\mysql-connector-net\mysql-connector-net-6.3.7-src\Tests\MySql.Data.Tests\BaseTest.cs:行号 215
--ArgumentException
在 System.IO.FileStream..ctor(SafeFileHandle handle, FileAccess access, Int32 bufferSize, Boolean isAsync)
在 MySql.Data.Common.NamedPipeStream.Open(String path, FileAccess mode, UInt32 timeout) 位置 D:\TFS\SSV4.X\src_V4.3\reference\mysql-connector-net\mysql-connector-net-6.3.7-src\Source\MySql.Data\common\NamedPipeStream.cs:行号 94
在 MySql.Data.Common.NamedPipeStream..ctor(String path, FileAccess mode, UInt32 timeout) 位置 D:\TFS\SSV4.X\src_V4.3\reference\mysql-connector-net\mysql-connector-net-6.3.7-src\Source\MySql.Data\common\NamedPipeStream.cs:行号 51
在 MySql.Data.Common.NamedPipeStream.Create(String pipeName, String hostname, UInt32 timeout) 位置 D:\TFS\SSV4.X\src_V4.3\reference\mysql-connector-net\mysql-connector-net-6.3.7-src\Source\MySql.Data\common\NamedPipeStream.cs:行号 233
在 MySql.Data.Common.StreamCreator.GetStreamFromHost(String pipeName, String hostName, UInt32 timeout) 位置 D:\TFS\SSV4.X\src_V4.3\reference\mysql-connector-net\mysql-connector-net-6.3.7-src\Source\MySql.Data\common\StreamCreator.cs:行号 61
在 MySql.Data.Common.StreamCreator.GetStream(UInt32 timeout) 位置 D:\TFS\SSV4.X\src_V4.3\reference\mysql-connector-net\mysql-connector-net-6.3.7-src\Source\MySql.Data\common\StreamCreator.cs:行号 105
在 MySql.Data.MySqlClient.NativeDriver.Open() 位置 D:\TFS\SSV4.X\src_V4.3\reference\mysql-connector-net\mysql-connector-net-6.3.7-src\Source\MySql.Data\NativeDriver.cs:行号 181
--TearDown
在 MySql.Data.MySqlClient.Tests.BaseTest.Teardown() 位置 D:\TFS\SSV4.X\src_V4.3\reference\mysql-connector-net\mysql-connector-net-6.3.7-src\Tests\MySql.Data.Tests\BaseTest.cs:行号 236
]]></stack-trace>
                                </failure>
                              </test-case>
                              <test-case name="MySql.Data.MySqlClient.Tests.CommandTestsPipeCompressed.CommandTests.EmptyOrJustSemiCommand" executed="True" result="Error" success="False" time="5.020" asserts="1">
                                <failure>
                                  <message><![CDATA[SetUp : MySql.Data.MySqlClient.MySqlException : Unable to connect to any of the specified MySQL hosts.
  ----> System.ArgumentException : 无效的句柄。
参数名: handle
TearDown : NUnit.Framework.AssertionException :   Too many processes still running
  Expected: 0
  But was:  1
]]></message>
                                  <stack-trace><![CDATA[在 MySql.Data.MySqlClient.NativeDriver.Open() 位置 D:\TFS\SSV4.X\src_V4.3\reference\mysql-connector-net\mysql-connector-net-6.3.7-src\Source\MySql.Data\NativeDriver.cs:行号 269
在 MySql.Data.MySqlClient.Driver.Open() 位置 D:\TFS\SSV4.X\src_V4.3\reference\mysql-connector-net\mysql-connector-net-6.3.7-src\Source\MySql.Data\Driver.cs:行号 212
在 MySql.Data.MySqlClient.Driver.Create(MySqlConnectionStringBuilder settings) 位置 D:\TFS\SSV4.X\src_V4.3\reference\mysql-connector-net\mysql-connector-net-6.3.7-src\Source\MySql.Data\Driver.cs:行号 200
在 MySql.Data.MySqlClient.MySqlConnection.Open() 位置 D:\TFS\SSV4.X\src_V4.3\reference\mysql-connector-net\mysql-connector-net-6.3.7-src\Source\MySql.Data\Connection.cs:行号 514
在 MySql.Data.MySqlClient.Tests.BaseTest.Open() 位置 D:\TFS\SSV4.X\src_V4.3\reference\mysql-connector-net\mysql-connector-net-6.3.7-src\Tests\MySql.Data.Tests\BaseTest.cs:行号 174
在 MySql.Data.MySqlClient.Tests.BaseTest.Setup() 位置 D:\TFS\SSV4.X\src_V4.3\reference\mysql-connector-net\mysql-connector-net-6.3.7-src\Tests\MySql.Data.Tests\BaseTest.cs:行号 215
--ArgumentException
在 System.IO.FileStream..ctor(SafeFileHandle handle, FileAccess access, Int32 bufferSize, Boolean isAsync)
在 MySql.Data.Common.NamedPipeStream.Open(String path, FileAccess mode, UInt32 timeout) 位置 D:\TFS\SSV4.X\src_V4.3\reference\mysql-connector-net\mysql-connector-net-6.3.7-src\Source\MySql.Data\common\NamedPipeStream.cs:行号 94
在 MySql.Data.Common.NamedPipeStream..ctor(String path, FileAccess mode, UInt32 timeout) 位置 D:\TFS\SSV4.X\src_V4.3\reference\mysql-connector-net\mysql-connector-net-6.3.7-src\Source\MySql.Data\common\NamedPipeStream.cs:行号 51
在 MySql.Data.Common.NamedPipeStream.Create(String pipeName, String hostname, UInt32 timeout) 位置 D:\TFS\SSV4.X\src_V4.3\reference\mysql-connector-net\mysql-connector-net-6.3.7-src\Source\MySql.Data\common\NamedPipeStream.cs:行号 233
在 MySql.Data.Common.StreamCreator.GetStreamFromHost(String pipeName, String hostName, UInt32 timeout) 位置 D:\TFS\SSV4.X\src_V4.3\reference\mysql-connector-net\mysql-connector-net-6.3.7-src\Source\MySql.Data\common\StreamCreator.cs:行号 61
在 MySql.Data.Common.StreamCreator.GetStream(UInt32 timeout) 位置 D:\TFS\SSV4.X\src_V4.3\reference\mysql-connector-net\mysql-connector-net-6.3.7-src\Source\MySql.Data\common\StreamCreator.cs:行号 105
在 MySql.Data.MySqlClient.NativeDriver.Open() 位置 D:\TFS\SSV4.X\src_V4.3\reference\mysql-connector-net\mysql-connector-net-6.3.7-src\Source\MySql.Data\NativeDriver.cs:行号 181
--TearDown
在 MySql.Data.MySqlClient.Tests.BaseTest.Teardown() 位置 D:\TFS\SSV4.X\src_V4.3\reference\mysql-connector-net\mysql-connector-net-6.3.7-src\Tests\MySql.Data.Tests\BaseTest.cs:行号 236
]]></stack-trace>
                                </failure>
                              </test-case>
                              <test-case name="MySql.Data.MySqlClient.Tests.CommandTestsPipeCompressed.CommandTests.ExecuteReaderReturnsReaderAfterCancel" executed="True" result="Error" success="False" time="5.020" asserts="1">
                                <failure>
                                  <message><![CDATA[SetUp : MySql.Data.MySqlClient.MySqlException : Unable to connect to any of the specified MySQL hosts.
  ----> System.ArgumentException : 无效的句柄。
参数名: handle
TearDown : NUnit.Framework.AssertionException :   Too many processes still running
  Expected: 0
  But was:  1
]]></message>
                                  <stack-trace><![CDATA[在 MySql.Data.MySqlClient.NativeDriver.Open() 位置 D:\TFS\SSV4.X\src_V4.3\reference\mysql-connector-net\mysql-connector-net-6.3.7-src\Source\MySql.Data\NativeDriver.cs:行号 269
在 MySql.Data.MySqlClient.Driver.Open() 位置 D:\TFS\SSV4.X\src_V4.3\reference\mysql-connector-net\mysql-connector-net-6.3.7-src\Source\MySql.Data\Driver.cs:行号 212
在 MySql.Data.MySqlClient.Driver.Create(MySqlConnectionStringBuilder settings) 位置 D:\TFS\SSV4.X\src_V4.3\reference\mysql-connector-net\mysql-connector-net-6.3.7-src\Source\MySql.Data\Driver.cs:行号 200
在 MySql.Data.MySqlClient.MySqlConnection.Open() 位置 D:\TFS\SSV4.X\src_V4.3\reference\mysql-connector-net\mysql-connector-net-6.3.7-src\Source\MySql.Data\Connection.cs:行号 514
在 MySql.Data.MySqlClient.Tests.BaseTest.Open() 位置 D:\TFS\SSV4.X\src_V4.3\reference\mysql-connector-net\mysql-connector-net-6.3.7-src\Tests\MySql.Data.Tests\BaseTest.cs:行号 174
在 MySql.Data.MySqlClient.Tests.BaseTest.Setup() 位置 D:\TFS\SSV4.X\src_V4.3\reference\mysql-connector-net\mysql-connector-net-6.3.7-src\Tests\MySql.Data.Tests\BaseTest.cs:行号 215
--ArgumentException
在 System.IO.FileStream..ctor(SafeFileHandle handle, FileAccess access, Int32 bufferSize, Boolean isAsync)
在 MySql.Data.Common.NamedPipeStream.Open(String path, FileAccess mode, UInt32 timeout) 位置 D:\TFS\SSV4.X\src_V4.3\reference\mysql-connector-net\mysql-connector-net-6.3.7-src\Source\MySql.Data\common\NamedPipeStream.cs:行号 94
在 MySql.Data.Common.NamedPipeStream..ctor(String path, FileAccess mode, UInt32 timeout) 位置 D:\TFS\SSV4.X\src_V4.3\reference\mysql-connector-net\mysql-connector-net-6.3.7-src\Source\MySql.Data\common\NamedPipeStream.cs:行号 51
在 MySql.Data.Common.NamedPipeStream.Create(String pipeName, String hostname, UInt32 timeout) 位置 D:\TFS\SSV4.X\src_V4.3\reference\mysql-connector-net\mysql-connector-net-6.3.7-src\Source\MySql.Data\common\NamedPipeStream.cs:行号 233
在 MySql.Data.Common.StreamCreator.GetStreamFromHost(String pipeName, String hostName, UInt32 timeout) 位置 D:\TFS\SSV4.X\src_V4.3\reference\mysql-connector-net\mysql-connector-net-6.3.7-src\Source\MySql.Data\common\StreamCreator.cs:行号 61
在 MySql.Data.Common.StreamCreator.GetStream(UInt32 timeout) 位置 D:\TFS\SSV4.X\src_V4.3\reference\mysql-connector-net\mysql-connector-net-6.3.7-src\Source\MySql.Data\common\StreamCreator.cs:行号 105
在 MySql.Data.MySqlClient.NativeDriver.Open() 位置 D:\TFS\SSV4.X\src_V4.3\reference\mysql-connector-net\mysql-connector-net-6.3.7-src\Source\MySql.Data\NativeDriver.cs:行号 181
--TearDown
在 MySql.Data.MySqlClient.Tests.BaseTest.Teardown() 位置 D:\TFS\SSV4.X\src_V4.3\reference\mysql-connector-net\mysql-connector-net-6.3.7-src\Tests\MySql.Data.Tests\BaseTest.cs:行号 236
]]></stack-trace>
                                </failure>
                              </test-case>
                              <test-case name="MySql.Data.MySqlClient.Tests.CommandTestsPipeCompressed.CommandTests.ExecuteWithOneBadQuery" executed="True" result="Error" success="False" time="5.029" asserts="1">
                                <failure>
                                  <message><![CDATA[SetUp : MySql.Data.MySqlClient.MySqlException : Unable to connect to any of the specified MySQL hosts.
  ----> System.ArgumentException : 无效的句柄。
参数名: handle
TearDown : NUnit.Framework.AssertionException :   Too many processes still running
  Expected: 0
  But was:  1
]]></message>
                                  <stack-trace><![CDATA[在 MySql.Data.MySqlClient.NativeDriver.Open() 位置 D:\TFS\SSV4.X\src_V4.3\reference\mysql-connector-net\mysql-connector-net-6.3.7-src\Source\MySql.Data\NativeDriver.cs:行号 269
在 MySql.Data.MySqlClient.Driver.Open() 位置 D:\TFS\SSV4.X\src_V4.3\reference\mysql-connector-net\mysql-connector-net-6.3.7-src\Source\MySql.Data\Driver.cs:行号 212
在 MySql.Data.MySqlClient.Driver.Create(MySqlConnectionStringBuilder settings) 位置 D:\TFS\SSV4.X\src_V4.3\reference\mysql-connector-net\mysql-connector-net-6.3.7-src\Source\MySql.Data\Driver.cs:行号 200
在 MySql.Data.MySqlClient.MySqlConnection.Open() 位置 D:\TFS\SSV4.X\src_V4.3\reference\mysql-connector-net\mysql-connector-net-6.3.7-src\Source\MySql.Data\Connection.cs:行号 514
在 MySql.Data.MySqlClient.Tests.BaseTest.Open() 位置 D:\TFS\SSV4.X\src_V4.3\reference\mysql-connector-net\mysql-connector-net-6.3.7-src\Tests\MySql.Data.Tests\BaseTest.cs:行号 174
在 MySql.Data.MySqlClient.Tests.BaseTest.Setup() 位置 D:\TFS\SSV4.X\src_V4.3\reference\mysql-connector-net\mysql-connector-net-6.3.7-src\Tests\MySql.Data.Tests\BaseTest.cs:行号 215
--ArgumentException
在 System.IO.FileStream..ctor(SafeFileHandle handle, FileAccess access, Int32 bufferSize, Boolean isAsync)
在 MySql.Data.Common.NamedPipeStream.Open(String path, FileAccess mode, UInt32 timeout) 位置 D:\TFS\SSV4.X\src_V4.3\reference\mysql-connector-net\mysql-connector-net-6.3.7-src\Source\MySql.Data\common\NamedPipeStream.cs:行号 94
在 MySql.Data.Common.NamedPipeStream..ctor(String path, FileAccess mode, UInt32 timeout) 位置 D:\TFS\SSV4.X\src_V4.3\reference\mysql-connector-net\mysql-connector-net-6.3.7-src\Source\MySql.Data\common\NamedPipeStream.cs:行号 51
在 MySql.Data.Common.NamedPipeStream.Create(String pipeName, String hostname, UInt32 timeout) 位置 D:\TFS\SSV4.X\src_V4.3\reference\mysql-connector-net\mysql-connector-net-6.3.7-src\Source\MySql.Data\common\NamedPipeStream.cs:行号 233
在 MySql.Data.Common.StreamCreator.GetStreamFromHost(String pipeName, String hostName, UInt32 timeout) 位置 D:\TFS\SSV4.X\src_V4.3\reference\mysql-connector-net\mysql-connector-net-6.3.7-src\Source\MySql.Data\common\StreamCreator.cs:行号 61
在 MySql.Data.Common.StreamCreator.GetStream(UInt32 timeout) 位置 D:\TFS\SSV4.X\src_V4.3\reference\mysql-connector-net\mysql-connector-net-6.3.7-src\Source\MySql.Data\common\StreamCreator.cs:行号 105
在 MySql.Data.MySqlClient.NativeDriver.Open() 位置 D:\TFS\SSV4.X\src_V4.3\reference\mysql-connector-net\mysql-connector-net-6.3.7-src\Source\MySql.Data\NativeDriver.cs:行号 181
--TearDown
在 MySql.Data.MySqlClient.Tests.BaseTest.Teardown() 位置 D:\TFS\SSV4.X\src_V4.3\reference\mysql-connector-net\mysql-connector-net-6.3.7-src\Tests\MySql.Data.Tests\BaseTest.cs:行号 236
]]></stack-trace>
                                </failure>
                              </test-case>
                              <test-case name="MySql.Data.MySqlClient.Tests.CommandTestsPipeCompressed.CommandTests.GenWarnings" executed="True" result="Error" success="False" time="5.019" asserts="1">
                                <failure>
                                  <message><![CDATA[SetUp : MySql.Data.MySqlClient.MySqlException : Unable to connect to any of the specified MySQL hosts.
  ----> System.ArgumentException : 无效的句柄。
参数名: handle
TearDown : NUnit.Framework.AssertionException :   Too many processes still running
  Expected: 0
  But was:  1
]]></message>
                                  <stack-trace><![CDATA[在 MySql.Data.MySqlClient.NativeDriver.Open() 位置 D:\TFS\SSV4.X\src_V4.3\reference\mysql-connector-net\mysql-connector-net-6.3.7-src\Source\MySql.Data\NativeDriver.cs:行号 269
在 MySql.Data.MySqlClient.Driver.Open() 位置 D:\TFS\SSV4.X\src_V4.3\reference\mysql-connector-net\mysql-connector-net-6.3.7-src\Source\MySql.Data\Driver.cs:行号 212
在 MySql.Data.MySqlClient.Driver.Create(MySqlConnectionStringBuilder settings) 位置 D:\TFS\SSV4.X\src_V4.3\reference\mysql-connector-net\mysql-connector-net-6.3.7-src\Source\MySql.Data\Driver.cs:行号 200
在 MySql.Data.MySqlClient.MySqlConnection.Open() 位置 D:\TFS\SSV4.X\src_V4.3\reference\mysql-connector-net\mysql-connector-net-6.3.7-src\Source\MySql.Data\Connection.cs:行号 514
在 MySql.Data.MySqlClient.Tests.BaseTest.Open() 位置 D:\TFS\SSV4.X\src_V4.3\reference\mysql-connector-net\mysql-connector-net-6.3.7-src\Tests\MySql.Data.Tests\BaseTest.cs:行号 174
在 MySql.Data.MySqlClient.Tests.BaseTest.Setup() 位置 D:\TFS\SSV4.X\src_V4.3\reference\mysql-connector-net\mysql-connector-net-6.3.7-src\Tests\MySql.Data.Tests\BaseTest.cs:行号 215
--ArgumentException
在 System.IO.FileStream..ctor(SafeFileHandle handle, FileAccess access, Int32 bufferSize, Boolean isAsync)
在 MySql.Data.Common.NamedPipeStream.Open(String path, FileAccess mode, UInt32 timeout) 位置 D:\TFS\SSV4.X\src_V4.3\reference\mysql-connector-net\mysql-connector-net-6.3.7-src\Source\MySql.Data\common\NamedPipeStream.cs:行号 94
在 MySql.Data.Common.NamedPipeStream..ctor(String path, FileAccess mode, UInt32 timeout) 位置 D:\TFS\SSV4.X\src_V4.3\reference\mysql-connector-net\mysql-connector-net-6.3.7-src\Source\MySql.Data\common\NamedPipeStream.cs:行号 51
在 MySql.Data.Common.NamedPipeStream.Create(String pipeName, String hostname, UInt32 timeout) 位置 D:\TFS\SSV4.X\src_V4.3\reference\mysql-connector-net\mysql-connector-net-6.3.7-src\Source\MySql.Data\common\NamedPipeStream.cs:行号 233
在 MySql.Data.Common.StreamCreator.GetStreamFromHost(String pipeName, String hostName, UInt32 timeout) 位置 D:\TFS\SSV4.X\src_V4.3\reference\mysql-connector-net\mysql-connector-net-6.3.7-src\Source\MySql.Data\common\StreamCreator.cs:行号 61
在 MySql.Data.Common.StreamCreator.GetStream(UInt32 timeout) 位置 D:\TFS\SSV4.X\src_V4.3\reference\mysql-connector-net\mysql-connector-net-6.3.7-src\Source\MySql.Data\common\StreamCreator.cs:行号 105
在 MySql.Data.MySqlClient.NativeDriver.Open() 位置 D:\TFS\SSV4.X\src_V4.3\reference\mysql-connector-net\mysql-connector-net-6.3.7-src\Source\MySql.Data\NativeDriver.cs:行号 181
--TearDown
在 MySql.Data.MySqlClient.Tests.BaseTest.Teardown() 位置 D:\TFS\SSV4.X\src_V4.3\reference\mysql-connector-net\mysql-connector-net-6.3.7-src\Tests\MySql.Data.Tests\BaseTest.cs:行号 236
]]></stack-trace>
                                </failure>
                              </test-case>
                              <test-case name="MySql.Data.MySqlClient.Tests.CommandTestsPipeCompressed.CommandTests.HelperTest" executed="True" result="Error" success="False" time="5.021" asserts="1">
                                <failure>
                                  <message><![CDATA[SetUp : MySql.Data.MySqlClient.MySqlException : Unable to connect to any of the specified MySQL hosts.
  ----> System.ArgumentException : 无效的句柄。
参数名: handle
TearDown : NUnit.Framework.AssertionException :   Too many processes still running
  Expected: 0
  But was:  1
]]></message>
                                  <stack-trace><![CDATA[在 MySql.Data.MySqlClient.NativeDriver.Open() 位置 D:\TFS\SSV4.X\src_V4.3\reference\mysql-connector-net\mysql-connector-net-6.3.7-src\Source\MySql.Data\NativeDriver.cs:行号 269
在 MySql.Data.MySqlClient.Driver.Open() 位置 D:\TFS\SSV4.X\src_V4.3\reference\mysql-connector-net\mysql-connector-net-6.3.7-src\Source\MySql.Data\Driver.cs:行号 212
在 MySql.Data.MySqlClient.Driver.Create(MySqlConnectionStringBuilder settings) 位置 D:\TFS\SSV4.X\src_V4.3\reference\mysql-connector-net\mysql-connector-net-6.3.7-src\Source\MySql.Data\Driver.cs:行号 200
在 MySql.Data.MySqlClient.MySqlConnection.Open() 位置 D:\TFS\SSV4.X\src_V4.3\reference\mysql-connector-net\mysql-connector-net-6.3.7-src\Source\MySql.Data\Connection.cs:行号 514
在 MySql.Data.MySqlClient.Tests.BaseTest.Open() 位置 D:\TFS\SSV4.X\src_V4.3\reference\mysql-connector-net\mysql-connector-net-6.3.7-src\Tests\MySql.Data.Tests\BaseTest.cs:行号 174
在 MySql.Data.MySqlClient.Tests.BaseTest.Setup() 位置 D:\TFS\SSV4.X\src_V4.3\reference\mysql-connector-net\mysql-connector-net-6.3.7-src\Tests\MySql.Data.Tests\BaseTest.cs:行号 215
--ArgumentException
在 System.IO.FileStream..ctor(SafeFileHandle handle, FileAccess access, Int32 bufferSize, Boolean isAsync)
在 MySql.Data.Common.NamedPipeStream.Open(String path, FileAccess mode, UInt32 timeout) 位置 D:\TFS\SSV4.X\src_V4.3\reference\mysql-connector-net\mysql-connector-net-6.3.7-src\Source\MySql.Data\common\NamedPipeStream.cs:行号 94
在 MySql.Data.Common.NamedPipeStream..ctor(String path, FileAccess mode, UInt32 timeout) 位置 D:\TFS\SSV4.X\src_V4.3\reference\mysql-connector-net\mysql-connector-net-6.3.7-src\Source\MySql.Data\common\NamedPipeStream.cs:行号 51
在 MySql.Data.Common.NamedPipeStream.Create(String pipeName, String hostname, UInt32 timeout) 位置 D:\TFS\SSV4.X\src_V4.3\reference\mysql-connector-net\mysql-connector-net-6.3.7-src\Source\MySql.Data\common\NamedPipeStream.cs:行号 233
在 MySql.Data.Common.StreamCreator.GetStreamFromHost(String pipeName, String hostName, UInt32 timeout) 位置 D:\TFS\SSV4.X\src_V4.3\reference\mysql-connector-net\mysql-connector-net-6.3.7-src\Source\MySql.Data\common\StreamCreator.cs:行号 61
在 MySql.Data.Common.StreamCreator.GetStream(UInt32 timeout) 位置 D:\TFS\SSV4.X\src_V4.3\reference\mysql-connector-net\mysql-connector-net-6.3.7-src\Source\MySql.Data\common\StreamCreator.cs:行号 105
在 MySql.Data.MySqlClient.NativeDriver.Open() 位置 D:\TFS\SSV4.X\src_V4.3\reference\mysql-connector-net\mysql-connector-net-6.3.7-src\Source\MySql.Data\NativeDriver.cs:行号 181
--TearDown
在 MySql.Data.MySqlClient.Tests.BaseTest.Teardown() 位置 D:\TFS\SSV4.X\src_V4.3\reference\mysql-connector-net\mysql-connector-net-6.3.7-src\Tests\MySql.Data.Tests\BaseTest.cs:行号 236
]]></stack-trace>
                                </failure>
                              </test-case>
                              <test-case name="MySql.Data.MySqlClient.Tests.CommandTestsPipeCompressed.CommandTests.InsertingPreparedNulls" executed="True" result="Error" success="False" time="5.035" asserts="1">
                                <failure>
                                  <message><![CDATA[SetUp : MySql.Data.MySqlClient.MySqlException : Unable to connect to any of the specified MySQL hosts.
  ----> System.ArgumentException : 无效的句柄。
参数名: handle
TearDown : NUnit.Framework.AssertionException :   Too many processes still running
  Expected: 0
  But was:  1
]]></message>
                                  <stack-trace><![CDATA[在 MySql.Data.MySqlClient.NativeDriver.Open() 位置 D:\TFS\SSV4.X\src_V4.3\reference\mysql-connector-net\mysql-connector-net-6.3.7-src\Source\MySql.Data\NativeDriver.cs:行号 269
在 MySql.Data.MySqlClient.Driver.Open() 位置 D:\TFS\SSV4.X\src_V4.3\reference\mysql-connector-net\mysql-connector-net-6.3.7-src\Source\MySql.Data\Driver.cs:行号 212
在 MySql.Data.MySqlClient.Driver.Create(MySqlConnectionStringBuilder settings) 位置 D:\TFS\SSV4.X\src_V4.3\reference\mysql-connector-net\mysql-connector-net-6.3.7-src\Source\MySql.Data\Driver.cs:行号 200
在 MySql.Data.MySqlClient.MySqlConnection.Open() 位置 D:\TFS\SSV4.X\src_V4.3\reference\mysql-connector-net\mysql-connector-net-6.3.7-src\Source\MySql.Data\Connection.cs:行号 514
在 MySql.Data.MySqlClient.Tests.BaseTest.Open() 位置 D:\TFS\SSV4.X\src_V4.3\reference\mysql-connector-net\mysql-connector-net-6.3.7-src\Tests\MySql.Data.Tests\BaseTest.cs:行号 174
在 MySql.Data.MySqlClient.Tests.BaseTest.Setup() 位置 D:\TFS\SSV4.X\src_V4.3\reference\mysql-connector-net\mysql-connector-net-6.3.7-src\Tests\MySql.Data.Tests\BaseTest.cs:行号 215
--ArgumentException
在 System.IO.FileStream..ctor(SafeFileHandle handle, FileAccess access, Int32 bufferSize, Boolean isAsync)
在 MySql.Data.Common.NamedPipeStream.Open(String path, FileAccess mode, UInt32 timeout) 位置 D:\TFS\SSV4.X\src_V4.3\reference\mysql-connector-net\mysql-connector-net-6.3.7-src\Source\MySql.Data\common\NamedPipeStream.cs:行号 94
在 MySql.Data.Common.NamedPipeStream..ctor(String path, FileAccess mode, UInt32 timeout) 位置 D:\TFS\SSV4.X\src_V4.3\reference\mysql-connector-net\mysql-connector-net-6.3.7-src\Source\MySql.Data\common\NamedPipeStream.cs:行号 51
在 MySql.Data.Common.NamedPipeStream.Create(String pipeName, String hostname, UInt32 timeout) 位置 D:\TFS\SSV4.X\src_V4.3\reference\mysql-connector-net\mysql-connector-net-6.3.7-src\Source\MySql.Data\common\NamedPipeStream.cs:行号 233
在 MySql.Data.Common.StreamCreator.GetStreamFromHost(String pipeName, String hostName, UInt32 timeout) 位置 D:\TFS\SSV4.X\src_V4.3\reference\mysql-connector-net\mysql-connector-net-6.3.7-src\Source\MySql.Data\common\StreamCreator.cs:行号 61
在 MySql.Data.Common.StreamCreator.GetStream(UInt32 timeout) 位置 D:\TFS\SSV4.X\src_V4.3\reference\mysql-connector-net\mysql-connector-net-6.3.7-src\Source\MySql.Data\common\StreamCreator.cs:行号 105
在 MySql.Data.MySqlClient.NativeDriver.Open() 位置 D:\TFS\SSV4.X\src_V4.3\reference\mysql-connector-net\mysql-connector-net-6.3.7-src\Source\MySql.Data\NativeDriver.cs:行号 181
--TearDown
在 MySql.Data.MySqlClient.Tests.BaseTest.Teardown() 位置 D:\TFS\SSV4.X\src_V4.3\reference\mysql-connector-net\mysql-connector-net-6.3.7-src\Tests\MySql.Data.Tests\BaseTest.cs:行号 236
]]></stack-trace>
                                </failure>
                              </test-case>
                              <test-case name="MySql.Data.MySqlClient.Tests.CommandTestsPipeCompressed.CommandTests.InsertTest" executed="True" result="Error" success="False" time="5.033" asserts="1">
                                <failure>
                                  <message><![CDATA[SetUp : MySql.Data.MySqlClient.MySqlException : Unable to connect to any of the specified MySQL hosts.
  ----> System.ArgumentException : 无效的句柄。
参数名: handle
TearDown : NUnit.Framework.AssertionException :   Too many processes still running
  Expected: 0
  But was:  1
]]></message>
                                  <stack-trace><![CDATA[在 MySql.Data.MySqlClient.NativeDriver.Open() 位置 D:\TFS\SSV4.X\src_V4.3\reference\mysql-connector-net\mysql-connector-net-6.3.7-src\Source\MySql.Data\NativeDriver.cs:行号 269
在 MySql.Data.MySqlClient.Driver.Open() 位置 D:\TFS\SSV4.X\src_V4.3\reference\mysql-connector-net\mysql-connector-net-6.3.7-src\Source\MySql.Data\Driver.cs:行号 212
在 MySql.Data.MySqlClient.Driver.Create(MySqlConnectionStringBuilder settings) 位置 D:\TFS\SSV4.X\src_V4.3\reference\mysql-connector-net\mysql-connector-net-6.3.7-src\Source\MySql.Data\Driver.cs:行号 200
在 MySql.Data.MySqlClient.MySqlConnection.Open() 位置 D:\TFS\SSV4.X\src_V4.3\reference\mysql-connector-net\mysql-connector-net-6.3.7-src\Source\MySql.Data\Connection.cs:行号 514
在 MySql.Data.MySqlClient.Tests.BaseTest.Open() 位置 D:\TFS\SSV4.X\src_V4.3\reference\mysql-connector-net\mysql-connector-net-6.3.7-src\Tests\MySql.Data.Tests\BaseTest.cs:行号 174
在 MySql.Data.MySqlClient.Tests.BaseTest.Setup() 位置 D:\TFS\SSV4.X\src_V4.3\reference\mysql-connector-net\mysql-connector-net-6.3.7-src\Tests\MySql.Data.Tests\BaseTest.cs:行号 215
--ArgumentException
在 System.IO.FileStream..ctor(SafeFileHandle handle, FileAccess access, Int32 bufferSize, Boolean isAsync)
在 MySql.Data.Common.NamedPipeStream.Open(String path, FileAccess mode, UInt32 timeout) 位置 D:\TFS\SSV4.X\src_V4.3\reference\mysql-connector-net\mysql-connector-net-6.3.7-src\Source\MySql.Data\common\NamedPipeStream.cs:行号 94
在 MySql.Data.Common.NamedPipeStream..ctor(String path, FileAccess mode, UInt32 timeout) 位置 D:\TFS\SSV4.X\src_V4.3\reference\mysql-connector-net\mysql-connector-net-6.3.7-src\Source\MySql.Data\common\NamedPipeStream.cs:行号 51
在 MySql.Data.Common.NamedPipeStream.Create(String pipeName, String hostname, UInt32 timeout) 位置 D:\TFS\SSV4.X\src_V4.3\reference\mysql-connector-net\mysql-connector-net-6.3.7-src\Source\MySql.Data\common\NamedPipeStream.cs:行号 233
在 MySql.Data.Common.StreamCreator.GetStreamFromHost(String pipeName, String hostName, UInt32 timeout) 位置 D:\TFS\SSV4.X\src_V4.3\reference\mysql-connector-net\mysql-connector-net-6.3.7-src\Source\MySql.Data\common\StreamCreator.cs:行号 61
在 MySql.Data.Common.StreamCreator.GetStream(UInt32 timeout) 位置 D:\TFS\SSV4.X\src_V4.3\reference\mysql-connector-net\mysql-connector-net-6.3.7-src\Source\MySql.Data\common\StreamCreator.cs:行号 105
在 MySql.Data.MySqlClient.NativeDriver.Open() 位置 D:\TFS\SSV4.X\src_V4.3\reference\mysql-connector-net\mysql-connector-net-6.3.7-src\Source\MySql.Data\NativeDriver.cs:行号 181
--TearDown
在 MySql.Data.MySqlClient.Tests.BaseTest.Teardown() 位置 D:\TFS\SSV4.X\src_V4.3\reference\mysql-connector-net\mysql-connector-net-6.3.7-src\Tests\MySql.Data.Tests\BaseTest.cs:行号 236
]]></stack-trace>
                                </failure>
                              </test-case>
                              <test-case name="MySql.Data.MySqlClient.Tests.CommandTestsPipeCompressed.CommandTests.PreparedInsertUsingReader" executed="True" result="Error" success="False" time="5.017" asserts="1">
                                <failure>
                                  <message><![CDATA[SetUp : MySql.Data.MySqlClient.MySqlException : Unable to connect to any of the specified MySQL hosts.
  ----> System.ArgumentException : 无效的句柄。
参数名: handle
TearDown : NUnit.Framework.AssertionException :   Too many processes still running
  Expected: 0
  But was:  1
]]></message>
                                  <stack-trace><![CDATA[在 MySql.Data.MySqlClient.NativeDriver.Open() 位置 D:\TFS\SSV4.X\src_V4.3\reference\mysql-connector-net\mysql-connector-net-6.3.7-src\Source\MySql.Data\NativeDriver.cs:行号 269
在 MySql.Data.MySqlClient.Driver.Open() 位置 D:\TFS\SSV4.X\src_V4.3\reference\mysql-connector-net\mysql-connector-net-6.3.7-src\Source\MySql.Data\Driver.cs:行号 212
在 MySql.Data.MySqlClient.Driver.Create(MySqlConnectionStringBuilder settings) 位置 D:\TFS\SSV4.X\src_V4.3\reference\mysql-connector-net\mysql-connector-net-6.3.7-src\Source\MySql.Data\Driver.cs:行号 200
在 MySql.Data.MySqlClient.MySqlConnection.Open() 位置 D:\TFS\SSV4.X\src_V4.3\reference\mysql-connector-net\mysql-connector-net-6.3.7-src\Source\MySql.Data\Connection.cs:行号 514
在 MySql.Data.MySqlClient.Tests.BaseTest.Open() 位置 D:\TFS\SSV4.X\src_V4.3\reference\mysql-connector-net\mysql-connector-net-6.3.7-src\Tests\MySql.Data.Tests\BaseTest.cs:行号 174
在 MySql.Data.MySqlClient.Tests.BaseTest.Setup() 位置 D:\TFS\SSV4.X\src_V4.3\reference\mysql-connector-net\mysql-connector-net-6.3.7-src\Tests\MySql.Data.Tests\BaseTest.cs:行号 215
--ArgumentException
在 System.IO.FileStream..ctor(SafeFileHandle handle, FileAccess access, Int32 bufferSize, Boolean isAsync)
在 MySql.Data.Common.NamedPipeStream.Open(String path, FileAccess mode, UInt32 timeout) 位置 D:\TFS\SSV4.X\src_V4.3\reference\mysql-connector-net\mysql-connector-net-6.3.7-src\Source\MySql.Data\common\NamedPipeStream.cs:行号 94
在 MySql.Data.Common.NamedPipeStream..ctor(String path, FileAccess mode, UInt32 timeout) 位置 D:\TFS\SSV4.X\src_V4.3\reference\mysql-connector-net\mysql-connector-net-6.3.7-src\Source\MySql.Data\common\NamedPipeStream.cs:行号 51
在 MySql.Data.Common.NamedPipeStream.Create(String pipeName, String hostname, UInt32 timeout) 位置 D:\TFS\SSV4.X\src_V4.3\reference\mysql-connector-net\mysql-connector-net-6.3.7-src\Source\MySql.Data\common\NamedPipeStream.cs:行号 233
在 MySql.Data.Common.StreamCreator.GetStreamFromHost(String pipeName, String hostName, UInt32 timeout) 位置 D:\TFS\SSV4.X\src_V4.3\reference\mysql-connector-net\mysql-connector-net-6.3.7-src\Source\MySql.Data\common\StreamCreator.cs:行号 61
在 MySql.Data.Common.StreamCreator.GetStream(UInt32 timeout) 位置 D:\TFS\SSV4.X\src_V4.3\reference\mysql-connector-net\mysql-connector-net-6.3.7-src\Source\MySql.Data\common\StreamCreator.cs:行号 105
在 MySql.Data.MySqlClient.NativeDriver.Open() 位置 D:\TFS\SSV4.X\src_V4.3\reference\mysql-connector-net\mysql-connector-net-6.3.7-src\Source\MySql.Data\NativeDriver.cs:行号 181
--TearDown
在 MySql.Data.MySqlClient.Tests.BaseTest.Teardown() 位置 D:\TFS\SSV4.X\src_V4.3\reference\mysql-connector-net\mysql-connector-net-6.3.7-src\Tests\MySql.Data.Tests\BaseTest.cs:行号 236
]]></stack-trace>
                                </failure>
                              </test-case>
                              <test-case name="MySql.Data.MySqlClient.Tests.CommandTestsPipeCompressed.CommandTests.SetNullConnection" executed="True" result="Error" success="False" time="5.026" asserts="1">
                                <failure>
                                  <message><![CDATA[SetUp : MySql.Data.MySqlClient.MySqlException : Unable to connect to any of the specified MySQL hosts.
  ----> System.ArgumentException : 无效的句柄。
参数名: handle
TearDown : NUnit.Framework.AssertionException :   Too many processes still running
  Expected: 0
  But was:  1
]]></message>
                                  <stack-trace><![CDATA[在 MySql.Data.MySqlClient.NativeDriver.Open() 位置 D:\TFS\SSV4.X\src_V4.3\reference\mysql-connector-net\mysql-connector-net-6.3.7-src\Source\MySql.Data\NativeDriver.cs:行号 269
在 MySql.Data.MySqlClient.Driver.Open() 位置 D:\TFS\SSV4.X\src_V4.3\reference\mysql-connector-net\mysql-connector-net-6.3.7-src\Source\MySql.Data\Driver.cs:行号 212
在 MySql.Data.MySqlClient.Driver.Create(MySqlConnectionStringBuilder settings) 位置 D:\TFS\SSV4.X\src_V4.3\reference\mysql-connector-net\mysql-connector-net-6.3.7-src\Source\MySql.Data\Driver.cs:行号 200
在 MySql.Data.MySqlClient.MySqlConnection.Open() 位置 D:\TFS\SSV4.X\src_V4.3\reference\mysql-connector-net\mysql-connector-net-6.3.7-src\Source\MySql.Data\Connection.cs:行号 514
在 MySql.Data.MySqlClient.Tests.BaseTest.Open() 位置 D:\TFS\SSV4.X\src_V4.3\reference\mysql-connector-net\mysql-connector-net-6.3.7-src\Tests\MySql.Data.Tests\BaseTest.cs:行号 174
在 MySql.Data.MySqlClient.Tests.BaseTest.Setup() 位置 D:\TFS\SSV4.X\src_V4.3\reference\mysql-connector-net\mysql-connector-net-6.3.7-src\Tests\MySql.Data.Tests\BaseTest.cs:行号 215
--ArgumentException
在 System.IO.FileStream..ctor(SafeFileHandle handle, FileAccess access, Int32 bufferSize, Boolean isAsync)
在 MySql.Data.Common.NamedPipeStream.Open(String path, FileAccess mode, UInt32 timeout) 位置 D:\TFS\SSV4.X\src_V4.3\reference\mysql-connector-net\mysql-connector-net-6.3.7-src\Source\MySql.Data\common\NamedPipeStream.cs:行号 94
在 MySql.Data.Common.NamedPipeStream..ctor(String path, FileAccess mode, UInt32 timeout) 位置 D:\TFS\SSV4.X\src_V4.3\reference\mysql-connector-net\mysql-connector-net-6.3.7-src\Source\MySql.Data\common\NamedPipeStream.cs:行号 51
在 MySql.Data.Common.NamedPipeStream.Create(String pipeName, String hostname, UInt32 timeout) 位置 D:\TFS\SSV4.X\src_V4.3\reference\mysql-connector-net\mysql-connector-net-6.3.7-src\Source\MySql.Data\common\NamedPipeStream.cs:行号 233
在 MySql.Data.Common.StreamCreator.GetStreamFromHost(String pipeName, String hostName, UInt32 timeout) 位置 D:\TFS\SSV4.X\src_V4.3\reference\mysql-connector-net\mysql-connector-net-6.3.7-src\Source\MySql.Data\common\StreamCreator.cs:行号 61
在 MySql.Data.Common.StreamCreator.GetStream(UInt32 timeout) 位置 D:\TFS\SSV4.X\src_V4.3\reference\mysql-connector-net\mysql-connector-net-6.3.7-src\Source\MySql.Data\common\StreamCreator.cs:行号 105
在 MySql.Data.MySqlClient.NativeDriver.Open() 位置 D:\TFS\SSV4.X\src_V4.3\reference\mysql-connector-net\mysql-connector-net-6.3.7-src\Source\MySql.Data\NativeDriver.cs:行号 181
--TearDown
在 MySql.Data.MySqlClient.Tests.BaseTest.Teardown() 位置 D:\TFS\SSV4.X\src_V4.3\reference\mysql-connector-net\mysql-connector-net-6.3.7-src\Tests\MySql.Data.Tests\BaseTest.cs:行号 236
]]></stack-trace>
                                </failure>
                              </test-case>
                              <test-case name="MySql.Data.MySqlClient.Tests.CommandTestsPipeCompressed.CommandTests.SqlInjection1" executed="True" result="Error" success="False" time="5.021" asserts="1">
                                <failure>
                                  <message><![CDATA[SetUp : MySql.Data.MySqlClient.MySqlException : Unable to connect to any of the specified MySQL hosts.
  ----> System.ArgumentException : 无效的句柄。
参数名: handle
TearDown : NUnit.Framework.AssertionException :   Too many processes still running
  Expected: 0
  But was:  1
]]></message>
                                  <stack-trace><![CDATA[在 MySql.Data.MySqlClient.NativeDriver.Open() 位置 D:\TFS\SSV4.X\src_V4.3\reference\mysql-connector-net\mysql-connector-net-6.3.7-src\Source\MySql.Data\NativeDriver.cs:行号 269
在 MySql.Data.MySqlClient.Driver.Open() 位置 D:\TFS\SSV4.X\src_V4.3\reference\mysql-connector-net\mysql-connector-net-6.3.7-src\Source\MySql.Data\Driver.cs:行号 212
在 MySql.Data.MySqlClient.Driver.Create(MySqlConnectionStringBuilder settings) 位置 D:\TFS\SSV4.X\src_V4.3\reference\mysql-connector-net\mysql-connector-net-6.3.7-src\Source\MySql.Data\Driver.cs:行号 200
在 MySql.Data.MySqlClient.MySqlConnection.Open() 位置 D:\TFS\SSV4.X\src_V4.3\reference\mysql-connector-net\mysql-connector-net-6.3.7-src\Source\MySql.Data\Connection.cs:行号 514
在 MySql.Data.MySqlClient.Tests.BaseTest.Open() 位置 D:\TFS\SSV4.X\src_V4.3\reference\mysql-connector-net\mysql-connector-net-6.3.7-src\Tests\MySql.Data.Tests\BaseTest.cs:行号 174
在 MySql.Data.MySqlClient.Tests.BaseTest.Setup() 位置 D:\TFS\SSV4.X\src_V4.3\reference\mysql-connector-net\mysql-connector-net-6.3.7-src\Tests\MySql.Data.Tests\BaseTest.cs:行号 215
--ArgumentException
在 System.IO.FileStream..ctor(SafeFileHandle handle, FileAccess access, Int32 bufferSize, Boolean isAsync)
在 MySql.Data.Common.NamedPipeStream.Open(String path, FileAccess mode, UInt32 timeout) 位置 D:\TFS\SSV4.X\src_V4.3\reference\mysql-connector-net\mysql-connector-net-6.3.7-src\Source\MySql.Data\common\NamedPipeStream.cs:行号 94
在 MySql.Data.Common.NamedPipeStream..ctor(String path, FileAccess mode, UInt32 timeout) 位置 D:\TFS\SSV4.X\src_V4.3\reference\mysql-connector-net\mysql-connector-net-6.3.7-src\Source\MySql.Data\common\NamedPipeStream.cs:行号 51
在 MySql.Data.Common.NamedPipeStream.Create(String pipeName, String hostname, UInt32 timeout) 位置 D:\TFS\SSV4.X\src_V4.3\reference\mysql-connector-net\mysql-connector-net-6.3.7-src\Source\MySql.Data\common\NamedPipeStream.cs:行号 233
在 MySql.Data.Common.StreamCreator.GetStreamFromHost(String pipeName, String hostName, UInt32 timeout) 位置 D:\TFS\SSV4.X\src_V4.3\reference\mysql-connector-net\mysql-connector-net-6.3.7-src\Source\MySql.Data\common\StreamCreator.cs:行号 61
在 MySql.Data.Common.StreamCreator.GetStream(UInt32 timeout) 位置 D:\TFS\SSV4.X\src_V4.3\reference\mysql-connector-net\mysql-connector-net-6.3.7-src\Source\MySql.Data\common\StreamCreator.cs:行号 105
在 MySql.Data.MySqlClient.NativeDriver.Open() 位置 D:\TFS\SSV4.X\src_V4.3\reference\mysql-connector-net\mysql-connector-net-6.3.7-src\Source\MySql.Data\NativeDriver.cs:行号 181
--TearDown
在 MySql.Data.MySqlClient.Tests.BaseTest.Teardown() 位置 D:\TFS\SSV4.X\src_V4.3\reference\mysql-connector-net\mysql-connector-net-6.3.7-src\Tests\MySql.Data.Tests\BaseTest.cs:行号 236
]]></stack-trace>
                                </failure>
                              </test-case>
                              <test-case name="MySql.Data.MySqlClient.Tests.CommandTestsPipeCompressed.CommandTests.SyntaxErrorWithCloseConnection" executed="True" result="Error" success="False" time="5.022" asserts="1">
                                <failure>
                                  <message><![CDATA[SetUp : MySql.Data.MySqlClient.MySqlException : Unable to connect to any of the specified MySQL hosts.
  ----> System.ArgumentException : 无效的句柄。
参数名: handle
TearDown : NUnit.Framework.AssertionException :   Too many processes still running
  Expected: 0
  But was:  1
]]></message>
                                  <stack-trace><![CDATA[在 MySql.Data.MySqlClient.NativeDriver.Open() 位置 D:\TFS\SSV4.X\src_V4.3\reference\mysql-connector-net\mysql-connector-net-6.3.7-src\Source\MySql.Data\NativeDriver.cs:行号 269
在 MySql.Data.MySqlClient.Driver.Open() 位置 D:\TFS\SSV4.X\src_V4.3\reference\mysql-connector-net\mysql-connector-net-6.3.7-src\Source\MySql.Data\Driver.cs:行号 212
在 MySql.Data.MySqlClient.Driver.Create(MySqlConnectionStringBuilder settings) 位置 D:\TFS\SSV4.X\src_V4.3\reference\mysql-connector-net\mysql-connector-net-6.3.7-src\Source\MySql.Data\Driver.cs:行号 200
在 MySql.Data.MySqlClient.MySqlConnection.Open() 位置 D:\TFS\SSV4.X\src_V4.3\reference\mysql-connector-net\mysql-connector-net-6.3.7-src\Source\MySql.Data\Connection.cs:行号 514
在 MySql.Data.MySqlClient.Tests.BaseTest.Open() 位置 D:\TFS\SSV4.X\src_V4.3\reference\mysql-connector-net\mysql-connector-net-6.3.7-src\Tests\MySql.Data.Tests\BaseTest.cs:行号 174
在 MySql.Data.MySqlClient.Tests.BaseTest.Setup() 位置 D:\TFS\SSV4.X\src_V4.3\reference\mysql-connector-net\mysql-connector-net-6.3.7-src\Tests\MySql.Data.Tests\BaseTest.cs:行号 215
--ArgumentException
在 System.IO.FileStream..ctor(SafeFileHandle handle, FileAccess access, Int32 bufferSize, Boolean isAsync)
在 MySql.Data.Common.NamedPipeStream.Open(String path, FileAccess mode, UInt32 timeout) 位置 D:\TFS\SSV4.X\src_V4.3\reference\mysql-connector-net\mysql-connector-net-6.3.7-src\Source\MySql.Data\common\NamedPipeStream.cs:行号 94
在 MySql.Data.Common.NamedPipeStream..ctor(String path, FileAccess mode, UInt32 timeout) 位置 D:\TFS\SSV4.X\src_V4.3\reference\mysql-connector-net\mysql-connector-net-6.3.7-src\Source\MySql.Data\common\NamedPipeStream.cs:行号 51
在 MySql.Data.Common.NamedPipeStream.Create(String pipeName, String hostname, UInt32 timeout) 位置 D:\TFS\SSV4.X\src_V4.3\reference\mysql-connector-net\mysql-connector-net-6.3.7-src\Source\MySql.Data\common\NamedPipeStream.cs:行号 233
在 MySql.Data.Common.StreamCreator.GetStreamFromHost(String pipeName, String hostName, UInt32 timeout) 位置 D:\TFS\SSV4.X\src_V4.3\reference\mysql-connector-net\mysql-connector-net-6.3.7-src\Source\MySql.Data\common\StreamCreator.cs:行号 61
在 MySql.Data.Common.StreamCreator.GetStream(UInt32 timeout) 位置 D:\TFS\SSV4.X\src_V4.3\reference\mysql-connector-net\mysql-connector-net-6.3.7-src\Source\MySql.Data\common\StreamCreator.cs:行号 105
在 MySql.Data.MySqlClient.NativeDriver.Open() 位置 D:\TFS\SSV4.X\src_V4.3\reference\mysql-connector-net\mysql-connector-net-6.3.7-src\Source\MySql.Data\NativeDriver.cs:行号 181
--TearDown
在 MySql.Data.MySqlClient.Tests.BaseTest.Teardown() 位置 D:\TFS\SSV4.X\src_V4.3\reference\mysql-connector-net\mysql-connector-net-6.3.7-src\Tests\MySql.Data.Tests\BaseTest.cs:行号 236
]]></stack-trace>
                                </failure>
                              </test-case>
                              <test-case name="MySql.Data.MySqlClient.Tests.CommandTestsPipeCompressed.CommandTests.TableCommandType" executed="True" result="Error" success="False" time="5.023" asserts="1">
                                <failure>
                                  <message><![CDATA[SetUp : MySql.Data.MySqlClient.MySqlException : Unable to connect to any of the specified MySQL hosts.
  ----> System.ArgumentException : 无效的句柄。
参数名: handle
TearDown : NUnit.Framework.AssertionException :   Too many processes still running
  Expected: 0
  But was:  1
]]></message>
                                  <stack-trace><![CDATA[在 MySql.Data.MySqlClient.NativeDriver.Open() 位置 D:\TFS\SSV4.X\src_V4.3\reference\mysql-connector-net\mysql-connector-net-6.3.7-src\Source\MySql.Data\NativeDriver.cs:行号 269
在 MySql.Data.MySqlClient.Driver.Open() 位置 D:\TFS\SSV4.X\src_V4.3\reference\mysql-connector-net\mysql-connector-net-6.3.7-src\Source\MySql.Data\Driver.cs:行号 212
在 MySql.Data.MySqlClient.Driver.Create(MySqlConnectionStringBuilder settings) 位置 D:\TFS\SSV4.X\src_V4.3\reference\mysql-connector-net\mysql-connector-net-6.3.7-src\Source\MySql.Data\Driver.cs:行号 200
在 MySql.Data.MySqlClient.MySqlConnection.Open() 位置 D:\TFS\SSV4.X\src_V4.3\reference\mysql-connector-net\mysql-connector-net-6.3.7-src\Source\MySql.Data\Connection.cs:行号 514
在 MySql.Data.MySqlClient.Tests.BaseTest.Open() 位置 D:\TFS\SSV4.X\src_V4.3\reference\mysql-connector-net\mysql-connector-net-6.3.7-src\Tests\MySql.Data.Tests\BaseTest.cs:行号 174
在 MySql.Data.MySqlClient.Tests.BaseTest.Setup() 位置 D:\TFS\SSV4.X\src_V4.3\reference\mysql-connector-net\mysql-connector-net-6.3.7-src\Tests\MySql.Data.Tests\BaseTest.cs:行号 215
--ArgumentException
在 System.IO.FileStream..ctor(SafeFileHandle handle, FileAccess access, Int32 bufferSize, Boolean isAsync)
在 MySql.Data.Common.NamedPipeStream.Open(String path, FileAccess mode, UInt32 timeout) 位置 D:\TFS\SSV4.X\src_V4.3\reference\mysql-connector-net\mysql-connector-net-6.3.7-src\Source\MySql.Data\common\NamedPipeStream.cs:行号 94
在 MySql.Data.Common.NamedPipeStream..ctor(String path, FileAccess mode, UInt32 timeout) 位置 D:\TFS\SSV4.X\src_V4.3\reference\mysql-connector-net\mysql-connector-net-6.3.7-src\Source\MySql.Data\common\NamedPipeStream.cs:行号 51
在 MySql.Data.Common.NamedPipeStream.Create(String pipeName, String hostname, UInt32 timeout) 位置 D:\TFS\SSV4.X\src_V4.3\reference\mysql-connector-net\mysql-connector-net-6.3.7-src\Source\MySql.Data\common\NamedPipeStream.cs:行号 233
在 MySql.Data.Common.StreamCreator.GetStreamFromHost(String pipeName, String hostName, UInt32 timeout) 位置 D:\TFS\SSV4.X\src_V4.3\reference\mysql-connector-net\mysql-connector-net-6.3.7-src\Source\MySql.Data\common\StreamCreator.cs:行号 61
在 MySql.Data.Common.StreamCreator.GetStream(UInt32 timeout) 位置 D:\TFS\SSV4.X\src_V4.3\reference\mysql-connector-net\mysql-connector-net-6.3.7-src\Source\MySql.Data\common\StreamCreator.cs:行号 105
在 MySql.Data.MySqlClient.NativeDriver.Open() 位置 D:\TFS\SSV4.X\src_V4.3\reference\mysql-connector-net\mysql-connector-net-6.3.7-src\Source\MySql.Data\NativeDriver.cs:行号 181
--TearDown
在 MySql.Data.MySqlClient.Tests.BaseTest.Teardown() 位置 D:\TFS\SSV4.X\src_V4.3\reference\mysql-connector-net\mysql-connector-net-6.3.7-src\Tests\MySql.Data.Tests\BaseTest.cs:行号 236
]]></stack-trace>
                                </failure>
                              </test-case>
                              <test-case name="MySql.Data.MySqlClient.Tests.CommandTestsPipeCompressed.CommandTests.TableWithOVer100Columns" executed="True" result="Error" success="False" time="5.023" asserts="1">
                                <failure>
                                  <message><![CDATA[SetUp : MySql.Data.MySqlClient.MySqlException : Unable to connect to any of the specified MySQL hosts.
  ----> System.ArgumentException : 无效的句柄。
参数名: handle
TearDown : NUnit.Framework.AssertionException :   Too many processes still running
  Expected: 0
  But was:  1
]]></message>
                                  <stack-trace><![CDATA[在 MySql.Data.MySqlClient.NativeDriver.Open() 位置 D:\TFS\SSV4.X\src_V4.3\reference\mysql-connector-net\mysql-connector-net-6.3.7-src\Source\MySql.Data\NativeDriver.cs:行号 269
在 MySql.Data.MySqlClient.Driver.Open() 位置 D:\TFS\SSV4.X\src_V4.3\reference\mysql-connector-net\mysql-connector-net-6.3.7-src\Source\MySql.Data\Driver.cs:行号 212
在 MySql.Data.MySqlClient.Driver.Create(MySqlConnectionStringBuilder settings) 位置 D:\TFS\SSV4.X\src_V4.3\reference\mysql-connector-net\mysql-connector-net-6.3.7-src\Source\MySql.Data\Driver.cs:行号 200
在 MySql.Data.MySqlClient.MySqlConnection.Open() 位置 D:\TFS\SSV4.X\src_V4.3\reference\mysql-connector-net\mysql-connector-net-6.3.7-src\Source\MySql.Data\Connection.cs:行号 514
在 MySql.Data.MySqlClient.Tests.BaseTest.Open() 位置 D:\TFS\SSV4.X\src_V4.3\reference\mysql-connector-net\mysql-connector-net-6.3.7-src\Tests\MySql.Data.Tests\BaseTest.cs:行号 174
在 MySql.Data.MySqlClient.Tests.BaseTest.Setup() 位置 D:\TFS\SSV4.X\src_V4.3\reference\mysql-connector-net\mysql-connector-net-6.3.7-src\Tests\MySql.Data.Tests\BaseTest.cs:行号 215
--ArgumentException
在 System.IO.FileStream..ctor(SafeFileHandle handle, FileAccess access, Int32 bufferSize, Boolean isAsync)
在 MySql.Data.Common.NamedPipeStream.Open(String path, FileAccess mode, UInt32 timeout) 位置 D:\TFS\SSV4.X\src_V4.3\reference\mysql-connector-net\mysql-connector-net-6.3.7-src\Source\MySql.Data\common\NamedPipeStream.cs:行号 94
在 MySql.Data.Common.NamedPipeStream..ctor(String path, FileAccess mode, UInt32 timeout) 位置 D:\TFS\SSV4.X\src_V4.3\reference\mysql-connector-net\mysql-connector-net-6.3.7-src\Source\MySql.Data\common\NamedPipeStream.cs:行号 51
在 MySql.Data.Common.NamedPipeStream.Create(String pipeName, String hostname, UInt32 timeout) 位置 D:\TFS\SSV4.X\src_V4.3\reference\mysql-connector-net\mysql-connector-net-6.3.7-src\Source\MySql.Data\common\NamedPipeStream.cs:行号 233
在 MySql.Data.Common.StreamCreator.GetStreamFromHost(String pipeName, String hostName, UInt32 timeout) 位置 D:\TFS\SSV4.X\src_V4.3\reference\mysql-connector-net\mysql-connector-net-6.3.7-src\Source\MySql.Data\common\StreamCreator.cs:行号 61
在 MySql.Data.Common.StreamCreator.GetStream(UInt32 timeout) 位置 D:\TFS\SSV4.X\src_V4.3\reference\mysql-connector-net\mysql-connector-net-6.3.7-src\Source\MySql.Data\common\StreamCreator.cs:行号 105
在 MySql.Data.MySqlClient.NativeDriver.Open() 位置 D:\TFS\SSV4.X\src_V4.3\reference\mysql-connector-net\mysql-connector-net-6.3.7-src\Source\MySql.Data\NativeDriver.cs:行号 181
--TearDown
在 MySql.Data.MySqlClient.Tests.BaseTest.Teardown() 位置 D:\TFS\SSV4.X\src_V4.3\reference\mysql-connector-net\mysql-connector-net-6.3.7-src\Tests\MySql.Data.Tests\BaseTest.cs:行号 236
]]></stack-trace>
                                </failure>
                              </test-case>
                              <test-case name="MySql.Data.MySqlClient.Tests.CommandTestsPipeCompressed.CommandTests.UpdateTest" executed="True" result="Error" success="False" time="5.037" asserts="1">
                                <failure>
                                  <message><![CDATA[SetUp : MySql.Data.MySqlClient.MySqlException : Unable to connect to any of the specified MySQL hosts.
  ----> System.ArgumentException : 无效的句柄。
参数名: handle
TearDown : NUnit.Framework.AssertionException :   Too many processes still running
  Expected: 0
  But was:  1
]]></message>
                                  <stack-trace><![CDATA[在 MySql.Data.MySqlClient.NativeDriver.Open() 位置 D:\TFS\SSV4.X\src_V4.3\reference\mysql-connector-net\mysql-connector-net-6.3.7-src\Source\MySql.Data\NativeDriver.cs:行号 269
在 MySql.Data.MySqlClient.Driver.Open() 位置 D:\TFS\SSV4.X\src_V4.3\reference\mysql-connector-net\mysql-connector-net-6.3.7-src\Source\MySql.Data\Driver.cs:行号 212
在 MySql.Data.MySqlClient.Driver.Create(MySqlConnectionStringBuilder settings) 位置 D:\TFS\SSV4.X\src_V4.3\reference\mysql-connector-net\mysql-connector-net-6.3.7-src\Source\MySql.Data\Driver.cs:行号 200
在 MySql.Data.MySqlClient.MySqlConnection.Open() 位置 D:\TFS\SSV4.X\src_V4.3\reference\mysql-connector-net\mysql-connector-net-6.3.7-src\Source\MySql.Data\Connection.cs:行号 514
在 MySql.Data.MySqlClient.Tests.BaseTest.Open() 位置 D:\TFS\SSV4.X\src_V4.3\reference\mysql-connector-net\mysql-connector-net-6.3.7-src\Tests\MySql.Data.Tests\BaseTest.cs:行号 174
在 MySql.Data.MySqlClient.Tests.BaseTest.Setup() 位置 D:\TFS\SSV4.X\src_V4.3\reference\mysql-connector-net\mysql-connector-net-6.3.7-src\Tests\MySql.Data.Tests\BaseTest.cs:行号 215
--ArgumentException
在 System.IO.FileStream..ctor(SafeFileHandle handle, FileAccess access, Int32 bufferSize, Boolean isAsync)
在 MySql.Data.Common.NamedPipeStream.Open(String path, FileAccess mode, UInt32 timeout) 位置 D:\TFS\SSV4.X\src_V4.3\reference\mysql-connector-net\mysql-connector-net-6.3.7-src\Source\MySql.Data\common\NamedPipeStream.cs:行号 94
在 MySql.Data.Common.NamedPipeStream..ctor(String path, FileAccess mode, UInt32 timeout) 位置 D:\TFS\SSV4.X\src_V4.3\reference\mysql-connector-net\mysql-connector-net-6.3.7-src\Source\MySql.Data\common\NamedPipeStream.cs:行号 51
在 MySql.Data.Common.NamedPipeStream.Create(String pipeName, String hostname, UInt32 timeout) 位置 D:\TFS\SSV4.X\src_V4.3\reference\mysql-connector-net\mysql-connector-net-6.3.7-src\Source\MySql.Data\common\NamedPipeStream.cs:行号 233
在 MySql.Data.Common.StreamCreator.GetStreamFromHost(String pipeName, String hostName, UInt32 timeout) 位置 D:\TFS\SSV4.X\src_V4.3\reference\mysql-connector-net\mysql-connector-net-6.3.7-src\Source\MySql.Data\common\StreamCreator.cs:行号 61
在 MySql.Data.Common.StreamCreator.GetStream(UInt32 timeout) 位置 D:\TFS\SSV4.X\src_V4.3\reference\mysql-connector-net\mysql-connector-net-6.3.7-src\Source\MySql.Data\common\StreamCreator.cs:行号 105
在 MySql.Data.MySqlClient.NativeDriver.Open() 位置 D:\TFS\SSV4.X\src_V4.3\reference\mysql-connector-net\mysql-connector-net-6.3.7-src\Source\MySql.Data\NativeDriver.cs:行号 181
--TearDown
在 MySql.Data.MySqlClient.Tests.BaseTest.Teardown() 位置 D:\TFS\SSV4.X\src_V4.3\reference\mysql-connector-net\mysql-connector-net-6.3.7-src\Tests\MySql.Data.Tests\BaseTest.cs:行号 236
]]></stack-trace>
                                </failure>
                              </test-case>
                              <test-case name="MySql.Data.MySqlClient.Tests.CommandTestsPipeCompressed.CommandTests.UseAffectedRows" executed="True" result="Error" success="False" time="5.023" asserts="1">
                                <failure>
                                  <message><![CDATA[SetUp : MySql.Data.MySqlClient.MySqlException : Unable to connect to any of the specified MySQL hosts.
  ----> System.ArgumentException : 无效的句柄。
参数名: handle
TearDown : NUnit.Framework.AssertionException :   Too many processes still running
  Expected: 0
  But was:  1
]]></message>
                                  <stack-trace><![CDATA[在 MySql.Data.MySqlClient.NativeDriver.Open() 位置 D:\TFS\SSV4.X\src_V4.3\reference\mysql-connector-net\mysql-connector-net-6.3.7-src\Source\MySql.Data\NativeDriver.cs:行号 269
在 MySql.Data.MySqlClient.Driver.Open() 位置 D:\TFS\SSV4.X\src_V4.3\reference\mysql-connector-net\mysql-connector-net-6.3.7-src\Source\MySql.Data\Driver.cs:行号 212
在 MySql.Data.MySqlClient.Driver.Create(MySqlConnectionStringBuilder settings) 位置 D:\TFS\SSV4.X\src_V4.3\reference\mysql-connector-net\mysql-connector-net-6.3.7-src\Source\MySql.Data\Driver.cs:行号 200
在 MySql.Data.MySqlClient.MySqlConnection.Open() 位置 D:\TFS\SSV4.X\src_V4.3\reference\mysql-connector-net\mysql-connector-net-6.3.7-src\Source\MySql.Data\Connection.cs:行号 514
在 MySql.Data.MySqlClient.Tests.BaseTest.Open() 位置 D:\TFS\SSV4.X\src_V4.3\reference\mysql-connector-net\mysql-connector-net-6.3.7-src\Tests\MySql.Data.Tests\BaseTest.cs:行号 174
在 MySql.Data.MySqlClient.Tests.BaseTest.Setup() 位置 D:\TFS\SSV4.X\src_V4.3\reference\mysql-connector-net\mysql-connector-net-6.3.7-src\Tests\MySql.Data.Tests\BaseTest.cs:行号 215
--ArgumentException
在 System.IO.FileStream..ctor(SafeFileHandle handle, FileAccess access, Int32 bufferSize, Boolean isAsync)
在 MySql.Data.Common.NamedPipeStream.Open(String path, FileAccess mode, UInt32 timeout) 位置 D:\TFS\SSV4.X\src_V4.3\reference\mysql-connector-net\mysql-connector-net-6.3.7-src\Source\MySql.Data\common\NamedPipeStream.cs:行号 94
在 MySql.Data.Common.NamedPipeStream..ctor(String path, FileAccess mode, UInt32 timeout) 位置 D:\TFS\SSV4.X\src_V4.3\reference\mysql-connector-net\mysql-connector-net-6.3.7-src\Source\MySql.Data\common\NamedPipeStream.cs:行号 51
在 MySql.Data.Common.NamedPipeStream.Create(String pipeName, String hostname, UInt32 timeout) 位置 D:\TFS\SSV4.X\src_V4.3\reference\mysql-connector-net\mysql-connector-net-6.3.7-src\Source\MySql.Data\common\NamedPipeStream.cs:行号 233
在 MySql.Data.Common.StreamCreator.GetStreamFromHost(String pipeName, String hostName, UInt32 timeout) 位置 D:\TFS\SSV4.X\src_V4.3\reference\mysql-connector-net\mysql-connector-net-6.3.7-src\Source\MySql.Data\common\StreamCreator.cs:行号 61
在 MySql.Data.Common.StreamCreator.GetStream(UInt32 timeout) 位置 D:\TFS\SSV4.X\src_V4.3\reference\mysql-connector-net\mysql-connector-net-6.3.7-src\Source\MySql.Data\common\StreamCreator.cs:行号 105
在 MySql.Data.MySqlClient.NativeDriver.Open() 位置 D:\TFS\SSV4.X\src_V4.3\reference\mysql-connector-net\mysql-connector-net-6.3.7-src\Source\MySql.Data\NativeDriver.cs:行号 181
--TearDown
在 MySql.Data.MySqlClient.Tests.BaseTest.Teardown() 位置 D:\TFS\SSV4.X\src_V4.3\reference\mysql-connector-net\mysql-connector-net-6.3.7-src\Tests\MySql.Data.Tests\BaseTest.cs:行号 236
]]></stack-trace>
                                </failure>
                              </test-case>
                            </results>
                          </test-suite>
                          <test-suite type="TestFixture" name="CommandTestsSharedMemory" executed="True" result="Failure" success="False" time="110.770" asserts="0">
                            <categories>
                              <category name="SharedMemory" />
                            </categories>
                            <results>
                              <test-case name="MySql.Data.MySqlClient.Tests.CommandTestsSharedMemory.CommandTests.BatchUpdatesAndDeletes" executed="True" result="Error" success="False" time="5.024" asserts="1">
                                <failure>
                                  <message><![CDATA[SetUp : MySql.Data.MySqlClient.MySqlException : Unable to connect to any of the specified MySQL hosts.
  ----> System.Threading.WaitHandleCannotBeOpenedException : 不存在给定名称的句柄。
TearDown : NUnit.Framework.AssertionException :   Too many processes still running
  Expected: 0
  But was:  1
]]></message>
                                  <stack-trace><![CDATA[在 MySql.Data.MySqlClient.NativeDriver.Open() 位置 D:\TFS\SSV4.X\src_V4.3\reference\mysql-connector-net\mysql-connector-net-6.3.7-src\Source\MySql.Data\NativeDriver.cs:行号 269
在 MySql.Data.MySqlClient.Driver.Open() 位置 D:\TFS\SSV4.X\src_V4.3\reference\mysql-connector-net\mysql-connector-net-6.3.7-src\Source\MySql.Data\Driver.cs:行号 212
在 MySql.Data.MySqlClient.Driver.Create(MySqlConnectionStringBuilder settings) 位置 D:\TFS\SSV4.X\src_V4.3\reference\mysql-connector-net\mysql-connector-net-6.3.7-src\Source\MySql.Data\Driver.cs:行号 200
在 MySql.Data.MySqlClient.MySqlConnection.Open() 位置 D:\TFS\SSV4.X\src_V4.3\reference\mysql-connector-net\mysql-connector-net-6.3.7-src\Source\MySql.Data\Connection.cs:行号 514
在 MySql.Data.MySqlClient.Tests.BaseTest.Open() 位置 D:\TFS\SSV4.X\src_V4.3\reference\mysql-connector-net\mysql-connector-net-6.3.7-src\Tests\MySql.Data.Tests\BaseTest.cs:行号 174
在 MySql.Data.MySqlClient.Tests.BaseTest.Setup() 位置 D:\TFS\SSV4.X\src_V4.3\reference\mysql-connector-net\mysql-connector-net-6.3.7-src\Tests\MySql.Data.Tests\BaseTest.cs:行号 215
--WaitHandleCannotBeOpenedException
在 System.Threading.EventWaitHandle.OpenExisting(String name, EventWaitHandleRights rights)
在 MySql.Data.Common.SharedMemoryStream.GetConnectNumber(UInt32 timeOut) 位置 D:\TFS\SSV4.X\src_V4.3\reference\mysql-connector-net\mysql-connector-net-6.3.7-src\Source\MySql.Data\common\SharedMemoryStream.cs:行号 166
在 MySql.Data.Common.SharedMemoryStream.Open(UInt32 timeOut) 位置 D:\TFS\SSV4.X\src_V4.3\reference\mysql-connector-net\mysql-connector-net-6.3.7-src\Source\MySql.Data\common\SharedMemoryStream.cs:行号 120
在 MySql.Data.MySqlClient.NativeDriver.Open() 位置 D:\TFS\SSV4.X\src_V4.3\reference\mysql-connector-net\mysql-connector-net-6.3.7-src\Source\MySql.Data\NativeDriver.cs:行号 170
--TearDown
在 MySql.Data.MySqlClient.Tests.BaseTest.Teardown() 位置 D:\TFS\SSV4.X\src_V4.3\reference\mysql-connector-net\mysql-connector-net-6.3.7-src\Tests\MySql.Data.Tests\BaseTest.cs:行号 236
]]></stack-trace>
                                </failure>
                              </test-case>
                              <test-case name="MySql.Data.MySqlClient.Tests.CommandTestsSharedMemory.CommandTests.CloneCommand" executed="True" result="Error" success="False" time="5.017" asserts="1">
                                <failure>
                                  <message><![CDATA[SetUp : MySql.Data.MySqlClient.MySqlException : Unable to connect to any of the specified MySQL hosts.
  ----> System.Threading.WaitHandleCannotBeOpenedException : 不存在给定名称的句柄。
TearDown : NUnit.Framework.AssertionException :   Too many processes still running
  Expected: 0
  But was:  1
]]></message>
                                  <stack-trace><![CDATA[在 MySql.Data.MySqlClient.NativeDriver.Open() 位置 D:\TFS\SSV4.X\src_V4.3\reference\mysql-connector-net\mysql-connector-net-6.3.7-src\Source\MySql.Data\NativeDriver.cs:行号 269
在 MySql.Data.MySqlClient.Driver.Open() 位置 D:\TFS\SSV4.X\src_V4.3\reference\mysql-connector-net\mysql-connector-net-6.3.7-src\Source\MySql.Data\Driver.cs:行号 212
在 MySql.Data.MySqlClient.Driver.Create(MySqlConnectionStringBuilder settings) 位置 D:\TFS\SSV4.X\src_V4.3\reference\mysql-connector-net\mysql-connector-net-6.3.7-src\Source\MySql.Data\Driver.cs:行号 200
在 MySql.Data.MySqlClient.MySqlConnection.Open() 位置 D:\TFS\SSV4.X\src_V4.3\reference\mysql-connector-net\mysql-connector-net-6.3.7-src\Source\MySql.Data\Connection.cs:行号 514
在 MySql.Data.MySqlClient.Tests.BaseTest.Open() 位置 D:\TFS\SSV4.X\src_V4.3\reference\mysql-connector-net\mysql-connector-net-6.3.7-src\Tests\MySql.Data.Tests\BaseTest.cs:行号 174
在 MySql.Data.MySqlClient.Tests.BaseTest.Setup() 位置 D:\TFS\SSV4.X\src_V4.3\reference\mysql-connector-net\mysql-connector-net-6.3.7-src\Tests\MySql.Data.Tests\BaseTest.cs:行号 215
--WaitHandleCannotBeOpenedException
在 System.Threading.EventWaitHandle.OpenExisting(String name, EventWaitHandleRights rights)
在 MySql.Data.Common.SharedMemoryStream.GetConnectNumber(UInt32 timeOut) 位置 D:\TFS\SSV4.X\src_V4.3\reference\mysql-connector-net\mysql-connector-net-6.3.7-src\Source\MySql.Data\common\SharedMemoryStream.cs:行号 166
在 MySql.Data.Common.SharedMemoryStream.Open(UInt32 timeOut) 位置 D:\TFS\SSV4.X\src_V4.3\reference\mysql-connector-net\mysql-connector-net-6.3.7-src\Source\MySql.Data\common\SharedMemoryStream.cs:行号 120
在 MySql.Data.MySqlClient.NativeDriver.Open() 位置 D:\TFS\SSV4.X\src_V4.3\reference\mysql-connector-net\mysql-connector-net-6.3.7-src\Source\MySql.Data\NativeDriver.cs:行号 170
--TearDown
在 MySql.Data.MySqlClient.Tests.BaseTest.Teardown() 位置 D:\TFS\SSV4.X\src_V4.3\reference\mysql-connector-net\mysql-connector-net-6.3.7-src\Tests\MySql.Data.Tests\BaseTest.cs:行号 236
]]></stack-trace>
                                </failure>
                              </test-case>
                              <test-case name="MySql.Data.MySqlClient.Tests.CommandTestsSharedMemory.CommandTests.CloseReaderAfterFailedConvert" executed="True" result="Error" success="False" time="5.021" asserts="1">
                                <failure>
                                  <message><![CDATA[SetUp : MySql.Data.MySqlClient.MySqlException : Unable to connect to any of the specified MySQL hosts.
  ----> System.Threading.WaitHandleCannotBeOpenedException : 不存在给定名称的句柄。
TearDown : NUnit.Framework.AssertionException :   Too many processes still running
  Expected: 0
  But was:  1
]]></message>
                                  <stack-trace><![CDATA[在 MySql.Data.MySqlClient.NativeDriver.Open() 位置 D:\TFS\SSV4.X\src_V4.3\reference\mysql-connector-net\mysql-connector-net-6.3.7-src\Source\MySql.Data\NativeDriver.cs:行号 269
在 MySql.Data.MySqlClient.Driver.Open() 位置 D:\TFS\SSV4.X\src_V4.3\reference\mysql-connector-net\mysql-connector-net-6.3.7-src\Source\MySql.Data\Driver.cs:行号 212
在 MySql.Data.MySqlClient.Driver.Create(MySqlConnectionStringBuilder settings) 位置 D:\TFS\SSV4.X\src_V4.3\reference\mysql-connector-net\mysql-connector-net-6.3.7-src\Source\MySql.Data\Driver.cs:行号 200
在 MySql.Data.MySqlClient.MySqlConnection.Open() 位置 D:\TFS\SSV4.X\src_V4.3\reference\mysql-connector-net\mysql-connector-net-6.3.7-src\Source\MySql.Data\Connection.cs:行号 514
在 MySql.Data.MySqlClient.Tests.BaseTest.Open() 位置 D:\TFS\SSV4.X\src_V4.3\reference\mysql-connector-net\mysql-connector-net-6.3.7-src\Tests\MySql.Data.Tests\BaseTest.cs:行号 174
在 MySql.Data.MySqlClient.Tests.BaseTest.Setup() 位置 D:\TFS\SSV4.X\src_V4.3\reference\mysql-connector-net\mysql-connector-net-6.3.7-src\Tests\MySql.Data.Tests\BaseTest.cs:行号 215
--WaitHandleCannotBeOpenedException
在 System.Threading.EventWaitHandle.OpenExisting(String name, EventWaitHandleRights rights)
在 MySql.Data.Common.SharedMemoryStream.GetConnectNumber(UInt32 timeOut) 位置 D:\TFS\SSV4.X\src_V4.3\reference\mysql-connector-net\mysql-connector-net-6.3.7-src\Source\MySql.Data\common\SharedMemoryStream.cs:行号 166
在 MySql.Data.Common.SharedMemoryStream.Open(UInt32 timeOut) 位置 D:\TFS\SSV4.X\src_V4.3\reference\mysql-connector-net\mysql-connector-net-6.3.7-src\Source\MySql.Data\common\SharedMemoryStream.cs:行号 120
在 MySql.Data.MySqlClient.NativeDriver.Open() 位置 D:\TFS\SSV4.X\src_V4.3\reference\mysql-connector-net\mysql-connector-net-6.3.7-src\Source\MySql.Data\NativeDriver.cs:行号 170
--TearDown
在 MySql.Data.MySqlClient.Tests.BaseTest.Teardown() 位置 D:\TFS\SSV4.X\src_V4.3\reference\mysql-connector-net\mysql-connector-net-6.3.7-src\Tests\MySql.Data.Tests\BaseTest.cs:行号 236
]]></stack-trace>
                                </failure>
                              </test-case>
                              <test-case name="MySql.Data.MySqlClient.Tests.CommandTestsSharedMemory.CommandTests.CtorTest" executed="True" result="Error" success="False" time="5.033" asserts="1">
                                <failure>
                                  <message><![CDATA[SetUp : MySql.Data.MySqlClient.MySqlException : Unable to connect to any of the specified MySQL hosts.
  ----> System.Threading.WaitHandleCannotBeOpenedException : 不存在给定名称的句柄。
TearDown : NUnit.Framework.AssertionException :   Too many processes still running
  Expected: 0
  But was:  1
]]></message>
                                  <stack-trace><![CDATA[在 MySql.Data.MySqlClient.NativeDriver.Open() 位置 D:\TFS\SSV4.X\src_V4.3\reference\mysql-connector-net\mysql-connector-net-6.3.7-src\Source\MySql.Data\NativeDriver.cs:行号 269
在 MySql.Data.MySqlClient.Driver.Open() 位置 D:\TFS\SSV4.X\src_V4.3\reference\mysql-connector-net\mysql-connector-net-6.3.7-src\Source\MySql.Data\Driver.cs:行号 212
在 MySql.Data.MySqlClient.Driver.Create(MySqlConnectionStringBuilder settings) 位置 D:\TFS\SSV4.X\src_V4.3\reference\mysql-connector-net\mysql-connector-net-6.3.7-src\Source\MySql.Data\Driver.cs:行号 200
在 MySql.Data.MySqlClient.MySqlConnection.Open() 位置 D:\TFS\SSV4.X\src_V4.3\reference\mysql-connector-net\mysql-connector-net-6.3.7-src\Source\MySql.Data\Connection.cs:行号 514
在 MySql.Data.MySqlClient.Tests.BaseTest.Open() 位置 D:\TFS\SSV4.X\src_V4.3\reference\mysql-connector-net\mysql-connector-net-6.3.7-src\Tests\MySql.Data.Tests\BaseTest.cs:行号 174
在 MySql.Data.MySqlClient.Tests.BaseTest.Setup() 位置 D:\TFS\SSV4.X\src_V4.3\reference\mysql-connector-net\mysql-connector-net-6.3.7-src\Tests\MySql.Data.Tests\BaseTest.cs:行号 215
--WaitHandleCannotBeOpenedException
在 System.Threading.EventWaitHandle.OpenExisting(String name, EventWaitHandleRights rights)
在 MySql.Data.Common.SharedMemoryStream.GetConnectNumber(UInt32 timeOut) 位置 D:\TFS\SSV4.X\src_V4.3\reference\mysql-connector-net\mysql-connector-net-6.3.7-src\Source\MySql.Data\common\SharedMemoryStream.cs:行号 166
在 MySql.Data.Common.SharedMemoryStream.Open(UInt32 timeOut) 位置 D:\TFS\SSV4.X\src_V4.3\reference\mysql-connector-net\mysql-connector-net-6.3.7-src\Source\MySql.Data\common\SharedMemoryStream.cs:行号 120
在 MySql.Data.MySqlClient.NativeDriver.Open() 位置 D:\TFS\SSV4.X\src_V4.3\reference\mysql-connector-net\mysql-connector-net-6.3.7-src\Source\MySql.Data\NativeDriver.cs:行号 170
--TearDown
在 MySql.Data.MySqlClient.Tests.BaseTest.Teardown() 位置 D:\TFS\SSV4.X\src_V4.3\reference\mysql-connector-net\mysql-connector-net-6.3.7-src\Tests\MySql.Data.Tests\BaseTest.cs:行号 236
]]></stack-trace>
                                </failure>
                              </test-case>
                              <test-case name="MySql.Data.MySqlClient.Tests.CommandTestsSharedMemory.CommandTests.DefaultCommandTimeout" executed="True" result="Error" success="False" time="5.034" asserts="1">
                                <failure>
                                  <message><![CDATA[SetUp : MySql.Data.MySqlClient.MySqlException : Unable to connect to any of the specified MySQL hosts.
  ----> System.Threading.WaitHandleCannotBeOpenedException : 不存在给定名称的句柄。
TearDown : NUnit.Framework.AssertionException :   Too many processes still running
  Expected: 0
  But was:  1
]]></message>
                                  <stack-trace><![CDATA[在 MySql.Data.MySqlClient.NativeDriver.Open() 位置 D:\TFS\SSV4.X\src_V4.3\reference\mysql-connector-net\mysql-connector-net-6.3.7-src\Source\MySql.Data\NativeDriver.cs:行号 269
在 MySql.Data.MySqlClient.Driver.Open() 位置 D:\TFS\SSV4.X\src_V4.3\reference\mysql-connector-net\mysql-connector-net-6.3.7-src\Source\MySql.Data\Driver.cs:行号 212
在 MySql.Data.MySqlClient.Driver.Create(MySqlConnectionStringBuilder settings) 位置 D:\TFS\SSV4.X\src_V4.3\reference\mysql-connector-net\mysql-connector-net-6.3.7-src\Source\MySql.Data\Driver.cs:行号 200
在 MySql.Data.MySqlClient.MySqlConnection.Open() 位置 D:\TFS\SSV4.X\src_V4.3\reference\mysql-connector-net\mysql-connector-net-6.3.7-src\Source\MySql.Data\Connection.cs:行号 514
在 MySql.Data.MySqlClient.Tests.BaseTest.Open() 位置 D:\TFS\SSV4.X\src_V4.3\reference\mysql-connector-net\mysql-connector-net-6.3.7-src\Tests\MySql.Data.Tests\BaseTest.cs:行号 174
在 MySql.Data.MySqlClient.Tests.BaseTest.Setup() 位置 D:\TFS\SSV4.X\src_V4.3\reference\mysql-connector-net\mysql-connector-net-6.3.7-src\Tests\MySql.Data.Tests\BaseTest.cs:行号 215
--WaitHandleCannotBeOpenedException
在 System.Threading.EventWaitHandle.OpenExisting(String name, EventWaitHandleRights rights)
在 MySql.Data.Common.SharedMemoryStream.GetConnectNumber(UInt32 timeOut) 位置 D:\TFS\SSV4.X\src_V4.3\reference\mysql-connector-net\mysql-connector-net-6.3.7-src\Source\MySql.Data\common\SharedMemoryStream.cs:行号 166
在 MySql.Data.Common.SharedMemoryStream.Open(UInt32 timeOut) 位置 D:\TFS\SSV4.X\src_V4.3\reference\mysql-connector-net\mysql-connector-net-6.3.7-src\Source\MySql.Data\common\SharedMemoryStream.cs:行号 120
在 MySql.Data.MySqlClient.NativeDriver.Open() 位置 D:\TFS\SSV4.X\src_V4.3\reference\mysql-connector-net\mysql-connector-net-6.3.7-src\Source\MySql.Data\NativeDriver.cs:行号 170
--TearDown
在 MySql.Data.MySqlClient.Tests.BaseTest.Teardown() 位置 D:\TFS\SSV4.X\src_V4.3\reference\mysql-connector-net\mysql-connector-net-6.3.7-src\Tests\MySql.Data.Tests\BaseTest.cs:行号 236
]]></stack-trace>
                                </failure>
                              </test-case>
                              <test-case name="MySql.Data.MySqlClient.Tests.CommandTestsSharedMemory.CommandTests.DeleteTest" executed="True" result="Error" success="False" time="5.028" asserts="1">
                                <failure>
                                  <message><![CDATA[SetUp : MySql.Data.MySqlClient.MySqlException : Unable to connect to any of the specified MySQL hosts.
  ----> System.Threading.WaitHandleCannotBeOpenedException : 不存在给定名称的句柄。
TearDown : NUnit.Framework.AssertionException :   Too many processes still running
  Expected: 0
  But was:  1
]]></message>
                                  <stack-trace><![CDATA[在 MySql.Data.MySqlClient.NativeDriver.Open() 位置 D:\TFS\SSV4.X\src_V4.3\reference\mysql-connector-net\mysql-connector-net-6.3.7-src\Source\MySql.Data\NativeDriver.cs:行号 269
在 MySql.Data.MySqlClient.Driver.Open() 位置 D:\TFS\SSV4.X\src_V4.3\reference\mysql-connector-net\mysql-connector-net-6.3.7-src\Source\MySql.Data\Driver.cs:行号 212
在 MySql.Data.MySqlClient.Driver.Create(MySqlConnectionStringBuilder settings) 位置 D:\TFS\SSV4.X\src_V4.3\reference\mysql-connector-net\mysql-connector-net-6.3.7-src\Source\MySql.Data\Driver.cs:行号 200
在 MySql.Data.MySqlClient.MySqlConnection.Open() 位置 D:\TFS\SSV4.X\src_V4.3\reference\mysql-connector-net\mysql-connector-net-6.3.7-src\Source\MySql.Data\Connection.cs:行号 514
在 MySql.Data.MySqlClient.Tests.BaseTest.Open() 位置 D:\TFS\SSV4.X\src_V4.3\reference\mysql-connector-net\mysql-connector-net-6.3.7-src\Tests\MySql.Data.Tests\BaseTest.cs:行号 174
在 MySql.Data.MySqlClient.Tests.BaseTest.Setup() 位置 D:\TFS\SSV4.X\src_V4.3\reference\mysql-connector-net\mysql-connector-net-6.3.7-src\Tests\MySql.Data.Tests\BaseTest.cs:行号 215
--WaitHandleCannotBeOpenedException
在 System.Threading.EventWaitHandle.OpenExisting(String name, EventWaitHandleRights rights)
在 MySql.Data.Common.SharedMemoryStream.GetConnectNumber(UInt32 timeOut) 位置 D:\TFS\SSV4.X\src_V4.3\reference\mysql-connector-net\mysql-connector-net-6.3.7-src\Source\MySql.Data\common\SharedMemoryStream.cs:行号 166
在 MySql.Data.Common.SharedMemoryStream.Open(UInt32 timeOut) 位置 D:\TFS\SSV4.X\src_V4.3\reference\mysql-connector-net\mysql-connector-net-6.3.7-src\Source\MySql.Data\common\SharedMemoryStream.cs:行号 120
在 MySql.Data.MySqlClient.NativeDriver.Open() 位置 D:\TFS\SSV4.X\src_V4.3\reference\mysql-connector-net\mysql-connector-net-6.3.7-src\Source\MySql.Data\NativeDriver.cs:行号 170
--TearDown
在 MySql.Data.MySqlClient.Tests.BaseTest.Teardown() 位置 D:\TFS\SSV4.X\src_V4.3\reference\mysql-connector-net\mysql-connector-net-6.3.7-src\Tests\MySql.Data.Tests\BaseTest.cs:行号 236
]]></stack-trace>
                                </failure>
                              </test-case>
                              <test-case name="MySql.Data.MySqlClient.Tests.CommandTestsSharedMemory.CommandTests.DontAllowBatching" executed="True" result="Error" success="False" time="5.022" asserts="1">
                                <failure>
                                  <message><![CDATA[SetUp : MySql.Data.MySqlClient.MySqlException : Unable to connect to any of the specified MySQL hosts.
  ----> System.Threading.WaitHandleCannotBeOpenedException : 不存在给定名称的句柄。
TearDown : NUnit.Framework.AssertionException :   Too many processes still running
  Expected: 0
  But was:  1
]]></message>
                                  <stack-trace><![CDATA[在 MySql.Data.MySqlClient.NativeDriver.Open() 位置 D:\TFS\SSV4.X\src_V4.3\reference\mysql-connector-net\mysql-connector-net-6.3.7-src\Source\MySql.Data\NativeDriver.cs:行号 269
在 MySql.Data.MySqlClient.Driver.Open() 位置 D:\TFS\SSV4.X\src_V4.3\reference\mysql-connector-net\mysql-connector-net-6.3.7-src\Source\MySql.Data\Driver.cs:行号 212
在 MySql.Data.MySqlClient.Driver.Create(MySqlConnectionStringBuilder settings) 位置 D:\TFS\SSV4.X\src_V4.3\reference\mysql-connector-net\mysql-connector-net-6.3.7-src\Source\MySql.Data\Driver.cs:行号 200
在 MySql.Data.MySqlClient.MySqlConnection.Open() 位置 D:\TFS\SSV4.X\src_V4.3\reference\mysql-connector-net\mysql-connector-net-6.3.7-src\Source\MySql.Data\Connection.cs:行号 514
在 MySql.Data.MySqlClient.Tests.BaseTest.Open() 位置 D:\TFS\SSV4.X\src_V4.3\reference\mysql-connector-net\mysql-connector-net-6.3.7-src\Tests\MySql.Data.Tests\BaseTest.cs:行号 174
在 MySql.Data.MySqlClient.Tests.BaseTest.Setup() 位置 D:\TFS\SSV4.X\src_V4.3\reference\mysql-connector-net\mysql-connector-net-6.3.7-src\Tests\MySql.Data.Tests\BaseTest.cs:行号 215
--WaitHandleCannotBeOpenedException
在 System.Threading.EventWaitHandle.OpenExisting(String name, EventWaitHandleRights rights)
在 MySql.Data.Common.SharedMemoryStream.GetConnectNumber(UInt32 timeOut) 位置 D:\TFS\SSV4.X\src_V4.3\reference\mysql-connector-net\mysql-connector-net-6.3.7-src\Source\MySql.Data\common\SharedMemoryStream.cs:行号 166
在 MySql.Data.Common.SharedMemoryStream.Open(UInt32 timeOut) 位置 D:\TFS\SSV4.X\src_V4.3\reference\mysql-connector-net\mysql-connector-net-6.3.7-src\Source\MySql.Data\common\SharedMemoryStream.cs:行号 120
在 MySql.Data.MySqlClient.NativeDriver.Open() 位置 D:\TFS\SSV4.X\src_V4.3\reference\mysql-connector-net\mysql-connector-net-6.3.7-src\Source\MySql.Data\NativeDriver.cs:行号 170
--TearDown
在 MySql.Data.MySqlClient.Tests.BaseTest.Teardown() 位置 D:\TFS\SSV4.X\src_V4.3\reference\mysql-connector-net\mysql-connector-net-6.3.7-src\Tests\MySql.Data.Tests\BaseTest.cs:行号 236
]]></stack-trace>
                                </failure>
                              </test-case>
                              <test-case name="MySql.Data.MySqlClient.Tests.CommandTestsSharedMemory.CommandTests.EmptyOrJustSemiCommand" executed="True" result="Error" success="False" time="5.052" asserts="1">
                                <failure>
                                  <message><![CDATA[SetUp : MySql.Data.MySqlClient.MySqlException : Unable to connect to any of the specified MySQL hosts.
  ----> System.Threading.WaitHandleCannotBeOpenedException : 不存在给定名称的句柄。
TearDown : NUnit.Framework.AssertionException :   Too many processes still running
  Expected: 0
  But was:  1
]]></message>
                                  <stack-trace><![CDATA[在 MySql.Data.MySqlClient.NativeDriver.Open() 位置 D:\TFS\SSV4.X\src_V4.3\reference\mysql-connector-net\mysql-connector-net-6.3.7-src\Source\MySql.Data\NativeDriver.cs:行号 269
在 MySql.Data.MySqlClient.Driver.Open() 位置 D:\TFS\SSV4.X\src_V4.3\reference\mysql-connector-net\mysql-connector-net-6.3.7-src\Source\MySql.Data\Driver.cs:行号 212
在 MySql.Data.MySqlClient.Driver.Create(MySqlConnectionStringBuilder settings) 位置 D:\TFS\SSV4.X\src_V4.3\reference\mysql-connector-net\mysql-connector-net-6.3.7-src\Source\MySql.Data\Driver.cs:行号 200
在 MySql.Data.MySqlClient.MySqlConnection.Open() 位置 D:\TFS\SSV4.X\src_V4.3\reference\mysql-connector-net\mysql-connector-net-6.3.7-src\Source\MySql.Data\Connection.cs:行号 514
在 MySql.Data.MySqlClient.Tests.BaseTest.Open() 位置 D:\TFS\SSV4.X\src_V4.3\reference\mysql-connector-net\mysql-connector-net-6.3.7-src\Tests\MySql.Data.Tests\BaseTest.cs:行号 174
在 MySql.Data.MySqlClient.Tests.BaseTest.Setup() 位置 D:\TFS\SSV4.X\src_V4.3\reference\mysql-connector-net\mysql-connector-net-6.3.7-src\Tests\MySql.Data.Tests\BaseTest.cs:行号 215
--WaitHandleCannotBeOpenedException
在 System.Threading.EventWaitHandle.OpenExisting(String name, EventWaitHandleRights rights)
在 MySql.Data.Common.SharedMemoryStream.GetConnectNumber(UInt32 timeOut) 位置 D:\TFS\SSV4.X\src_V4.3\reference\mysql-connector-net\mysql-connector-net-6.3.7-src\Source\MySql.Data\common\SharedMemoryStream.cs:行号 166
在 MySql.Data.Common.SharedMemoryStream.Open(UInt32 timeOut) 位置 D:\TFS\SSV4.X\src_V4.3\reference\mysql-connector-net\mysql-connector-net-6.3.7-src\Source\MySql.Data\common\SharedMemoryStream.cs:行号 120
在 MySql.Data.MySqlClient.NativeDriver.Open() 位置 D:\TFS\SSV4.X\src_V4.3\reference\mysql-connector-net\mysql-connector-net-6.3.7-src\Source\MySql.Data\NativeDriver.cs:行号 170
--TearDown
在 MySql.Data.MySqlClient.Tests.BaseTest.Teardown() 位置 D:\TFS\SSV4.X\src_V4.3\reference\mysql-connector-net\mysql-connector-net-6.3.7-src\Tests\MySql.Data.Tests\BaseTest.cs:行号 236
]]></stack-trace>
                                </failure>
                              </test-case>
                              <test-case name="MySql.Data.MySqlClient.Tests.CommandTestsSharedMemory.CommandTests.ExecuteReaderReturnsReaderAfterCancel" executed="True" result="Error" success="False" time="5.017" asserts="1">
                                <failure>
                                  <message><![CDATA[SetUp : MySql.Data.MySqlClient.MySqlException : Unable to connect to any of the specified MySQL hosts.
  ----> System.Threading.WaitHandleCannotBeOpenedException : 不存在给定名称的句柄。
TearDown : NUnit.Framework.AssertionException :   Too many processes still running
  Expected: 0
  But was:  1
]]></message>
                                  <stack-trace><![CDATA[在 MySql.Data.MySqlClient.NativeDriver.Open() 位置 D:\TFS\SSV4.X\src_V4.3\reference\mysql-connector-net\mysql-connector-net-6.3.7-src\Source\MySql.Data\NativeDriver.cs:行号 269
在 MySql.Data.MySqlClient.Driver.Open() 位置 D:\TFS\SSV4.X\src_V4.3\reference\mysql-connector-net\mysql-connector-net-6.3.7-src\Source\MySql.Data\Driver.cs:行号 212
在 MySql.Data.MySqlClient.Driver.Create(MySqlConnectionStringBuilder settings) 位置 D:\TFS\SSV4.X\src_V4.3\reference\mysql-connector-net\mysql-connector-net-6.3.7-src\Source\MySql.Data\Driver.cs:行号 200
在 MySql.Data.MySqlClient.MySqlConnection.Open() 位置 D:\TFS\SSV4.X\src_V4.3\reference\mysql-connector-net\mysql-connector-net-6.3.7-src\Source\MySql.Data\Connection.cs:行号 514
在 MySql.Data.MySqlClient.Tests.BaseTest.Open() 位置 D:\TFS\SSV4.X\src_V4.3\reference\mysql-connector-net\mysql-connector-net-6.3.7-src\Tests\MySql.Data.Tests\BaseTest.cs:行号 174
在 MySql.Data.MySqlClient.Tests.BaseTest.Setup() 位置 D:\TFS\SSV4.X\src_V4.3\reference\mysql-connector-net\mysql-connector-net-6.3.7-src\Tests\MySql.Data.Tests\BaseTest.cs:行号 215
--WaitHandleCannotBeOpenedException
在 System.Threading.EventWaitHandle.OpenExisting(String name, EventWaitHandleRights rights)
在 MySql.Data.Common.SharedMemoryStream.GetConnectNumber(UInt32 timeOut) 位置 D:\TFS\SSV4.X\src_V4.3\reference\mysql-connector-net\mysql-connector-net-6.3.7-src\Source\MySql.Data\common\SharedMemoryStream.cs:行号 166
在 MySql.Data.Common.SharedMemoryStream.Open(UInt32 timeOut) 位置 D:\TFS\SSV4.X\src_V4.3\reference\mysql-connector-net\mysql-connector-net-6.3.7-src\Source\MySql.Data\common\SharedMemoryStream.cs:行号 120
在 MySql.Data.MySqlClient.NativeDriver.Open() 位置 D:\TFS\SSV4.X\src_V4.3\reference\mysql-connector-net\mysql-connector-net-6.3.7-src\Source\MySql.Data\NativeDriver.cs:行号 170
--TearDown
在 MySql.Data.MySqlClient.Tests.BaseTest.Teardown() 位置 D:\TFS\SSV4.X\src_V4.3\reference\mysql-connector-net\mysql-connector-net-6.3.7-src\Tests\MySql.Data.Tests\BaseTest.cs:行号 236
]]></stack-trace>
                                </failure>
                              </test-case>
                              <test-case name="MySql.Data.MySqlClient.Tests.CommandTestsSharedMemory.CommandTests.ExecuteWithOneBadQuery" executed="True" result="Error" success="False" time="5.021" asserts="1">
                                <failure>
                                  <message><![CDATA[SetUp : MySql.Data.MySqlClient.MySqlException : Unable to connect to any of the specified MySQL hosts.
  ----> System.Threading.WaitHandleCannotBeOpenedException : 不存在给定名称的句柄。
TearDown : NUnit.Framework.AssertionException :   Too many processes still running
  Expected: 0
  But was:  1
]]></message>
                                  <stack-trace><![CDATA[在 MySql.Data.MySqlClient.NativeDriver.Open() 位置 D:\TFS\SSV4.X\src_V4.3\reference\mysql-connector-net\mysql-connector-net-6.3.7-src\Source\MySql.Data\NativeDriver.cs:行号 269
在 MySql.Data.MySqlClient.Driver.Open() 位置 D:\TFS\SSV4.X\src_V4.3\reference\mysql-connector-net\mysql-connector-net-6.3.7-src\Source\MySql.Data\Driver.cs:行号 212
在 MySql.Data.MySqlClient.Driver.Create(MySqlConnectionStringBuilder settings) 位置 D:\TFS\SSV4.X\src_V4.3\reference\mysql-connector-net\mysql-connector-net-6.3.7-src\Source\MySql.Data\Driver.cs:行号 200
在 MySql.Data.MySqlClient.MySqlConnection.Open() 位置 D:\TFS\SSV4.X\src_V4.3\reference\mysql-connector-net\mysql-connector-net-6.3.7-src\Source\MySql.Data\Connection.cs:行号 514
在 MySql.Data.MySqlClient.Tests.BaseTest.Open() 位置 D:\TFS\SSV4.X\src_V4.3\reference\mysql-connector-net\mysql-connector-net-6.3.7-src\Tests\MySql.Data.Tests\BaseTest.cs:行号 174
在 MySql.Data.MySqlClient.Tests.BaseTest.Setup() 位置 D:\TFS\SSV4.X\src_V4.3\reference\mysql-connector-net\mysql-connector-net-6.3.7-src\Tests\MySql.Data.Tests\BaseTest.cs:行号 215
--WaitHandleCannotBeOpenedException
在 System.Threading.EventWaitHandle.OpenExisting(String name, EventWaitHandleRights rights)
在 MySql.Data.Common.SharedMemoryStream.GetConnectNumber(UInt32 timeOut) 位置 D:\TFS\SSV4.X\src_V4.3\reference\mysql-connector-net\mysql-connector-net-6.3.7-src\Source\MySql.Data\common\SharedMemoryStream.cs:行号 166
在 MySql.Data.Common.SharedMemoryStream.Open(UInt32 timeOut) 位置 D:\TFS\SSV4.X\src_V4.3\reference\mysql-connector-net\mysql-connector-net-6.3.7-src\Source\MySql.Data\common\SharedMemoryStream.cs:行号 120
在 MySql.Data.MySqlClient.NativeDriver.Open() 位置 D:\TFS\SSV4.X\src_V4.3\reference\mysql-connector-net\mysql-connector-net-6.3.7-src\Source\MySql.Data\NativeDriver.cs:行号 170
--TearDown
在 MySql.Data.MySqlClient.Tests.BaseTest.Teardown() 位置 D:\TFS\SSV4.X\src_V4.3\reference\mysql-connector-net\mysql-connector-net-6.3.7-src\Tests\MySql.Data.Tests\BaseTest.cs:行号 236
]]></stack-trace>
                                </failure>
                              </test-case>
                              <test-case name="MySql.Data.MySqlClient.Tests.CommandTestsSharedMemory.CommandTests.GenWarnings" executed="True" result="Error" success="False" time="5.020" asserts="1">
                                <failure>
                                  <message><![CDATA[SetUp : MySql.Data.MySqlClient.MySqlException : Unable to connect to any of the specified MySQL hosts.
  ----> System.Threading.WaitHandleCannotBeOpenedException : 不存在给定名称的句柄。
TearDown : NUnit.Framework.AssertionException :   Too many processes still running
  Expected: 0
  But was:  1
]]></message>
                                  <stack-trace><![CDATA[在 MySql.Data.MySqlClient.NativeDriver.Open() 位置 D:\TFS\SSV4.X\src_V4.3\reference\mysql-connector-net\mysql-connector-net-6.3.7-src\Source\MySql.Data\NativeDriver.cs:行号 269
在 MySql.Data.MySqlClient.Driver.Open() 位置 D:\TFS\SSV4.X\src_V4.3\reference\mysql-connector-net\mysql-connector-net-6.3.7-src\Source\MySql.Data\Driver.cs:行号 212
在 MySql.Data.MySqlClient.Driver.Create(MySqlConnectionStringBuilder settings) 位置 D:\TFS\SSV4.X\src_V4.3\reference\mysql-connector-net\mysql-connector-net-6.3.7-src\Source\MySql.Data\Driver.cs:行号 200
在 MySql.Data.MySqlClient.MySqlConnection.Open() 位置 D:\TFS\SSV4.X\src_V4.3\reference\mysql-connector-net\mysql-connector-net-6.3.7-src\Source\MySql.Data\Connection.cs:行号 514
在 MySql.Data.MySqlClient.Tests.BaseTest.Open() 位置 D:\TFS\SSV4.X\src_V4.3\reference\mysql-connector-net\mysql-connector-net-6.3.7-src\Tests\MySql.Data.Tests\BaseTest.cs:行号 174
在 MySql.Data.MySqlClient.Tests.BaseTest.Setup() 位置 D:\TFS\SSV4.X\src_V4.3\reference\mysql-connector-net\mysql-connector-net-6.3.7-src\Tests\MySql.Data.Tests\BaseTest.cs:行号 215
--WaitHandleCannotBeOpenedException
在 System.Threading.EventWaitHandle.OpenExisting(String name, EventWaitHandleRights rights)
在 MySql.Data.Common.SharedMemoryStream.GetConnectNumber(UInt32 timeOut) 位置 D:\TFS\SSV4.X\src_V4.3\reference\mysql-connector-net\mysql-connector-net-6.3.7-src\Source\MySql.Data\common\SharedMemoryStream.cs:行号 166
在 MySql.Data.Common.SharedMemoryStream.Open(UInt32 timeOut) 位置 D:\TFS\SSV4.X\src_V4.3\reference\mysql-connector-net\mysql-connector-net-6.3.7-src\Source\MySql.Data\common\SharedMemoryStream.cs:行号 120
在 MySql.Data.MySqlClient.NativeDriver.Open() 位置 D:\TFS\SSV4.X\src_V4.3\reference\mysql-connector-net\mysql-connector-net-6.3.7-src\Source\MySql.Data\NativeDriver.cs:行号 170
--TearDown
在 MySql.Data.MySqlClient.Tests.BaseTest.Teardown() 位置 D:\TFS\SSV4.X\src_V4.3\reference\mysql-connector-net\mysql-connector-net-6.3.7-src\Tests\MySql.Data.Tests\BaseTest.cs:行号 236
]]></stack-trace>
                                </failure>
                              </test-case>
                              <test-case name="MySql.Data.MySqlClient.Tests.CommandTestsSharedMemory.CommandTests.HelperTest" executed="True" result="Error" success="False" time="5.022" asserts="1">
                                <failure>
                                  <message><![CDATA[SetUp : MySql.Data.MySqlClient.MySqlException : Unable to connect to any of the specified MySQL hosts.
  ----> System.Threading.WaitHandleCannotBeOpenedException : 不存在给定名称的句柄。
TearDown : NUnit.Framework.AssertionException :   Too many processes still running
  Expected: 0
  But was:  1
]]></message>
                                  <stack-trace><![CDATA[在 MySql.Data.MySqlClient.NativeDriver.Open() 位置 D:\TFS\SSV4.X\src_V4.3\reference\mysql-connector-net\mysql-connector-net-6.3.7-src\Source\MySql.Data\NativeDriver.cs:行号 269
在 MySql.Data.MySqlClient.Driver.Open() 位置 D:\TFS\SSV4.X\src_V4.3\reference\mysql-connector-net\mysql-connector-net-6.3.7-src\Source\MySql.Data\Driver.cs:行号 212
在 MySql.Data.MySqlClient.Driver.Create(MySqlConnectionStringBuilder settings) 位置 D:\TFS\SSV4.X\src_V4.3\reference\mysql-connector-net\mysql-connector-net-6.3.7-src\Source\MySql.Data\Driver.cs:行号 200
在 MySql.Data.MySqlClient.MySqlConnection.Open() 位置 D:\TFS\SSV4.X\src_V4.3\reference\mysql-connector-net\mysql-connector-net-6.3.7-src\Source\MySql.Data\Connection.cs:行号 514
在 MySql.Data.MySqlClient.Tests.BaseTest.Open() 位置 D:\TFS\SSV4.X\src_V4.3\reference\mysql-connector-net\mysql-connector-net-6.3.7-src\Tests\MySql.Data.Tests\BaseTest.cs:行号 174
在 MySql.Data.MySqlClient.Tests.BaseTest.Setup() 位置 D:\TFS\SSV4.X\src_V4.3\reference\mysql-connector-net\mysql-connector-net-6.3.7-src\Tests\MySql.Data.Tests\BaseTest.cs:行号 215
--WaitHandleCannotBeOpenedException
在 System.Threading.EventWaitHandle.OpenExisting(String name, EventWaitHandleRights rights)
在 MySql.Data.Common.SharedMemoryStream.GetConnectNumber(UInt32 timeOut) 位置 D:\TFS\SSV4.X\src_V4.3\reference\mysql-connector-net\mysql-connector-net-6.3.7-src\Source\MySql.Data\common\SharedMemoryStream.cs:行号 166
在 MySql.Data.Common.SharedMemoryStream.Open(UInt32 timeOut) 位置 D:\TFS\SSV4.X\src_V4.3\reference\mysql-connector-net\mysql-connector-net-6.3.7-src\Source\MySql.Data\common\SharedMemoryStream.cs:行号 120
在 MySql.Data.MySqlClient.NativeDriver.Open() 位置 D:\TFS\SSV4.X\src_V4.3\reference\mysql-connector-net\mysql-connector-net-6.3.7-src\Source\MySql.Data\NativeDriver.cs:行号 170
--TearDown
在 MySql.Data.MySqlClient.Tests.BaseTest.Teardown() 位置 D:\TFS\SSV4.X\src_V4.3\reference\mysql-connector-net\mysql-connector-net-6.3.7-src\Tests\MySql.Data.Tests\BaseTest.cs:行号 236
]]></stack-trace>
                                </failure>
                              </test-case>
                              <test-case name="MySql.Data.MySqlClient.Tests.CommandTestsSharedMemory.CommandTests.InsertingPreparedNulls" executed="True" result="Error" success="False" time="5.023" asserts="1">
                                <failure>
                                  <message><![CDATA[SetUp : MySql.Data.MySqlClient.MySqlException : Unable to connect to any of the specified MySQL hosts.
  ----> System.Threading.WaitHandleCannotBeOpenedException : 不存在给定名称的句柄。
TearDown : NUnit.Framework.AssertionException :   Too many processes still running
  Expected: 0
  But was:  1
]]></message>
                                  <stack-trace><![CDATA[在 MySql.Data.MySqlClient.NativeDriver.Open() 位置 D:\TFS\SSV4.X\src_V4.3\reference\mysql-connector-net\mysql-connector-net-6.3.7-src\Source\MySql.Data\NativeDriver.cs:行号 269
在 MySql.Data.MySqlClient.Driver.Open() 位置 D:\TFS\SSV4.X\src_V4.3\reference\mysql-connector-net\mysql-connector-net-6.3.7-src\Source\MySql.Data\Driver.cs:行号 212
在 MySql.Data.MySqlClient.Driver.Create(MySqlConnectionStringBuilder settings) 位置 D:\TFS\SSV4.X\src_V4.3\reference\mysql-connector-net\mysql-connector-net-6.3.7-src\Source\MySql.Data\Driver.cs:行号 200
在 MySql.Data.MySqlClient.MySqlConnection.Open() 位置 D:\TFS\SSV4.X\src_V4.3\reference\mysql-connector-net\mysql-connector-net-6.3.7-src\Source\MySql.Data\Connection.cs:行号 514
在 MySql.Data.MySqlClient.Tests.BaseTest.Open() 位置 D:\TFS\SSV4.X\src_V4.3\reference\mysql-connector-net\mysql-connector-net-6.3.7-src\Tests\MySql.Data.Tests\BaseTest.cs:行号 174
在 MySql.Data.MySqlClient.Tests.BaseTest.Setup() 位置 D:\TFS\SSV4.X\src_V4.3\reference\mysql-connector-net\mysql-connector-net-6.3.7-src\Tests\MySql.Data.Tests\BaseTest.cs:行号 215
--WaitHandleCannotBeOpenedException
在 System.Threading.EventWaitHandle.OpenExisting(String name, EventWaitHandleRights rights)
在 MySql.Data.Common.SharedMemoryStream.GetConnectNumber(UInt32 timeOut) 位置 D:\TFS\SSV4.X\src_V4.3\reference\mysql-connector-net\mysql-connector-net-6.3.7-src\Source\MySql.Data\common\SharedMemoryStream.cs:行号 166
在 MySql.Data.Common.SharedMemoryStream.Open(UInt32 timeOut) 位置 D:\TFS\SSV4.X\src_V4.3\reference\mysql-connector-net\mysql-connector-net-6.3.7-src\Source\MySql.Data\common\SharedMemoryStream.cs:行号 120
在 MySql.Data.MySqlClient.NativeDriver.Open() 位置 D:\TFS\SSV4.X\src_V4.3\reference\mysql-connector-net\mysql-connector-net-6.3.7-src\Source\MySql.Data\NativeDriver.cs:行号 170
--TearDown
在 MySql.Data.MySqlClient.Tests.BaseTest.Teardown() 位置 D:\TFS\SSV4.X\src_V4.3\reference\mysql-connector-net\mysql-connector-net-6.3.7-src\Tests\MySql.Data.Tests\BaseTest.cs:行号 236
]]></stack-trace>
                                </failure>
                              </test-case>
                              <test-case name="MySql.Data.MySqlClient.Tests.CommandTestsSharedMemory.CommandTests.InsertTest" executed="True" result="Error" success="False" time="5.030" asserts="1">
                                <failure>
                                  <message><![CDATA[SetUp : MySql.Data.MySqlClient.MySqlException : Unable to connect to any of the specified MySQL hosts.
  ----> System.Threading.WaitHandleCannotBeOpenedException : 不存在给定名称的句柄。
TearDown : NUnit.Framework.AssertionException :   Too many processes still running
  Expected: 0
  But was:  1
]]></message>
                                  <stack-trace><![CDATA[在 MySql.Data.MySqlClient.NativeDriver.Open() 位置 D:\TFS\SSV4.X\src_V4.3\reference\mysql-connector-net\mysql-connector-net-6.3.7-src\Source\MySql.Data\NativeDriver.cs:行号 269
在 MySql.Data.MySqlClient.Driver.Open() 位置 D:\TFS\SSV4.X\src_V4.3\reference\mysql-connector-net\mysql-connector-net-6.3.7-src\Source\MySql.Data\Driver.cs:行号 212
在 MySql.Data.MySqlClient.Driver.Create(MySqlConnectionStringBuilder settings) 位置 D:\TFS\SSV4.X\src_V4.3\reference\mysql-connector-net\mysql-connector-net-6.3.7-src\Source\MySql.Data\Driver.cs:行号 200
在 MySql.Data.MySqlClient.MySqlConnection.Open() 位置 D:\TFS\SSV4.X\src_V4.3\reference\mysql-connector-net\mysql-connector-net-6.3.7-src\Source\MySql.Data\Connection.cs:行号 514
在 MySql.Data.MySqlClient.Tests.BaseTest.Open() 位置 D:\TFS\SSV4.X\src_V4.3\reference\mysql-connector-net\mysql-connector-net-6.3.7-src\Tests\MySql.Data.Tests\BaseTest.cs:行号 174
在 MySql.Data.MySqlClient.Tests.BaseTest.Setup() 位置 D:\TFS\SSV4.X\src_V4.3\reference\mysql-connector-net\mysql-connector-net-6.3.7-src\Tests\MySql.Data.Tests\BaseTest.cs:行号 215
--WaitHandleCannotBeOpenedException
在 System.Threading.EventWaitHandle.OpenExisting(String name, EventWaitHandleRights rights)
在 MySql.Data.Common.SharedMemoryStream.GetConnectNumber(UInt32 timeOut) 位置 D:\TFS\SSV4.X\src_V4.3\reference\mysql-connector-net\mysql-connector-net-6.3.7-src\Source\MySql.Data\common\SharedMemoryStream.cs:行号 166
在 MySql.Data.Common.SharedMemoryStream.Open(UInt32 timeOut) 位置 D:\TFS\SSV4.X\src_V4.3\reference\mysql-connector-net\mysql-connector-net-6.3.7-src\Source\MySql.Data\common\SharedMemoryStream.cs:行号 120
在 MySql.Data.MySqlClient.NativeDriver.Open() 位置 D:\TFS\SSV4.X\src_V4.3\reference\mysql-connector-net\mysql-connector-net-6.3.7-src\Source\MySql.Data\NativeDriver.cs:行号 170
--TearDown
在 MySql.Data.MySqlClient.Tests.BaseTest.Teardown() 位置 D:\TFS\SSV4.X\src_V4.3\reference\mysql-connector-net\mysql-connector-net-6.3.7-src\Tests\MySql.Data.Tests\BaseTest.cs:行号 236
]]></stack-trace>
                                </failure>
                              </test-case>
                              <test-case name="MySql.Data.MySqlClient.Tests.CommandTestsSharedMemory.CommandTests.PreparedInsertUsingReader" executed="True" result="Error" success="False" time="5.018" asserts="1">
                                <failure>
                                  <message><![CDATA[SetUp : MySql.Data.MySqlClient.MySqlException : Unable to connect to any of the specified MySQL hosts.
  ----> System.Threading.WaitHandleCannotBeOpenedException : 不存在给定名称的句柄。
TearDown : NUnit.Framework.AssertionException :   Too many processes still running
  Expected: 0
  But was:  1
]]></message>
                                  <stack-trace><![CDATA[在 MySql.Data.MySqlClient.NativeDriver.Open() 位置 D:\TFS\SSV4.X\src_V4.3\reference\mysql-connector-net\mysql-connector-net-6.3.7-src\Source\MySql.Data\NativeDriver.cs:行号 269
在 MySql.Data.MySqlClient.Driver.Open() 位置 D:\TFS\SSV4.X\src_V4.3\reference\mysql-connector-net\mysql-connector-net-6.3.7-src\Source\MySql.Data\Driver.cs:行号 212
在 MySql.Data.MySqlClient.Driver.Create(MySqlConnectionStringBuilder settings) 位置 D:\TFS\SSV4.X\src_V4.3\reference\mysql-connector-net\mysql-connector-net-6.3.7-src\Source\MySql.Data\Driver.cs:行号 200
在 MySql.Data.MySqlClient.MySqlConnection.Open() 位置 D:\TFS\SSV4.X\src_V4.3\reference\mysql-connector-net\mysql-connector-net-6.3.7-src\Source\MySql.Data\Connection.cs:行号 514
在 MySql.Data.MySqlClient.Tests.BaseTest.Open() 位置 D:\TFS\SSV4.X\src_V4.3\reference\mysql-connector-net\mysql-connector-net-6.3.7-src\Tests\MySql.Data.Tests\BaseTest.cs:行号 174
在 MySql.Data.MySqlClient.Tests.BaseTest.Setup() 位置 D:\TFS\SSV4.X\src_V4.3\reference\mysql-connector-net\mysql-connector-net-6.3.7-src\Tests\MySql.Data.Tests\BaseTest.cs:行号 215
--WaitHandleCannotBeOpenedException
在 System.Threading.EventWaitHandle.OpenExisting(String name, EventWaitHandleRights rights)
在 MySql.Data.Common.SharedMemoryStream.GetConnectNumber(UInt32 timeOut) 位置 D:\TFS\SSV4.X\src_V4.3\reference\mysql-connector-net\mysql-connector-net-6.3.7-src\Source\MySql.Data\common\SharedMemoryStream.cs:行号 166
在 MySql.Data.Common.SharedMemoryStream.Open(UInt32 timeOut) 位置 D:\TFS\SSV4.X\src_V4.3\reference\mysql-connector-net\mysql-connector-net-6.3.7-src\Source\MySql.Data\common\SharedMemoryStream.cs:行号 120
在 MySql.Data.MySqlClient.NativeDriver.Open() 位置 D:\TFS\SSV4.X\src_V4.3\reference\mysql-connector-net\mysql-connector-net-6.3.7-src\Source\MySql.Data\NativeDriver.cs:行号 170
--TearDown
在 MySql.Data.MySqlClient.Tests.BaseTest.Teardown() 位置 D:\TFS\SSV4.X\src_V4.3\reference\mysql-connector-net\mysql-connector-net-6.3.7-src\Tests\MySql.Data.Tests\BaseTest.cs:行号 236
]]></stack-trace>
                                </failure>
                              </test-case>
                              <test-case name="MySql.Data.MySqlClient.Tests.CommandTestsSharedMemory.CommandTests.SetNullConnection" executed="True" result="Error" success="False" time="5.035" asserts="1">
                                <failure>
                                  <message><![CDATA[SetUp : MySql.Data.MySqlClient.MySqlException : Unable to connect to any of the specified MySQL hosts.
  ----> System.Threading.WaitHandleCannotBeOpenedException : 不存在给定名称的句柄。
TearDown : NUnit.Framework.AssertionException :   Too many processes still running
  Expected: 0
  But was:  1
]]></message>
                                  <stack-trace><![CDATA[在 MySql.Data.MySqlClient.NativeDriver.Open() 位置 D:\TFS\SSV4.X\src_V4.3\reference\mysql-connector-net\mysql-connector-net-6.3.7-src\Source\MySql.Data\NativeDriver.cs:行号 269
在 MySql.Data.MySqlClient.Driver.Open() 位置 D:\TFS\SSV4.X\src_V4.3\reference\mysql-connector-net\mysql-connector-net-6.3.7-src\Source\MySql.Data\Driver.cs:行号 212
在 MySql.Data.MySqlClient.Driver.Create(MySqlConnectionStringBuilder settings) 位置 D:\TFS\SSV4.X\src_V4.3\reference\mysql-connector-net\mysql-connector-net-6.3.7-src\Source\MySql.Data\Driver.cs:行号 200
在 MySql.Data.MySqlClient.MySqlConnection.Open() 位置 D:\TFS\SSV4.X\src_V4.3\reference\mysql-connector-net\mysql-connector-net-6.3.7-src\Source\MySql.Data\Connection.cs:行号 514
在 MySql.Data.MySqlClient.Tests.BaseTest.Open() 位置 D:\TFS\SSV4.X\src_V4.3\reference\mysql-connector-net\mysql-connector-net-6.3.7-src\Tests\MySql.Data.Tests\BaseTest.cs:行号 174
在 MySql.Data.MySqlClient.Tests.BaseTest.Setup() 位置 D:\TFS\SSV4.X\src_V4.3\reference\mysql-connector-net\mysql-connector-net-6.3.7-src\Tests\MySql.Data.Tests\BaseTest.cs:行号 215
--WaitHandleCannotBeOpenedException
在 System.Threading.EventWaitHandle.OpenExisting(String name, EventWaitHandleRights rights)
在 MySql.Data.Common.SharedMemoryStream.GetConnectNumber(UInt32 timeOut) 位置 D:\TFS\SSV4.X\src_V4.3\reference\mysql-connector-net\mysql-connector-net-6.3.7-src\Source\MySql.Data\common\SharedMemoryStream.cs:行号 166
在 MySql.Data.Common.SharedMemoryStream.Open(UInt32 timeOut) 位置 D:\TFS\SSV4.X\src_V4.3\reference\mysql-connector-net\mysql-connector-net-6.3.7-src\Source\MySql.Data\common\SharedMemoryStream.cs:行号 120
在 MySql.Data.MySqlClient.NativeDriver.Open() 位置 D:\TFS\SSV4.X\src_V4.3\reference\mysql-connector-net\mysql-connector-net-6.3.7-src\Source\MySql.Data\NativeDriver.cs:行号 170
--TearDown
在 MySql.Data.MySqlClient.Tests.BaseTest.Teardown() 位置 D:\TFS\SSV4.X\src_V4.3\reference\mysql-connector-net\mysql-connector-net-6.3.7-src\Tests\MySql.Data.Tests\BaseTest.cs:行号 236
]]></stack-trace>
                                </failure>
                              </test-case>
                              <test-case name="MySql.Data.MySqlClient.Tests.CommandTestsSharedMemory.CommandTests.SqlInjection1" executed="True" result="Error" success="False" time="5.021" asserts="1">
                                <failure>
                                  <message><![CDATA[SetUp : MySql.Data.MySqlClient.MySqlException : Unable to connect to any of the specified MySQL hosts.
  ----> System.Threading.WaitHandleCannotBeOpenedException : 不存在给定名称的句柄。
TearDown : NUnit.Framework.AssertionException :   Too many processes still running
  Expected: 0
  But was:  1
]]></message>
                                  <stack-trace><![CDATA[在 MySql.Data.MySqlClient.NativeDriver.Open() 位置 D:\TFS\SSV4.X\src_V4.3\reference\mysql-connector-net\mysql-connector-net-6.3.7-src\Source\MySql.Data\NativeDriver.cs:行号 269
在 MySql.Data.MySqlClient.Driver.Open() 位置 D:\TFS\SSV4.X\src_V4.3\reference\mysql-connector-net\mysql-connector-net-6.3.7-src\Source\MySql.Data\Driver.cs:行号 212
在 MySql.Data.MySqlClient.Driver.Create(MySqlConnectionStringBuilder settings) 位置 D:\TFS\SSV4.X\src_V4.3\reference\mysql-connector-net\mysql-connector-net-6.3.7-src\Source\MySql.Data\Driver.cs:行号 200
在 MySql.Data.MySqlClient.MySqlConnection.Open() 位置 D:\TFS\SSV4.X\src_V4.3\reference\mysql-connector-net\mysql-connector-net-6.3.7-src\Source\MySql.Data\Connection.cs:行号 514
在 MySql.Data.MySqlClient.Tests.BaseTest.Open() 位置 D:\TFS\SSV4.X\src_V4.3\reference\mysql-connector-net\mysql-connector-net-6.3.7-src\Tests\MySql.Data.Tests\BaseTest.cs:行号 174
在 MySql.Data.MySqlClient.Tests.BaseTest.Setup() 位置 D:\TFS\SSV4.X\src_V4.3\reference\mysql-connector-net\mysql-connector-net-6.3.7-src\Tests\MySql.Data.Tests\BaseTest.cs:行号 215
--WaitHandleCannotBeOpenedException
在 System.Threading.EventWaitHandle.OpenExisting(String name, EventWaitHandleRights rights)
在 MySql.Data.Common.SharedMemoryStream.GetConnectNumber(UInt32 timeOut) 位置 D:\TFS\SSV4.X\src_V4.3\reference\mysql-connector-net\mysql-connector-net-6.3.7-src\Source\MySql.Data\common\SharedMemoryStream.cs:行号 166
在 MySql.Data.Common.SharedMemoryStream.Open(UInt32 timeOut) 位置 D:\TFS\SSV4.X\src_V4.3\reference\mysql-connector-net\mysql-connector-net-6.3.7-src\Source\MySql.Data\common\SharedMemoryStream.cs:行号 120
在 MySql.Data.MySqlClient.NativeDriver.Open() 位置 D:\TFS\SSV4.X\src_V4.3\reference\mysql-connector-net\mysql-connector-net-6.3.7-src\Source\MySql.Data\NativeDriver.cs:行号 170
--TearDown
在 MySql.Data.MySqlClient.Tests.BaseTest.Teardown() 位置 D:\TFS\SSV4.X\src_V4.3\reference\mysql-connector-net\mysql-connector-net-6.3.7-src\Tests\MySql.Data.Tests\BaseTest.cs:行号 236
]]></stack-trace>
                                </failure>
                              </test-case>
                              <test-case name="MySql.Data.MySqlClient.Tests.CommandTestsSharedMemory.CommandTests.SyntaxErrorWithCloseConnection" executed="True" result="Error" success="False" time="5.025" asserts="1">
                                <failure>
                                  <message><![CDATA[SetUp : MySql.Data.MySqlClient.MySqlException : Unable to connect to any of the specified MySQL hosts.
  ----> System.Threading.WaitHandleCannotBeOpenedException : 不存在给定名称的句柄。
TearDown : NUnit.Framework.AssertionException :   Too many processes still running
  Expected: 0
  But was:  1
]]></message>
                                  <stack-trace><![CDATA[在 MySql.Data.MySqlClient.NativeDriver.Open() 位置 D:\TFS\SSV4.X\src_V4.3\reference\mysql-connector-net\mysql-connector-net-6.3.7-src\Source\MySql.Data\NativeDriver.cs:行号 269
在 MySql.Data.MySqlClient.Driver.Open() 位置 D:\TFS\SSV4.X\src_V4.3\reference\mysql-connector-net\mysql-connector-net-6.3.7-src\Source\MySql.Data\Driver.cs:行号 212
在 MySql.Data.MySqlClient.Driver.Create(MySqlConnectionStringBuilder settings) 位置 D:\TFS\SSV4.X\src_V4.3\reference\mysql-connector-net\mysql-connector-net-6.3.7-src\Source\MySql.Data\Driver.cs:行号 200
在 MySql.Data.MySqlClient.MySqlConnection.Open() 位置 D:\TFS\SSV4.X\src_V4.3\reference\mysql-connector-net\mysql-connector-net-6.3.7-src\Source\MySql.Data\Connection.cs:行号 514
在 MySql.Data.MySqlClient.Tests.BaseTest.Open() 位置 D:\TFS\SSV4.X\src_V4.3\reference\mysql-connector-net\mysql-connector-net-6.3.7-src\Tests\MySql.Data.Tests\BaseTest.cs:行号 174
在 MySql.Data.MySqlClient.Tests.BaseTest.Setup() 位置 D:\TFS\SSV4.X\src_V4.3\reference\mysql-connector-net\mysql-connector-net-6.3.7-src\Tests\MySql.Data.Tests\BaseTest.cs:行号 215
--WaitHandleCannotBeOpenedException
在 System.Threading.EventWaitHandle.OpenExisting(String name, EventWaitHandleRights rights)
在 MySql.Data.Common.SharedMemoryStream.GetConnectNumber(UInt32 timeOut) 位置 D:\TFS\SSV4.X\src_V4.3\reference\mysql-connector-net\mysql-connector-net-6.3.7-src\Source\MySql.Data\common\SharedMemoryStream.cs:行号 166
在 MySql.Data.Common.SharedMemoryStream.Open(UInt32 timeOut) 位置 D:\TFS\SSV4.X\src_V4.3\reference\mysql-connector-net\mysql-connector-net-6.3.7-src\Source\MySql.Data\common\SharedMemoryStream.cs:行号 120
在 MySql.Data.MySqlClient.NativeDriver.Open() 位置 D:\TFS\SSV4.X\src_V4.3\reference\mysql-connector-net\mysql-connector-net-6.3.7-src\Source\MySql.Data\NativeDriver.cs:行号 170
--TearDown
在 MySql.Data.MySqlClient.Tests.BaseTest.Teardown() 位置 D:\TFS\SSV4.X\src_V4.3\reference\mysql-connector-net\mysql-connector-net-6.3.7-src\Tests\MySql.Data.Tests\BaseTest.cs:行号 236
]]></stack-trace>
                                </failure>
                              </test-case>
                              <test-case name="MySql.Data.MySqlClient.Tests.CommandTestsSharedMemory.CommandTests.TableCommandType" executed="True" result="Error" success="False" time="5.015" asserts="1">
                                <failure>
                                  <message><![CDATA[SetUp : MySql.Data.MySqlClient.MySqlException : Unable to connect to any of the specified MySQL hosts.
  ----> System.Threading.WaitHandleCannotBeOpenedException : 不存在给定名称的句柄。
TearDown : NUnit.Framework.AssertionException :   Too many processes still running
  Expected: 0
  But was:  1
]]></message>
                                  <stack-trace><![CDATA[在 MySql.Data.MySqlClient.NativeDriver.Open() 位置 D:\TFS\SSV4.X\src_V4.3\reference\mysql-connector-net\mysql-connector-net-6.3.7-src\Source\MySql.Data\NativeDriver.cs:行号 269
在 MySql.Data.MySqlClient.Driver.Open() 位置 D:\TFS\SSV4.X\src_V4.3\reference\mysql-connector-net\mysql-connector-net-6.3.7-src\Source\MySql.Data\Driver.cs:行号 212
在 MySql.Data.MySqlClient.Driver.Create(MySqlConnectionStringBuilder settings) 位置 D:\TFS\SSV4.X\src_V4.3\reference\mysql-connector-net\mysql-connector-net-6.3.7-src\Source\MySql.Data\Driver.cs:行号 200
在 MySql.Data.MySqlClient.MySqlConnection.Open() 位置 D:\TFS\SSV4.X\src_V4.3\reference\mysql-connector-net\mysql-connector-net-6.3.7-src\Source\MySql.Data\Connection.cs:行号 514
在 MySql.Data.MySqlClient.Tests.BaseTest.Open() 位置 D:\TFS\SSV4.X\src_V4.3\reference\mysql-connector-net\mysql-connector-net-6.3.7-src\Tests\MySql.Data.Tests\BaseTest.cs:行号 174
在 MySql.Data.MySqlClient.Tests.BaseTest.Setup() 位置 D:\TFS\SSV4.X\src_V4.3\reference\mysql-connector-net\mysql-connector-net-6.3.7-src\Tests\MySql.Data.Tests\BaseTest.cs:行号 215
--WaitHandleCannotBeOpenedException
在 System.Threading.EventWaitHandle.OpenExisting(String name, EventWaitHandleRights rights)
在 MySql.Data.Common.SharedMemoryStream.GetConnectNumber(UInt32 timeOut) 位置 D:\TFS\SSV4.X\src_V4.3\reference\mysql-connector-net\mysql-connector-net-6.3.7-src\Source\MySql.Data\common\SharedMemoryStream.cs:行号 166
在 MySql.Data.Common.SharedMemoryStream.Open(UInt32 timeOut) 位置 D:\TFS\SSV4.X\src_V4.3\reference\mysql-connector-net\mysql-connector-net-6.3.7-src\Source\MySql.Data\common\SharedMemoryStream.cs:行号 120
在 MySql.Data.MySqlClient.NativeDriver.Open() 位置 D:\TFS\SSV4.X\src_V4.3\reference\mysql-connector-net\mysql-connector-net-6.3.7-src\Source\MySql.Data\NativeDriver.cs:行号 170
--TearDown
在 MySql.Data.MySqlClient.Tests.BaseTest.Teardown() 位置 D:\TFS\SSV4.X\src_V4.3\reference\mysql-connector-net\mysql-connector-net-6.3.7-src\Tests\MySql.Data.Tests\BaseTest.cs:行号 236
]]></stack-trace>
                                </failure>
                              </test-case>
                              <test-case name="MySql.Data.MySqlClient.Tests.CommandTestsSharedMemory.CommandTests.TableWithOVer100Columns" executed="True" result="Error" success="False" time="5.020" asserts="1">
                                <failure>
                                  <message><![CDATA[SetUp : MySql.Data.MySqlClient.MySqlException : Unable to connect to any of the specified MySQL hosts.
  ----> System.Threading.WaitHandleCannotBeOpenedException : 不存在给定名称的句柄。
TearDown : NUnit.Framework.AssertionException :   Too many processes still running
  Expected: 0
  But was:  1
]]></message>
                                  <stack-trace><![CDATA[在 MySql.Data.MySqlClient.NativeDriver.Open() 位置 D:\TFS\SSV4.X\src_V4.3\reference\mysql-connector-net\mysql-connector-net-6.3.7-src\Source\MySql.Data\NativeDriver.cs:行号 269
在 MySql.Data.MySqlClient.Driver.Open() 位置 D:\TFS\SSV4.X\src_V4.3\reference\mysql-connector-net\mysql-connector-net-6.3.7-src\Source\MySql.Data\Driver.cs:行号 212
在 MySql.Data.MySqlClient.Driver.Create(MySqlConnectionStringBuilder settings) 位置 D:\TFS\SSV4.X\src_V4.3\reference\mysql-connector-net\mysql-connector-net-6.3.7-src\Source\MySql.Data\Driver.cs:行号 200
在 MySql.Data.MySqlClient.MySqlConnection.Open() 位置 D:\TFS\SSV4.X\src_V4.3\reference\mysql-connector-net\mysql-connector-net-6.3.7-src\Source\MySql.Data\Connection.cs:行号 514
在 MySql.Data.MySqlClient.Tests.BaseTest.Open() 位置 D:\TFS\SSV4.X\src_V4.3\reference\mysql-connector-net\mysql-connector-net-6.3.7-src\Tests\MySql.Data.Tests\BaseTest.cs:行号 174
在 MySql.Data.MySqlClient.Tests.BaseTest.Setup() 位置 D:\TFS\SSV4.X\src_V4.3\reference\mysql-connector-net\mysql-connector-net-6.3.7-src\Tests\MySql.Data.Tests\BaseTest.cs:行号 215
--WaitHandleCannotBeOpenedException
在 System.Threading.EventWaitHandle.OpenExisting(String name, EventWaitHandleRights rights)
在 MySql.Data.Common.SharedMemoryStream.GetConnectNumber(UInt32 timeOut) 位置 D:\TFS\SSV4.X\src_V4.3\reference\mysql-connector-net\mysql-connector-net-6.3.7-src\Source\MySql.Data\common\SharedMemoryStream.cs:行号 166
在 MySql.Data.Common.SharedMemoryStream.Open(UInt32 timeOut) 位置 D:\TFS\SSV4.X\src_V4.3\reference\mysql-connector-net\mysql-connector-net-6.3.7-src\Source\MySql.Data\common\SharedMemoryStream.cs:行号 120
在 MySql.Data.MySqlClient.NativeDriver.Open() 位置 D:\TFS\SSV4.X\src_V4.3\reference\mysql-connector-net\mysql-connector-net-6.3.7-src\Source\MySql.Data\NativeDriver.cs:行号 170
--TearDown
在 MySql.Data.MySqlClient.Tests.BaseTest.Teardown() 位置 D:\TFS\SSV4.X\src_V4.3\reference\mysql-connector-net\mysql-connector-net-6.3.7-src\Tests\MySql.Data.Tests\BaseTest.cs:行号 236
]]></stack-trace>
                                </failure>
                              </test-case>
                              <test-case name="MySql.Data.MySqlClient.Tests.CommandTestsSharedMemory.CommandTests.UpdateTest" executed="True" result="Error" success="False" time="5.018" asserts="1">
                                <failure>
                                  <message><![CDATA[SetUp : MySql.Data.MySqlClient.MySqlException : Unable to connect to any of the specified MySQL hosts.
  ----> System.Threading.WaitHandleCannotBeOpenedException : 不存在给定名称的句柄。
TearDown : NUnit.Framework.AssertionException :   Too many processes still running
  Expected: 0
  But was:  1
]]></message>
                                  <stack-trace><![CDATA[在 MySql.Data.MySqlClient.NativeDriver.Open() 位置 D:\TFS\SSV4.X\src_V4.3\reference\mysql-connector-net\mysql-connector-net-6.3.7-src\Source\MySql.Data\NativeDriver.cs:行号 269
在 MySql.Data.MySqlClient.Driver.Open() 位置 D:\TFS\SSV4.X\src_V4.3\reference\mysql-connector-net\mysql-connector-net-6.3.7-src\Source\MySql.Data\Driver.cs:行号 212
在 MySql.Data.MySqlClient.Driver.Create(MySqlConnectionStringBuilder settings) 位置 D:\TFS\SSV4.X\src_V4.3\reference\mysql-connector-net\mysql-connector-net-6.3.7-src\Source\MySql.Data\Driver.cs:行号 200
在 MySql.Data.MySqlClient.MySqlConnection.Open() 位置 D:\TFS\SSV4.X\src_V4.3\reference\mysql-connector-net\mysql-connector-net-6.3.7-src\Source\MySql.Data\Connection.cs:行号 514
在 MySql.Data.MySqlClient.Tests.BaseTest.Open() 位置 D:\TFS\SSV4.X\src_V4.3\reference\mysql-connector-net\mysql-connector-net-6.3.7-src\Tests\MySql.Data.Tests\BaseTest.cs:行号 174
在 MySql.Data.MySqlClient.Tests.BaseTest.Setup() 位置 D:\TFS\SSV4.X\src_V4.3\reference\mysql-connector-net\mysql-connector-net-6.3.7-src\Tests\MySql.Data.Tests\BaseTest.cs:行号 215
--WaitHandleCannotBeOpenedException
在 System.Threading.EventWaitHandle.OpenExisting(String name, EventWaitHandleRights rights)
在 MySql.Data.Common.SharedMemoryStream.GetConnectNumber(UInt32 timeOut) 位置 D:\TFS\SSV4.X\src_V4.3\reference\mysql-connector-net\mysql-connector-net-6.3.7-src\Source\MySql.Data\common\SharedMemoryStream.cs:行号 166
在 MySql.Data.Common.SharedMemoryStream.Open(UInt32 timeOut) 位置 D:\TFS\SSV4.X\src_V4.3\reference\mysql-connector-net\mysql-connector-net-6.3.7-src\Source\MySql.Data\common\SharedMemoryStream.cs:行号 120
在 MySql.Data.MySqlClient.NativeDriver.Open() 位置 D:\TFS\SSV4.X\src_V4.3\reference\mysql-connector-net\mysql-connector-net-6.3.7-src\Source\MySql.Data\NativeDriver.cs:行号 170
--TearDown
在 MySql.Data.MySqlClient.Tests.BaseTest.Teardown() 位置 D:\TFS\SSV4.X\src_V4.3\reference\mysql-connector-net\mysql-connector-net-6.3.7-src\Tests\MySql.Data.Tests\BaseTest.cs:行号 236
]]></stack-trace>
                                </failure>
                              </test-case>
                              <test-case name="MySql.Data.MySqlClient.Tests.CommandTestsSharedMemory.CommandTests.UseAffectedRows" executed="True" result="Error" success="False" time="5.029" asserts="1">
                                <failure>
                                  <message><![CDATA[SetUp : MySql.Data.MySqlClient.MySqlException : Unable to connect to any of the specified MySQL hosts.
  ----> System.Threading.WaitHandleCannotBeOpenedException : 不存在给定名称的句柄。
TearDown : NUnit.Framework.AssertionException :   Too many processes still running
  Expected: 0
  But was:  1
]]></message>
                                  <stack-trace><![CDATA[在 MySql.Data.MySqlClient.NativeDriver.Open() 位置 D:\TFS\SSV4.X\src_V4.3\reference\mysql-connector-net\mysql-connector-net-6.3.7-src\Source\MySql.Data\NativeDriver.cs:行号 269
在 MySql.Data.MySqlClient.Driver.Open() 位置 D:\TFS\SSV4.X\src_V4.3\reference\mysql-connector-net\mysql-connector-net-6.3.7-src\Source\MySql.Data\Driver.cs:行号 212
在 MySql.Data.MySqlClient.Driver.Create(MySqlConnectionStringBuilder settings) 位置 D:\TFS\SSV4.X\src_V4.3\reference\mysql-connector-net\mysql-connector-net-6.3.7-src\Source\MySql.Data\Driver.cs:行号 200
在 MySql.Data.MySqlClient.MySqlConnection.Open() 位置 D:\TFS\SSV4.X\src_V4.3\reference\mysql-connector-net\mysql-connector-net-6.3.7-src\Source\MySql.Data\Connection.cs:行号 514
在 MySql.Data.MySqlClient.Tests.BaseTest.Open() 位置 D:\TFS\SSV4.X\src_V4.3\reference\mysql-connector-net\mysql-connector-net-6.3.7-src\Tests\MySql.Data.Tests\BaseTest.cs:行号 174
在 MySql.Data.MySqlClient.Tests.BaseTest.Setup() 位置 D:\TFS\SSV4.X\src_V4.3\reference\mysql-connector-net\mysql-connector-net-6.3.7-src\Tests\MySql.Data.Tests\BaseTest.cs:行号 215
--WaitHandleCannotBeOpenedException
在 System.Threading.EventWaitHandle.OpenExisting(String name, EventWaitHandleRights rights)
在 MySql.Data.Common.SharedMemoryStream.GetConnectNumber(UInt32 timeOut) 位置 D:\TFS\SSV4.X\src_V4.3\reference\mysql-connector-net\mysql-connector-net-6.3.7-src\Source\MySql.Data\common\SharedMemoryStream.cs:行号 166
在 MySql.Data.Common.SharedMemoryStream.Open(UInt32 timeOut) 位置 D:\TFS\SSV4.X\src_V4.3\reference\mysql-connector-net\mysql-connector-net-6.3.7-src\Source\MySql.Data\common\SharedMemoryStream.cs:行号 120
在 MySql.Data.MySqlClient.NativeDriver.Open() 位置 D:\TFS\SSV4.X\src_V4.3\reference\mysql-connector-net\mysql-connector-net-6.3.7-src\Source\MySql.Data\NativeDriver.cs:行号 170
--TearDown
在 MySql.Data.MySqlClient.Tests.BaseTest.Teardown() 位置 D:\TFS\SSV4.X\src_V4.3\reference\mysql-connector-net\mysql-connector-net-6.3.7-src\Tests\MySql.Data.Tests\BaseTest.cs:行号 236
]]></stack-trace>
                                </failure>
                              </test-case>
                            </results>
                          </test-suite>
                          <test-suite type="TestFixture" name="CommandTestsSharedMemoryCompressed" executed="True" result="Failure" success="False" time="110.603" asserts="0">
                            <categories>
                              <category name="SharedMemory" />
                              <category name="Compressed" />
                            </categories>
                            <results>
                              <test-case name="MySql.Data.MySqlClient.Tests.CommandTestsSharedMemoryCompressed.CommandTests.BatchUpdatesAndDeletes" executed="True" result="Error" success="False" time="5.019" asserts="1">
                                <failure>
                                  <message><![CDATA[SetUp : MySql.Data.MySqlClient.MySqlException : Unable to connect to any of the specified MySQL hosts.
  ----> System.Threading.WaitHandleCannotBeOpenedException : 不存在给定名称的句柄。
TearDown : NUnit.Framework.AssertionException :   Too many processes still running
  Expected: 0
  But was:  1
]]></message>
                                  <stack-trace><![CDATA[在 MySql.Data.MySqlClient.NativeDriver.Open() 位置 D:\TFS\SSV4.X\src_V4.3\reference\mysql-connector-net\mysql-connector-net-6.3.7-src\Source\MySql.Data\NativeDriver.cs:行号 269
在 MySql.Data.MySqlClient.Driver.Open() 位置 D:\TFS\SSV4.X\src_V4.3\reference\mysql-connector-net\mysql-connector-net-6.3.7-src\Source\MySql.Data\Driver.cs:行号 212
在 MySql.Data.MySqlClient.Driver.Create(MySqlConnectionStringBuilder settings) 位置 D:\TFS\SSV4.X\src_V4.3\reference\mysql-connector-net\mysql-connector-net-6.3.7-src\Source\MySql.Data\Driver.cs:行号 200
在 MySql.Data.MySqlClient.MySqlConnection.Open() 位置 D:\TFS\SSV4.X\src_V4.3\reference\mysql-connector-net\mysql-connector-net-6.3.7-src\Source\MySql.Data\Connection.cs:行号 514
在 MySql.Data.MySqlClient.Tests.BaseTest.Open() 位置 D:\TFS\SSV4.X\src_V4.3\reference\mysql-connector-net\mysql-connector-net-6.3.7-src\Tests\MySql.Data.Tests\BaseTest.cs:行号 174
在 MySql.Data.MySqlClient.Tests.BaseTest.Setup() 位置 D:\TFS\SSV4.X\src_V4.3\reference\mysql-connector-net\mysql-connector-net-6.3.7-src\Tests\MySql.Data.Tests\BaseTest.cs:行号 215
--WaitHandleCannotBeOpenedException
在 System.Threading.EventWaitHandle.OpenExisting(String name, EventWaitHandleRights rights)
在 MySql.Data.Common.SharedMemoryStream.GetConnectNumber(UInt32 timeOut) 位置 D:\TFS\SSV4.X\src_V4.3\reference\mysql-connector-net\mysql-connector-net-6.3.7-src\Source\MySql.Data\common\SharedMemoryStream.cs:行号 166
在 MySql.Data.Common.SharedMemoryStream.Open(UInt32 timeOut) 位置 D:\TFS\SSV4.X\src_V4.3\reference\mysql-connector-net\mysql-connector-net-6.3.7-src\Source\MySql.Data\common\SharedMemoryStream.cs:行号 120
在 MySql.Data.MySqlClient.NativeDriver.Open() 位置 D:\TFS\SSV4.X\src_V4.3\reference\mysql-connector-net\mysql-connector-net-6.3.7-src\Source\MySql.Data\NativeDriver.cs:行号 170
--TearDown
在 MySql.Data.MySqlClient.Tests.BaseTest.Teardown() 位置 D:\TFS\SSV4.X\src_V4.3\reference\mysql-connector-net\mysql-connector-net-6.3.7-src\Tests\MySql.Data.Tests\BaseTest.cs:行号 236
]]></stack-trace>
                                </failure>
                              </test-case>
                              <test-case name="MySql.Data.MySqlClient.Tests.CommandTestsSharedMemoryCompressed.CommandTests.CloneCommand" executed="True" result="Error" success="False" time="5.022" asserts="1">
                                <failure>
                                  <message><![CDATA[SetUp : MySql.Data.MySqlClient.MySqlException : Unable to connect to any of the specified MySQL hosts.
  ----> System.Threading.WaitHandleCannotBeOpenedException : 不存在给定名称的句柄。
TearDown : NUnit.Framework.AssertionException :   Too many processes still running
  Expected: 0
  But was:  1
]]></message>
                                  <stack-trace><![CDATA[在 MySql.Data.MySqlClient.NativeDriver.Open() 位置 D:\TFS\SSV4.X\src_V4.3\reference\mysql-connector-net\mysql-connector-net-6.3.7-src\Source\MySql.Data\NativeDriver.cs:行号 269
在 MySql.Data.MySqlClient.Driver.Open() 位置 D:\TFS\SSV4.X\src_V4.3\reference\mysql-connector-net\mysql-connector-net-6.3.7-src\Source\MySql.Data\Driver.cs:行号 212
在 MySql.Data.MySqlClient.Driver.Create(MySqlConnectionStringBuilder settings) 位置 D:\TFS\SSV4.X\src_V4.3\reference\mysql-connector-net\mysql-connector-net-6.3.7-src\Source\MySql.Data\Driver.cs:行号 200
在 MySql.Data.MySqlClient.MySqlConnection.Open() 位置 D:\TFS\SSV4.X\src_V4.3\reference\mysql-connector-net\mysql-connector-net-6.3.7-src\Source\MySql.Data\Connection.cs:行号 514
在 MySql.Data.MySqlClient.Tests.BaseTest.Open() 位置 D:\TFS\SSV4.X\src_V4.3\reference\mysql-connector-net\mysql-connector-net-6.3.7-src\Tests\MySql.Data.Tests\BaseTest.cs:行号 174
在 MySql.Data.MySqlClient.Tests.BaseTest.Setup() 位置 D:\TFS\SSV4.X\src_V4.3\reference\mysql-connector-net\mysql-connector-net-6.3.7-src\Tests\MySql.Data.Tests\BaseTest.cs:行号 215
--WaitHandleCannotBeOpenedException
在 System.Threading.EventWaitHandle.OpenExisting(String name, EventWaitHandleRights rights)
在 MySql.Data.Common.SharedMemoryStream.GetConnectNumber(UInt32 timeOut) 位置 D:\TFS\SSV4.X\src_V4.3\reference\mysql-connector-net\mysql-connector-net-6.3.7-src\Source\MySql.Data\common\SharedMemoryStream.cs:行号 166
在 MySql.Data.Common.SharedMemoryStream.Open(UInt32 timeOut) 位置 D:\TFS\SSV4.X\src_V4.3\reference\mysql-connector-net\mysql-connector-net-6.3.7-src\Source\MySql.Data\common\SharedMemoryStream.cs:行号 120
在 MySql.Data.MySqlClient.NativeDriver.Open() 位置 D:\TFS\SSV4.X\src_V4.3\reference\mysql-connector-net\mysql-connector-net-6.3.7-src\Source\MySql.Data\NativeDriver.cs:行号 170
--TearDown
在 MySql.Data.MySqlClient.Tests.BaseTest.Teardown() 位置 D:\TFS\SSV4.X\src_V4.3\reference\mysql-connector-net\mysql-connector-net-6.3.7-src\Tests\MySql.Data.Tests\BaseTest.cs:行号 236
]]></stack-trace>
                                </failure>
                              </test-case>
                              <test-case name="MySql.Data.MySqlClient.Tests.CommandTestsSharedMemoryCompressed.CommandTests.CloseReaderAfterFailedConvert" executed="True" result="Error" success="False" time="5.019" asserts="1">
                                <failure>
                                  <message><![CDATA[SetUp : MySql.Data.MySqlClient.MySqlException : Unable to connect to any of the specified MySQL hosts.
  ----> System.Threading.WaitHandleCannotBeOpenedException : 不存在给定名称的句柄。
TearDown : NUnit.Framework.AssertionException :   Too many processes still running
  Expected: 0
  But was:  1
]]></message>
                                  <stack-trace><![CDATA[在 MySql.Data.MySqlClient.NativeDriver.Open() 位置 D:\TFS\SSV4.X\src_V4.3\reference\mysql-connector-net\mysql-connector-net-6.3.7-src\Source\MySql.Data\NativeDriver.cs:行号 269
在 MySql.Data.MySqlClient.Driver.Open() 位置 D:\TFS\SSV4.X\src_V4.3\reference\mysql-connector-net\mysql-connector-net-6.3.7-src\Source\MySql.Data\Driver.cs:行号 212
在 MySql.Data.MySqlClient.Driver.Create(MySqlConnectionStringBuilder settings) 位置 D:\TFS\SSV4.X\src_V4.3\reference\mysql-connector-net\mysql-connector-net-6.3.7-src\Source\MySql.Data\Driver.cs:行号 200
在 MySql.Data.MySqlClient.MySqlConnection.Open() 位置 D:\TFS\SSV4.X\src_V4.3\reference\mysql-connector-net\mysql-connector-net-6.3.7-src\Source\MySql.Data\Connection.cs:行号 514
在 MySql.Data.MySqlClient.Tests.BaseTest.Open() 位置 D:\TFS\SSV4.X\src_V4.3\reference\mysql-connector-net\mysql-connector-net-6.3.7-src\Tests\MySql.Data.Tests\BaseTest.cs:行号 174
在 MySql.Data.MySqlClient.Tests.BaseTest.Setup() 位置 D:\TFS\SSV4.X\src_V4.3\reference\mysql-connector-net\mysql-connector-net-6.3.7-src\Tests\MySql.Data.Tests\BaseTest.cs:行号 215
--WaitHandleCannotBeOpenedException
在 System.Threading.EventWaitHandle.OpenExisting(String name, EventWaitHandleRights rights)
在 MySql.Data.Common.SharedMemoryStream.GetConnectNumber(UInt32 timeOut) 位置 D:\TFS\SSV4.X\src_V4.3\reference\mysql-connector-net\mysql-connector-net-6.3.7-src\Source\MySql.Data\common\SharedMemoryStream.cs:行号 166
在 MySql.Data.Common.SharedMemoryStream.Open(UInt32 timeOut) 位置 D:\TFS\SSV4.X\src_V4.3\reference\mysql-connector-net\mysql-connector-net-6.3.7-src\Source\MySql.Data\common\SharedMemoryStream.cs:行号 120
在 MySql.Data.MySqlClient.NativeDriver.Open() 位置 D:\TFS\SSV4.X\src_V4.3\reference\mysql-connector-net\mysql-connector-net-6.3.7-src\Source\MySql.Data\NativeDriver.cs:行号 170
--TearDown
在 MySql.Data.MySqlClient.Tests.BaseTest.Teardown() 位置 D:\TFS\SSV4.X\src_V4.3\reference\mysql-connector-net\mysql-connector-net-6.3.7-src\Tests\MySql.Data.Tests\BaseTest.cs:行号 236
]]></stack-trace>
                                </failure>
                              </test-case>
                              <test-case name="MySql.Data.MySqlClient.Tests.CommandTestsSharedMemoryCompressed.CommandTests.CtorTest" executed="True" result="Error" success="False" time="5.021" asserts="1">
                                <failure>
                                  <message><![CDATA[SetUp : MySql.Data.MySqlClient.MySqlException : Unable to connect to any of the specified MySQL hosts.
  ----> System.Threading.WaitHandleCannotBeOpenedException : 不存在给定名称的句柄。
TearDown : NUnit.Framework.AssertionException :   Too many processes still running
  Expected: 0
  But was:  1
]]></message>
                                  <stack-trace><![CDATA[在 MySql.Data.MySqlClient.NativeDriver.Open() 位置 D:\TFS\SSV4.X\src_V4.3\reference\mysql-connector-net\mysql-connector-net-6.3.7-src\Source\MySql.Data\NativeDriver.cs:行号 269
在 MySql.Data.MySqlClient.Driver.Open() 位置 D:\TFS\SSV4.X\src_V4.3\reference\mysql-connector-net\mysql-connector-net-6.3.7-src\Source\MySql.Data\Driver.cs:行号 212
在 MySql.Data.MySqlClient.Driver.Create(MySqlConnectionStringBuilder settings) 位置 D:\TFS\SSV4.X\src_V4.3\reference\mysql-connector-net\mysql-connector-net-6.3.7-src\Source\MySql.Data\Driver.cs:行号 200
在 MySql.Data.MySqlClient.MySqlConnection.Open() 位置 D:\TFS\SSV4.X\src_V4.3\reference\mysql-connector-net\mysql-connector-net-6.3.7-src\Source\MySql.Data\Connection.cs:行号 514
在 MySql.Data.MySqlClient.Tests.BaseTest.Open() 位置 D:\TFS\SSV4.X\src_V4.3\reference\mysql-connector-net\mysql-connector-net-6.3.7-src\Tests\MySql.Data.Tests\BaseTest.cs:行号 174
在 MySql.Data.MySqlClient.Tests.BaseTest.Setup() 位置 D:\TFS\SSV4.X\src_V4.3\reference\mysql-connector-net\mysql-connector-net-6.3.7-src\Tests\MySql.Data.Tests\BaseTest.cs:行号 215
--WaitHandleCannotBeOpenedException
在 System.Threading.EventWaitHandle.OpenExisting(String name, EventWaitHandleRights rights)
在 MySql.Data.Common.SharedMemoryStream.GetConnectNumber(UInt32 timeOut) 位置 D:\TFS\SSV4.X\src_V4.3\reference\mysql-connector-net\mysql-connector-net-6.3.7-src\Source\MySql.Data\common\SharedMemoryStream.cs:行号 166
在 MySql.Data.Common.SharedMemoryStream.Open(UInt32 timeOut) 位置 D:\TFS\SSV4.X\src_V4.3\reference\mysql-connector-net\mysql-connector-net-6.3.7-src\Source\MySql.Data\common\SharedMemoryStream.cs:行号 120
在 MySql.Data.MySqlClient.NativeDriver.Open() 位置 D:\TFS\SSV4.X\src_V4.3\reference\mysql-connector-net\mysql-connector-net-6.3.7-src\Source\MySql.Data\NativeDriver.cs:行号 170
--TearDown
在 MySql.Data.MySqlClient.Tests.BaseTest.Teardown() 位置 D:\TFS\SSV4.X\src_V4.3\reference\mysql-connector-net\mysql-connector-net-6.3.7-src\Tests\MySql.Data.Tests\BaseTest.cs:行号 236
]]></stack-trace>
                                </failure>
                              </test-case>
                              <test-case name="MySql.Data.MySqlClient.Tests.CommandTestsSharedMemoryCompressed.CommandTests.DefaultCommandTimeout" executed="True" result="Error" success="False" time="5.035" asserts="1">
                                <failure>
                                  <message><![CDATA[SetUp : MySql.Data.MySqlClient.MySqlException : Unable to connect to any of the specified MySQL hosts.
  ----> System.Threading.WaitHandleCannotBeOpenedException : 不存在给定名称的句柄。
TearDown : NUnit.Framework.AssertionException :   Too many processes still running
  Expected: 0
  But was:  1
]]></message>
                                  <stack-trace><![CDATA[在 MySql.Data.MySqlClient.NativeDriver.Open() 位置 D:\TFS\SSV4.X\src_V4.3\reference\mysql-connector-net\mysql-connector-net-6.3.7-src\Source\MySql.Data\NativeDriver.cs:行号 269
在 MySql.Data.MySqlClient.Driver.Open() 位置 D:\TFS\SSV4.X\src_V4.3\reference\mysql-connector-net\mysql-connector-net-6.3.7-src\Source\MySql.Data\Driver.cs:行号 212
在 MySql.Data.MySqlClient.Driver.Create(MySqlConnectionStringBuilder settings) 位置 D:\TFS\SSV4.X\src_V4.3\reference\mysql-connector-net\mysql-connector-net-6.3.7-src\Source\MySql.Data\Driver.cs:行号 200
在 MySql.Data.MySqlClient.MySqlConnection.Open() 位置 D:\TFS\SSV4.X\src_V4.3\reference\mysql-connector-net\mysql-connector-net-6.3.7-src\Source\MySql.Data\Connection.cs:行号 514
在 MySql.Data.MySqlClient.Tests.BaseTest.Open() 位置 D:\TFS\SSV4.X\src_V4.3\reference\mysql-connector-net\mysql-connector-net-6.3.7-src\Tests\MySql.Data.Tests\BaseTest.cs:行号 174
在 MySql.Data.MySqlClient.Tests.BaseTest.Setup() 位置 D:\TFS\SSV4.X\src_V4.3\reference\mysql-connector-net\mysql-connector-net-6.3.7-src\Tests\MySql.Data.Tests\BaseTest.cs:行号 215
--WaitHandleCannotBeOpenedException
在 System.Threading.EventWaitHandle.OpenExisting(String name, EventWaitHandleRights rights)
在 MySql.Data.Common.SharedMemoryStream.GetConnectNumber(UInt32 timeOut) 位置 D:\TFS\SSV4.X\src_V4.3\reference\mysql-connector-net\mysql-connector-net-6.3.7-src\Source\MySql.Data\common\SharedMemoryStream.cs:行号 166
在 MySql.Data.Common.SharedMemoryStream.Open(UInt32 timeOut) 位置 D:\TFS\SSV4.X\src_V4.3\reference\mysql-connector-net\mysql-connector-net-6.3.7-src\Source\MySql.Data\common\SharedMemoryStream.cs:行号 120
在 MySql.Data.MySqlClient.NativeDriver.Open() 位置 D:\TFS\SSV4.X\src_V4.3\reference\mysql-connector-net\mysql-connector-net-6.3.7-src\Source\MySql.Data\NativeDriver.cs:行号 170
--TearDown
在 MySql.Data.MySqlClient.Tests.BaseTest.Teardown() 位置 D:\TFS\SSV4.X\src_V4.3\reference\mysql-connector-net\mysql-connector-net-6.3.7-src\Tests\MySql.Data.Tests\BaseTest.cs:行号 236
]]></stack-trace>
                                </failure>
                              </test-case>
                              <test-case name="MySql.Data.MySqlClient.Tests.CommandTestsSharedMemoryCompressed.CommandTests.DeleteTest" executed="True" result="Error" success="False" time="5.025" asserts="1">
                                <failure>
                                  <message><![CDATA[SetUp : MySql.Data.MySqlClient.MySqlException : Unable to connect to any of the specified MySQL hosts.
  ----> System.Threading.WaitHandleCannotBeOpenedException : 不存在给定名称的句柄。
TearDown : NUnit.Framework.AssertionException :   Too many processes still running
  Expected: 0
  But was:  1
]]></message>
                                  <stack-trace><![CDATA[在 MySql.Data.MySqlClient.NativeDriver.Open() 位置 D:\TFS\SSV4.X\src_V4.3\reference\mysql-connector-net\mysql-connector-net-6.3.7-src\Source\MySql.Data\NativeDriver.cs:行号 269
在 MySql.Data.MySqlClient.Driver.Open() 位置 D:\TFS\SSV4.X\src_V4.3\reference\mysql-connector-net\mysql-connector-net-6.3.7-src\Source\MySql.Data\Driver.cs:行号 212
在 MySql.Data.MySqlClient.Driver.Create(MySqlConnectionStringBuilder settings) 位置 D:\TFS\SSV4.X\src_V4.3\reference\mysql-connector-net\mysql-connector-net-6.3.7-src\Source\MySql.Data\Driver.cs:行号 200
在 MySql.Data.MySqlClient.MySqlConnection.Open() 位置 D:\TFS\SSV4.X\src_V4.3\reference\mysql-connector-net\mysql-connector-net-6.3.7-src\Source\MySql.Data\Connection.cs:行号 514
在 MySql.Data.MySqlClient.Tests.BaseTest.Open() 位置 D:\TFS\SSV4.X\src_V4.3\reference\mysql-connector-net\mysql-connector-net-6.3.7-src\Tests\MySql.Data.Tests\BaseTest.cs:行号 174
在 MySql.Data.MySqlClient.Tests.BaseTest.Setup() 位置 D:\TFS\SSV4.X\src_V4.3\reference\mysql-connector-net\mysql-connector-net-6.3.7-src\Tests\MySql.Data.Tests\BaseTest.cs:行号 215
--WaitHandleCannotBeOpenedException
在 System.Threading.EventWaitHandle.OpenExisting(String name, EventWaitHandleRights rights)
在 MySql.Data.Common.SharedMemoryStream.GetConnectNumber(UInt32 timeOut) 位置 D:\TFS\SSV4.X\src_V4.3\reference\mysql-connector-net\mysql-connector-net-6.3.7-src\Source\MySql.Data\common\SharedMemoryStream.cs:行号 166
在 MySql.Data.Common.SharedMemoryStream.Open(UInt32 timeOut) 位置 D:\TFS\SSV4.X\src_V4.3\reference\mysql-connector-net\mysql-connector-net-6.3.7-src\Source\MySql.Data\common\SharedMemoryStream.cs:行号 120
在 MySql.Data.MySqlClient.NativeDriver.Open() 位置 D:\TFS\SSV4.X\src_V4.3\reference\mysql-connector-net\mysql-connector-net-6.3.7-src\Source\MySql.Data\NativeDriver.cs:行号 170
--TearDown
在 MySql.Data.MySqlClient.Tests.BaseTest.Teardown() 位置 D:\TFS\SSV4.X\src_V4.3\reference\mysql-connector-net\mysql-connector-net-6.3.7-src\Tests\MySql.Data.Tests\BaseTest.cs:行号 236
]]></stack-trace>
                                </failure>
                              </test-case>
                              <test-case name="MySql.Data.MySqlClient.Tests.CommandTestsSharedMemoryCompressed.CommandTests.DontAllowBatching" executed="True" result="Error" success="False" time="5.021" asserts="1">
                                <failure>
                                  <message><![CDATA[SetUp : MySql.Data.MySqlClient.MySqlException : Unable to connect to any of the specified MySQL hosts.
  ----> System.Threading.WaitHandleCannotBeOpenedException : 不存在给定名称的句柄。
TearDown : NUnit.Framework.AssertionException :   Too many processes still running
  Expected: 0
  But was:  1
]]></message>
                                  <stack-trace><![CDATA[在 MySql.Data.MySqlClient.NativeDriver.Open() 位置 D:\TFS\SSV4.X\src_V4.3\reference\mysql-connector-net\mysql-connector-net-6.3.7-src\Source\MySql.Data\NativeDriver.cs:行号 269
在 MySql.Data.MySqlClient.Driver.Open() 位置 D:\TFS\SSV4.X\src_V4.3\reference\mysql-connector-net\mysql-connector-net-6.3.7-src\Source\MySql.Data\Driver.cs:行号 212
在 MySql.Data.MySqlClient.Driver.Create(MySqlConnectionStringBuilder settings) 位置 D:\TFS\SSV4.X\src_V4.3\reference\mysql-connector-net\mysql-connector-net-6.3.7-src\Source\MySql.Data\Driver.cs:行号 200
在 MySql.Data.MySqlClient.MySqlConnection.Open() 位置 D:\TFS\SSV4.X\src_V4.3\reference\mysql-connector-net\mysql-connector-net-6.3.7-src\Source\MySql.Data\Connection.cs:行号 514
在 MySql.Data.MySqlClient.Tests.BaseTest.Open() 位置 D:\TFS\SSV4.X\src_V4.3\reference\mysql-connector-net\mysql-connector-net-6.3.7-src\Tests\MySql.Data.Tests\BaseTest.cs:行号 174
在 MySql.Data.MySqlClient.Tests.BaseTest.Setup() 位置 D:\TFS\SSV4.X\src_V4.3\reference\mysql-connector-net\mysql-connector-net-6.3.7-src\Tests\MySql.Data.Tests\BaseTest.cs:行号 215
--WaitHandleCannotBeOpenedException
在 System.Threading.EventWaitHandle.OpenExisting(String name, EventWaitHandleRights rights)
在 MySql.Data.Common.SharedMemoryStream.GetConnectNumber(UInt32 timeOut) 位置 D:\TFS\SSV4.X\src_V4.3\reference\mysql-connector-net\mysql-connector-net-6.3.7-src\Source\MySql.Data\common\SharedMemoryStream.cs:行号 166
在 MySql.Data.Common.SharedMemoryStream.Open(UInt32 timeOut) 位置 D:\TFS\SSV4.X\src_V4.3\reference\mysql-connector-net\mysql-connector-net-6.3.7-src\Source\MySql.Data\common\SharedMemoryStream.cs:行号 120
在 MySql.Data.MySqlClient.NativeDriver.Open() 位置 D:\TFS\SSV4.X\src_V4.3\reference\mysql-connector-net\mysql-connector-net-6.3.7-src\Source\MySql.Data\NativeDriver.cs:行号 170
--TearDown
在 MySql.Data.MySqlClient.Tests.BaseTest.Teardown() 位置 D:\TFS\SSV4.X\src_V4.3\reference\mysql-connector-net\mysql-connector-net-6.3.7-src\Tests\MySql.Data.Tests\BaseTest.cs:行号 236
]]></stack-trace>
                                </failure>
                              </test-case>
                              <test-case name="MySql.Data.MySqlClient.Tests.CommandTestsSharedMemoryCompressed.CommandTests.EmptyOrJustSemiCommand" executed="True" result="Error" success="False" time="5.097" asserts="1">
                                <failure>
                                  <message><![CDATA[SetUp : MySql.Data.MySqlClient.MySqlException : Unable to connect to any of the specified MySQL hosts.
  ----> System.Threading.WaitHandleCannotBeOpenedException : 不存在给定名称的句柄。
TearDown : NUnit.Framework.AssertionException :   Too many processes still running
  Expected: 0
  But was:  1
]]></message>
                                  <stack-trace><![CDATA[在 MySql.Data.MySqlClient.NativeDriver.Open() 位置 D:\TFS\SSV4.X\src_V4.3\reference\mysql-connector-net\mysql-connector-net-6.3.7-src\Source\MySql.Data\NativeDriver.cs:行号 269
在 MySql.Data.MySqlClient.Driver.Open() 位置 D:\TFS\SSV4.X\src_V4.3\reference\mysql-connector-net\mysql-connector-net-6.3.7-src\Source\MySql.Data\Driver.cs:行号 212
在 MySql.Data.MySqlClient.Driver.Create(MySqlConnectionStringBuilder settings) 位置 D:\TFS\SSV4.X\src_V4.3\reference\mysql-connector-net\mysql-connector-net-6.3.7-src\Source\MySql.Data\Driver.cs:行号 200
在 MySql.Data.MySqlClient.MySqlConnection.Open() 位置 D:\TFS\SSV4.X\src_V4.3\reference\mysql-connector-net\mysql-connector-net-6.3.7-src\Source\MySql.Data\Connection.cs:行号 514
在 MySql.Data.MySqlClient.Tests.BaseTest.Open() 位置 D:\TFS\SSV4.X\src_V4.3\reference\mysql-connector-net\mysql-connector-net-6.3.7-src\Tests\MySql.Data.Tests\BaseTest.cs:行号 174
在 MySql.Data.MySqlClient.Tests.BaseTest.Setup() 位置 D:\TFS\SSV4.X\src_V4.3\reference\mysql-connector-net\mysql-connector-net-6.3.7-src\Tests\MySql.Data.Tests\BaseTest.cs:行号 215
--WaitHandleCannotBeOpenedException
在 System.Threading.EventWaitHandle.OpenExisting(String name, EventWaitHandleRights rights)
在 MySql.Data.Common.SharedMemoryStream.GetConnectNumber(UInt32 timeOut) 位置 D:\TFS\SSV4.X\src_V4.3\reference\mysql-connector-net\mysql-connector-net-6.3.7-src\Source\MySql.Data\common\SharedMemoryStream.cs:行号 166
在 MySql.Data.Common.SharedMemoryStream.Open(UInt32 timeOut) 位置 D:\TFS\SSV4.X\src_V4.3\reference\mysql-connector-net\mysql-connector-net-6.3.7-src\Source\MySql.Data\common\SharedMemoryStream.cs:行号 120
在 MySql.Data.MySqlClient.NativeDriver.Open() 位置 D:\TFS\SSV4.X\src_V4.3\reference\mysql-connector-net\mysql-connector-net-6.3.7-src\Source\MySql.Data\NativeDriver.cs:行号 170
--TearDown
在 MySql.Data.MySqlClient.Tests.BaseTest.Teardown() 位置 D:\TFS\SSV4.X\src_V4.3\reference\mysql-connector-net\mysql-connector-net-6.3.7-src\Tests\MySql.Data.Tests\BaseTest.cs:行号 236
]]></stack-trace>
                                </failure>
                              </test-case>
                              <test-case name="MySql.Data.MySqlClient.Tests.CommandTestsSharedMemoryCompressed.CommandTests.ExecuteReaderReturnsReaderAfterCancel" executed="True" result="Error" success="False" time="5.015" asserts="1">
                                <failure>
                                  <message><![CDATA[SetUp : MySql.Data.MySqlClient.MySqlException : Unable to connect to any of the specified MySQL hosts.
  ----> System.Threading.WaitHandleCannotBeOpenedException : 不存在给定名称的句柄。
TearDown : NUnit.Framework.AssertionException :   Too many processes still running
  Expected: 0
  But was:  1
]]></message>
                                  <stack-trace><![CDATA[在 MySql.Data.MySqlClient.NativeDriver.Open() 位置 D:\TFS\SSV4.X\src_V4.3\reference\mysql-connector-net\mysql-connector-net-6.3.7-src\Source\MySql.Data\NativeDriver.cs:行号 269
在 MySql.Data.MySqlClient.Driver.Open() 位置 D:\TFS\SSV4.X\src_V4.3\reference\mysql-connector-net\mysql-connector-net-6.3.7-src\Source\MySql.Data\Driver.cs:行号 212
在 MySql.Data.MySqlClient.Driver.Create(MySqlConnectionStringBuilder settings) 位置 D:\TFS\SSV4.X\src_V4.3\reference\mysql-connector-net\mysql-connector-net-6.3.7-src\Source\MySql.Data\Driver.cs:行号 200
在 MySql.Data.MySqlClient.MySqlConnection.Open() 位置 D:\TFS\SSV4.X\src_V4.3\reference\mysql-connector-net\mysql-connector-net-6.3.7-src\Source\MySql.Data\Connection.cs:行号 514
在 MySql.Data.MySqlClient.Tests.BaseTest.Open() 位置 D:\TFS\SSV4.X\src_V4.3\reference\mysql-connector-net\mysql-connector-net-6.3.7-src\Tests\MySql.Data.Tests\BaseTest.cs:行号 174
在 MySql.Data.MySqlClient.Tests.BaseTest.Setup() 位置 D:\TFS\SSV4.X\src_V4.3\reference\mysql-connector-net\mysql-connector-net-6.3.7-src\Tests\MySql.Data.Tests\BaseTest.cs:行号 215
--WaitHandleCannotBeOpenedException
在 System.Threading.EventWaitHandle.OpenExisting(String name, EventWaitHandleRights rights)
在 MySql.Data.Common.SharedMemoryStream.GetConnectNumber(UInt32 timeOut) 位置 D:\TFS\SSV4.X\src_V4.3\reference\mysql-connector-net\mysql-connector-net-6.3.7-src\Source\MySql.Data\common\SharedMemoryStream.cs:行号 166
在 MySql.Data.Common.SharedMemoryStream.Open(UInt32 timeOut) 位置 D:\TFS\SSV4.X\src_V4.3\reference\mysql-connector-net\mysql-connector-net-6.3.7-src\Source\MySql.Data\common\SharedMemoryStream.cs:行号 120
在 MySql.Data.MySqlClient.NativeDriver.Open() 位置 D:\TFS\SSV4.X\src_V4.3\reference\mysql-connector-net\mysql-connector-net-6.3.7-src\Source\MySql.Data\NativeDriver.cs:行号 170
--TearDown
在 MySql.Data.MySqlClient.Tests.BaseTest.Teardown() 位置 D:\TFS\SSV4.X\src_V4.3\reference\mysql-connector-net\mysql-connector-net-6.3.7-src\Tests\MySql.Data.Tests\BaseTest.cs:行号 236
]]></stack-trace>
                                </failure>
                              </test-case>
                              <test-case name="MySql.Data.MySqlClient.Tests.CommandTestsSharedMemoryCompressed.CommandTests.ExecuteWithOneBadQuery" executed="True" result="Error" success="False" time="5.018" asserts="1">
                                <failure>
                                  <message><![CDATA[SetUp : MySql.Data.MySqlClient.MySqlException : Unable to connect to any of the specified MySQL hosts.
  ----> System.Threading.WaitHandleCannotBeOpenedException : 不存在给定名称的句柄。
TearDown : NUnit.Framework.AssertionException :   Too many processes still running
  Expected: 0
  But was:  1
]]></message>
                                  <stack-trace><![CDATA[在 MySql.Data.MySqlClient.NativeDriver.Open() 位置 D:\TFS\SSV4.X\src_V4.3\reference\mysql-connector-net\mysql-connector-net-6.3.7-src\Source\MySql.Data\NativeDriver.cs:行号 269
在 MySql.Data.MySqlClient.Driver.Open() 位置 D:\TFS\SSV4.X\src_V4.3\reference\mysql-connector-net\mysql-connector-net-6.3.7-src\Source\MySql.Data\Driver.cs:行号 212
在 MySql.Data.MySqlClient.Driver.Create(MySqlConnectionStringBuilder settings) 位置 D:\TFS\SSV4.X\src_V4.3\reference\mysql-connector-net\mysql-connector-net-6.3.7-src\Source\MySql.Data\Driver.cs:行号 200
在 MySql.Data.MySqlClient.MySqlConnection.Open() 位置 D:\TFS\SSV4.X\src_V4.3\reference\mysql-connector-net\mysql-connector-net-6.3.7-src\Source\MySql.Data\Connection.cs:行号 514
在 MySql.Data.MySqlClient.Tests.BaseTest.Open() 位置 D:\TFS\SSV4.X\src_V4.3\reference\mysql-connector-net\mysql-connector-net-6.3.7-src\Tests\MySql.Data.Tests\BaseTest.cs:行号 174
在 MySql.Data.MySqlClient.Tests.BaseTest.Setup() 位置 D:\TFS\SSV4.X\src_V4.3\reference\mysql-connector-net\mysql-connector-net-6.3.7-src\Tests\MySql.Data.Tests\BaseTest.cs:行号 215
--WaitHandleCannotBeOpenedException
在 System.Threading.EventWaitHandle.OpenExisting(String name, EventWaitHandleRights rights)
在 MySql.Data.Common.SharedMemoryStream.GetConnectNumber(UInt32 timeOut) 位置 D:\TFS\SSV4.X\src_V4.3\reference\mysql-connector-net\mysql-connector-net-6.3.7-src\Source\MySql.Data\common\SharedMemoryStream.cs:行号 166
在 MySql.Data.Common.SharedMemoryStream.Open(UInt32 timeOut) 位置 D:\TFS\SSV4.X\src_V4.3\reference\mysql-connector-net\mysql-connector-net-6.3.7-src\Source\MySql.Data\common\SharedMemoryStream.cs:行号 120
在 MySql.Data.MySqlClient.NativeDriver.Open() 位置 D:\TFS\SSV4.X\src_V4.3\reference\mysql-connector-net\mysql-connector-net-6.3.7-src\Source\MySql.Data\NativeDriver.cs:行号 170
--TearDown
在 MySql.Data.MySqlClient.Tests.BaseTest.Teardown() 位置 D:\TFS\SSV4.X\src_V4.3\reference\mysql-connector-net\mysql-connector-net-6.3.7-src\Tests\MySql.Data.Tests\BaseTest.cs:行号 236
]]></stack-trace>
                                </failure>
                              </test-case>
                              <test-case name="MySql.Data.MySqlClient.Tests.CommandTestsSharedMemoryCompressed.CommandTests.GenWarnings" executed="True" result="Error" success="False" time="5.020" asserts="1">
                                <failure>
                                  <message><![CDATA[SetUp : MySql.Data.MySqlClient.MySqlException : Unable to connect to any of the specified MySQL hosts.
  ----> System.Threading.WaitHandleCannotBeOpenedException : 不存在给定名称的句柄。
TearDown : NUnit.Framework.AssertionException :   Too many processes still running
  Expected: 0
  But was:  1
]]></message>
                                  <stack-trace><![CDATA[在 MySql.Data.MySqlClient.NativeDriver.Open() 位置 D:\TFS\SSV4.X\src_V4.3\reference\mysql-connector-net\mysql-connector-net-6.3.7-src\Source\MySql.Data\NativeDriver.cs:行号 269
在 MySql.Data.MySqlClient.Driver.Open() 位置 D:\TFS\SSV4.X\src_V4.3\reference\mysql-connector-net\mysql-connector-net-6.3.7-src\Source\MySql.Data\Driver.cs:行号 212
在 MySql.Data.MySqlClient.Driver.Create(MySqlConnectionStringBuilder settings) 位置 D:\TFS\SSV4.X\src_V4.3\reference\mysql-connector-net\mysql-connector-net-6.3.7-src\Source\MySql.Data\Driver.cs:行号 200
在 MySql.Data.MySqlClient.MySqlConnection.Open() 位置 D:\TFS\SSV4.X\src_V4.3\reference\mysql-connector-net\mysql-connector-net-6.3.7-src\Source\MySql.Data\Connection.cs:行号 514
在 MySql.Data.MySqlClient.Tests.BaseTest.Open() 位置 D:\TFS\SSV4.X\src_V4.3\reference\mysql-connector-net\mysql-connector-net-6.3.7-src\Tests\MySql.Data.Tests\BaseTest.cs:行号 174
在 MySql.Data.MySqlClient.Tests.BaseTest.Setup() 位置 D:\TFS\SSV4.X\src_V4.3\reference\mysql-connector-net\mysql-connector-net-6.3.7-src\Tests\MySql.Data.Tests\BaseTest.cs:行号 215
--WaitHandleCannotBeOpenedException
在 System.Threading.EventWaitHandle.OpenExisting(String name, EventWaitHandleRights rights)
在 MySql.Data.Common.SharedMemoryStream.GetConnectNumber(UInt32 timeOut) 位置 D:\TFS\SSV4.X\src_V4.3\reference\mysql-connector-net\mysql-connector-net-6.3.7-src\Source\MySql.Data\common\SharedMemoryStream.cs:行号 166
在 MySql.Data.Common.SharedMemoryStream.Open(UInt32 timeOut) 位置 D:\TFS\SSV4.X\src_V4.3\reference\mysql-connector-net\mysql-connector-net-6.3.7-src\Source\MySql.Data\common\SharedMemoryStream.cs:行号 120
在 MySql.Data.MySqlClient.NativeDriver.Open() 位置 D:\TFS\SSV4.X\src_V4.3\reference\mysql-connector-net\mysql-connector-net-6.3.7-src\Source\MySql.Data\NativeDriver.cs:行号 170
--TearDown
在 MySql.Data.MySqlClient.Tests.BaseTest.Teardown() 位置 D:\TFS\SSV4.X\src_V4.3\reference\mysql-connector-net\mysql-connector-net-6.3.7-src\Tests\MySql.Data.Tests\BaseTest.cs:行号 236
]]></stack-trace>
                                </failure>
                              </test-case>
                              <test-case name="MySql.Data.MySqlClient.Tests.CommandTestsSharedMemoryCompressed.CommandTests.HelperTest" executed="True" result="Error" success="False" time="5.068" asserts="1">
                                <failure>
                                  <message><![CDATA[SetUp : MySql.Data.MySqlClient.MySqlException : Unable to connect to any of the specified MySQL hosts.
  ----> System.Threading.WaitHandleCannotBeOpenedException : 不存在给定名称的句柄。
TearDown : NUnit.Framework.AssertionException :   Too many processes still running
  Expected: 0
  But was:  1
]]></message>
                                  <stack-trace><![CDATA[在 MySql.Data.MySqlClient.NativeDriver.Open() 位置 D:\TFS\SSV4.X\src_V4.3\reference\mysql-connector-net\mysql-connector-net-6.3.7-src\Source\MySql.Data\NativeDriver.cs:行号 269
在 MySql.Data.MySqlClient.Driver.Open() 位置 D:\TFS\SSV4.X\src_V4.3\reference\mysql-connector-net\mysql-connector-net-6.3.7-src\Source\MySql.Data\Driver.cs:行号 212
在 MySql.Data.MySqlClient.Driver.Create(MySqlConnectionStringBuilder settings) 位置 D:\TFS\SSV4.X\src_V4.3\reference\mysql-connector-net\mysql-connector-net-6.3.7-src\Source\MySql.Data\Driver.cs:行号 200
在 MySql.Data.MySqlClient.MySqlConnection.Open() 位置 D:\TFS\SSV4.X\src_V4.3\reference\mysql-connector-net\mysql-connector-net-6.3.7-src\Source\MySql.Data\Connection.cs:行号 514
在 MySql.Data.MySqlClient.Tests.BaseTest.Open() 位置 D:\TFS\SSV4.X\src_V4.3\reference\mysql-connector-net\mysql-connector-net-6.3.7-src\Tests\MySql.Data.Tests\BaseTest.cs:行号 174
在 MySql.Data.MySqlClient.Tests.BaseTest.Setup() 位置 D:\TFS\SSV4.X\src_V4.3\reference\mysql-connector-net\mysql-connector-net-6.3.7-src\Tests\MySql.Data.Tests\BaseTest.cs:行号 215
--WaitHandleCannotBeOpenedException
在 System.Threading.EventWaitHandle.OpenExisting(String name, EventWaitHandleRights rights)
在 MySql.Data.Common.SharedMemoryStream.GetConnectNumber(UInt32 timeOut) 位置 D:\TFS\SSV4.X\src_V4.3\reference\mysql-connector-net\mysql-connector-net-6.3.7-src\Source\MySql.Data\common\SharedMemoryStream.cs:行号 166
在 MySql.Data.Common.SharedMemoryStream.Open(UInt32 timeOut) 位置 D:\TFS\SSV4.X\src_V4.3\reference\mysql-connector-net\mysql-connector-net-6.3.7-src\Source\MySql.Data\common\SharedMemoryStream.cs:行号 120
在 MySql.Data.MySqlClient.NativeDriver.Open() 位置 D:\TFS\SSV4.X\src_V4.3\reference\mysql-connector-net\mysql-connector-net-6.3.7-src\Source\MySql.Data\NativeDriver.cs:行号 170
--TearDown
在 MySql.Data.MySqlClient.Tests.BaseTest.Teardown() 位置 D:\TFS\SSV4.X\src_V4.3\reference\mysql-connector-net\mysql-connector-net-6.3.7-src\Tests\MySql.Data.Tests\BaseTest.cs:行号 236
]]></stack-trace>
                                </failure>
                              </test-case>
                              <test-case name="MySql.Data.MySqlClient.Tests.CommandTestsSharedMemoryCompressed.CommandTests.InsertingPreparedNulls" executed="True" result="Error" success="False" time="5.021" asserts="1">
                                <failure>
                                  <message><![CDATA[SetUp : MySql.Data.MySqlClient.MySqlException : Unable to connect to any of the specified MySQL hosts.
  ----> System.Threading.WaitHandleCannotBeOpenedException : 不存在给定名称的句柄。
TearDown : NUnit.Framework.AssertionException :   Too many processes still running
  Expected: 0
  But was:  1
]]></message>
                                  <stack-trace><![CDATA[在 MySql.Data.MySqlClient.NativeDriver.Open() 位置 D:\TFS\SSV4.X\src_V4.3\reference\mysql-connector-net\mysql-connector-net-6.3.7-src\Source\MySql.Data\NativeDriver.cs:行号 269
在 MySql.Data.MySqlClient.Driver.Open() 位置 D:\TFS\SSV4.X\src_V4.3\reference\mysql-connector-net\mysql-connector-net-6.3.7-src\Source\MySql.Data\Driver.cs:行号 212
在 MySql.Data.MySqlClient.Driver.Create(MySqlConnectionStringBuilder settings) 位置 D:\TFS\SSV4.X\src_V4.3\reference\mysql-connector-net\mysql-connector-net-6.3.7-src\Source\MySql.Data\Driver.cs:行号 200
在 MySql.Data.MySqlClient.MySqlConnection.Open() 位置 D:\TFS\SSV4.X\src_V4.3\reference\mysql-connector-net\mysql-connector-net-6.3.7-src\Source\MySql.Data\Connection.cs:行号 514
在 MySql.Data.MySqlClient.Tests.BaseTest.Open() 位置 D:\TFS\SSV4.X\src_V4.3\reference\mysql-connector-net\mysql-connector-net-6.3.7-src\Tests\MySql.Data.Tests\BaseTest.cs:行号 174
在 MySql.Data.MySqlClient.Tests.BaseTest.Setup() 位置 D:\TFS\SSV4.X\src_V4.3\reference\mysql-connector-net\mysql-connector-net-6.3.7-src\Tests\MySql.Data.Tests\BaseTest.cs:行号 215
--WaitHandleCannotBeOpenedException
在 System.Threading.EventWaitHandle.OpenExisting(String name, EventWaitHandleRights rights)
在 MySql.Data.Common.SharedMemoryStream.GetConnectNumber(UInt32 timeOut) 位置 D:\TFS\SSV4.X\src_V4.3\reference\mysql-connector-net\mysql-connector-net-6.3.7-src\Source\MySql.Data\common\SharedMemoryStream.cs:行号 166
在 MySql.Data.Common.SharedMemoryStream.Open(UInt32 timeOut) 位置 D:\TFS\SSV4.X\src_V4.3\reference\mysql-connector-net\mysql-connector-net-6.3.7-src\Source\MySql.Data\common\SharedMemoryStream.cs:行号 120
在 MySql.Data.MySqlClient.NativeDriver.Open() 位置 D:\TFS\SSV4.X\src_V4.3\reference\mysql-connector-net\mysql-connector-net-6.3.7-src\Source\MySql.Data\NativeDriver.cs:行号 170
--TearDown
在 MySql.Data.MySqlClient.Tests.BaseTest.Teardown() 位置 D:\TFS\SSV4.X\src_V4.3\reference\mysql-connector-net\mysql-connector-net-6.3.7-src\Tests\MySql.Data.Tests\BaseTest.cs:行号 236
]]></stack-trace>
                                </failure>
                              </test-case>
                              <test-case name="MySql.Data.MySqlClient.Tests.CommandTestsSharedMemoryCompressed.CommandTests.InsertTest" executed="True" result="Error" success="False" time="5.021" asserts="1">
                                <failure>
                                  <message><![CDATA[SetUp : MySql.Data.MySqlClient.MySqlException : Unable to connect to any of the specified MySQL hosts.
  ----> System.Threading.WaitHandleCannotBeOpenedException : 不存在给定名称的句柄。
TearDown : NUnit.Framework.AssertionException :   Too many processes still running
  Expected: 0
  But was:  1
]]></message>
                                  <stack-trace><![CDATA[在 MySql.Data.MySqlClient.NativeDriver.Open() 位置 D:\TFS\SSV4.X\src_V4.3\reference\mysql-connector-net\mysql-connector-net-6.3.7-src\Source\MySql.Data\NativeDriver.cs:行号 269
在 MySql.Data.MySqlClient.Driver.Open() 位置 D:\TFS\SSV4.X\src_V4.3\reference\mysql-connector-net\mysql-connector-net-6.3.7-src\Source\MySql.Data\Driver.cs:行号 212
在 MySql.Data.MySqlClient.Driver.Create(MySqlConnectionStringBuilder settings) 位置 D:\TFS\SSV4.X\src_V4.3\reference\mysql-connector-net\mysql-connector-net-6.3.7-src\Source\MySql.Data\Driver.cs:行号 200
在 MySql.Data.MySqlClient.MySqlConnection.Open() 位置 D:\TFS\SSV4.X\src_V4.3\reference\mysql-connector-net\mysql-connector-net-6.3.7-src\Source\MySql.Data\Connection.cs:行号 514
在 MySql.Data.MySqlClient.Tests.BaseTest.Open() 位置 D:\TFS\SSV4.X\src_V4.3\reference\mysql-connector-net\mysql-connector-net-6.3.7-src\Tests\MySql.Data.Tests\BaseTest.cs:行号 174
在 MySql.Data.MySqlClient.Tests.BaseTest.Setup() 位置 D:\TFS\SSV4.X\src_V4.3\reference\mysql-connector-net\mysql-connector-net-6.3.7-src\Tests\MySql.Data.Tests\BaseTest.cs:行号 215
--WaitHandleCannotBeOpenedException
在 System.Threading.EventWaitHandle.OpenExisting(String name, EventWaitHandleRights rights)
在 MySql.Data.Common.SharedMemoryStream.GetConnectNumber(UInt32 timeOut) 位置 D:\TFS\SSV4.X\src_V4.3\reference\mysql-connector-net\mysql-connector-net-6.3.7-src\Source\MySql.Data\common\SharedMemoryStream.cs:行号 166
在 MySql.Data.Common.SharedMemoryStream.Open(UInt32 timeOut) 位置 D:\TFS\SSV4.X\src_V4.3\reference\mysql-connector-net\mysql-connector-net-6.3.7-src\Source\MySql.Data\common\SharedMemoryStream.cs:行号 120
在 MySql.Data.MySqlClient.NativeDriver.Open() 位置 D:\TFS\SSV4.X\src_V4.3\reference\mysql-connector-net\mysql-connector-net-6.3.7-src\Source\MySql.Data\NativeDriver.cs:行号 170
--TearDown
在 MySql.Data.MySqlClient.Tests.BaseTest.Teardown() 位置 D:\TFS\SSV4.X\src_V4.3\reference\mysql-connector-net\mysql-connector-net-6.3.7-src\Tests\MySql.Data.Tests\BaseTest.cs:行号 236
]]></stack-trace>
                                </failure>
                              </test-case>
                              <test-case name="MySql.Data.MySqlClient.Tests.CommandTestsSharedMemoryCompressed.CommandTests.PreparedInsertUsingReader" executed="True" result="Error" success="False" time="5.016" asserts="1">
                                <failure>
                                  <message><![CDATA[SetUp : MySql.Data.MySqlClient.MySqlException : Unable to connect to any of the specified MySQL hosts.
  ----> System.Threading.WaitHandleCannotBeOpenedException : 不存在给定名称的句柄。
TearDown : NUnit.Framework.AssertionException :   Too many processes still running
  Expected: 0
  But was:  1
]]></message>
                                  <stack-trace><![CDATA[在 MySql.Data.MySqlClient.NativeDriver.Open() 位置 D:\TFS\SSV4.X\src_V4.3\reference\mysql-connector-net\mysql-connector-net-6.3.7-src\Source\MySql.Data\NativeDriver.cs:行号 269
在 MySql.Data.MySqlClient.Driver.Open() 位置 D:\TFS\SSV4.X\src_V4.3\reference\mysql-connector-net\mysql-connector-net-6.3.7-src\Source\MySql.Data\Driver.cs:行号 212
在 MySql.Data.MySqlClient.Driver.Create(MySqlConnectionStringBuilder settings) 位置 D:\TFS\SSV4.X\src_V4.3\reference\mysql-connector-net\mysql-connector-net-6.3.7-src\Source\MySql.Data\Driver.cs:行号 200
在 MySql.Data.MySqlClient.MySqlConnection.Open() 位置 D:\TFS\SSV4.X\src_V4.3\reference\mysql-connector-net\mysql-connector-net-6.3.7-src\Source\MySql.Data\Connection.cs:行号 514
在 MySql.Data.MySqlClient.Tests.BaseTest.Open() 位置 D:\TFS\SSV4.X\src_V4.3\reference\mysql-connector-net\mysql-connector-net-6.3.7-src\Tests\MySql.Data.Tests\BaseTest.cs:行号 174
在 MySql.Data.MySqlClient.Tests.BaseTest.Setup() 位置 D:\TFS\SSV4.X\src_V4.3\reference\mysql-connector-net\mysql-connector-net-6.3.7-src\Tests\MySql.Data.Tests\BaseTest.cs:行号 215
--WaitHandleCannotBeOpenedException
在 System.Threading.EventWaitHandle.OpenExisting(String name, EventWaitHandleRights rights)
在 MySql.Data.Common.SharedMemoryStream.GetConnectNumber(UInt32 timeOut) 位置 D:\TFS\SSV4.X\src_V4.3\reference\mysql-connector-net\mysql-connector-net-6.3.7-src\Source\MySql.Data\common\SharedMemoryStream.cs:行号 166
在 MySql.Data.Common.SharedMemoryStream.Open(UInt32 timeOut) 位置 D:\TFS\SSV4.X\src_V4.3\reference\mysql-connector-net\mysql-connector-net-6.3.7-src\Source\MySql.Data\common\SharedMemoryStream.cs:行号 120
在 MySql.Data.MySqlClient.NativeDriver.Open() 位置 D:\TFS\SSV4.X\src_V4.3\reference\mysql-connector-net\mysql-connector-net-6.3.7-src\Source\MySql.Data\NativeDriver.cs:行号 170
--TearDown
在 MySql.Data.MySqlClient.Tests.BaseTest.Teardown() 位置 D:\TFS\SSV4.X\src_V4.3\reference\mysql-connector-net\mysql-connector-net-6.3.7-src\Tests\MySql.Data.Tests\BaseTest.cs:行号 236
]]></stack-trace>
                                </failure>
                              </test-case>
                              <test-case name="MySql.Data.MySqlClient.Tests.CommandTestsSharedMemoryCompressed.CommandTests.SetNullConnection" executed="True" result="Error" success="False" time="5.018" asserts="1">
                                <failure>
                                  <message><![CDATA[SetUp : MySql.Data.MySqlClient.MySqlException : Unable to connect to any of the specified MySQL hosts.
  ----> System.Threading.WaitHandleCannotBeOpenedException : 不存在给定名称的句柄。
TearDown : NUnit.Framework.AssertionException :   Too many processes still running
  Expected: 0
  But was:  1
]]></message>
                                  <stack-trace><![CDATA[在 MySql.Data.MySqlClient.NativeDriver.Open() 位置 D:\TFS\SSV4.X\src_V4.3\reference\mysql-connector-net\mysql-connector-net-6.3.7-src\Source\MySql.Data\NativeDriver.cs:行号 269
在 MySql.Data.MySqlClient.Driver.Open() 位置 D:\TFS\SSV4.X\src_V4.3\reference\mysql-connector-net\mysql-connector-net-6.3.7-src\Source\MySql.Data\Driver.cs:行号 212
在 MySql.Data.MySqlClient.Driver.Create(MySqlConnectionStringBuilder settings) 位置 D:\TFS\SSV4.X\src_V4.3\reference\mysql-connector-net\mysql-connector-net-6.3.7-src\Source\MySql.Data\Driver.cs:行号 200
在 MySql.Data.MySqlClient.MySqlConnection.Open() 位置 D:\TFS\SSV4.X\src_V4.3\reference\mysql-connector-net\mysql-connector-net-6.3.7-src\Source\MySql.Data\Connection.cs:行号 514
在 MySql.Data.MySqlClient.Tests.BaseTest.Open() 位置 D:\TFS\SSV4.X\src_V4.3\reference\mysql-connector-net\mysql-connector-net-6.3.7-src\Tests\MySql.Data.Tests\BaseTest.cs:行号 174
在 MySql.Data.MySqlClient.Tests.BaseTest.Setup() 位置 D:\TFS\SSV4.X\src_V4.3\reference\mysql-connector-net\mysql-connector-net-6.3.7-src\Tests\MySql.Data.Tests\BaseTest.cs:行号 215
--WaitHandleCannotBeOpenedException
在 System.Threading.EventWaitHandle.OpenExisting(String name, EventWaitHandleRights rights)
在 MySql.Data.Common.SharedMemoryStream.GetConnectNumber(UInt32 timeOut) 位置 D:\TFS\SSV4.X\src_V4.3\reference\mysql-connector-net\mysql-connector-net-6.3.7-src\Source\MySql.Data\common\SharedMemoryStream.cs:行号 166
在 MySql.Data.Common.SharedMemoryStream.Open(UInt32 timeOut) 位置 D:\TFS\SSV4.X\src_V4.3\reference\mysql-connector-net\mysql-connector-net-6.3.7-src\Source\MySql.Data\common\SharedMemoryStream.cs:行号 120
在 MySql.Data.MySqlClient.NativeDriver.Open() 位置 D:\TFS\SSV4.X\src_V4.3\reference\mysql-connector-net\mysql-connector-net-6.3.7-src\Source\MySql.Data\NativeDriver.cs:行号 170
--TearDown
在 MySql.Data.MySqlClient.Tests.BaseTest.Teardown() 位置 D:\TFS\SSV4.X\src_V4.3\reference\mysql-connector-net\mysql-connector-net-6.3.7-src\Tests\MySql.Data.Tests\BaseTest.cs:行号 236
]]></stack-trace>
                                </failure>
                              </test-case>
                              <test-case name="MySql.Data.MySqlClient.Tests.CommandTestsSharedMemoryCompressed.CommandTests.SqlInjection1" executed="True" result="Error" success="False" time="5.022" asserts="1">
                                <failure>
                                  <message><![CDATA[SetUp : MySql.Data.MySqlClient.MySqlException : Unable to connect to any of the specified MySQL hosts.
  ----> System.Threading.WaitHandleCannotBeOpenedException : 不存在给定名称的句柄。
TearDown : NUnit.Framework.AssertionException :   Too many processes still running
  Expected: 0
  But was:  1
]]></message>
                                  <stack-trace><![CDATA[在 MySql.Data.MySqlClient.NativeDriver.Open() 位置 D:\TFS\SSV4.X\src_V4.3\reference\mysql-connector-net\mysql-connector-net-6.3.7-src\Source\MySql.Data\NativeDriver.cs:行号 269
在 MySql.Data.MySqlClient.Driver.Open() 位置 D:\TFS\SSV4.X\src_V4.3\reference\mysql-connector-net\mysql-connector-net-6.3.7-src\Source\MySql.Data\Driver.cs:行号 212
在 MySql.Data.MySqlClient.Driver.Create(MySqlConnectionStringBuilder settings) 位置 D:\TFS\SSV4.X\src_V4.3\reference\mysql-connector-net\mysql-connector-net-6.3.7-src\Source\MySql.Data\Driver.cs:行号 200
在 MySql.Data.MySqlClient.MySqlConnection.Open() 位置 D:\TFS\SSV4.X\src_V4.3\reference\mysql-connector-net\mysql-connector-net-6.3.7-src\Source\MySql.Data\Connection.cs:行号 514
在 MySql.Data.MySqlClient.Tests.BaseTest.Open() 位置 D:\TFS\SSV4.X\src_V4.3\reference\mysql-connector-net\mysql-connector-net-6.3.7-src\Tests\MySql.Data.Tests\BaseTest.cs:行号 174
在 MySql.Data.MySqlClient.Tests.BaseTest.Setup() 位置 D:\TFS\SSV4.X\src_V4.3\reference\mysql-connector-net\mysql-connector-net-6.3.7-src\Tests\MySql.Data.Tests\BaseTest.cs:行号 215
--WaitHandleCannotBeOpenedException
在 System.Threading.EventWaitHandle.OpenExisting(String name, EventWaitHandleRights rights)
在 MySql.Data.Common.SharedMemoryStream.GetConnectNumber(UInt32 timeOut) 位置 D:\TFS\SSV4.X\src_V4.3\reference\mysql-connector-net\mysql-connector-net-6.3.7-src\Source\MySql.Data\common\SharedMemoryStream.cs:行号 166
在 MySql.Data.Common.SharedMemoryStream.Open(UInt32 timeOut) 位置 D:\TFS\SSV4.X\src_V4.3\reference\mysql-connector-net\mysql-connector-net-6.3.7-src\Source\MySql.Data\common\SharedMemoryStream.cs:行号 120
在 MySql.Data.MySqlClient.NativeDriver.Open() 位置 D:\TFS\SSV4.X\src_V4.3\reference\mysql-connector-net\mysql-connector-net-6.3.7-src\Source\MySql.Data\NativeDriver.cs:行号 170
--TearDown
在 MySql.Data.MySqlClient.Tests.BaseTest.Teardown() 位置 D:\TFS\SSV4.X\src_V4.3\reference\mysql-connector-net\mysql-connector-net-6.3.7-src\Tests\MySql.Data.Tests\BaseTest.cs:行号 236
]]></stack-trace>
                                </failure>
                              </test-case>
                              <test-case name="MySql.Data.MySqlClient.Tests.CommandTestsSharedMemoryCompressed.CommandTests.SyntaxErrorWithCloseConnection" executed="True" result="Error" success="False" time="5.016" asserts="1">
                                <failure>
                                  <message><![CDATA[SetUp : MySql.Data.MySqlClient.MySqlException : Unable to connect to any of the specified MySQL hosts.
  ----> System.Threading.WaitHandleCannotBeOpenedException : 不存在给定名称的句柄。
TearDown : NUnit.Framework.AssertionException :   Too many processes still running
  Expected: 0
  But was:  1
]]></message>
                                  <stack-trace><![CDATA[在 MySql.Data.MySqlClient.NativeDriver.Open() 位置 D:\TFS\SSV4.X\src_V4.3\reference\mysql-connector-net\mysql-connector-net-6.3.7-src\Source\MySql.Data\NativeDriver.cs:行号 269
在 MySql.Data.MySqlClient.Driver.Open() 位置 D:\TFS\SSV4.X\src_V4.3\reference\mysql-connector-net\mysql-connector-net-6.3.7-src\Source\MySql.Data\Driver.cs:行号 212
在 MySql.Data.MySqlClient.Driver.Create(MySqlConnectionStringBuilder settings) 位置 D:\TFS\SSV4.X\src_V4.3\reference\mysql-connector-net\mysql-connector-net-6.3.7-src\Source\MySql.Data\Driver.cs:行号 200
在 MySql.Data.MySqlClient.MySqlConnection.Open() 位置 D:\TFS\SSV4.X\src_V4.3\reference\mysql-connector-net\mysql-connector-net-6.3.7-src\Source\MySql.Data\Connection.cs:行号 514
在 MySql.Data.MySqlClient.Tests.BaseTest.Open() 位置 D:\TFS\SSV4.X\src_V4.3\reference\mysql-connector-net\mysql-connector-net-6.3.7-src\Tests\MySql.Data.Tests\BaseTest.cs:行号 174
在 MySql.Data.MySqlClient.Tests.BaseTest.Setup() 位置 D:\TFS\SSV4.X\src_V4.3\reference\mysql-connector-net\mysql-connector-net-6.3.7-src\Tests\MySql.Data.Tests\BaseTest.cs:行号 215
--WaitHandleCannotBeOpenedException
在 System.Threading.EventWaitHandle.OpenExisting(String name, EventWaitHandleRights rights)
在 MySql.Data.Common.SharedMemoryStream.GetConnectNumber(UInt32 timeOut) 位置 D:\TFS\SSV4.X\src_V4.3\reference\mysql-connector-net\mysql-connector-net-6.3.7-src\Source\MySql.Data\common\SharedMemoryStream.cs:行号 166
在 MySql.Data.Common.SharedMemoryStream.Open(UInt32 timeOut) 位置 D:\TFS\SSV4.X\src_V4.3\reference\mysql-connector-net\mysql-connector-net-6.3.7-src\Source\MySql.Data\common\SharedMemoryStream.cs:行号 120
在 MySql.Data.MySqlClient.NativeDriver.Open() 位置 D:\TFS\SSV4.X\src_V4.3\reference\mysql-connector-net\mysql-connector-net-6.3.7-src\Source\MySql.Data\NativeDriver.cs:行号 170
--TearDown
在 MySql.Data.MySqlClient.Tests.BaseTest.Teardown() 位置 D:\TFS\SSV4.X\src_V4.3\reference\mysql-connector-net\mysql-connector-net-6.3.7-src\Tests\MySql.Data.Tests\BaseTest.cs:行号 236
]]></stack-trace>
                                </failure>
                              </test-case>
                              <test-case name="MySql.Data.MySqlClient.Tests.CommandTestsSharedMemoryCompressed.CommandTests.TableCommandType" executed="True" result="Error" success="False" time="5.018" asserts="1">
                                <failure>
                                  <message><![CDATA[SetUp : MySql.Data.MySqlClient.MySqlException : Unable to connect to any of the specified MySQL hosts.
  ----> System.Threading.WaitHandleCannotBeOpenedException : 不存在给定名称的句柄。
TearDown : NUnit.Framework.AssertionException :   Too many processes still running
  Expected: 0
  But was:  1
]]></message>
                                  <stack-trace><![CDATA[在 MySql.Data.MySqlClient.NativeDriver.Open() 位置 D:\TFS\SSV4.X\src_V4.3\reference\mysql-connector-net\mysql-connector-net-6.3.7-src\Source\MySql.Data\NativeDriver.cs:行号 269
在 MySql.Data.MySqlClient.Driver.Open() 位置 D:\TFS\SSV4.X\src_V4.3\reference\mysql-connector-net\mysql-connector-net-6.3.7-src\Source\MySql.Data\Driver.cs:行号 212
在 MySql.Data.MySqlClient.Driver.Create(MySqlConnectionStringBuilder settings) 位置 D:\TFS\SSV4.X\src_V4.3\reference\mysql-connector-net\mysql-connector-net-6.3.7-src\Source\MySql.Data\Driver.cs:行号 200
在 MySql.Data.MySqlClient.MySqlConnection.Open() 位置 D:\TFS\SSV4.X\src_V4.3\reference\mysql-connector-net\mysql-connector-net-6.3.7-src\Source\MySql.Data\Connection.cs:行号 514
在 MySql.Data.MySqlClient.Tests.BaseTest.Open() 位置 D:\TFS\SSV4.X\src_V4.3\reference\mysql-connector-net\mysql-connector-net-6.3.7-src\Tests\MySql.Data.Tests\BaseTest.cs:行号 174
在 MySql.Data.MySqlClient.Tests.BaseTest.Setup() 位置 D:\TFS\SSV4.X\src_V4.3\reference\mysql-connector-net\mysql-connector-net-6.3.7-src\Tests\MySql.Data.Tests\BaseTest.cs:行号 215
--WaitHandleCannotBeOpenedException
在 System.Threading.EventWaitHandle.OpenExisting(String name, EventWaitHandleRights rights)
在 MySql.Data.Common.SharedMemoryStream.GetConnectNumber(UInt32 timeOut) 位置 D:\TFS\SSV4.X\src_V4.3\reference\mysql-connector-net\mysql-connector-net-6.3.7-src\Source\MySql.Data\common\SharedMemoryStream.cs:行号 166
在 MySql.Data.Common.SharedMemoryStream.Open(UInt32 timeOut) 位置 D:\TFS\SSV4.X\src_V4.3\reference\mysql-connector-net\mysql-connector-net-6.3.7-src\Source\MySql.Data\common\SharedMemoryStream.cs:行号 120
在 MySql.Data.MySqlClient.NativeDriver.Open() 位置 D:\TFS\SSV4.X\src_V4.3\reference\mysql-connector-net\mysql-connector-net-6.3.7-src\Source\MySql.Data\NativeDriver.cs:行号 170
--TearDown
在 MySql.Data.MySqlClient.Tests.BaseTest.Teardown() 位置 D:\TFS\SSV4.X\src_V4.3\reference\mysql-connector-net\mysql-connector-net-6.3.7-src\Tests\MySql.Data.Tests\BaseTest.cs:行号 236
]]></stack-trace>
                                </failure>
                              </test-case>
                              <test-case name="MySql.Data.MySqlClient.Tests.CommandTestsSharedMemoryCompressed.CommandTests.TableWithOVer100Columns" executed="True" result="Error" success="False" time="5.017" asserts="1">
                                <failure>
                                  <message><![CDATA[SetUp : MySql.Data.MySqlClient.MySqlException : Unable to connect to any of the specified MySQL hosts.
  ----> System.Threading.WaitHandleCannotBeOpenedException : 不存在给定名称的句柄。
TearDown : NUnit.Framework.AssertionException :   Too many processes still running
  Expected: 0
  But was:  1
]]></message>
                                  <stack-trace><![CDATA[在 MySql.Data.MySqlClient.NativeDriver.Open() 位置 D:\TFS\SSV4.X\src_V4.3\reference\mysql-connector-net\mysql-connector-net-6.3.7-src\Source\MySql.Data\NativeDriver.cs:行号 269
在 MySql.Data.MySqlClient.Driver.Open() 位置 D:\TFS\SSV4.X\src_V4.3\reference\mysql-connector-net\mysql-connector-net-6.3.7-src\Source\MySql.Data\Driver.cs:行号 212
在 MySql.Data.MySqlClient.Driver.Create(MySqlConnectionStringBuilder settings) 位置 D:\TFS\SSV4.X\src_V4.3\reference\mysql-connector-net\mysql-connector-net-6.3.7-src\Source\MySql.Data\Driver.cs:行号 200
在 MySql.Data.MySqlClient.MySqlConnection.Open() 位置 D:\TFS\SSV4.X\src_V4.3\reference\mysql-connector-net\mysql-connector-net-6.3.7-src\Source\MySql.Data\Connection.cs:行号 514
在 MySql.Data.MySqlClient.Tests.BaseTest.Open() 位置 D:\TFS\SSV4.X\src_V4.3\reference\mysql-connector-net\mysql-connector-net-6.3.7-src\Tests\MySql.Data.Tests\BaseTest.cs:行号 174
在 MySql.Data.MySqlClient.Tests.BaseTest.Setup() 位置 D:\TFS\SSV4.X\src_V4.3\reference\mysql-connector-net\mysql-connector-net-6.3.7-src\Tests\MySql.Data.Tests\BaseTest.cs:行号 215
--WaitHandleCannotBeOpenedException
在 System.Threading.EventWaitHandle.OpenExisting(String name, EventWaitHandleRights rights)
在 MySql.Data.Common.SharedMemoryStream.GetConnectNumber(UInt32 timeOut) 位置 D:\TFS\SSV4.X\src_V4.3\reference\mysql-connector-net\mysql-connector-net-6.3.7-src\Source\MySql.Data\common\SharedMemoryStream.cs:行号 166
在 MySql.Data.Common.SharedMemoryStream.Open(UInt32 timeOut) 位置 D:\TFS\SSV4.X\src_V4.3\reference\mysql-connector-net\mysql-connector-net-6.3.7-src\Source\MySql.Data\common\SharedMemoryStream.cs:行号 120
在 MySql.Data.MySqlClient.NativeDriver.Open() 位置 D:\TFS\SSV4.X\src_V4.3\reference\mysql-connector-net\mysql-connector-net-6.3.7-src\Source\MySql.Data\NativeDriver.cs:行号 170
--TearDown
在 MySql.Data.MySqlClient.Tests.BaseTest.Teardown() 位置 D:\TFS\SSV4.X\src_V4.3\reference\mysql-connector-net\mysql-connector-net-6.3.7-src\Tests\MySql.Data.Tests\BaseTest.cs:行号 236
]]></stack-trace>
                                </failure>
                              </test-case>
                              <test-case name="MySql.Data.MySqlClient.Tests.CommandTestsSharedMemoryCompressed.CommandTests.UpdateTest" executed="True" result="Error" success="False" time="5.017" asserts="1">
                                <failure>
                                  <message><![CDATA[SetUp : MySql.Data.MySqlClient.MySqlException : Unable to connect to any of the specified MySQL hosts.
  ----> System.Threading.WaitHandleCannotBeOpenedException : 不存在给定名称的句柄。
TearDown : NUnit.Framework.AssertionException :   Too many processes still running
  Expected: 0
  But was:  1
]]></message>
                                  <stack-trace><![CDATA[在 MySql.Data.MySqlClient.NativeDriver.Open() 位置 D:\TFS\SSV4.X\src_V4.3\reference\mysql-connector-net\mysql-connector-net-6.3.7-src\Source\MySql.Data\NativeDriver.cs:行号 269
在 MySql.Data.MySqlClient.Driver.Open() 位置 D:\TFS\SSV4.X\src_V4.3\reference\mysql-connector-net\mysql-connector-net-6.3.7-src\Source\MySql.Data\Driver.cs:行号 212
在 MySql.Data.MySqlClient.Driver.Create(MySqlConnectionStringBuilder settings) 位置 D:\TFS\SSV4.X\src_V4.3\reference\mysql-connector-net\mysql-connector-net-6.3.7-src\Source\MySql.Data\Driver.cs:行号 200
在 MySql.Data.MySqlClient.MySqlConnection.Open() 位置 D:\TFS\SSV4.X\src_V4.3\reference\mysql-connector-net\mysql-connector-net-6.3.7-src\Source\MySql.Data\Connection.cs:行号 514
在 MySql.Data.MySqlClient.Tests.BaseTest.Open() 位置 D:\TFS\SSV4.X\src_V4.3\reference\mysql-connector-net\mysql-connector-net-6.3.7-src\Tests\MySql.Data.Tests\BaseTest.cs:行号 174
在 MySql.Data.MySqlClient.Tests.BaseTest.Setup() 位置 D:\TFS\SSV4.X\src_V4.3\reference\mysql-connector-net\mysql-connector-net-6.3.7-src\Tests\MySql.Data.Tests\BaseTest.cs:行号 215
--WaitHandleCannotBeOpenedException
在 System.Threading.EventWaitHandle.OpenExisting(String name, EventWaitHandleRights rights)
在 MySql.Data.Common.SharedMemoryStream.GetConnectNumber(UInt32 timeOut) 位置 D:\TFS\SSV4.X\src_V4.3\reference\mysql-connector-net\mysql-connector-net-6.3.7-src\Source\MySql.Data\common\SharedMemoryStream.cs:行号 166
在 MySql.Data.Common.SharedMemoryStream.Open(UInt32 timeOut) 位置 D:\TFS\SSV4.X\src_V4.3\reference\mysql-connector-net\mysql-connector-net-6.3.7-src\Source\MySql.Data\common\SharedMemoryStream.cs:行号 120
在 MySql.Data.MySqlClient.NativeDriver.Open() 位置 D:\TFS\SSV4.X\src_V4.3\reference\mysql-connector-net\mysql-connector-net-6.3.7-src\Source\MySql.Data\NativeDriver.cs:行号 170
--TearDown
在 MySql.Data.MySqlClient.Tests.BaseTest.Teardown() 位置 D:\TFS\SSV4.X\src_V4.3\reference\mysql-connector-net\mysql-connector-net-6.3.7-src\Tests\MySql.Data.Tests\BaseTest.cs:行号 236
]]></stack-trace>
                                </failure>
                              </test-case>
                              <test-case name="MySql.Data.MySqlClient.Tests.CommandTestsSharedMemoryCompressed.CommandTests.UseAffectedRows" executed="True" result="Error" success="False" time="5.016" asserts="1">
                                <failure>
                                  <message><![CDATA[SetUp : MySql.Data.MySqlClient.MySqlException : Unable to connect to any of the specified MySQL hosts.
  ----> System.Threading.WaitHandleCannotBeOpenedException : 不存在给定名称的句柄。
TearDown : NUnit.Framework.AssertionException :   Too many processes still running
  Expected: 0
  But was:  1
]]></message>
                                  <stack-trace><![CDATA[在 MySql.Data.MySqlClient.NativeDriver.Open() 位置 D:\TFS\SSV4.X\src_V4.3\reference\mysql-connector-net\mysql-connector-net-6.3.7-src\Source\MySql.Data\NativeDriver.cs:行号 269
在 MySql.Data.MySqlClient.Driver.Open() 位置 D:\TFS\SSV4.X\src_V4.3\reference\mysql-connector-net\mysql-connector-net-6.3.7-src\Source\MySql.Data\Driver.cs:行号 212
在 MySql.Data.MySqlClient.Driver.Create(MySqlConnectionStringBuilder settings) 位置 D:\TFS\SSV4.X\src_V4.3\reference\mysql-connector-net\mysql-connector-net-6.3.7-src\Source\MySql.Data\Driver.cs:行号 200
在 MySql.Data.MySqlClient.MySqlConnection.Open() 位置 D:\TFS\SSV4.X\src_V4.3\reference\mysql-connector-net\mysql-connector-net-6.3.7-src\Source\MySql.Data\Connection.cs:行号 514
在 MySql.Data.MySqlClient.Tests.BaseTest.Open() 位置 D:\TFS\SSV4.X\src_V4.3\reference\mysql-connector-net\mysql-connector-net-6.3.7-src\Tests\MySql.Data.Tests\BaseTest.cs:行号 174
在 MySql.Data.MySqlClient.Tests.BaseTest.Setup() 位置 D:\TFS\SSV4.X\src_V4.3\reference\mysql-connector-net\mysql-connector-net-6.3.7-src\Tests\MySql.Data.Tests\BaseTest.cs:行号 215
--WaitHandleCannotBeOpenedException
在 System.Threading.EventWaitHandle.OpenExisting(String name, EventWaitHandleRights rights)
在 MySql.Data.Common.SharedMemoryStream.GetConnectNumber(UInt32 timeOut) 位置 D:\TFS\SSV4.X\src_V4.3\reference\mysql-connector-net\mysql-connector-net-6.3.7-src\Source\MySql.Data\common\SharedMemoryStream.cs:行号 166
在 MySql.Data.Common.SharedMemoryStream.Open(UInt32 timeOut) 位置 D:\TFS\SSV4.X\src_V4.3\reference\mysql-connector-net\mysql-connector-net-6.3.7-src\Source\MySql.Data\common\SharedMemoryStream.cs:行号 120
在 MySql.Data.MySqlClient.NativeDriver.Open() 位置 D:\TFS\SSV4.X\src_V4.3\reference\mysql-connector-net\mysql-connector-net-6.3.7-src\Source\MySql.Data\NativeDriver.cs:行号 170
--TearDown
在 MySql.Data.MySqlClient.Tests.BaseTest.Teardown() 位置 D:\TFS\SSV4.X\src_V4.3\reference\mysql-connector-net\mysql-connector-net-6.3.7-src\Tests\MySql.Data.Tests\BaseTest.cs:行号 236
]]></stack-trace>
                                </failure>
                              </test-case>
                            </results>
                          </test-suite>
                          <test-suite type="TestFixture" name="CommandTestsSocketCompressed" executed="True" result="Success" success="True" time="32.274" asserts="0">
                            <results>
                              <test-case name="MySql.Data.MySqlClient.Tests.CommandTestsSocketCompressed.CommandTests.BatchUpdatesAndDeletes" executed="True" result="Success" success="True" time="2.335" asserts="2" />
                              <test-case name="MySql.Data.MySqlClient.Tests.CommandTestsSocketCompressed.CommandTests.CloneCommand" executed="True" result="Success" success="True" time="1.015" asserts="1" />
                              <test-case name="MySql.Data.MySqlClient.Tests.CommandTestsSocketCompressed.CommandTests.CloseReaderAfterFailedConvert" executed="True" result="Success" success="True" time="1.169" asserts="1" />
                              <test-case name="MySql.Data.MySqlClient.Tests.CommandTestsSocketCompressed.CommandTests.CtorTest" executed="True" result="Success" success="True" time="1.138" asserts="1" />
                              <test-case name="MySql.Data.MySqlClient.Tests.CommandTestsSocketCompressed.CommandTests.DefaultCommandTimeout" executed="True" result="Success" success="True" time="1.016" asserts="7" />
                              <test-case name="MySql.Data.MySqlClient.Tests.CommandTestsSocketCompressed.CommandTests.DeleteTest" executed="True" result="Success" success="True" time="1.242" asserts="3" />
                              <test-case name="MySql.Data.MySqlClient.Tests.CommandTestsSocketCompressed.CommandTests.DontAllowBatching" executed="True" result="Success" success="True" time="2.028" asserts="1" />
                              <test-case name="MySql.Data.MySqlClient.Tests.CommandTestsSocketCompressed.CommandTests.EmptyOrJustSemiCommand" executed="True" result="Success" success="True" time="1.018" asserts="1" />
                              <test-case name="MySql.Data.MySqlClient.Tests.CommandTestsSocketCompressed.CommandTests.ExecuteReaderReturnsReaderAfterCancel" executed="True" result="Success" success="True" time="3.413" asserts="3" />
                              <test-case name="MySql.Data.MySqlClient.Tests.CommandTestsSocketCompressed.CommandTests.ExecuteWithOneBadQuery" executed="True" result="Success" success="True" time="1.016" asserts="1" />
                              <test-case name="MySql.Data.MySqlClient.Tests.CommandTestsSocketCompressed.CommandTests.GenWarnings" executed="True" result="Success" success="True" time="1.175" asserts="1" />
                              <test-case name="MySql.Data.MySqlClient.Tests.CommandTestsSocketCompressed.CommandTests.HelperTest" executed="True" result="Success" success="True" time="2.021" asserts="1" />
                              <test-case name="MySql.Data.MySqlClient.Tests.CommandTestsSocketCompressed.CommandTests.InsertingPreparedNulls" executed="True" result="Success" success="True" time="1.162" asserts="3" />
                              <test-case name="MySql.Data.MySqlClient.Tests.CommandTestsSocketCompressed.CommandTests.InsertTest" executed="True" result="Success" success="True" time="1.236" asserts="5" />
                              <test-case name="MySql.Data.MySqlClient.Tests.CommandTestsSocketCompressed.CommandTests.PreparedInsertUsingReader" executed="True" result="Success" success="True" time="1.165" asserts="4" />
                              <test-case name="MySql.Data.MySqlClient.Tests.CommandTestsSocketCompressed.CommandTests.SetNullConnection" executed="True" result="Success" success="True" time="1.024" asserts="1" />
                              <test-case name="MySql.Data.MySqlClient.Tests.CommandTestsSocketCompressed.CommandTests.SqlInjection1" executed="True" result="Success" success="True" time="1.101" asserts="2" />
                              <test-case name="MySql.Data.MySqlClient.Tests.CommandTestsSocketCompressed.CommandTests.SyntaxErrorWithCloseConnection" executed="True" result="Success" success="True" time="2.026" asserts="2" />
                              <test-case name="MySql.Data.MySqlClient.Tests.CommandTestsSocketCompressed.CommandTests.TableCommandType" executed="True" result="Success" success="True" time="1.308" asserts="5" />
                              <test-case name="MySql.Data.MySqlClient.Tests.CommandTestsSocketCompressed.CommandTests.TableWithOVer100Columns" executed="True" result="Success" success="True" time="1.137" asserts="1" />
                              <test-case name="MySql.Data.MySqlClient.Tests.CommandTestsSocketCompressed.CommandTests.UpdateTest" executed="True" result="Success" success="True" time="1.228" asserts="7" />
                              <test-case name="MySql.Data.MySqlClient.Tests.CommandTestsSocketCompressed.CommandTests.UseAffectedRows" executed="True" result="Success" success="True" time="2.271" asserts="3" />
                            </results>
                          </test-suite>
                          <test-suite type="TestFixture" name="ConnectionStringBuilder" executed="True" result="Success" success="True" time="8.207" asserts="0">
                            <results>
                              <test-case name="MySql.Data.MySqlClient.Tests.ConnectionStringBuilder.ContainsKey" executed="True" result="Success" success="True" time="1.014" asserts="5" />
                              <test-case name="MySql.Data.MySqlClient.Tests.ConnectionStringBuilder.EncrpytSslmode" executed="True" result="Success" success="True" time="1.073" asserts="2" />
                              <test-case name="MySql.Data.MySqlClient.Tests.ConnectionStringBuilder.EncryptKeyword" executed="True" result="Success" success="True" time="1.015" asserts="1" />
                              <test-case name="MySql.Data.MySqlClient.Tests.ConnectionStringBuilder.NoValueGivenForConnectionStringOption" executed="True" result="Success" success="True" time="1.018" asserts="3" />
                              <test-case name="MySql.Data.MySqlClient.Tests.ConnectionStringBuilder.SettingInvalidKeyThrowsArgumentException" executed="True" result="Success" success="True" time="1.017" asserts="1" />
                              <test-case name="MySql.Data.MySqlClient.Tests.ConnectionStringBuilder.SettingValueMultipeTimes" executed="True" result="Success" success="True" time="1.016" asserts="2" />
                              <test-case name="MySql.Data.MySqlClient.Tests.ConnectionStringBuilder.Simple" executed="True" result="Success" success="True" time="1.019" asserts="36" />
                              <test-case name="MySql.Data.MySqlClient.Tests.ConnectionStringBuilder.UseProcedureBodiesSettingCheckParameters" executed="True" result="Success" success="True" time="1.014" asserts="2" />
                            </results>
                          </test-suite>
                          <test-suite type="TestFixture" name="ConnectionTests" executed="True" result="Failure" success="False" time="82.887" asserts="0">
                            <results>
                              <test-case name="MySql.Data.MySqlClient.Tests.ConnectionTests.CanConnectUsingFileBasedCertificate" executed="True" result="Error" success="False" time="7.038" asserts="1">
                                <failure>
                                  <message><![CDATA[MySql.Data.MySqlClient.MySqlException : The host localhost does not support SSL connections.
TearDown : NUnit.Framework.AssertionException :   Too many processes still running
  Expected: 2
  But was:  3
]]></message>
                                  <stack-trace><![CDATA[在 MySql.Data.MySqlClient.NativeDriver.Open() 位置 D:\TFS\SSV4.X\src_V4.3\reference\mysql-connector-net\mysql-connector-net-6.3.7-src\Source\MySql.Data\NativeDriver.cs:行号 243
在 MySql.Data.MySqlClient.Driver.Open() 位置 D:\TFS\SSV4.X\src_V4.3\reference\mysql-connector-net\mysql-connector-net-6.3.7-src\Source\MySql.Data\Driver.cs:行号 212
在 MySql.Data.MySqlClient.Driver.Create(MySqlConnectionStringBuilder settings) 位置 D:\TFS\SSV4.X\src_V4.3\reference\mysql-connector-net\mysql-connector-net-6.3.7-src\Source\MySql.Data\Driver.cs:行号 200
在 MySql.Data.MySqlClient.MySqlConnection.Open() 位置 D:\TFS\SSV4.X\src_V4.3\reference\mysql-connector-net\mysql-connector-net-6.3.7-src\Source\MySql.Data\Connection.cs:行号 514
在 MySql.Data.MySqlClient.Tests.ConnectionTests.CanConnectUsingFileBasedCertificate() 位置 D:\TFS\SSV4.X\src_V4.3\reference\mysql-connector-net\mysql-connector-net-6.3.7-src\Tests\MySql.Data.Tests\ConnectionTests.cs:行号 576
--TearDown
在 MySql.Data.MySqlClient.Tests.BaseTest.Teardown() 位置 D:\TFS\SSV4.X\src_V4.3\reference\mysql-connector-net\mysql-connector-net-6.3.7-src\Tests\MySql.Data.Tests\BaseTest.cs:行号 236
]]></stack-trace>
                                </failure>
                              </test-case>
                              <test-case name="MySql.Data.MySqlClient.Tests.ConnectionTests.CanOpenConnectionAfterAborting" executed="True" result="Error" success="False" time="4.624" asserts="2">
                                <failure>
                                  <message><![CDATA[System.InvalidOperationException : The connection is already open.]]></message>
                                  <stack-trace><![CDATA[在 MySql.Data.MySqlClient.MySqlConnection.Open() 位置 D:\TFS\SSV4.X\src_V4.3\reference\mysql-connector-net\mysql-connector-net-6.3.7-src\Source\MySql.Data\Connection.cs:行号 452
在 MySql.Data.MySqlClient.Tests.ConnectionTests.CanOpenConnectionAfterAborting() 位置 D:\TFS\SSV4.X\src_V4.3\reference\mysql-connector-net\mysql-connector-net-6.3.7-src\Tests\MySql.Data.Tests\ConnectionTests.cs:行号 612
]]></stack-trace>
                                </failure>
                              </test-case>
                              <test-case name="MySql.Data.MySqlClient.Tests.ConnectionTests.CanOpenConnectionInMediumTrust" executed="True" result="Error" success="False" time="10.666" asserts="7">
                                <failure>
                                  <message><![CDATA[TearDown : NUnit.Framework.AssertionException :   Too many processes still running
  Expected: 3
  But was:  2
]]></message>
                                  <stack-trace><![CDATA[--TearDown
在 MySql.Data.MySqlClient.Tests.BaseTest.Teardown() 位置 D:\TFS\SSV4.X\src_V4.3\reference\mysql-connector-net\mysql-connector-net-6.3.7-src\Tests\MySql.Data.Tests\BaseTest.cs:行号 236
]]></stack-trace>
                                </failure>
                              </test-case>
                              <test-case name="MySql.Data.MySqlClient.Tests.ConnectionTests.CaseSensitiveUserId" executed="True" result="Success" success="True" time="3.023" asserts="1" />
                              <test-case name="MySql.Data.MySqlClient.Tests.ConnectionTests.ChangeDatabase" executed="True" result="Success" success="True" time="2.017" asserts="4" />
                              <test-case name="MySql.Data.MySqlClient.Tests.ConnectionTests.ConnectingAsUTF8" executed="True" result="Success" success="True" time="3.352" asserts="3" />
                              <test-case name="MySql.Data.MySqlClient.Tests.ConnectionTests.ConnectInVariousWays" executed="True" result="Error" success="False" time="2.025" asserts="1">
                                <failure>
                                  <message><![CDATA[MySql.Data.MySqlClient.MySqlException : Can't find any matching row in the user table]]></message>
                                  <stack-trace><![CDATA[在 MySql.Data.MySqlClient.MySqlStream.ReadPacket() 位置 D:\TFS\SSV4.X\src_V4.3\reference\mysql-connector-net\mysql-connector-net-6.3.7-src\Source\MySql.Data\MySqlStream.cs:行号 146
在 MySql.Data.MySqlClient.NativeDriver.GetResult(Int32& affectedRow, Int32& insertedId) 位置 D:\TFS\SSV4.X\src_V4.3\reference\mysql-connector-net\mysql-connector-net-6.3.7-src\Source\MySql.Data\NativeDriver.cs:行号 600
在 MySql.Data.MySqlClient.Driver.GetResult(Int32 statementId, Int32& affectedRows, Int32& insertedId) 位置 D:\TFS\SSV4.X\src_V4.3\reference\mysql-connector-net\mysql-connector-net-6.3.7-src\Source\MySql.Data\Driver.cs:行号 373
在 MySql.Data.MySqlClient.Driver.NextResult(Int32 statementId, Boolean force) 位置 D:\TFS\SSV4.X\src_V4.3\reference\mysql-connector-net\mysql-connector-net-6.3.7-src\Source\MySql.Data\Driver.cs:行号 362
在 MySql.Data.MySqlClient.MySqlDataReader.NextResult() 位置 D:\TFS\SSV4.X\src_V4.3\reference\mysql-connector-net\mysql-connector-net-6.3.7-src\Source\MySql.Data\datareader.cs:行号 943
在 MySql.Data.MySqlClient.MySqlCommand.ExecuteReader(CommandBehavior behavior) 位置 D:\TFS\SSV4.X\src_V4.3\reference\mysql-connector-net\mysql-connector-net-6.3.7-src\Source\MySql.Data\command.cs:行号 528
在 MySql.Data.MySqlClient.MySqlCommand.ExecuteReader() 位置 D:\TFS\SSV4.X\src_V4.3\reference\mysql-connector-net\mysql-connector-net-6.3.7-src\Source\MySql.Data\command.cs:行号 382
在 MySql.Data.MySqlClient.MySqlCommand.ExecuteNonQuery() 位置 D:\TFS\SSV4.X\src_V4.3\reference\mysql-connector-net\mysql-connector-net-6.3.7-src\Source\MySql.Data\command.cs:行号 325
在 MySql.Data.MySqlClient.Tests.BaseTest.suExecSQL(String sql) 位置 D:\TFS\SSV4.X\src_V4.3\reference\mysql-connector-net\mysql-connector-net-6.3.7-src\Tests\MySql.Data.Tests\BaseTest.cs:行号 315
在 MySql.Data.MySqlClient.Tests.ConnectionTests.ConnectInVariousWays() 位置 D:\TFS\SSV4.X\src_V4.3\reference\mysql-connector-net\mysql-connector-net-6.3.7-src\Tests\MySql.Data.Tests\ConnectionTests.cs:行号 197
]]></stack-trace>
                                </failure>
                              </test-case>
                              <test-case name="MySql.Data.MySqlClient.Tests.ConnectionTests.ConnectionCloseByGC" executed="True" result="Success" success="True" time="2.024" asserts="2" />
                              <test-case name="MySql.Data.MySqlClient.Tests.ConnectionTests.ConnectionNotOpenThrowningBadException" executed="True" result="Success" success="True" time="1.014" asserts="1" />
                              <test-case name="MySql.Data.MySqlClient.Tests.ConnectionTests.ConnectionStringNotAffectedByChangeDatabase" executed="True" result="Success" success="True" time="11.035" asserts="11" />
                              <test-case name="MySql.Data.MySqlClient.Tests.ConnectionTests.ConnectionTimeout" executed="True" result="Success" success="True" time="6.017" asserts="2" />
                              <test-case name="MySql.Data.MySqlClient.Tests.ConnectionTests.ConnectWithQuotePassword" executed="True" result="Success" success="True" time="2.019" asserts="1" />
                              <test-case name="MySql.Data.MySqlClient.Tests.ConnectionTests.Keepalive" executed="True" result="Success" success="True" time="2.019" asserts="1" />
                              <test-case name="MySql.Data.MySqlClient.Tests.ConnectionTests.NullConnectionString" executed="True" result="Success" success="True" time="1.010" asserts="1" />
                              <test-case name="MySql.Data.MySqlClient.Tests.ConnectionTests.PersistSecurityInfo" executed="True" result="Success" success="True" time="3.019" asserts="5" />
                              <test-case name="MySql.Data.MySqlClient.Tests.ConnectionTests.PingUpdatesState" executed="True" result="Success" success="True" time="3.172" asserts="3" />
                              <test-case name="MySql.Data.MySqlClient.Tests.ConnectionTests.PingWhileReading" executed="True" result="Success" success="True" time="1.019" asserts="2" />
                              <test-case name="MySql.Data.MySqlClient.Tests.ConnectionTests.RunningAQueryFromStateChangeHandler" executed="True" result="Success" success="True" time="2.026" asserts="2" />
                              <test-case name="MySql.Data.MySqlClient.Tests.ConnectionTests.TestConnectingSocketBadDbName" executed="True" result="Success" success="True" time="2.021" asserts="1" />
                              <test-case name="MySql.Data.MySqlClient.Tests.ConnectionTests.TestConnectingSocketBadHostName" executed="True" result="Success" success="True" time="3.627" asserts="2" />
                              <test-case name="MySql.Data.MySqlClient.Tests.ConnectionTests.TestConnectingSocketBadUserName" executed="True" result="Success" success="True" time="2.026" asserts="1" />
                              <test-case name="MySql.Data.MySqlClient.Tests.ConnectionTests.TestConnectionClone" executed="True" result="Success" success="True" time="3.014" asserts="1" />
                              <test-case name="MySql.Data.MySqlClient.Tests.ConnectionTests.TestConnectionStrings" executed="True" result="Success" success="True" time="1.016" asserts="16" />
                              <test-case name="MySql.Data.MySqlClient.Tests.ConnectionTests.TestPersistSecurityInfoCachingPasswords" executed="True" result="Success" success="True" time="4.024" asserts="1" />
                            </results>
                          </test-suite>
                          <test-suite type="TestFixture" name="CultureTests" executed="True" result="Success" success="True" time="7.912" asserts="0">
                            <results>
                              <test-case name="MySql.Data.MySqlClient.Tests.CultureTests.ArabicCalendars" executed="True" result="Success" success="True" time="1.179" asserts="7" />
                              <test-case name="MySql.Data.MySqlClient.Tests.CultureTests.FunctionsReturnStringAndDecimal" executed="True" result="Success" success="True" time="2.356" asserts="4" />
                              <test-case name="MySql.Data.MySqlClient.Tests.CultureTests.TestFloats" executed="True" result="Success" success="True" time="1.170" asserts="5" />
                              <test-case name="MySql.Data.MySqlClient.Tests.CultureTests.TestFloatsPrepared" executed="True" result="Success" success="True" time="1.112" asserts="5" />
                              <test-case name="MySql.Data.MySqlClient.Tests.CultureTests.Turkish" executed="True" result="Success" success="True" time="2.087" asserts="1" />
                            </results>
                          </test-suite>
                          <test-suite type="TestFixture" name="DataAdapterTests" executed="True" result="Success" success="True" time="66.430" asserts="0">
                            <results>
                              <test-case name="MySql.Data.MySqlClient.Tests.DataAdapterTests.AdapterConcurrentException" executed="True" result="Success" success="True" time="1.210" asserts="4" />
                              <test-case name="MySql.Data.MySqlClient.Tests.DataAdapterTests.AutoIncrementColumns" executed="True" result="Success" success="True" time="1.206" asserts="4" />
                              <test-case name="MySql.Data.MySqlClient.Tests.DataAdapterTests.BatchingConnectionClosed" executed="True" result="Success" success="True" time="14.084" asserts="203" />
                              <test-case name="MySql.Data.MySqlClient.Tests.DataAdapterTests.Bug16307" executed="True" result="Success" success="True" time="1.121" asserts="2" />
                              <test-case name="MySql.Data.MySqlClient.Tests.DataAdapterTests.Bug5798" executed="True" result="Success" success="True" time="1.227" asserts="3" />
                              <test-case name="MySql.Data.MySqlClient.Tests.DataAdapterTests.ColumnMapping" executed="True" result="Success" success="True" time="1.220" asserts="1" />
                              <test-case name="MySql.Data.MySqlClient.Tests.DataAdapterTests.ConnectionNotOpenForInsert" executed="True" result="Success" success="True" time="4.348" asserts="1" />
                              <test-case name="MySql.Data.MySqlClient.Tests.DataAdapterTests.DiscreteValues" executed="True" result="Success" success="True" time="1.212" asserts="7" />
                              <test-case name="MySql.Data.MySqlClient.Tests.DataAdapterTests.FillWithNulls" executed="True" result="Success" success="True" time="1.278" asserts="10" />
                              <test-case name="MySql.Data.MySqlClient.Tests.DataAdapterTests.FunctionsReturnString" executed="True" result="Success" success="True" time="2.008" asserts="4" />
                              <test-case name="MySql.Data.MySqlClient.Tests.DataAdapterTests.OriginalInName" executed="True" result="Success" success="True" time="1.174" asserts="3" />
                              <test-case name="MySql.Data.MySqlClient.Tests.DataAdapterTests.PagingFill" executed="True" result="Success" success="True" time="1.410" asserts="2" />
                              <test-case name="MySql.Data.MySqlClient.Tests.DataAdapterTests.QuietOpenAndClose" executed="True" result="Success" success="True" time="4.355" asserts="8" />
                              <test-case name="MySql.Data.MySqlClient.Tests.DataAdapterTests.RangeFill" executed="True" result="Success" success="True" time="1.230" asserts="1" />
                              <test-case name="MySql.Data.MySqlClient.Tests.DataAdapterTests.Rollup" executed="True" result="Success" success="True" time="1.187" asserts="5" />
                              <test-case name="MySql.Data.MySqlClient.Tests.DataAdapterTests.SelectMoreThan252Rows" executed="True" result="Success" success="True" time="11.892" asserts="2" />
                              <test-case name="MySql.Data.MySqlClient.Tests.DataAdapterTests.SkippingRowsLargerThan1024" executed="True" result="Success" success="True" time="1.331" asserts="1" />
                              <test-case name="MySql.Data.MySqlClient.Tests.DataAdapterTests.TestBatchingInserts" executed="True" result="Success" success="True" time="1.381" asserts="202" />
                              <test-case name="MySql.Data.MySqlClient.Tests.DataAdapterTests.TestBatchingInsertsMoreThanMaxPacket" executed="True" result="Success" success="True" time="1.145" asserts="2" />
                              <test-case name="MySql.Data.MySqlClient.Tests.DataAdapterTests.TestBatchingMixed" executed="True" result="Success" success="True" time="1.262" asserts="8" />
                              <test-case name="MySql.Data.MySqlClient.Tests.DataAdapterTests.TestBatchingUpdates" executed="True" result="Success" success="True" time="1.285" asserts="8" />
                              <test-case name="MySql.Data.MySqlClient.Tests.DataAdapterTests.TestFill" executed="True" result="Success" success="True" time="1.171" asserts="9" />
                              <test-case name="MySql.Data.MySqlClient.Tests.DataAdapterTests.TestFillPrepared" executed="True" result="Success" success="True" time="1.203" asserts="9" />
                              <test-case name="MySql.Data.MySqlClient.Tests.DataAdapterTests.TestFillWithHelper" executed="True" result="Success" success="True" time="1.451" asserts="6" />
                              <test-case name="MySql.Data.MySqlClient.Tests.DataAdapterTests.TestUpdate" executed="True" result="Success" success="True" time="1.162" asserts="10" />
                              <test-case name="MySql.Data.MySqlClient.Tests.DataAdapterTests.UpdateExtendedTextFields" executed="True" result="Success" success="True" time="1.188" asserts="2" />
                              <test-case name="MySql.Data.MySqlClient.Tests.DataAdapterTests.UpdateNullTextFieldToEmptyString" executed="True" result="Success" success="True" time="1.260" asserts="4" />
                              <test-case name="MySql.Data.MySqlClient.Tests.DataAdapterTests.UpdateReturnFirstRecord" executed="True" result="Success" success="True" time="1.202" asserts="4" />
                              <test-case name="MySql.Data.MySqlClient.Tests.DataAdapterTests.UseAdapterPropertyOfCommandBuilder" executed="True" result="Success" success="True" time="1.187" asserts="4" />
                            </results>
                          </test-suite>
                          <test-suite type="TestFixture" name="DataReaderTests" executed="True" result="Success" success="True" time="38.934" asserts="0">
                            <results>
                              <test-case name="MySql.Data.MySqlClient.Tests.DataReaderTests.AffectedRows" executed="True" result="Success" success="True" time="1.014" asserts="2" />
                              <test-case name="MySql.Data.MySqlClient.Tests.DataReaderTests.Bug47467" executed="True" result="Success" success="True" time="1.015" asserts="2" />
                              <test-case name="MySql.Data.MySqlClient.Tests.DataReaderTests.CloseConnectionBehavior" executed="True" result="Success" success="True" time="2.131" asserts="3" />
                              <test-case name="MySql.Data.MySqlClient.Tests.DataReaderTests.CloseConnectionBehavior2" executed="True" result="Success" success="True" time="2.211" asserts="2" />
                              <test-case name="MySql.Data.MySqlClient.Tests.DataReaderTests.ColumnsWithSameName" executed="True" result="Success" success="True" time="1.203" asserts="3" />
                              <test-case name="MySql.Data.MySqlClient.Tests.DataReaderTests.CommandBehaviorSchemaOnly" executed="True" result="Success" success="True" time="1.016" asserts="4" />
                              <test-case name="MySql.Data.MySqlClient.Tests.DataReaderTests.ConsecutiveNulls" executed="True" result="Success" success="True" time="1.193" asserts="14" />
                              <test-case name="MySql.Data.MySqlClient.Tests.DataReaderTests.ConstraintWithLoadingReader" executed="True" result="Success" success="True" time="1.126" asserts="1" />
                              <test-case name="MySql.Data.MySqlClient.Tests.DataReaderTests.GetBytes" executed="True" result="Success" success="True" time="1.264" asserts="100012" />
                              <test-case name="MySql.Data.MySqlClient.Tests.DataReaderTests.GetChar" executed="True" result="Success" success="True" time="1.130" asserts="2" />
                              <test-case name="MySql.Data.MySqlClient.Tests.DataReaderTests.GetSchema" executed="True" result="Success" success="True" time="1.179" asserts="14" />
                              <test-case name="MySql.Data.MySqlClient.Tests.DataReaderTests.GetSchemaTableOnEmptyResultset" executed="True" result="Success" success="True" time="1.016" asserts="2" />
                              <test-case name="MySql.Data.MySqlClient.Tests.DataReaderTests.GetStringOnNull" executed="True" result="Success" success="True" time="1.106" asserts="1" />
                              <test-case name="MySql.Data.MySqlClient.Tests.DataReaderTests.HungDataReader" executed="True" result="Success" success="True" time="1.014" asserts="1" />
                              <test-case name="MySql.Data.MySqlClient.Tests.DataReaderTests.InvalidTimestamp" executed="True" result="Success" success="True" time="1.132" asserts="1" />
                              <test-case name="MySql.Data.MySqlClient.Tests.DataReaderTests.IsDbNullOnNonNullFields" executed="True" result="Success" success="True" time="1.146" asserts="3" />
                              <test-case name="MySql.Data.MySqlClient.Tests.DataReaderTests.ReaderOnNonQuery" executed="True" result="Success" success="True" time="1.179" asserts="3" />
                              <test-case name="MySql.Data.MySqlClient.Tests.DataReaderTests.ReadingFieldsBeforeRead" executed="True" result="Success" success="True" time="1.144" asserts="1" />
                              <test-case name="MySql.Data.MySqlClient.Tests.DataReaderTests.ReadingTextFields" executed="True" result="Success" success="True" time="1.131" asserts="2" />
                              <test-case name="MySql.Data.MySqlClient.Tests.DataReaderTests.SchemaOnly" executed="True" result="Success" success="True" time="1.375" asserts="4" />
                              <test-case name="MySql.Data.MySqlClient.Tests.DataReaderTests.SequentialAccessBehavior" executed="True" result="Success" success="True" time="1.139" asserts="5" />
                              <test-case name="MySql.Data.MySqlClient.Tests.DataReaderTests.SimpleSingleRow" executed="True" result="Success" success="True" time="1.195" asserts="6" />
                              <test-case name="MySql.Data.MySqlClient.Tests.DataReaderTests.SingleRowBehavior" executed="True" result="Success" success="True" time="1.228" asserts="8" />
                              <test-case name="MySql.Data.MySqlClient.Tests.DataReaderTests.SingleRowBehaviorWithLimit" executed="True" result="Success" success="True" time="1.284" asserts="10" />
                              <test-case name="MySql.Data.MySqlClient.Tests.DataReaderTests.TestManyDifferentResultsets" executed="True" result="Success" success="True" time="3.299" asserts="228" />
                              <test-case name="MySql.Data.MySqlClient.Tests.DataReaderTests.TestMultipleResultsets" executed="True" result="Success" success="True" time="3.709" asserts="15" />
                              <test-case name="MySql.Data.MySqlClient.Tests.DataReaderTests.TestMultipleResultsWithQueryCacheOn" executed="True" result="Success" success="True" time="1.181" asserts="15" />
                              <test-case name="MySql.Data.MySqlClient.Tests.DataReaderTests.TestSingleResultSetBehavior" executed="True" result="Success" success="True" time="1.138" asserts="3" />
                            </results>
                          </test-suite>
                          <test-suite type="TestFixture" name="DataTypeTests" executed="True" result="Success" success="True" time="53.319" asserts="0">
                            <results>
                              <test-case name="MySql.Data.MySqlClient.Tests.DataTypeTests.AggregateTypesTest" executed="True" result="Success" success="True" time="1.211" asserts="1" />
                              <test-case name="MySql.Data.MySqlClient.Tests.DataTypeTests.BigIntAutoInc" executed="True" result="Success" success="True" time="1.135" asserts="1" />
                              <test-case name="MySql.Data.MySqlClient.Tests.DataTypeTests.Binary16AsGuid" executed="True" result="Success" success="True" time="2.287" asserts="6" />
                              <test-case name="MySql.Data.MySqlClient.Tests.DataTypeTests.Binary16AsGuidWithNull" executed="True" result="Success" success="True" time="1.298" asserts="1" />
                              <test-case name="MySql.Data.MySqlClient.Tests.DataTypeTests.BinaryAndVarBinary" executed="True" result="Success" success="True" time="1.015" asserts="5" />
                              <test-case name="MySql.Data.MySqlClient.Tests.DataTypeTests.BinaryTypes" executed="True" result="Success" success="True" time="1.196" asserts="6" />
                              <test-case name="MySql.Data.MySqlClient.Tests.DataTypeTests.Bit" executed="True" result="Success" success="True" time="1.172" asserts="5" />
                              <test-case name="MySql.Data.MySqlClient.Tests.DataTypeTests.BitAndDecimal" executed="True" result="Success" success="True" time="2.086" asserts="13" />
                              <test-case name="MySql.Data.MySqlClient.Tests.DataTypeTests.BitInLeftOuterJoin" executed="True" result="Success" success="True" time="1.334" asserts="11" />
                              <test-case name="MySql.Data.MySqlClient.Tests.DataTypeTests.Boolean" executed="True" result="Success" success="True" time="1.190" asserts="7" />
                              <test-case name="MySql.Data.MySqlClient.Tests.DataTypeTests.BytesAndBooleans" executed="True" result="Success" success="True" time="1.187" asserts="12" />
                              <test-case name="MySql.Data.MySqlClient.Tests.DataTypeTests.BytesAndBooleansPrepared" executed="True" result="Success" success="True" time="1.136" asserts="12" />
                              <test-case name="MySql.Data.MySqlClient.Tests.DataTypeTests.DecimalPrecision" executed="True" result="Success" success="True" time="1.154" asserts="4" />
                              <test-case name="MySql.Data.MySqlClient.Tests.DataTypeTests.DecimalTests" executed="True" result="Success" success="True" time="1.237" asserts="11" />
                              <test-case name="MySql.Data.MySqlClient.Tests.DataTypeTests.DecimalTests2" executed="True" result="Success" success="True" time="1.268" asserts="11" />
                              <test-case name="MySql.Data.MySqlClient.Tests.DataTypeTests.DoubleMinValue" executed="True" result="Success" success="True" time="1.221" asserts="3" />
                              <test-case name="MySql.Data.MySqlClient.Tests.DataTypeTests.GeometryType" executed="True" result="Success" success="True" time="1.177" asserts="1" />
                              <test-case name="MySql.Data.MySqlClient.Tests.DataTypeTests.MySqlDecimal" executed="True" result="Success" success="True" time="1.172" asserts="3" />
                              <test-case name="MySql.Data.MySqlClient.Tests.DataTypeTests.NewGuidDataType" executed="True" result="Success" success="True" time="2.309" asserts="4" />
                              <test-case name="MySql.Data.MySqlClient.Tests.DataTypeTests.NewGuidType" executed="True" result="Success" success="True" time="1.319" asserts="2" />
                              <test-case name="MySql.Data.MySqlClient.Tests.DataTypeTests.NumericAsBinary" executed="True" result="Success" success="True" time="1.007" asserts="5" />
                              <test-case name="MySql.Data.MySqlClient.Tests.DataTypeTests.OldGuidsWithNull" executed="True" result="Success" success="True" time="2.210" asserts="1" />
                              <test-case name="MySql.Data.MySqlClient.Tests.DataTypeTests.ReadBinary16AsBinary" executed="True" result="Success" success="True" time="2.226" asserts="3" />
                              <test-case name="MySql.Data.MySqlClient.Tests.DataTypeTests.ReadingUUIDAsGuid" executed="True" result="Success" success="True" time="1.162" asserts="2" />
                              <test-case name="MySql.Data.MySqlClient.Tests.DataTypeTests.RespectBinaryFlag" executed="True" result="Success" success="True" time="2.175" asserts="3" />
                              <test-case name="MySql.Data.MySqlClient.Tests.DataTypeTests.SByteFromReader" executed="True" result="Success" success="True" time="1.139" asserts="4" />
                              <test-case name="MySql.Data.MySqlClient.Tests.DataTypeTests.ShowColumns" executed="True" result="Success" success="True" time="1.011" asserts="3" />
                              <test-case name="MySql.Data.MySqlClient.Tests.DataTypeTests.StoringAndRetrievingDouble" executed="True" result="Success" success="True" time="1.148" asserts="2" />
                              <test-case name="MySql.Data.MySqlClient.Tests.DataTypeTests.TestFloat" executed="True" result="Success" success="True" time="1.135" asserts="11" />
                              <test-case name="MySql.Data.MySqlClient.Tests.DataTypeTests.TestFloatPrepared" executed="True" result="Success" success="True" time="1.145" asserts="11" />
                              <test-case name="MySql.Data.MySqlClient.Tests.DataTypeTests.TestNegativeTime" executed="True" result="Success" success="True" time="1.187" asserts="4" />
                              <test-case name="MySql.Data.MySqlClient.Tests.DataTypeTests.TestTime" executed="True" result="Success" success="True" time="1.195" asserts="10" />
                              <test-case name="MySql.Data.MySqlClient.Tests.DataTypeTests.Timestamp" executed="True" result="Success" success="True" time="1.173" asserts="28" />
                              <test-case name="MySql.Data.MySqlClient.Tests.DataTypeTests.TreatTinyAsBool" executed="True" result="Success" success="True" time="1.180" asserts="8" />
                              <test-case name="MySql.Data.MySqlClient.Tests.DataTypeTests.TypeCoercion" executed="True" result="Success" success="True" time="1.016" asserts="7" />
                              <test-case name="MySql.Data.MySqlClient.Tests.DataTypeTests.UnsignedTypes" executed="True" result="Success" success="True" time="1.298" asserts="2" />
                              <test-case name="MySql.Data.MySqlClient.Tests.DataTypeTests.UpdateDecimalColumns" executed="True" result="Success" success="True" time="1.184" asserts="4" />
                              <test-case name="MySql.Data.MySqlClient.Tests.DataTypeTests.UTF8Char12AsGuid" executed="True" result="Success" success="True" time="2.326" asserts="2" />
                              <test-case name="MySql.Data.MySqlClient.Tests.DataTypeTests.YearType" executed="True" result="Success" success="True" time="1.229" asserts="5" />
                            </results>
                          </test-suite>
                          <test-suite type="TestFixture" name="DateTimeTests" executed="True" result="Success" success="True" time="22.094" asserts="0">
                            <results>
                              <test-case name="MySql.Data.MySqlClient.Tests.DateTimeTests.Bug19481" executed="True" result="Success" success="True" time="1.447" asserts="1" />
                              <test-case name="MySql.Data.MySqlClient.Tests.DateTimeTests.ConvertZeroDateTime" executed="True" result="Success" success="True" time="2.185" asserts="4" />
                              <test-case name="MySql.Data.MySqlClient.Tests.DateTimeTests.DateAdd" executed="True" result="Success" success="True" time="1.118" asserts="6" />
                              <test-case name="MySql.Data.MySqlClient.Tests.DateTimeTests.DateFormat" executed="True" result="Success" success="True" time="1.272" asserts="2" />
                              <test-case name="MySql.Data.MySqlClient.Tests.DateTimeTests.DateTimeInDataTable" executed="True" result="Success" success="True" time="2.177" asserts="2" />
                              <test-case name="MySql.Data.MySqlClient.Tests.DateTimeTests.InsertDateTimeValue" executed="True" result="Success" success="True" time="2.218" asserts="3" />
                              <test-case name="MySql.Data.MySqlClient.Tests.DateTimeTests.LargeDateTime" executed="True" result="Success" success="True" time="1.244" asserts="7" />
                              <test-case name="MySql.Data.MySqlClient.Tests.DateTimeTests.MySqlDateTimeFormatting" executed="True" result="Success" success="True" time="1.201" asserts="2" />
                              <test-case name="MySql.Data.MySqlClient.Tests.DateTimeTests.PreparedZeroDateTime" executed="True" result="Success" success="True" time="1.223" asserts="1" />
                              <test-case name="MySql.Data.MySqlClient.Tests.DateTimeTests.SortingMySqlDateTimes" executed="True" result="Success" success="True" time="2.273" asserts="5" />
                              <test-case name="MySql.Data.MySqlClient.Tests.DateTimeTests.TestAllowZeroDateTime" executed="True" result="Success" success="True" time="2.317" asserts="9" />
                              <test-case name="MySql.Data.MySqlClient.Tests.DateTimeTests.TestNotAllowZerDateAndTime" executed="True" result="Success" success="True" time="1.138" asserts="5" />
                              <test-case name="MySql.Data.MySqlClient.Tests.DateTimeTests.TestZeroDateTimeException" executed="True" result="Success" success="True" time="1.099" asserts="1" />
                              <test-case name="MySql.Data.MySqlClient.Tests.DateTimeTests.UsingDatesAsStrings" executed="True" result="Success" success="True" time="1.163" asserts="5" />
                            </results>
                          </test-suite>
                          <test-suite type="TestFixture" name="EventTests" executed="True" result="Success" success="True" time="4.206" asserts="0">
                            <results>
                              <test-case name="MySql.Data.MySqlClient.Tests.EventTests.StateChange" executed="True" result="Success" success="True" time="2.023" asserts="1" />
                              <test-case name="MySql.Data.MySqlClient.Tests.EventTests.Warnings" executed="True" result="Success" success="True" time="2.180" asserts="2" />
                            </results>
                          </test-suite>
                          <test-suite type="TestFixture" name="ExceptionTests" executed="True" result="Success" success="True" time="3.683" asserts="0">
                            <results>
                              <test-case name="MySql.Data.MySqlClient.Tests.ExceptionTests.ErrorData" executed="True" result="Success" success="True" time="1.141" asserts="2" />
                              <test-case name="MySql.Data.MySqlClient.Tests.ExceptionTests.Timeout" executed="True" result="Success" success="True" time="2.540" asserts="2" />
                            </results>
                          </test-suite>
                          <test-suite type="TestFixture" name="GetSchemaTests" executed="True" result="Success" success="True" time="22.380" asserts="0">
                            <results>
                              <test-case name="MySql.Data.MySqlClient.Tests.GetSchemaTests.Collections" executed="True" result="Success" success="True" time="1.019" asserts="20" />
                              <test-case name="MySql.Data.MySqlClient.Tests.GetSchemaTests.Columns" executed="True" result="Success" success="True" time="1.221" asserts="38" />
                              <test-case name="MySql.Data.MySqlClient.Tests.GetSchemaTests.Databases" executed="True" result="Success" success="True" time="1.017" asserts="6" />
                              <test-case name="MySql.Data.MySqlClient.Tests.GetSchemaTests.DataTypes" executed="True" result="Success" success="True" time="1.039" asserts="30" />
                              <test-case name="MySql.Data.MySqlClient.Tests.GetSchemaTests.EnumAndSetColumns" executed="True" result="Success" success="True" time="1.114" asserts="6" />
                              <test-case name="MySql.Data.MySqlClient.Tests.GetSchemaTests.ForeignKeys" executed="True" result="Success" success="True" time="2.129" asserts="2" />
                              <test-case name="MySql.Data.MySqlClient.Tests.GetSchemaTests.Functions" executed="True" result="Success" success="True" time="1.015" asserts="4" />
                              <test-case name="MySql.Data.MySqlClient.Tests.GetSchemaTests.IndexColumns" executed="True" result="Success" success="True" time="1.380" asserts="19" />
                              <test-case name="MySql.Data.MySqlClient.Tests.GetSchemaTests.Indexes" executed="True" result="Success" success="True" time="1.364" asserts="20" />
                              <test-case name="MySql.Data.MySqlClient.Tests.GetSchemaTests.MultiSingleForeignKey" executed="True" result="Success" success="True" time="1.649" asserts="14" />
                              <test-case name="MySql.Data.MySqlClient.Tests.GetSchemaTests.Procedures" executed="True" result="Success" success="True" time="1.008" asserts="4" />
                              <test-case name="MySql.Data.MySqlClient.Tests.GetSchemaTests.ReservedWords" executed="True" result="Success" success="True" time="1.010" asserts="228" />
                              <test-case name="MySql.Data.MySqlClient.Tests.GetSchemaTests.SingleForeignKey" executed="True" result="Success" success="True" time="1.394" asserts="8" />
                              <test-case name="MySql.Data.MySqlClient.Tests.GetSchemaTests.Tables" executed="True" result="Success" success="True" time="1.137" asserts="13" />
                              <test-case name="MySql.Data.MySqlClient.Tests.GetSchemaTests.Triggers" executed="True" result="Success" success="True" time="1.457" asserts="8" />
                              <test-case name="MySql.Data.MySqlClient.Tests.GetSchemaTests.UsingQuotedRestrictions" executed="True" result="Success" success="True" time="1.144" asserts="5" />
                              <test-case name="MySql.Data.MySqlClient.Tests.GetSchemaTests.ViewColumns" executed="True" result="Success" success="True" time="1.155" asserts="6" />
                              <test-case name="MySql.Data.MySqlClient.Tests.GetSchemaTests.Views" executed="True" result="Success" success="True" time="1.099" asserts="4" />
                            </results>
                          </test-suite>
                          <test-suite type="TestFixture" name="InterfaceTests" executed="True" result="Success" success="True" time="2.019" asserts="0">
                            <results>
                              <test-case name="MySql.Data.MySqlClient.Tests.InterfaceTests.ClientFactory" executed="True" result="Success" success="True" time="2.018" asserts="1" />
                            </results>
                          </test-suite>
                          <test-suite type="TestFixture" name="LanguageTests" executed="True" result="Success" success="True" time="18.878" asserts="0">
                            <results>
                              <test-case name="MySql.Data.MySqlClient.Tests.LanguageTests.Chinese" executed="True" result="Success" success="True" time="2.265" asserts="3" />
                              <test-case name="MySql.Data.MySqlClient.Tests.LanguageTests.CP932" executed="True" result="Success" success="True" time="2.090" asserts="2" />
                              <test-case name="MySql.Data.MySqlClient.Tests.LanguageTests.Russian" executed="True" result="Success" success="True" time="2.131" asserts="2" />
                              <test-case name="MySql.Data.MySqlClient.Tests.LanguageTests.Turkish" executed="True" result="Success" success="True" time="2.185" asserts="2" />
                              <test-case name="MySql.Data.MySqlClient.Tests.LanguageTests.Unicode" executed="True" result="Success" success="True" time="2.235" asserts="2" />
                              <test-case name="MySql.Data.MySqlClient.Tests.LanguageTests.UTF8" executed="True" result="Success" success="True" time="2.469" asserts="9" />
                              <test-case name="MySql.Data.MySqlClient.Tests.LanguageTests.UTF8Parameters" executed="True" result="Success" success="True" time="2.098" asserts="2" />
                              <test-case name="MySql.Data.MySqlClient.Tests.LanguageTests.UTF8PreparedAndUsingParameters" executed="True" result="Success" success="True" time="2.298" asserts="9" />
                              <test-case name="MySql.Data.MySqlClient.Tests.LanguageTests.VariousCollations" executed="True" result="Success" success="True" time="1.096" asserts="1" />
                            </results>
                          </test-suite>
                          <test-suite type="TestFixture" name="LoggingTests" executed="True" result="Success" success="True" time="4.738" asserts="0">
                            <results>
                              <test-case name="MySql.Data.MySqlClient.Tests.LoggingTests.ProviderNormalizingQuery" executed="True" result="Success" success="True" time="1.139" asserts="3" />
                              <test-case name="MySql.Data.MySqlClient.Tests.LoggingTests.QuotedTokenAt300" executed="True" result="Success" success="True" time="1.137" asserts="1" />
                              <test-case name="MySql.Data.MySqlClient.Tests.LoggingTests.SimpleLogging" executed="True" result="Success" success="True" time="1.212" asserts="6" />
                              <test-case name="MySql.Data.MySqlClient.Tests.LoggingTests.Warnings" executed="True" result="Success" success="True" time="1.244" asserts="11" />
                            </results>
                          </test-suite>
                          <test-suite type="TestFixture" name="OutputParametersBatch" executed="True" result="Success" success="True" time="22.044" asserts="0">
                            <results>
                              <test-case name="MySql.Data.MySqlClient.Tests.OutputParametersBatch.BinaryAndVarBinaryParameters" executed="True" result="Success" success="True" time="1.019" asserts="9" />
                              <test-case name="MySql.Data.MySqlClient.Tests.OutputParametersBatch.BitTypeAsOutParameter" executed="True" result="Success" success="True" time="1.017" asserts="2" />
                              <test-case name="MySql.Data.MySqlClient.Tests.OutputParametersBatch.CallingFunction" executed="True" result="Success" success="True" time="1.018" asserts="2" />
                              <test-case name="MySql.Data.MySqlClient.Tests.OutputParametersBatch.CallingFunctionWithoutReturnParameter" executed="True" result="Success" success="True" time="1.018" asserts="1" />
                              <test-case name="MySql.Data.MySqlClient.Tests.OutputParametersBatch.CallingStoredFunctionasProcedure" executed="True" result="Success" success="True" time="1.019" asserts="2" />
                              <test-case name="MySql.Data.MySqlClient.Tests.OutputParametersBatch.ExecuteReader" executed="True" result="Success" success="True" time="1.019" asserts="5" />
                              <test-case name="MySql.Data.MySqlClient.Tests.OutputParametersBatch.ExecuteScalar" executed="True" result="Success" success="True" time="1.018" asserts="3" />
                              <test-case name="MySql.Data.MySqlClient.Tests.OutputParametersBatch.FunctionNoParams" executed="True" result="Success" success="True" time="1.022" asserts="2" />
                              <test-case name="MySql.Data.MySqlClient.Tests.OutputParametersBatch.FunctionParams" executed="True" result="Success" success="True" time="1.019" asserts="2" />
                              <test-case name="MySql.Data.MySqlClient.Tests.OutputParametersBatch.FunctionWithNewParamHandling" executed="True" result="Success" success="True" time="2.030" asserts="3" />
                              <test-case name="MySql.Data.MySqlClient.Tests.OutputParametersBatch.GetSchema2" executed="True" result="Success" success="True" time="1.225" asserts="1" />
                              <test-case name="MySql.Data.MySqlClient.Tests.OutputParametersBatch.InputOutputParameters" executed="True" result="Success" success="True" time="1.016" asserts="5" />
                              <test-case name="MySql.Data.MySqlClient.Tests.OutputParametersBatch.NoAccessToProcedureBodies" executed="True" result="Success" success="True" time="2.029" asserts="3" />
                              <test-case name="MySql.Data.MySqlClient.Tests.OutputParametersBatch.OutputParameters" executed="True" result="Success" success="True" time="1.021" asserts="7" />
                              <test-case name="MySql.Data.MySqlClient.Tests.OutputParametersBatch.OutputParametersWithNewParamHandling" executed="True" result="Success" success="True" time="2.026" asserts="3" />
                              <test-case name="MySql.Data.MySqlClient.Tests.OutputParametersBatch.ReturningEmptyResultSet" executed="True" result="Success" success="True" time="1.312" asserts="1" />
                              <test-case name="MySql.Data.MySqlClient.Tests.OutputParametersBatch.RunWithoutSelectPrivsThrowException" executed="True" result="Success" success="True" time="1.014" asserts="1" />
                              <test-case name="MySql.Data.MySqlClient.Tests.OutputParametersBatch.UnsignedOutputParameters" executed="True" result="Success" success="True" time="1.178" asserts="3" />
                            </results>
                          </test-suite>
                          <test-suite type="TestFixture" name="OutputParametersBatchPrepared" executed="True" result="Success" success="True" time="22.031" asserts="0">
                            <results>
                              <test-case name="MySql.Data.MySqlClient.Tests.OutputParametersBatchPrepared.OutputParametersBatch.BinaryAndVarBinaryParameters" executed="True" result="Success" success="True" time="1.021" asserts="9" />
                              <test-case name="MySql.Data.MySqlClient.Tests.OutputParametersBatchPrepared.OutputParametersBatch.BitTypeAsOutParameter" executed="True" result="Success" success="True" time="1.015" asserts="2" />
                              <test-case name="MySql.Data.MySqlClient.Tests.OutputParametersBatchPrepared.OutputParametersBatch.CallingFunction" executed="True" result="Success" success="True" time="1.016" asserts="2" />
                              <test-case name="MySql.Data.MySqlClient.Tests.OutputParametersBatchPrepared.OutputParametersBatch.CallingFunctionWithoutReturnParameter" executed="True" result="Success" success="True" time="1.015" asserts="1" />
                              <test-case name="MySql.Data.MySqlClient.Tests.OutputParametersBatchPrepared.OutputParametersBatch.CallingStoredFunctionasProcedure" executed="True" result="Success" success="True" time="1.014" asserts="2" />
                              <test-case name="MySql.Data.MySqlClient.Tests.OutputParametersBatchPrepared.OutputParametersBatch.ExecuteReader" executed="True" result="Success" success="True" time="1.020" asserts="5" />
                              <test-case name="MySql.Data.MySqlClient.Tests.OutputParametersBatchPrepared.OutputParametersBatch.ExecuteScalar" executed="True" result="Success" success="True" time="1.018" asserts="3" />
                              <test-case name="MySql.Data.MySqlClient.Tests.OutputParametersBatchPrepared.OutputParametersBatch.FunctionNoParams" executed="True" result="Success" success="True" time="1.089" asserts="2" />
                              <test-case name="MySql.Data.MySqlClient.Tests.OutputParametersBatchPrepared.OutputParametersBatch.FunctionParams" executed="True" result="Success" success="True" time="1.013" asserts="2" />
                              <test-case name="MySql.Data.MySqlClient.Tests.OutputParametersBatchPrepared.OutputParametersBatch.FunctionWithNewParamHandling" executed="True" result="Success" success="True" time="2.012" asserts="3" />
                              <test-case name="MySql.Data.MySqlClient.Tests.OutputParametersBatchPrepared.OutputParametersBatch.GetSchema2" executed="True" result="Success" success="True" time="1.185" asserts="1" />
                              <test-case name="MySql.Data.MySqlClient.Tests.OutputParametersBatchPrepared.OutputParametersBatch.InputOutputParameters" executed="True" result="Success" success="True" time="1.015" asserts="5" />
                              <test-case name="MySql.Data.MySqlClient.Tests.OutputParametersBatchPrepared.OutputParametersBatch.NoAccessToProcedureBodies" executed="True" result="Success" success="True" time="2.036" asserts="3" />
                              <test-case name="MySql.Data.MySqlClient.Tests.OutputParametersBatchPrepared.OutputParametersBatch.OutputParameters" executed="True" result="Success" success="True" time="1.014" asserts="7" />
                              <test-case name="MySql.Data.MySqlClient.Tests.OutputParametersBatchPrepared.OutputParametersBatch.OutputParametersWithNewParamHandling" executed="True" result="Success" success="True" time="2.025" asserts="3" />
                              <test-case name="MySql.Data.MySqlClient.Tests.OutputParametersBatchPrepared.OutputParametersBatch.ReturningEmptyResultSet" executed="True" result="Success" success="True" time="1.352" asserts="1" />
                              <test-case name="MySql.Data.MySqlClient.Tests.OutputParametersBatchPrepared.OutputParametersBatch.RunWithoutSelectPrivsThrowException" executed="True" result="Success" success="True" time="1.014" asserts="1" />
                              <test-case name="MySql.Data.MySqlClient.Tests.OutputParametersBatchPrepared.OutputParametersBatch.UnsignedOutputParameters" executed="True" result="Success" success="True" time="1.132" asserts="3" />
                            </results>
                          </test-suite>
                          <test-suite type="TestFixture" name="OutputParametersNoBatch" executed="True" result="Success" success="True" time="21.958" asserts="0">
                            <results>
                              <test-case name="MySql.Data.MySqlClient.Tests.OutputParametersNoBatch.OutputParametersBatch.BinaryAndVarBinaryParameters" executed="True" result="Success" success="True" time="1.015" asserts="9" />
                              <test-case name="MySql.Data.MySqlClient.Tests.OutputParametersNoBatch.OutputParametersBatch.BitTypeAsOutParameter" executed="True" result="Success" success="True" time="1.014" asserts="2" />
                              <test-case name="MySql.Data.MySqlClient.Tests.OutputParametersNoBatch.OutputParametersBatch.CallingFunction" executed="True" result="Success" success="True" time="1.014" asserts="2" />
                              <test-case name="MySql.Data.MySqlClient.Tests.OutputParametersNoBatch.OutputParametersBatch.CallingFunctionWithoutReturnParameter" executed="True" result="Success" success="True" time="1.015" asserts="1" />
                              <test-case name="MySql.Data.MySqlClient.Tests.OutputParametersNoBatch.OutputParametersBatch.CallingStoredFunctionasProcedure" executed="True" result="Success" success="True" time="1.021" asserts="2" />
                              <test-case name="MySql.Data.MySqlClient.Tests.OutputParametersNoBatch.OutputParametersBatch.ExecuteReader" executed="True" result="Success" success="True" time="1.016" asserts="5" />
                              <test-case name="MySql.Data.MySqlClient.Tests.OutputParametersNoBatch.OutputParametersBatch.ExecuteScalar" executed="True" result="Success" success="True" time="1.019" asserts="3" />
                              <test-case name="MySql.Data.MySqlClient.Tests.OutputParametersNoBatch.OutputParametersBatch.FunctionNoParams" executed="True" result="Success" success="True" time="1.018" asserts="2" />
                              <test-case name="MySql.Data.MySqlClient.Tests.OutputParametersNoBatch.OutputParametersBatch.FunctionParams" executed="True" result="Success" success="True" time="1.019" asserts="2" />
                              <test-case name="MySql.Data.MySqlClient.Tests.OutputParametersNoBatch.OutputParametersBatch.FunctionWithNewParamHandling" executed="True" result="Success" success="True" time="2.014" asserts="3" />
                              <test-case name="MySql.Data.MySqlClient.Tests.OutputParametersNoBatch.OutputParametersBatch.GetSchema2" executed="True" result="Success" success="True" time="1.204" asserts="1" />
                              <test-case name="MySql.Data.MySqlClient.Tests.OutputParametersNoBatch.OutputParametersBatch.InputOutputParameters" executed="True" result="Success" success="True" time="1.016" asserts="5" />
                              <test-case name="MySql.Data.MySqlClient.Tests.OutputParametersNoBatch.OutputParametersBatch.NoAccessToProcedureBodies" executed="True" result="Success" success="True" time="2.025" asserts="3" />
                              <test-case name="MySql.Data.MySqlClient.Tests.OutputParametersNoBatch.OutputParametersBatch.OutputParameters" executed="True" result="Success" success="True" time="1.015" asserts="7" />
                              <test-case name="MySql.Data.MySqlClient.Tests.OutputParametersNoBatch.OutputParametersBatch.OutputParametersWithNewParamHandling" executed="True" result="Success" success="True" time="2.012" asserts="3" />
                              <test-case name="MySql.Data.MySqlClient.Tests.OutputParametersNoBatch.OutputParametersBatch.ReturningEmptyResultSet" executed="True" result="Success" success="True" time="1.305" asserts="1" />
                              <test-case name="MySql.Data.MySqlClient.Tests.OutputParametersNoBatch.OutputParametersBatch.RunWithoutSelectPrivsThrowException" executed="True" result="Success" success="True" time="1.012" asserts="1" />
                              <test-case name="MySql.Data.MySqlClient.Tests.OutputParametersNoBatch.OutputParametersBatch.UnsignedOutputParameters" executed="True" result="Success" success="True" time="1.156" asserts="3" />
                            </results>
                          </test-suite>
                          <test-suite type="TestFixture" name="OutputParametersNoBatchPrepared" executed="True" result="Success" success="True" time="22.017" asserts="0">
                            <results>
                              <test-case name="MySql.Data.MySqlClient.Tests.OutputParametersNoBatchPrepared.OutputParametersBatch.BinaryAndVarBinaryParameters" executed="True" result="Success" success="True" time="1.016" asserts="9" />
                              <test-case name="MySql.Data.MySqlClient.Tests.OutputParametersNoBatchPrepared.OutputParametersBatch.BitTypeAsOutParameter" executed="True" result="Success" success="True" time="1.018" asserts="2" />
                              <test-case name="MySql.Data.MySqlClient.Tests.OutputParametersNoBatchPrepared.OutputParametersBatch.CallingFunction" executed="True" result="Success" success="True" time="1.019" asserts="2" />
                              <test-case name="MySql.Data.MySqlClient.Tests.OutputParametersNoBatchPrepared.OutputParametersBatch.CallingFunctionWithoutReturnParameter" executed="True" result="Success" success="True" time="1.019" asserts="1" />
                              <test-case name="MySql.Data.MySqlClient.Tests.OutputParametersNoBatchPrepared.OutputParametersBatch.CallingStoredFunctionasProcedure" executed="True" result="Success" success="True" time="1.020" asserts="2" />
                              <test-case name="MySql.Data.MySqlClient.Tests.OutputParametersNoBatchPrepared.OutputParametersBatch.ExecuteReader" executed="True" result="Success" success="True" time="1.015" asserts="5" />
                              <test-case name="MySql.Data.MySqlClient.Tests.OutputParametersNoBatchPrepared.OutputParametersBatch.ExecuteScalar" executed="True" result="Success" success="True" time="1.008" asserts="3" />
                              <test-case name="MySql.Data.MySqlClient.Tests.OutputParametersNoBatchPrepared.OutputParametersBatch.FunctionNoParams" executed="True" result="Success" success="True" time="1.011" asserts="2" />
                              <test-case name="MySql.Data.MySqlClient.Tests.OutputParametersNoBatchPrepared.OutputParametersBatch.FunctionParams" executed="True" result="Success" success="True" time="1.019" asserts="2" />
                              <test-case name="MySql.Data.MySqlClient.Tests.OutputParametersNoBatchPrepared.OutputParametersBatch.FunctionWithNewParamHandling" executed="True" result="Success" success="True" time="2.015" asserts="3" />
                              <test-case name="MySql.Data.MySqlClient.Tests.OutputParametersNoBatchPrepared.OutputParametersBatch.GetSchema2" executed="True" result="Success" success="True" time="1.239" asserts="1" />
                              <test-case name="MySql.Data.MySqlClient.Tests.OutputParametersNoBatchPrepared.OutputParametersBatch.InputOutputParameters" executed="True" result="Success" success="True" time="1.007" asserts="5" />
                              <test-case name="MySql.Data.MySqlClient.Tests.OutputParametersNoBatchPrepared.OutputParametersBatch.NoAccessToProcedureBodies" executed="True" result="Success" success="True" time="2.035" asserts="3" />
                              <test-case name="MySql.Data.MySqlClient.Tests.OutputParametersNoBatchPrepared.OutputParametersBatch.OutputParameters" executed="True" result="Success" success="True" time="1.016" asserts="7" />
                              <test-case name="MySql.Data.MySqlClient.Tests.OutputParametersNoBatchPrepared.OutputParametersBatch.OutputParametersWithNewParamHandling" executed="True" result="Success" success="True" time="2.021" asserts="3" />
                              <test-case name="MySql.Data.MySqlClient.Tests.OutputParametersNoBatchPrepared.OutputParametersBatch.ReturningEmptyResultSet" executed="True" result="Success" success="True" time="1.305" asserts="1" />
                              <test-case name="MySql.Data.MySqlClient.Tests.OutputParametersNoBatchPrepared.OutputParametersBatch.RunWithoutSelectPrivsThrowException" executed="True" result="Success" success="True" time="1.044" asserts="1" />
                              <test-case name="MySql.Data.MySqlClient.Tests.OutputParametersNoBatchPrepared.OutputParametersBatch.UnsignedOutputParameters" executed="True" result="Success" success="True" time="1.164" asserts="3" />
                            </results>
                          </test-suite>
                          <test-suite type="TestFixture" name="ParameterTests" executed="True" result="Success" success="True" time="29.094" asserts="0">
                            <results>
                              <test-case name="MySql.Data.MySqlClient.Tests.ParameterTests.AddingParameterPreviouslyRemoved" executed="True" result="Success" success="True" time="1.203" asserts="1" />
                              <test-case name="MySql.Data.MySqlClient.Tests.ParameterTests.AddingParametersUsingInsert" executed="True" result="Success" success="True" time="1.154" asserts="2" />
                              <test-case name="MySql.Data.MySqlClient.Tests.ParameterTests.AllowUnnamedParameters" executed="True" result="Success" success="True" time="1.199" asserts="3" />
                              <test-case name="MySql.Data.MySqlClient.Tests.ParameterTests.DefaultType" executed="True" result="Success" success="True" time="1.163" asserts="2" />
                              <test-case name="MySql.Data.MySqlClient.Tests.ParameterTests.DoubleAddingParameters" executed="True" result="Success" success="True" time="1.133" asserts="3" />
                              <test-case name="MySql.Data.MySqlClient.Tests.ParameterTests.FindParameterAfterRemoval" executed="True" result="Success" success="True" time="1.098" asserts="2" />
                              <test-case name="MySql.Data.MySqlClient.Tests.ParameterTests.InsertValueAfterNull" executed="True" result="Success" success="True" time="1.311" asserts="3" />
                              <test-case name="MySql.Data.MySqlClient.Tests.ParameterTests.MissingParameter" executed="True" result="Success" success="True" time="1.136" asserts="1" />
                              <test-case name="MySql.Data.MySqlClient.Tests.ParameterTests.NestedQuoting" executed="True" result="Success" success="True" time="1.166" asserts="2" />
                              <test-case name="MySql.Data.MySqlClient.Tests.ParameterTests.NonInputParametersToCtor" executed="True" result="Success" success="True" time="1.104" asserts="3" />
                              <test-case name="MySql.Data.MySqlClient.Tests.ParameterTests.NullParameterObject" executed="True" result="Success" success="True" time="1.100" asserts="1" />
                              <test-case name="MySql.Data.MySqlClient.Tests.ParameterTests.NullParameterValue" executed="True" result="Success" success="True" time="1.159" asserts="2" />
                              <test-case name="MySql.Data.MySqlClient.Tests.ParameterTests.OddCharsInParameterNames" executed="True" result="Success" success="True" time="1.165" asserts="4" />
                              <test-case name="MySql.Data.MySqlClient.Tests.ParameterTests.ParameterCacheNotClearing" executed="True" result="Success" success="True" time="1.175" asserts="1" />
                              <test-case name="MySql.Data.MySqlClient.Tests.ParameterTests.SetDbType" executed="True" result="Success" success="True" time="1.149" asserts="7" />
                              <test-case name="MySql.Data.MySqlClient.Tests.ParameterTests.SetOldSyntaxAfterCommandCreation" executed="True" result="Success" success="True" time="2.256" asserts="1" />
                              <test-case name="MySql.Data.MySqlClient.Tests.ParameterTests.StringParameterSizeSetAfterValue" executed="True" result="Success" success="True" time="1.212" asserts="3" />
                              <test-case name="MySql.Data.MySqlClient.Tests.ParameterTests.TestDateTimeParameter" executed="True" result="Success" success="True" time="1.154" asserts="11" />
                              <test-case name="MySql.Data.MySqlClient.Tests.ParameterTests.TestQuoting" executed="True" result="Success" success="True" time="1.286" asserts="6" />
                              <test-case name="MySql.Data.MySqlClient.Tests.ParameterTests.UnTypedParameterBeingReused" executed="True" result="Success" success="True" time="1.187" asserts="4" />
                              <test-case name="MySql.Data.MySqlClient.Tests.ParameterTests.UseAtSignForParameters" executed="True" result="Success" success="True" time="1.178" asserts="3" />
                              <test-case name="MySql.Data.MySqlClient.Tests.ParameterTests.UseOldSyntaxGivesWarning" executed="True" result="Success" success="True" time="2.216" asserts="2" />
                              <test-case name="MySql.Data.MySqlClient.Tests.ParameterTests.WithAndWithoutMarker" executed="True" result="Success" success="True" time="1.159" asserts="4" />
                            </results>
                          </test-suite>
                          <test-suite type="TestFixture" name="PerfMonTests" executed="True" result="Success" success="True" time="1.181" asserts="0">
                            <results>
                              <test-case name="MySql.Data.MySqlClient.Tests.PerfMonTests.ProcedureFromCache" executed="True" result="Success" success="True" time="1.180" asserts="1" />
                            </results>
                          </test-suite>
                          <test-suite type="TestFixture" name="PoolingTests" executed="True" result="Success" success="True" time="64.224" asserts="0">
                            <results>
                              <test-case name="MySql.Data.MySqlClient.Tests.PoolingTests.CleanIdleConnections" executed="True" result="Success" success="True" time="4.515" asserts="3" />
                              <test-case name="MySql.Data.MySqlClient.Tests.PoolingTests.ClearPool" executed="True" result="Success" success="True" time="11.059" asserts="9" />
                              <test-case name="MySql.Data.MySqlClient.Tests.PoolingTests.ConnectAfterMaxPoolSizeTimeouts" executed="True" result="Success" success="True" time="1.014" asserts="1" />
                              <test-case name="MySql.Data.MySqlClient.Tests.PoolingTests.Connection" executed="True" result="Success" success="True" time="12.081" asserts="101" />
                              <test-case name="MySql.Data.MySqlClient.Tests.PoolingTests.ConnectionResetAfterUnicode" executed="True" result="Success" success="True" time="2.253" asserts="1" />
                              <test-case name="MySql.Data.MySqlClient.Tests.PoolingTests.DoubleClearingConnectionPool" executed="True" result="Success" success="True" time="3.114" asserts="1" />
                              <test-case name="MySql.Data.MySqlClient.Tests.PoolingTests.MultipleThreads" executed="True" result="Success" success="True" time="7.016" asserts="1" />
                              <test-case name="MySql.Data.MySqlClient.Tests.PoolingTests.NewTest" executed="True" result="Success" success="True" time="2.311" asserts="5" />
                              <test-case name="MySql.Data.MySqlClient.Tests.PoolingTests.OpenKilled" executed="True" result="Success" success="True" time="3.016" asserts="2" />
                              <test-case name="MySql.Data.MySqlClient.Tests.PoolingTests.OpenSecondPooledConnectionWithoutDatabase" executed="True" result="Success" success="True" time="2.013" asserts="1" />
                              <test-case name="MySql.Data.MySqlClient.Tests.PoolingTests.ReclaimBrokenConnection" executed="True" result="Success" success="True" time="5.025" asserts="1" />
                              <test-case name="MySql.Data.MySqlClient.Tests.PoolingTests.TestAbort" executed="True" result="Success" success="True" time="3.020" asserts="2" />
                              <test-case name="MySql.Data.MySqlClient.Tests.PoolingTests.TestBadConnections" executed="True" result="Success" success="True" time="3.618" asserts="1" />
                              <test-case name="MySql.Data.MySqlClient.Tests.PoolingTests.TestUserReset" executed="True" result="Success" success="True" time="2.020" asserts="3" />
                              <test-case name="MySql.Data.MySqlClient.Tests.PoolingTests.UTF8AfterClosing" executed="True" result="Success" success="True" time="2.128" asserts="3" />
                            </results>
                          </test-suite>
                          <test-suite type="TestFixture" name="PreparedStatements" executed="True" result="Success" success="True" time="32.215" asserts="0">
                            <results>
                              <test-case name="MySql.Data.MySqlClient.Tests.PreparedStatements.BigIntUnsigned" executed="True" result="Success" success="True" time="1.166" asserts="2" />
                              <test-case name="MySql.Data.MySqlClient.Tests.PreparedStatements.Blobs" executed="True" result="Success" success="True" time="1.414" asserts="400006" />
                              <test-case name="MySql.Data.MySqlClient.Tests.PreparedStatements.Bug6271" executed="True" result="Success" success="True" time="1.196" asserts="13007" />
                              <test-case name="MySql.Data.MySqlClient.Tests.PreparedStatements.ClosingCommandsProperly" executed="True" result="Success" success="True" time="2.548" asserts="2" />
                              <test-case name="MySql.Data.MySqlClient.Tests.PreparedStatements.CompoundStatements" executed="True" result="Success" success="True" time="1.155" asserts="1" />
                              <test-case name="MySql.Data.MySqlClient.Tests.PreparedStatements.DateAndTimes" executed="True" result="Success" success="True" time="1.236" asserts="13" />
                              <test-case name="MySql.Data.MySqlClient.Tests.PreparedStatements.DifferentParameterOrder" executed="True" result="Success" success="True" time="1.143" asserts="5" />
                              <test-case name="MySql.Data.MySqlClient.Tests.PreparedStatements.InsertAccentedCharacters" executed="True" result="Success" success="True" time="2.212" asserts="2" />
                              <test-case name="MySql.Data.MySqlClient.Tests.PreparedStatements.InsertingUnsignedTinyInt" executed="True" result="Success" success="True" time="1.162" asserts="6" />
                              <test-case name="MySql.Data.MySqlClient.Tests.PreparedStatements.MoreParametersOutOfOrder" executed="True" result="Success" success="True" time="1.154" asserts="2" />
                              <test-case name="MySql.Data.MySqlClient.Tests.PreparedStatements.NegativeTimeNonPrepared" executed="True" result="Success" success="True" time="1.443" asserts="12" />
                              <test-case name="MySql.Data.MySqlClient.Tests.PreparedStatements.NegativeTimePrepared" executed="True" result="Success" success="True" time="1.410" asserts="12" />
                              <test-case name="MySql.Data.MySqlClient.Tests.PreparedStatements.ParameterLengths" executed="True" result="Success" success="True" time="1.129" asserts="4" />
                              <test-case name="MySql.Data.MySqlClient.Tests.PreparedStatements.PrepareEmptyString" executed="True" result="Success" success="True" time="1.014" asserts="1" />
                              <test-case name="MySql.Data.MySqlClient.Tests.PreparedStatements.ResetCommandText" executed="True" result="Success" success="True" time="1.249" asserts="3" />
                              <test-case name="MySql.Data.MySqlClient.Tests.PreparedStatements.SchemaOnly" executed="True" result="Success" success="True" time="1.138" asserts="1" />
                              <test-case name="MySql.Data.MySqlClient.Tests.PreparedStatements.Simple" executed="True" result="Success" success="True" time="1.177" asserts="5" />
                              <test-case name="MySql.Data.MySqlClient.Tests.PreparedStatements.SimplePrepareBeforeParms" executed="True" result="Success" success="True" time="1.247" asserts="3" />
                              <test-case name="MySql.Data.MySqlClient.Tests.PreparedStatements.SimpleTest" executed="True" result="Success" success="True" time="1.104" asserts="1" />
                              <test-case name="MySql.Data.MySqlClient.Tests.PreparedStatements.SimpleTest2" executed="True" result="Success" success="True" time="1.120" asserts="8" />
                              <test-case name="MySql.Data.MySqlClient.Tests.PreparedStatements.SprocInputOutputParams" executed="True" result="Success" success="True" time="1.015" asserts="1" />
                              <test-case name="MySql.Data.MySqlClient.Tests.PreparedStatements.SprocOutputParams" executed="True" result="Success" success="True" time="1.018" asserts="1" />
                              <test-case name="MySql.Data.MySqlClient.Tests.PreparedStatements.UnsignedTinyInt" executed="True" result="Success" success="True" time="1.329" asserts="5" />
                              <test-case name="MySql.Data.MySqlClient.Tests.PreparedStatements.UnsignedValues" executed="True" result="Success" success="True" time="1.220" asserts="6" />
                              <test-case name="MySql.Data.MySqlClient.Tests.PreparedStatements.UsingParametersTwice" executed="True" result="Success" success="True" time="1.179" asserts="6" />
                            </results>
                          </test-suite>
                          <test-suite type="TestFixture" name="PreparedStatementsPipe" executed="True" result="Failure" success="False" time="125.569" asserts="0">
                            <categories>
                              <category name="Pipe" />
                            </categories>
                            <results>
                              <test-case name="MySql.Data.MySqlClient.Tests.PreparedStatementsPipe.PreparedStatements.BigIntUnsigned" executed="True" result="Error" success="False" time="5.022" asserts="1">
                                <failure>
                                  <message><![CDATA[SetUp : MySql.Data.MySqlClient.MySqlException : Unable to connect to any of the specified MySQL hosts.
  ----> System.ArgumentException : 无效的句柄。
参数名: handle
TearDown : NUnit.Framework.AssertionException :   Too many processes still running
  Expected: 0
  But was:  1
]]></message>
                                  <stack-trace><![CDATA[在 MySql.Data.MySqlClient.NativeDriver.Open() 位置 D:\TFS\SSV4.X\src_V4.3\reference\mysql-connector-net\mysql-connector-net-6.3.7-src\Source\MySql.Data\NativeDriver.cs:行号 269
在 MySql.Data.MySqlClient.Driver.Open() 位置 D:\TFS\SSV4.X\src_V4.3\reference\mysql-connector-net\mysql-connector-net-6.3.7-src\Source\MySql.Data\Driver.cs:行号 212
在 MySql.Data.MySqlClient.Driver.Create(MySqlConnectionStringBuilder settings) 位置 D:\TFS\SSV4.X\src_V4.3\reference\mysql-connector-net\mysql-connector-net-6.3.7-src\Source\MySql.Data\Driver.cs:行号 200
在 MySql.Data.MySqlClient.MySqlConnection.Open() 位置 D:\TFS\SSV4.X\src_V4.3\reference\mysql-connector-net\mysql-connector-net-6.3.7-src\Source\MySql.Data\Connection.cs:行号 514
在 MySql.Data.MySqlClient.Tests.BaseTest.Open() 位置 D:\TFS\SSV4.X\src_V4.3\reference\mysql-connector-net\mysql-connector-net-6.3.7-src\Tests\MySql.Data.Tests\BaseTest.cs:行号 174
在 MySql.Data.MySqlClient.Tests.BaseTest.Setup() 位置 D:\TFS\SSV4.X\src_V4.3\reference\mysql-connector-net\mysql-connector-net-6.3.7-src\Tests\MySql.Data.Tests\BaseTest.cs:行号 215
--ArgumentException
在 System.IO.FileStream..ctor(SafeFileHandle handle, FileAccess access, Int32 bufferSize, Boolean isAsync)
在 MySql.Data.Common.NamedPipeStream.Open(String path, FileAccess mode, UInt32 timeout) 位置 D:\TFS\SSV4.X\src_V4.3\reference\mysql-connector-net\mysql-connector-net-6.3.7-src\Source\MySql.Data\common\NamedPipeStream.cs:行号 94
在 MySql.Data.Common.NamedPipeStream..ctor(String path, FileAccess mode, UInt32 timeout) 位置 D:\TFS\SSV4.X\src_V4.3\reference\mysql-connector-net\mysql-connector-net-6.3.7-src\Source\MySql.Data\common\NamedPipeStream.cs:行号 51
在 MySql.Data.Common.NamedPipeStream.Create(String pipeName, String hostname, UInt32 timeout) 位置 D:\TFS\SSV4.X\src_V4.3\reference\mysql-connector-net\mysql-connector-net-6.3.7-src\Source\MySql.Data\common\NamedPipeStream.cs:行号 233
在 MySql.Data.Common.StreamCreator.GetStreamFromHost(String pipeName, String hostName, UInt32 timeout) 位置 D:\TFS\SSV4.X\src_V4.3\reference\mysql-connector-net\mysql-connector-net-6.3.7-src\Source\MySql.Data\common\StreamCreator.cs:行号 61
在 MySql.Data.Common.StreamCreator.GetStream(UInt32 timeout) 位置 D:\TFS\SSV4.X\src_V4.3\reference\mysql-connector-net\mysql-connector-net-6.3.7-src\Source\MySql.Data\common\StreamCreator.cs:行号 105
在 MySql.Data.MySqlClient.NativeDriver.Open() 位置 D:\TFS\SSV4.X\src_V4.3\reference\mysql-connector-net\mysql-connector-net-6.3.7-src\Source\MySql.Data\NativeDriver.cs:行号 181
--TearDown
在 MySql.Data.MySqlClient.Tests.BaseTest.Teardown() 位置 D:\TFS\SSV4.X\src_V4.3\reference\mysql-connector-net\mysql-connector-net-6.3.7-src\Tests\MySql.Data.Tests\BaseTest.cs:行号 236
]]></stack-trace>
                                </failure>
                              </test-case>
                              <test-case name="MySql.Data.MySqlClient.Tests.PreparedStatementsPipe.PreparedStatements.Blobs" executed="True" result="Error" success="False" time="5.018" asserts="1">
                                <failure>
                                  <message><![CDATA[SetUp : MySql.Data.MySqlClient.MySqlException : Unable to connect to any of the specified MySQL hosts.
  ----> System.ArgumentException : 无效的句柄。
参数名: handle
TearDown : NUnit.Framework.AssertionException :   Too many processes still running
  Expected: 0
  But was:  1
]]></message>
                                  <stack-trace><![CDATA[在 MySql.Data.MySqlClient.NativeDriver.Open() 位置 D:\TFS\SSV4.X\src_V4.3\reference\mysql-connector-net\mysql-connector-net-6.3.7-src\Source\MySql.Data\NativeDriver.cs:行号 269
在 MySql.Data.MySqlClient.Driver.Open() 位置 D:\TFS\SSV4.X\src_V4.3\reference\mysql-connector-net\mysql-connector-net-6.3.7-src\Source\MySql.Data\Driver.cs:行号 212
在 MySql.Data.MySqlClient.Driver.Create(MySqlConnectionStringBuilder settings) 位置 D:\TFS\SSV4.X\src_V4.3\reference\mysql-connector-net\mysql-connector-net-6.3.7-src\Source\MySql.Data\Driver.cs:行号 200
在 MySql.Data.MySqlClient.MySqlConnection.Open() 位置 D:\TFS\SSV4.X\src_V4.3\reference\mysql-connector-net\mysql-connector-net-6.3.7-src\Source\MySql.Data\Connection.cs:行号 514
在 MySql.Data.MySqlClient.Tests.BaseTest.Open() 位置 D:\TFS\SSV4.X\src_V4.3\reference\mysql-connector-net\mysql-connector-net-6.3.7-src\Tests\MySql.Data.Tests\BaseTest.cs:行号 174
在 MySql.Data.MySqlClient.Tests.BaseTest.Setup() 位置 D:\TFS\SSV4.X\src_V4.3\reference\mysql-connector-net\mysql-connector-net-6.3.7-src\Tests\MySql.Data.Tests\BaseTest.cs:行号 215
--ArgumentException
在 System.IO.FileStream..ctor(SafeFileHandle handle, FileAccess access, Int32 bufferSize, Boolean isAsync)
在 MySql.Data.Common.NamedPipeStream.Open(String path, FileAccess mode, UInt32 timeout) 位置 D:\TFS\SSV4.X\src_V4.3\reference\mysql-connector-net\mysql-connector-net-6.3.7-src\Source\MySql.Data\common\NamedPipeStream.cs:行号 94
在 MySql.Data.Common.NamedPipeStream..ctor(String path, FileAccess mode, UInt32 timeout) 位置 D:\TFS\SSV4.X\src_V4.3\reference\mysql-connector-net\mysql-connector-net-6.3.7-src\Source\MySql.Data\common\NamedPipeStream.cs:行号 51
在 MySql.Data.Common.NamedPipeStream.Create(String pipeName, String hostname, UInt32 timeout) 位置 D:\TFS\SSV4.X\src_V4.3\reference\mysql-connector-net\mysql-connector-net-6.3.7-src\Source\MySql.Data\common\NamedPipeStream.cs:行号 233
在 MySql.Data.Common.StreamCreator.GetStreamFromHost(String pipeName, String hostName, UInt32 timeout) 位置 D:\TFS\SSV4.X\src_V4.3\reference\mysql-connector-net\mysql-connector-net-6.3.7-src\Source\MySql.Data\common\StreamCreator.cs:行号 61
在 MySql.Data.Common.StreamCreator.GetStream(UInt32 timeout) 位置 D:\TFS\SSV4.X\src_V4.3\reference\mysql-connector-net\mysql-connector-net-6.3.7-src\Source\MySql.Data\common\StreamCreator.cs:行号 105
在 MySql.Data.MySqlClient.NativeDriver.Open() 位置 D:\TFS\SSV4.X\src_V4.3\reference\mysql-connector-net\mysql-connector-net-6.3.7-src\Source\MySql.Data\NativeDriver.cs:行号 181
--TearDown
在 MySql.Data.MySqlClient.Tests.BaseTest.Teardown() 位置 D:\TFS\SSV4.X\src_V4.3\reference\mysql-connector-net\mysql-connector-net-6.3.7-src\Tests\MySql.Data.Tests\BaseTest.cs:行号 236
]]></stack-trace>
                                </failure>
                              </test-case>
                              <test-case name="MySql.Data.MySqlClient.Tests.PreparedStatementsPipe.PreparedStatements.Bug6271" executed="True" result="Error" success="False" time="5.031" asserts="1">
                                <failure>
                                  <message><![CDATA[SetUp : MySql.Data.MySqlClient.MySqlException : Unable to connect to any of the specified MySQL hosts.
  ----> System.ArgumentException : 无效的句柄。
参数名: handle
TearDown : NUnit.Framework.AssertionException :   Too many processes still running
  Expected: 0
  But was:  1
]]></message>
                                  <stack-trace><![CDATA[在 MySql.Data.MySqlClient.NativeDriver.Open() 位置 D:\TFS\SSV4.X\src_V4.3\reference\mysql-connector-net\mysql-connector-net-6.3.7-src\Source\MySql.Data\NativeDriver.cs:行号 269
在 MySql.Data.MySqlClient.Driver.Open() 位置 D:\TFS\SSV4.X\src_V4.3\reference\mysql-connector-net\mysql-connector-net-6.3.7-src\Source\MySql.Data\Driver.cs:行号 212
在 MySql.Data.MySqlClient.Driver.Create(MySqlConnectionStringBuilder settings) 位置 D:\TFS\SSV4.X\src_V4.3\reference\mysql-connector-net\mysql-connector-net-6.3.7-src\Source\MySql.Data\Driver.cs:行号 200
在 MySql.Data.MySqlClient.MySqlConnection.Open() 位置 D:\TFS\SSV4.X\src_V4.3\reference\mysql-connector-net\mysql-connector-net-6.3.7-src\Source\MySql.Data\Connection.cs:行号 514
在 MySql.Data.MySqlClient.Tests.BaseTest.Open() 位置 D:\TFS\SSV4.X\src_V4.3\reference\mysql-connector-net\mysql-connector-net-6.3.7-src\Tests\MySql.Data.Tests\BaseTest.cs:行号 174
在 MySql.Data.MySqlClient.Tests.BaseTest.Setup() 位置 D:\TFS\SSV4.X\src_V4.3\reference\mysql-connector-net\mysql-connector-net-6.3.7-src\Tests\MySql.Data.Tests\BaseTest.cs:行号 215
--ArgumentException
在 System.IO.FileStream..ctor(SafeFileHandle handle, FileAccess access, Int32 bufferSize, Boolean isAsync)
在 MySql.Data.Common.NamedPipeStream.Open(String path, FileAccess mode, UInt32 timeout) 位置 D:\TFS\SSV4.X\src_V4.3\reference\mysql-connector-net\mysql-connector-net-6.3.7-src\Source\MySql.Data\common\NamedPipeStream.cs:行号 94
在 MySql.Data.Common.NamedPipeStream..ctor(String path, FileAccess mode, UInt32 timeout) 位置 D:\TFS\SSV4.X\src_V4.3\reference\mysql-connector-net\mysql-connector-net-6.3.7-src\Source\MySql.Data\common\NamedPipeStream.cs:行号 51
在 MySql.Data.Common.NamedPipeStream.Create(String pipeName, String hostname, UInt32 timeout) 位置 D:\TFS\SSV4.X\src_V4.3\reference\mysql-connector-net\mysql-connector-net-6.3.7-src\Source\MySql.Data\common\NamedPipeStream.cs:行号 233
在 MySql.Data.Common.StreamCreator.GetStreamFromHost(String pipeName, String hostName, UInt32 timeout) 位置 D:\TFS\SSV4.X\src_V4.3\reference\mysql-connector-net\mysql-connector-net-6.3.7-src\Source\MySql.Data\common\StreamCreator.cs:行号 61
在 MySql.Data.Common.StreamCreator.GetStream(UInt32 timeout) 位置 D:\TFS\SSV4.X\src_V4.3\reference\mysql-connector-net\mysql-connector-net-6.3.7-src\Source\MySql.Data\common\StreamCreator.cs:行号 105
在 MySql.Data.MySqlClient.NativeDriver.Open() 位置 D:\TFS\SSV4.X\src_V4.3\reference\mysql-connector-net\mysql-connector-net-6.3.7-src\Source\MySql.Data\NativeDriver.cs:行号 181
--TearDown
在 MySql.Data.MySqlClient.Tests.BaseTest.Teardown() 位置 D:\TFS\SSV4.X\src_V4.3\reference\mysql-connector-net\mysql-connector-net-6.3.7-src\Tests\MySql.Data.Tests\BaseTest.cs:行号 236
]]></stack-trace>
                                </failure>
                              </test-case>
                              <test-case name="MySql.Data.MySqlClient.Tests.PreparedStatementsPipe.PreparedStatements.ClosingCommandsProperly" executed="True" result="Error" success="False" time="5.016" asserts="1">
                                <failure>
                                  <message><![CDATA[SetUp : MySql.Data.MySqlClient.MySqlException : Unable to connect to any of the specified MySQL hosts.
  ----> System.ArgumentException : 无效的句柄。
参数名: handle
TearDown : NUnit.Framework.AssertionException :   Too many processes still running
  Expected: 0
  But was:  1
]]></message>
                                  <stack-trace><![CDATA[在 MySql.Data.MySqlClient.NativeDriver.Open() 位置 D:\TFS\SSV4.X\src_V4.3\reference\mysql-connector-net\mysql-connector-net-6.3.7-src\Source\MySql.Data\NativeDriver.cs:行号 269
在 MySql.Data.MySqlClient.Driver.Open() 位置 D:\TFS\SSV4.X\src_V4.3\reference\mysql-connector-net\mysql-connector-net-6.3.7-src\Source\MySql.Data\Driver.cs:行号 212
在 MySql.Data.MySqlClient.Driver.Create(MySqlConnectionStringBuilder settings) 位置 D:\TFS\SSV4.X\src_V4.3\reference\mysql-connector-net\mysql-connector-net-6.3.7-src\Source\MySql.Data\Driver.cs:行号 200
在 MySql.Data.MySqlClient.MySqlConnection.Open() 位置 D:\TFS\SSV4.X\src_V4.3\reference\mysql-connector-net\mysql-connector-net-6.3.7-src\Source\MySql.Data\Connection.cs:行号 514
在 MySql.Data.MySqlClient.Tests.BaseTest.Open() 位置 D:\TFS\SSV4.X\src_V4.3\reference\mysql-connector-net\mysql-connector-net-6.3.7-src\Tests\MySql.Data.Tests\BaseTest.cs:行号 174
在 MySql.Data.MySqlClient.Tests.BaseTest.Setup() 位置 D:\TFS\SSV4.X\src_V4.3\reference\mysql-connector-net\mysql-connector-net-6.3.7-src\Tests\MySql.Data.Tests\BaseTest.cs:行号 215
--ArgumentException
在 System.IO.FileStream..ctor(SafeFileHandle handle, FileAccess access, Int32 bufferSize, Boolean isAsync)
在 MySql.Data.Common.NamedPipeStream.Open(String path, FileAccess mode, UInt32 timeout) 位置 D:\TFS\SSV4.X\src_V4.3\reference\mysql-connector-net\mysql-connector-net-6.3.7-src\Source\MySql.Data\common\NamedPipeStream.cs:行号 94
在 MySql.Data.Common.NamedPipeStream..ctor(String path, FileAccess mode, UInt32 timeout) 位置 D:\TFS\SSV4.X\src_V4.3\reference\mysql-connector-net\mysql-connector-net-6.3.7-src\Source\MySql.Data\common\NamedPipeStream.cs:行号 51
在 MySql.Data.Common.NamedPipeStream.Create(String pipeName, String hostname, UInt32 timeout) 位置 D:\TFS\SSV4.X\src_V4.3\reference\mysql-connector-net\mysql-connector-net-6.3.7-src\Source\MySql.Data\common\NamedPipeStream.cs:行号 233
在 MySql.Data.Common.StreamCreator.GetStreamFromHost(String pipeName, String hostName, UInt32 timeout) 位置 D:\TFS\SSV4.X\src_V4.3\reference\mysql-connector-net\mysql-connector-net-6.3.7-src\Source\MySql.Data\common\StreamCreator.cs:行号 61
在 MySql.Data.Common.StreamCreator.GetStream(UInt32 timeout) 位置 D:\TFS\SSV4.X\src_V4.3\reference\mysql-connector-net\mysql-connector-net-6.3.7-src\Source\MySql.Data\common\StreamCreator.cs:行号 105
在 MySql.Data.MySqlClient.NativeDriver.Open() 位置 D:\TFS\SSV4.X\src_V4.3\reference\mysql-connector-net\mysql-connector-net-6.3.7-src\Source\MySql.Data\NativeDriver.cs:行号 181
--TearDown
在 MySql.Data.MySqlClient.Tests.BaseTest.Teardown() 位置 D:\TFS\SSV4.X\src_V4.3\reference\mysql-connector-net\mysql-connector-net-6.3.7-src\Tests\MySql.Data.Tests\BaseTest.cs:行号 236
]]></stack-trace>
                                </failure>
                              </test-case>
                              <test-case name="MySql.Data.MySqlClient.Tests.PreparedStatementsPipe.PreparedStatements.CompoundStatements" executed="True" result="Error" success="False" time="5.018" asserts="1">
                                <failure>
                                  <message><![CDATA[SetUp : MySql.Data.MySqlClient.MySqlException : Unable to connect to any of the specified MySQL hosts.
  ----> System.ArgumentException : 无效的句柄。
参数名: handle
TearDown : NUnit.Framework.AssertionException :   Too many processes still running
  Expected: 0
  But was:  1
]]></message>
                                  <stack-trace><![CDATA[在 MySql.Data.MySqlClient.NativeDriver.Open() 位置 D:\TFS\SSV4.X\src_V4.3\reference\mysql-connector-net\mysql-connector-net-6.3.7-src\Source\MySql.Data\NativeDriver.cs:行号 269
在 MySql.Data.MySqlClient.Driver.Open() 位置 D:\TFS\SSV4.X\src_V4.3\reference\mysql-connector-net\mysql-connector-net-6.3.7-src\Source\MySql.Data\Driver.cs:行号 212
在 MySql.Data.MySqlClient.Driver.Create(MySqlConnectionStringBuilder settings) 位置 D:\TFS\SSV4.X\src_V4.3\reference\mysql-connector-net\mysql-connector-net-6.3.7-src\Source\MySql.Data\Driver.cs:行号 200
在 MySql.Data.MySqlClient.MySqlConnection.Open() 位置 D:\TFS\SSV4.X\src_V4.3\reference\mysql-connector-net\mysql-connector-net-6.3.7-src\Source\MySql.Data\Connection.cs:行号 514
在 MySql.Data.MySqlClient.Tests.BaseTest.Open() 位置 D:\TFS\SSV4.X\src_V4.3\reference\mysql-connector-net\mysql-connector-net-6.3.7-src\Tests\MySql.Data.Tests\BaseTest.cs:行号 174
在 MySql.Data.MySqlClient.Tests.BaseTest.Setup() 位置 D:\TFS\SSV4.X\src_V4.3\reference\mysql-connector-net\mysql-connector-net-6.3.7-src\Tests\MySql.Data.Tests\BaseTest.cs:行号 215
--ArgumentException
在 System.IO.FileStream..ctor(SafeFileHandle handle, FileAccess access, Int32 bufferSize, Boolean isAsync)
在 MySql.Data.Common.NamedPipeStream.Open(String path, FileAccess mode, UInt32 timeout) 位置 D:\TFS\SSV4.X\src_V4.3\reference\mysql-connector-net\mysql-connector-net-6.3.7-src\Source\MySql.Data\common\NamedPipeStream.cs:行号 94
在 MySql.Data.Common.NamedPipeStream..ctor(String path, FileAccess mode, UInt32 timeout) 位置 D:\TFS\SSV4.X\src_V4.3\reference\mysql-connector-net\mysql-connector-net-6.3.7-src\Source\MySql.Data\common\NamedPipeStream.cs:行号 51
在 MySql.Data.Common.NamedPipeStream.Create(String pipeName, String hostname, UInt32 timeout) 位置 D:\TFS\SSV4.X\src_V4.3\reference\mysql-connector-net\mysql-connector-net-6.3.7-src\Source\MySql.Data\common\NamedPipeStream.cs:行号 233
在 MySql.Data.Common.StreamCreator.GetStreamFromHost(String pipeName, String hostName, UInt32 timeout) 位置 D:\TFS\SSV4.X\src_V4.3\reference\mysql-connector-net\mysql-connector-net-6.3.7-src\Source\MySql.Data\common\StreamCreator.cs:行号 61
在 MySql.Data.Common.StreamCreator.GetStream(UInt32 timeout) 位置 D:\TFS\SSV4.X\src_V4.3\reference\mysql-connector-net\mysql-connector-net-6.3.7-src\Source\MySql.Data\common\StreamCreator.cs:行号 105
在 MySql.Data.MySqlClient.NativeDriver.Open() 位置 D:\TFS\SSV4.X\src_V4.3\reference\mysql-connector-net\mysql-connector-net-6.3.7-src\Source\MySql.Data\NativeDriver.cs:行号 181
--TearDown
在 MySql.Data.MySqlClient.Tests.BaseTest.Teardown() 位置 D:\TFS\SSV4.X\src_V4.3\reference\mysql-connector-net\mysql-connector-net-6.3.7-src\Tests\MySql.Data.Tests\BaseTest.cs:行号 236
]]></stack-trace>
                                </failure>
                              </test-case>
                              <test-case name="MySql.Data.MySqlClient.Tests.PreparedStatementsPipe.PreparedStatements.DateAndTimes" executed="True" result="Error" success="False" time="5.021" asserts="1">
                                <failure>
                                  <message><![CDATA[SetUp : MySql.Data.MySqlClient.MySqlException : Unable to connect to any of the specified MySQL hosts.
  ----> System.ArgumentException : 无效的句柄。
参数名: handle
TearDown : NUnit.Framework.AssertionException :   Too many processes still running
  Expected: 0
  But was:  1
]]></message>
                                  <stack-trace><![CDATA[在 MySql.Data.MySqlClient.NativeDriver.Open() 位置 D:\TFS\SSV4.X\src_V4.3\reference\mysql-connector-net\mysql-connector-net-6.3.7-src\Source\MySql.Data\NativeDriver.cs:行号 269
在 MySql.Data.MySqlClient.Driver.Open() 位置 D:\TFS\SSV4.X\src_V4.3\reference\mysql-connector-net\mysql-connector-net-6.3.7-src\Source\MySql.Data\Driver.cs:行号 212
在 MySql.Data.MySqlClient.Driver.Create(MySqlConnectionStringBuilder settings) 位置 D:\TFS\SSV4.X\src_V4.3\reference\mysql-connector-net\mysql-connector-net-6.3.7-src\Source\MySql.Data\Driver.cs:行号 200
在 MySql.Data.MySqlClient.MySqlConnection.Open() 位置 D:\TFS\SSV4.X\src_V4.3\reference\mysql-connector-net\mysql-connector-net-6.3.7-src\Source\MySql.Data\Connection.cs:行号 514
在 MySql.Data.MySqlClient.Tests.BaseTest.Open() 位置 D:\TFS\SSV4.X\src_V4.3\reference\mysql-connector-net\mysql-connector-net-6.3.7-src\Tests\MySql.Data.Tests\BaseTest.cs:行号 174
在 MySql.Data.MySqlClient.Tests.BaseTest.Setup() 位置 D:\TFS\SSV4.X\src_V4.3\reference\mysql-connector-net\mysql-connector-net-6.3.7-src\Tests\MySql.Data.Tests\BaseTest.cs:行号 215
--ArgumentException
在 System.IO.FileStream..ctor(SafeFileHandle handle, FileAccess access, Int32 bufferSize, Boolean isAsync)
在 MySql.Data.Common.NamedPipeStream.Open(String path, FileAccess mode, UInt32 timeout) 位置 D:\TFS\SSV4.X\src_V4.3\reference\mysql-connector-net\mysql-connector-net-6.3.7-src\Source\MySql.Data\common\NamedPipeStream.cs:行号 94
在 MySql.Data.Common.NamedPipeStream..ctor(String path, FileAccess mode, UInt32 timeout) 位置 D:\TFS\SSV4.X\src_V4.3\reference\mysql-connector-net\mysql-connector-net-6.3.7-src\Source\MySql.Data\common\NamedPipeStream.cs:行号 51
在 MySql.Data.Common.NamedPipeStream.Create(String pipeName, String hostname, UInt32 timeout) 位置 D:\TFS\SSV4.X\src_V4.3\reference\mysql-connector-net\mysql-connector-net-6.3.7-src\Source\MySql.Data\common\NamedPipeStream.cs:行号 233
在 MySql.Data.Common.StreamCreator.GetStreamFromHost(String pipeName, String hostName, UInt32 timeout) 位置 D:\TFS\SSV4.X\src_V4.3\reference\mysql-connector-net\mysql-connector-net-6.3.7-src\Source\MySql.Data\common\StreamCreator.cs:行号 61
在 MySql.Data.Common.StreamCreator.GetStream(UInt32 timeout) 位置 D:\TFS\SSV4.X\src_V4.3\reference\mysql-connector-net\mysql-connector-net-6.3.7-src\Source\MySql.Data\common\StreamCreator.cs:行号 105
在 MySql.Data.MySqlClient.NativeDriver.Open() 位置 D:\TFS\SSV4.X\src_V4.3\reference\mysql-connector-net\mysql-connector-net-6.3.7-src\Source\MySql.Data\NativeDriver.cs:行号 181
--TearDown
在 MySql.Data.MySqlClient.Tests.BaseTest.Teardown() 位置 D:\TFS\SSV4.X\src_V4.3\reference\mysql-connector-net\mysql-connector-net-6.3.7-src\Tests\MySql.Data.Tests\BaseTest.cs:行号 236
]]></stack-trace>
                                </failure>
                              </test-case>
                              <test-case name="MySql.Data.MySqlClient.Tests.PreparedStatementsPipe.PreparedStatements.DifferentParameterOrder" executed="True" result="Error" success="False" time="5.027" asserts="1">
                                <failure>
                                  <message><![CDATA[SetUp : MySql.Data.MySqlClient.MySqlException : Unable to connect to any of the specified MySQL hosts.
  ----> System.ArgumentException : 无效的句柄。
参数名: handle
TearDown : NUnit.Framework.AssertionException :   Too many processes still running
  Expected: 0
  But was:  1
]]></message>
                                  <stack-trace><![CDATA[在 MySql.Data.MySqlClient.NativeDriver.Open() 位置 D:\TFS\SSV4.X\src_V4.3\reference\mysql-connector-net\mysql-connector-net-6.3.7-src\Source\MySql.Data\NativeDriver.cs:行号 269
在 MySql.Data.MySqlClient.Driver.Open() 位置 D:\TFS\SSV4.X\src_V4.3\reference\mysql-connector-net\mysql-connector-net-6.3.7-src\Source\MySql.Data\Driver.cs:行号 212
在 MySql.Data.MySqlClient.Driver.Create(MySqlConnectionStringBuilder settings) 位置 D:\TFS\SSV4.X\src_V4.3\reference\mysql-connector-net\mysql-connector-net-6.3.7-src\Source\MySql.Data\Driver.cs:行号 200
在 MySql.Data.MySqlClient.MySqlConnection.Open() 位置 D:\TFS\SSV4.X\src_V4.3\reference\mysql-connector-net\mysql-connector-net-6.3.7-src\Source\MySql.Data\Connection.cs:行号 514
在 MySql.Data.MySqlClient.Tests.BaseTest.Open() 位置 D:\TFS\SSV4.X\src_V4.3\reference\mysql-connector-net\mysql-connector-net-6.3.7-src\Tests\MySql.Data.Tests\BaseTest.cs:行号 174
在 MySql.Data.MySqlClient.Tests.BaseTest.Setup() 位置 D:\TFS\SSV4.X\src_V4.3\reference\mysql-connector-net\mysql-connector-net-6.3.7-src\Tests\MySql.Data.Tests\BaseTest.cs:行号 215
--ArgumentException
在 System.IO.FileStream..ctor(SafeFileHandle handle, FileAccess access, Int32 bufferSize, Boolean isAsync)
在 MySql.Data.Common.NamedPipeStream.Open(String path, FileAccess mode, UInt32 timeout) 位置 D:\TFS\SSV4.X\src_V4.3\reference\mysql-connector-net\mysql-connector-net-6.3.7-src\Source\MySql.Data\common\NamedPipeStream.cs:行号 94
在 MySql.Data.Common.NamedPipeStream..ctor(String path, FileAccess mode, UInt32 timeout) 位置 D:\TFS\SSV4.X\src_V4.3\reference\mysql-connector-net\mysql-connector-net-6.3.7-src\Source\MySql.Data\common\NamedPipeStream.cs:行号 51
在 MySql.Data.Common.NamedPipeStream.Create(String pipeName, String hostname, UInt32 timeout) 位置 D:\TFS\SSV4.X\src_V4.3\reference\mysql-connector-net\mysql-connector-net-6.3.7-src\Source\MySql.Data\common\NamedPipeStream.cs:行号 233
在 MySql.Data.Common.StreamCreator.GetStreamFromHost(String pipeName, String hostName, UInt32 timeout) 位置 D:\TFS\SSV4.X\src_V4.3\reference\mysql-connector-net\mysql-connector-net-6.3.7-src\Source\MySql.Data\common\StreamCreator.cs:行号 61
在 MySql.Data.Common.StreamCreator.GetStream(UInt32 timeout) 位置 D:\TFS\SSV4.X\src_V4.3\reference\mysql-connector-net\mysql-connector-net-6.3.7-src\Source\MySql.Data\common\StreamCreator.cs:行号 105
在 MySql.Data.MySqlClient.NativeDriver.Open() 位置 D:\TFS\SSV4.X\src_V4.3\reference\mysql-connector-net\mysql-connector-net-6.3.7-src\Source\MySql.Data\NativeDriver.cs:行号 181
--TearDown
在 MySql.Data.MySqlClient.Tests.BaseTest.Teardown() 位置 D:\TFS\SSV4.X\src_V4.3\reference\mysql-connector-net\mysql-connector-net-6.3.7-src\Tests\MySql.Data.Tests\BaseTest.cs:行号 236
]]></stack-trace>
                                </failure>
                              </test-case>
                              <test-case name="MySql.Data.MySqlClient.Tests.PreparedStatementsPipe.PreparedStatements.InsertAccentedCharacters" executed="True" result="Error" success="False" time="5.016" asserts="1">
                                <failure>
                                  <message><![CDATA[SetUp : MySql.Data.MySqlClient.MySqlException : Unable to connect to any of the specified MySQL hosts.
  ----> System.ArgumentException : 无效的句柄。
参数名: handle
TearDown : NUnit.Framework.AssertionException :   Too many processes still running
  Expected: 0
  But was:  1
]]></message>
                                  <stack-trace><![CDATA[在 MySql.Data.MySqlClient.NativeDriver.Open() 位置 D:\TFS\SSV4.X\src_V4.3\reference\mysql-connector-net\mysql-connector-net-6.3.7-src\Source\MySql.Data\NativeDriver.cs:行号 269
在 MySql.Data.MySqlClient.Driver.Open() 位置 D:\TFS\SSV4.X\src_V4.3\reference\mysql-connector-net\mysql-connector-net-6.3.7-src\Source\MySql.Data\Driver.cs:行号 212
在 MySql.Data.MySqlClient.Driver.Create(MySqlConnectionStringBuilder settings) 位置 D:\TFS\SSV4.X\src_V4.3\reference\mysql-connector-net\mysql-connector-net-6.3.7-src\Source\MySql.Data\Driver.cs:行号 200
在 MySql.Data.MySqlClient.MySqlConnection.Open() 位置 D:\TFS\SSV4.X\src_V4.3\reference\mysql-connector-net\mysql-connector-net-6.3.7-src\Source\MySql.Data\Connection.cs:行号 514
在 MySql.Data.MySqlClient.Tests.BaseTest.Open() 位置 D:\TFS\SSV4.X\src_V4.3\reference\mysql-connector-net\mysql-connector-net-6.3.7-src\Tests\MySql.Data.Tests\BaseTest.cs:行号 174
在 MySql.Data.MySqlClient.Tests.BaseTest.Setup() 位置 D:\TFS\SSV4.X\src_V4.3\reference\mysql-connector-net\mysql-connector-net-6.3.7-src\Tests\MySql.Data.Tests\BaseTest.cs:行号 215
--ArgumentException
在 System.IO.FileStream..ctor(SafeFileHandle handle, FileAccess access, Int32 bufferSize, Boolean isAsync)
在 MySql.Data.Common.NamedPipeStream.Open(String path, FileAccess mode, UInt32 timeout) 位置 D:\TFS\SSV4.X\src_V4.3\reference\mysql-connector-net\mysql-connector-net-6.3.7-src\Source\MySql.Data\common\NamedPipeStream.cs:行号 94
在 MySql.Data.Common.NamedPipeStream..ctor(String path, FileAccess mode, UInt32 timeout) 位置 D:\TFS\SSV4.X\src_V4.3\reference\mysql-connector-net\mysql-connector-net-6.3.7-src\Source\MySql.Data\common\NamedPipeStream.cs:行号 51
在 MySql.Data.Common.NamedPipeStream.Create(String pipeName, String hostname, UInt32 timeout) 位置 D:\TFS\SSV4.X\src_V4.3\reference\mysql-connector-net\mysql-connector-net-6.3.7-src\Source\MySql.Data\common\NamedPipeStream.cs:行号 233
在 MySql.Data.Common.StreamCreator.GetStreamFromHost(String pipeName, String hostName, UInt32 timeout) 位置 D:\TFS\SSV4.X\src_V4.3\reference\mysql-connector-net\mysql-connector-net-6.3.7-src\Source\MySql.Data\common\StreamCreator.cs:行号 61
在 MySql.Data.Common.StreamCreator.GetStream(UInt32 timeout) 位置 D:\TFS\SSV4.X\src_V4.3\reference\mysql-connector-net\mysql-connector-net-6.3.7-src\Source\MySql.Data\common\StreamCreator.cs:行号 105
在 MySql.Data.MySqlClient.NativeDriver.Open() 位置 D:\TFS\SSV4.X\src_V4.3\reference\mysql-connector-net\mysql-connector-net-6.3.7-src\Source\MySql.Data\NativeDriver.cs:行号 181
--TearDown
在 MySql.Data.MySqlClient.Tests.BaseTest.Teardown() 位置 D:\TFS\SSV4.X\src_V4.3\reference\mysql-connector-net\mysql-connector-net-6.3.7-src\Tests\MySql.Data.Tests\BaseTest.cs:行号 236
]]></stack-trace>
                                </failure>
                              </test-case>
                              <test-case name="MySql.Data.MySqlClient.Tests.PreparedStatementsPipe.PreparedStatements.InsertingUnsignedTinyInt" executed="True" result="Error" success="False" time="5.021" asserts="1">
                                <failure>
                                  <message><![CDATA[SetUp : MySql.Data.MySqlClient.MySqlException : Unable to connect to any of the specified MySQL hosts.
  ----> System.ArgumentException : 无效的句柄。
参数名: handle
TearDown : NUnit.Framework.AssertionException :   Too many processes still running
  Expected: 0
  But was:  1
]]></message>
                                  <stack-trace><![CDATA[在 MySql.Data.MySqlClient.NativeDriver.Open() 位置 D:\TFS\SSV4.X\src_V4.3\reference\mysql-connector-net\mysql-connector-net-6.3.7-src\Source\MySql.Data\NativeDriver.cs:行号 269
在 MySql.Data.MySqlClient.Driver.Open() 位置 D:\TFS\SSV4.X\src_V4.3\reference\mysql-connector-net\mysql-connector-net-6.3.7-src\Source\MySql.Data\Driver.cs:行号 212
在 MySql.Data.MySqlClient.Driver.Create(MySqlConnectionStringBuilder settings) 位置 D:\TFS\SSV4.X\src_V4.3\reference\mysql-connector-net\mysql-connector-net-6.3.7-src\Source\MySql.Data\Driver.cs:行号 200
在 MySql.Data.MySqlClient.MySqlConnection.Open() 位置 D:\TFS\SSV4.X\src_V4.3\reference\mysql-connector-net\mysql-connector-net-6.3.7-src\Source\MySql.Data\Connection.cs:行号 514
在 MySql.Data.MySqlClient.Tests.BaseTest.Open() 位置 D:\TFS\SSV4.X\src_V4.3\reference\mysql-connector-net\mysql-connector-net-6.3.7-src\Tests\MySql.Data.Tests\BaseTest.cs:行号 174
在 MySql.Data.MySqlClient.Tests.BaseTest.Setup() 位置 D:\TFS\SSV4.X\src_V4.3\reference\mysql-connector-net\mysql-connector-net-6.3.7-src\Tests\MySql.Data.Tests\BaseTest.cs:行号 215
--ArgumentException
在 System.IO.FileStream..ctor(SafeFileHandle handle, FileAccess access, Int32 bufferSize, Boolean isAsync)
在 MySql.Data.Common.NamedPipeStream.Open(String path, FileAccess mode, UInt32 timeout) 位置 D:\TFS\SSV4.X\src_V4.3\reference\mysql-connector-net\mysql-connector-net-6.3.7-src\Source\MySql.Data\common\NamedPipeStream.cs:行号 94
在 MySql.Data.Common.NamedPipeStream..ctor(String path, FileAccess mode, UInt32 timeout) 位置 D:\TFS\SSV4.X\src_V4.3\reference\mysql-connector-net\mysql-connector-net-6.3.7-src\Source\MySql.Data\common\NamedPipeStream.cs:行号 51
在 MySql.Data.Common.NamedPipeStream.Create(String pipeName, String hostname, UInt32 timeout) 位置 D:\TFS\SSV4.X\src_V4.3\reference\mysql-connector-net\mysql-connector-net-6.3.7-src\Source\MySql.Data\common\NamedPipeStream.cs:行号 233
在 MySql.Data.Common.StreamCreator.GetStreamFromHost(String pipeName, String hostName, UInt32 timeout) 位置 D:\TFS\SSV4.X\src_V4.3\reference\mysql-connector-net\mysql-connector-net-6.3.7-src\Source\MySql.Data\common\StreamCreator.cs:行号 61
在 MySql.Data.Common.StreamCreator.GetStream(UInt32 timeout) 位置 D:\TFS\SSV4.X\src_V4.3\reference\mysql-connector-net\mysql-connector-net-6.3.7-src\Source\MySql.Data\common\StreamCreator.cs:行号 105
在 MySql.Data.MySqlClient.NativeDriver.Open() 位置 D:\TFS\SSV4.X\src_V4.3\reference\mysql-connector-net\mysql-connector-net-6.3.7-src\Source\MySql.Data\NativeDriver.cs:行号 181
--TearDown
在 MySql.Data.MySqlClient.Tests.BaseTest.Teardown() 位置 D:\TFS\SSV4.X\src_V4.3\reference\mysql-connector-net\mysql-connector-net-6.3.7-src\Tests\MySql.Data.Tests\BaseTest.cs:行号 236
]]></stack-trace>
                                </failure>
                              </test-case>
                              <test-case name="MySql.Data.MySqlClient.Tests.PreparedStatementsPipe.PreparedStatements.MoreParametersOutOfOrder" executed="True" result="Error" success="False" time="5.020" asserts="1">
                                <failure>
                                  <message><![CDATA[SetUp : MySql.Data.MySqlClient.MySqlException : Unable to connect to any of the specified MySQL hosts.
  ----> System.ArgumentException : 无效的句柄。
参数名: handle
TearDown : NUnit.Framework.AssertionException :   Too many processes still running
  Expected: 0
  But was:  1
]]></message>
                                  <stack-trace><![CDATA[在 MySql.Data.MySqlClient.NativeDriver.Open() 位置 D:\TFS\SSV4.X\src_V4.3\reference\mysql-connector-net\mysql-connector-net-6.3.7-src\Source\MySql.Data\NativeDriver.cs:行号 269
在 MySql.Data.MySqlClient.Driver.Open() 位置 D:\TFS\SSV4.X\src_V4.3\reference\mysql-connector-net\mysql-connector-net-6.3.7-src\Source\MySql.Data\Driver.cs:行号 212
在 MySql.Data.MySqlClient.Driver.Create(MySqlConnectionStringBuilder settings) 位置 D:\TFS\SSV4.X\src_V4.3\reference\mysql-connector-net\mysql-connector-net-6.3.7-src\Source\MySql.Data\Driver.cs:行号 200
在 MySql.Data.MySqlClient.MySqlConnection.Open() 位置 D:\TFS\SSV4.X\src_V4.3\reference\mysql-connector-net\mysql-connector-net-6.3.7-src\Source\MySql.Data\Connection.cs:行号 514
在 MySql.Data.MySqlClient.Tests.BaseTest.Open() 位置 D:\TFS\SSV4.X\src_V4.3\reference\mysql-connector-net\mysql-connector-net-6.3.7-src\Tests\MySql.Data.Tests\BaseTest.cs:行号 174
在 MySql.Data.MySqlClient.Tests.BaseTest.Setup() 位置 D:\TFS\SSV4.X\src_V4.3\reference\mysql-connector-net\mysql-connector-net-6.3.7-src\Tests\MySql.Data.Tests\BaseTest.cs:行号 215
--ArgumentException
在 System.IO.FileStream..ctor(SafeFileHandle handle, FileAccess access, Int32 bufferSize, Boolean isAsync)
在 MySql.Data.Common.NamedPipeStream.Open(String path, FileAccess mode, UInt32 timeout) 位置 D:\TFS\SSV4.X\src_V4.3\reference\mysql-connector-net\mysql-connector-net-6.3.7-src\Source\MySql.Data\common\NamedPipeStream.cs:行号 94
在 MySql.Data.Common.NamedPipeStream..ctor(String path, FileAccess mode, UInt32 timeout) 位置 D:\TFS\SSV4.X\src_V4.3\reference\mysql-connector-net\mysql-connector-net-6.3.7-src\Source\MySql.Data\common\NamedPipeStream.cs:行号 51
在 MySql.Data.Common.NamedPipeStream.Create(String pipeName, String hostname, UInt32 timeout) 位置 D:\TFS\SSV4.X\src_V4.3\reference\mysql-connector-net\mysql-connector-net-6.3.7-src\Source\MySql.Data\common\NamedPipeStream.cs:行号 233
在 MySql.Data.Common.StreamCreator.GetStreamFromHost(String pipeName, String hostName, UInt32 timeout) 位置 D:\TFS\SSV4.X\src_V4.3\reference\mysql-connector-net\mysql-connector-net-6.3.7-src\Source\MySql.Data\common\StreamCreator.cs:行号 61
在 MySql.Data.Common.StreamCreator.GetStream(UInt32 timeout) 位置 D:\TFS\SSV4.X\src_V4.3\reference\mysql-connector-net\mysql-connector-net-6.3.7-src\Source\MySql.Data\common\StreamCreator.cs:行号 105
在 MySql.Data.MySqlClient.NativeDriver.Open() 位置 D:\TFS\SSV4.X\src_V4.3\reference\mysql-connector-net\mysql-connector-net-6.3.7-src\Source\MySql.Data\NativeDriver.cs:行号 181
--TearDown
在 MySql.Data.MySqlClient.Tests.BaseTest.Teardown() 位置 D:\TFS\SSV4.X\src_V4.3\reference\mysql-connector-net\mysql-connector-net-6.3.7-src\Tests\MySql.Data.Tests\BaseTest.cs:行号 236
]]></stack-trace>
                                </failure>
                              </test-case>
                              <test-case name="MySql.Data.MySqlClient.Tests.PreparedStatementsPipe.PreparedStatements.NegativeTimeNonPrepared" executed="True" result="Error" success="False" time="5.021" asserts="1">
                                <failure>
                                  <message><![CDATA[SetUp : MySql.Data.MySqlClient.MySqlException : Unable to connect to any of the specified MySQL hosts.
  ----> System.ArgumentException : 无效的句柄。
参数名: handle
TearDown : NUnit.Framework.AssertionException :   Too many processes still running
  Expected: 0
  But was:  1
]]></message>
                                  <stack-trace><![CDATA[在 MySql.Data.MySqlClient.NativeDriver.Open() 位置 D:\TFS\SSV4.X\src_V4.3\reference\mysql-connector-net\mysql-connector-net-6.3.7-src\Source\MySql.Data\NativeDriver.cs:行号 269
在 MySql.Data.MySqlClient.Driver.Open() 位置 D:\TFS\SSV4.X\src_V4.3\reference\mysql-connector-net\mysql-connector-net-6.3.7-src\Source\MySql.Data\Driver.cs:行号 212
在 MySql.Data.MySqlClient.Driver.Create(MySqlConnectionStringBuilder settings) 位置 D:\TFS\SSV4.X\src_V4.3\reference\mysql-connector-net\mysql-connector-net-6.3.7-src\Source\MySql.Data\Driver.cs:行号 200
在 MySql.Data.MySqlClient.MySqlConnection.Open() 位置 D:\TFS\SSV4.X\src_V4.3\reference\mysql-connector-net\mysql-connector-net-6.3.7-src\Source\MySql.Data\Connection.cs:行号 514
在 MySql.Data.MySqlClient.Tests.BaseTest.Open() 位置 D:\TFS\SSV4.X\src_V4.3\reference\mysql-connector-net\mysql-connector-net-6.3.7-src\Tests\MySql.Data.Tests\BaseTest.cs:行号 174
在 MySql.Data.MySqlClient.Tests.BaseTest.Setup() 位置 D:\TFS\SSV4.X\src_V4.3\reference\mysql-connector-net\mysql-connector-net-6.3.7-src\Tests\MySql.Data.Tests\BaseTest.cs:行号 215
--ArgumentException
在 System.IO.FileStream..ctor(SafeFileHandle handle, FileAccess access, Int32 bufferSize, Boolean isAsync)
在 MySql.Data.Common.NamedPipeStream.Open(String path, FileAccess mode, UInt32 timeout) 位置 D:\TFS\SSV4.X\src_V4.3\reference\mysql-connector-net\mysql-connector-net-6.3.7-src\Source\MySql.Data\common\NamedPipeStream.cs:行号 94
在 MySql.Data.Common.NamedPipeStream..ctor(String path, FileAccess mode, UInt32 timeout) 位置 D:\TFS\SSV4.X\src_V4.3\reference\mysql-connector-net\mysql-connector-net-6.3.7-src\Source\MySql.Data\common\NamedPipeStream.cs:行号 51
在 MySql.Data.Common.NamedPipeStream.Create(String pipeName, String hostname, UInt32 timeout) 位置 D:\TFS\SSV4.X\src_V4.3\reference\mysql-connector-net\mysql-connector-net-6.3.7-src\Source\MySql.Data\common\NamedPipeStream.cs:行号 233
在 MySql.Data.Common.StreamCreator.GetStreamFromHost(String pipeName, String hostName, UInt32 timeout) 位置 D:\TFS\SSV4.X\src_V4.3\reference\mysql-connector-net\mysql-connector-net-6.3.7-src\Source\MySql.Data\common\StreamCreator.cs:行号 61
在 MySql.Data.Common.StreamCreator.GetStream(UInt32 timeout) 位置 D:\TFS\SSV4.X\src_V4.3\reference\mysql-connector-net\mysql-connector-net-6.3.7-src\Source\MySql.Data\common\StreamCreator.cs:行号 105
在 MySql.Data.MySqlClient.NativeDriver.Open() 位置 D:\TFS\SSV4.X\src_V4.3\reference\mysql-connector-net\mysql-connector-net-6.3.7-src\Source\MySql.Data\NativeDriver.cs:行号 181
--TearDown
在 MySql.Data.MySqlClient.Tests.BaseTest.Teardown() 位置 D:\TFS\SSV4.X\src_V4.3\reference\mysql-connector-net\mysql-connector-net-6.3.7-src\Tests\MySql.Data.Tests\BaseTest.cs:行号 236
]]></stack-trace>
                                </failure>
                              </test-case>
                              <test-case name="MySql.Data.MySqlClient.Tests.PreparedStatementsPipe.PreparedStatements.NegativeTimePrepared" executed="True" result="Error" success="False" time="5.024" asserts="1">
                                <failure>
                                  <message><![CDATA[SetUp : MySql.Data.MySqlClient.MySqlException : Unable to connect to any of the specified MySQL hosts.
  ----> System.ArgumentException : 无效的句柄。
参数名: handle
TearDown : NUnit.Framework.AssertionException :   Too many processes still running
  Expected: 0
  But was:  1
]]></message>
                                  <stack-trace><![CDATA[在 MySql.Data.MySqlClient.NativeDriver.Open() 位置 D:\TFS\SSV4.X\src_V4.3\reference\mysql-connector-net\mysql-connector-net-6.3.7-src\Source\MySql.Data\NativeDriver.cs:行号 269
在 MySql.Data.MySqlClient.Driver.Open() 位置 D:\TFS\SSV4.X\src_V4.3\reference\mysql-connector-net\mysql-connector-net-6.3.7-src\Source\MySql.Data\Driver.cs:行号 212
在 MySql.Data.MySqlClient.Driver.Create(MySqlConnectionStringBuilder settings) 位置 D:\TFS\SSV4.X\src_V4.3\reference\mysql-connector-net\mysql-connector-net-6.3.7-src\Source\MySql.Data\Driver.cs:行号 200
在 MySql.Data.MySqlClient.MySqlConnection.Open() 位置 D:\TFS\SSV4.X\src_V4.3\reference\mysql-connector-net\mysql-connector-net-6.3.7-src\Source\MySql.Data\Connection.cs:行号 514
在 MySql.Data.MySqlClient.Tests.BaseTest.Open() 位置 D:\TFS\SSV4.X\src_V4.3\reference\mysql-connector-net\mysql-connector-net-6.3.7-src\Tests\MySql.Data.Tests\BaseTest.cs:行号 174
在 MySql.Data.MySqlClient.Tests.BaseTest.Setup() 位置 D:\TFS\SSV4.X\src_V4.3\reference\mysql-connector-net\mysql-connector-net-6.3.7-src\Tests\MySql.Data.Tests\BaseTest.cs:行号 215
--ArgumentException
在 System.IO.FileStream..ctor(SafeFileHandle handle, FileAccess access, Int32 bufferSize, Boolean isAsync)
在 MySql.Data.Common.NamedPipeStream.Open(String path, FileAccess mode, UInt32 timeout) 位置 D:\TFS\SSV4.X\src_V4.3\reference\mysql-connector-net\mysql-connector-net-6.3.7-src\Source\MySql.Data\common\NamedPipeStream.cs:行号 94
在 MySql.Data.Common.NamedPipeStream..ctor(String path, FileAccess mode, UInt32 timeout) 位置 D:\TFS\SSV4.X\src_V4.3\reference\mysql-connector-net\mysql-connector-net-6.3.7-src\Source\MySql.Data\common\NamedPipeStream.cs:行号 51
在 MySql.Data.Common.NamedPipeStream.Create(String pipeName, String hostname, UInt32 timeout) 位置 D:\TFS\SSV4.X\src_V4.3\reference\mysql-connector-net\mysql-connector-net-6.3.7-src\Source\MySql.Data\common\NamedPipeStream.cs:行号 233
在 MySql.Data.Common.StreamCreator.GetStreamFromHost(String pipeName, String hostName, UInt32 timeout) 位置 D:\TFS\SSV4.X\src_V4.3\reference\mysql-connector-net\mysql-connector-net-6.3.7-src\Source\MySql.Data\common\StreamCreator.cs:行号 61
在 MySql.Data.Common.StreamCreator.GetStream(UInt32 timeout) 位置 D:\TFS\SSV4.X\src_V4.3\reference\mysql-connector-net\mysql-connector-net-6.3.7-src\Source\MySql.Data\common\StreamCreator.cs:行号 105
在 MySql.Data.MySqlClient.NativeDriver.Open() 位置 D:\TFS\SSV4.X\src_V4.3\reference\mysql-connector-net\mysql-connector-net-6.3.7-src\Source\MySql.Data\NativeDriver.cs:行号 181
--TearDown
在 MySql.Data.MySqlClient.Tests.BaseTest.Teardown() 位置 D:\TFS\SSV4.X\src_V4.3\reference\mysql-connector-net\mysql-connector-net-6.3.7-src\Tests\MySql.Data.Tests\BaseTest.cs:行号 236
]]></stack-trace>
                                </failure>
                              </test-case>
                              <test-case name="MySql.Data.MySqlClient.Tests.PreparedStatementsPipe.PreparedStatements.ParameterLengths" executed="True" result="Error" success="False" time="5.015" asserts="1">
                                <failure>
                                  <message><![CDATA[SetUp : MySql.Data.MySqlClient.MySqlException : Unable to connect to any of the specified MySQL hosts.
  ----> System.ArgumentException : 无效的句柄。
参数名: handle
TearDown : NUnit.Framework.AssertionException :   Too many processes still running
  Expected: 0
  But was:  1
]]></message>
                                  <stack-trace><![CDATA[在 MySql.Data.MySqlClient.NativeDriver.Open() 位置 D:\TFS\SSV4.X\src_V4.3\reference\mysql-connector-net\mysql-connector-net-6.3.7-src\Source\MySql.Data\NativeDriver.cs:行号 269
在 MySql.Data.MySqlClient.Driver.Open() 位置 D:\TFS\SSV4.X\src_V4.3\reference\mysql-connector-net\mysql-connector-net-6.3.7-src\Source\MySql.Data\Driver.cs:行号 212
在 MySql.Data.MySqlClient.Driver.Create(MySqlConnectionStringBuilder settings) 位置 D:\TFS\SSV4.X\src_V4.3\reference\mysql-connector-net\mysql-connector-net-6.3.7-src\Source\MySql.Data\Driver.cs:行号 200
在 MySql.Data.MySqlClient.MySqlConnection.Open() 位置 D:\TFS\SSV4.X\src_V4.3\reference\mysql-connector-net\mysql-connector-net-6.3.7-src\Source\MySql.Data\Connection.cs:行号 514
在 MySql.Data.MySqlClient.Tests.BaseTest.Open() 位置 D:\TFS\SSV4.X\src_V4.3\reference\mysql-connector-net\mysql-connector-net-6.3.7-src\Tests\MySql.Data.Tests\BaseTest.cs:行号 174
在 MySql.Data.MySqlClient.Tests.BaseTest.Setup() 位置 D:\TFS\SSV4.X\src_V4.3\reference\mysql-connector-net\mysql-connector-net-6.3.7-src\Tests\MySql.Data.Tests\BaseTest.cs:行号 215
--ArgumentException
在 System.IO.FileStream..ctor(SafeFileHandle handle, FileAccess access, Int32 bufferSize, Boolean isAsync)
在 MySql.Data.Common.NamedPipeStream.Open(String path, FileAccess mode, UInt32 timeout) 位置 D:\TFS\SSV4.X\src_V4.3\reference\mysql-connector-net\mysql-connector-net-6.3.7-src\Source\MySql.Data\common\NamedPipeStream.cs:行号 94
在 MySql.Data.Common.NamedPipeStream..ctor(String path, FileAccess mode, UInt32 timeout) 位置 D:\TFS\SSV4.X\src_V4.3\reference\mysql-connector-net\mysql-connector-net-6.3.7-src\Source\MySql.Data\common\NamedPipeStream.cs:行号 51
在 MySql.Data.Common.NamedPipeStream.Create(String pipeName, String hostname, UInt32 timeout) 位置 D:\TFS\SSV4.X\src_V4.3\reference\mysql-connector-net\mysql-connector-net-6.3.7-src\Source\MySql.Data\common\NamedPipeStream.cs:行号 233
在 MySql.Data.Common.StreamCreator.GetStreamFromHost(String pipeName, String hostName, UInt32 timeout) 位置 D:\TFS\SSV4.X\src_V4.3\reference\mysql-connector-net\mysql-connector-net-6.3.7-src\Source\MySql.Data\common\StreamCreator.cs:行号 61
在 MySql.Data.Common.StreamCreator.GetStream(UInt32 timeout) 位置 D:\TFS\SSV4.X\src_V4.3\reference\mysql-connector-net\mysql-connector-net-6.3.7-src\Source\MySql.Data\common\StreamCreator.cs:行号 105
在 MySql.Data.MySqlClient.NativeDriver.Open() 位置 D:\TFS\SSV4.X\src_V4.3\reference\mysql-connector-net\mysql-connector-net-6.3.7-src\Source\MySql.Data\NativeDriver.cs:行号 181
--TearDown
在 MySql.Data.MySqlClient.Tests.BaseTest.Teardown() 位置 D:\TFS\SSV4.X\src_V4.3\reference\mysql-connector-net\mysql-connector-net-6.3.7-src\Tests\MySql.Data.Tests\BaseTest.cs:行号 236
]]></stack-trace>
                                </failure>
                              </test-case>
                              <test-case name="MySql.Data.MySqlClient.Tests.PreparedStatementsPipe.PreparedStatements.PrepareEmptyString" executed="True" result="Error" success="False" time="5.017" asserts="1">
                                <failure>
                                  <message><![CDATA[SetUp : MySql.Data.MySqlClient.MySqlException : Unable to connect to any of the specified MySQL hosts.
  ----> System.ArgumentException : 无效的句柄。
参数名: handle
TearDown : NUnit.Framework.AssertionException :   Too many processes still running
  Expected: 0
  But was:  1
]]></message>
                                  <stack-trace><![CDATA[在 MySql.Data.MySqlClient.NativeDriver.Open() 位置 D:\TFS\SSV4.X\src_V4.3\reference\mysql-connector-net\mysql-connector-net-6.3.7-src\Source\MySql.Data\NativeDriver.cs:行号 269
在 MySql.Data.MySqlClient.Driver.Open() 位置 D:\TFS\SSV4.X\src_V4.3\reference\mysql-connector-net\mysql-connector-net-6.3.7-src\Source\MySql.Data\Driver.cs:行号 212
在 MySql.Data.MySqlClient.Driver.Create(MySqlConnectionStringBuilder settings) 位置 D:\TFS\SSV4.X\src_V4.3\reference\mysql-connector-net\mysql-connector-net-6.3.7-src\Source\MySql.Data\Driver.cs:行号 200
在 MySql.Data.MySqlClient.MySqlConnection.Open() 位置 D:\TFS\SSV4.X\src_V4.3\reference\mysql-connector-net\mysql-connector-net-6.3.7-src\Source\MySql.Data\Connection.cs:行号 514
在 MySql.Data.MySqlClient.Tests.BaseTest.Open() 位置 D:\TFS\SSV4.X\src_V4.3\reference\mysql-connector-net\mysql-connector-net-6.3.7-src\Tests\MySql.Data.Tests\BaseTest.cs:行号 174
在 MySql.Data.MySqlClient.Tests.BaseTest.Setup() 位置 D:\TFS\SSV4.X\src_V4.3\reference\mysql-connector-net\mysql-connector-net-6.3.7-src\Tests\MySql.Data.Tests\BaseTest.cs:行号 215
--ArgumentException
在 System.IO.FileStream..ctor(SafeFileHandle handle, FileAccess access, Int32 bufferSize, Boolean isAsync)
在 MySql.Data.Common.NamedPipeStream.Open(String path, FileAccess mode, UInt32 timeout) 位置 D:\TFS\SSV4.X\src_V4.3\reference\mysql-connector-net\mysql-connector-net-6.3.7-src\Source\MySql.Data\common\NamedPipeStream.cs:行号 94
在 MySql.Data.Common.NamedPipeStream..ctor(String path, FileAccess mode, UInt32 timeout) 位置 D:\TFS\SSV4.X\src_V4.3\reference\mysql-connector-net\mysql-connector-net-6.3.7-src\Source\MySql.Data\common\NamedPipeStream.cs:行号 51
在 MySql.Data.Common.NamedPipeStream.Create(String pipeName, String hostname, UInt32 timeout) 位置 D:\TFS\SSV4.X\src_V4.3\reference\mysql-connector-net\mysql-connector-net-6.3.7-src\Source\MySql.Data\common\NamedPipeStream.cs:行号 233
在 MySql.Data.Common.StreamCreator.GetStreamFromHost(String pipeName, String hostName, UInt32 timeout) 位置 D:\TFS\SSV4.X\src_V4.3\reference\mysql-connector-net\mysql-connector-net-6.3.7-src\Source\MySql.Data\common\StreamCreator.cs:行号 61
在 MySql.Data.Common.StreamCreator.GetStream(UInt32 timeout) 位置 D:\TFS\SSV4.X\src_V4.3\reference\mysql-connector-net\mysql-connector-net-6.3.7-src\Source\MySql.Data\common\StreamCreator.cs:行号 105
在 MySql.Data.MySqlClient.NativeDriver.Open() 位置 D:\TFS\SSV4.X\src_V4.3\reference\mysql-connector-net\mysql-connector-net-6.3.7-src\Source\MySql.Data\NativeDriver.cs:行号 181
--TearDown
在 MySql.Data.MySqlClient.Tests.BaseTest.Teardown() 位置 D:\TFS\SSV4.X\src_V4.3\reference\mysql-connector-net\mysql-connector-net-6.3.7-src\Tests\MySql.Data.Tests\BaseTest.cs:行号 236
]]></stack-trace>
                                </failure>
                              </test-case>
                              <test-case name="MySql.Data.MySqlClient.Tests.PreparedStatementsPipe.PreparedStatements.ResetCommandText" executed="True" result="Error" success="False" time="5.017" asserts="1">
                                <failure>
                                  <message><![CDATA[SetUp : MySql.Data.MySqlClient.MySqlException : Unable to connect to any of the specified MySQL hosts.
  ----> System.ArgumentException : 无效的句柄。
参数名: handle
TearDown : NUnit.Framework.AssertionException :   Too many processes still running
  Expected: 0
  But was:  1
]]></message>
                                  <stack-trace><![CDATA[在 MySql.Data.MySqlClient.NativeDriver.Open() 位置 D:\TFS\SSV4.X\src_V4.3\reference\mysql-connector-net\mysql-connector-net-6.3.7-src\Source\MySql.Data\NativeDriver.cs:行号 269
在 MySql.Data.MySqlClient.Driver.Open() 位置 D:\TFS\SSV4.X\src_V4.3\reference\mysql-connector-net\mysql-connector-net-6.3.7-src\Source\MySql.Data\Driver.cs:行号 212
在 MySql.Data.MySqlClient.Driver.Create(MySqlConnectionStringBuilder settings) 位置 D:\TFS\SSV4.X\src_V4.3\reference\mysql-connector-net\mysql-connector-net-6.3.7-src\Source\MySql.Data\Driver.cs:行号 200
在 MySql.Data.MySqlClient.MySqlConnection.Open() 位置 D:\TFS\SSV4.X\src_V4.3\reference\mysql-connector-net\mysql-connector-net-6.3.7-src\Source\MySql.Data\Connection.cs:行号 514
在 MySql.Data.MySqlClient.Tests.BaseTest.Open() 位置 D:\TFS\SSV4.X\src_V4.3\reference\mysql-connector-net\mysql-connector-net-6.3.7-src\Tests\MySql.Data.Tests\BaseTest.cs:行号 174
在 MySql.Data.MySqlClient.Tests.BaseTest.Setup() 位置 D:\TFS\SSV4.X\src_V4.3\reference\mysql-connector-net\mysql-connector-net-6.3.7-src\Tests\MySql.Data.Tests\BaseTest.cs:行号 215
--ArgumentException
在 System.IO.FileStream..ctor(SafeFileHandle handle, FileAccess access, Int32 bufferSize, Boolean isAsync)
在 MySql.Data.Common.NamedPipeStream.Open(String path, FileAccess mode, UInt32 timeout) 位置 D:\TFS\SSV4.X\src_V4.3\reference\mysql-connector-net\mysql-connector-net-6.3.7-src\Source\MySql.Data\common\NamedPipeStream.cs:行号 94
在 MySql.Data.Common.NamedPipeStream..ctor(String path, FileAccess mode, UInt32 timeout) 位置 D:\TFS\SSV4.X\src_V4.3\reference\mysql-connector-net\mysql-connector-net-6.3.7-src\Source\MySql.Data\common\NamedPipeStream.cs:行号 51
在 MySql.Data.Common.NamedPipeStream.Create(String pipeName, String hostname, UInt32 timeout) 位置 D:\TFS\SSV4.X\src_V4.3\reference\mysql-connector-net\mysql-connector-net-6.3.7-src\Source\MySql.Data\common\NamedPipeStream.cs:行号 233
在 MySql.Data.Common.StreamCreator.GetStreamFromHost(String pipeName, String hostName, UInt32 timeout) 位置 D:\TFS\SSV4.X\src_V4.3\reference\mysql-connector-net\mysql-connector-net-6.3.7-src\Source\MySql.Data\common\StreamCreator.cs:行号 61
在 MySql.Data.Common.StreamCreator.GetStream(UInt32 timeout) 位置 D:\TFS\SSV4.X\src_V4.3\reference\mysql-connector-net\mysql-connector-net-6.3.7-src\Source\MySql.Data\common\StreamCreator.cs:行号 105
在 MySql.Data.MySqlClient.NativeDriver.Open() 位置 D:\TFS\SSV4.X\src_V4.3\reference\mysql-connector-net\mysql-connector-net-6.3.7-src\Source\MySql.Data\NativeDriver.cs:行号 181
--TearDown
在 MySql.Data.MySqlClient.Tests.BaseTest.Teardown() 位置 D:\TFS\SSV4.X\src_V4.3\reference\mysql-connector-net\mysql-connector-net-6.3.7-src\Tests\MySql.Data.Tests\BaseTest.cs:行号 236
]]></stack-trace>
                                </failure>
                              </test-case>
                              <test-case name="MySql.Data.MySqlClient.Tests.PreparedStatementsPipe.PreparedStatements.SchemaOnly" executed="True" result="Error" success="False" time="5.026" asserts="1">
                                <failure>
                                  <message><![CDATA[SetUp : MySql.Data.MySqlClient.MySqlException : Unable to connect to any of the specified MySQL hosts.
  ----> System.ArgumentException : 无效的句柄。
参数名: handle
TearDown : NUnit.Framework.AssertionException :   Too many processes still running
  Expected: 0
  But was:  1
]]></message>
                                  <stack-trace><![CDATA[在 MySql.Data.MySqlClient.NativeDriver.Open() 位置 D:\TFS\SSV4.X\src_V4.3\reference\mysql-connector-net\mysql-connector-net-6.3.7-src\Source\MySql.Data\NativeDriver.cs:行号 269
在 MySql.Data.MySqlClient.Driver.Open() 位置 D:\TFS\SSV4.X\src_V4.3\reference\mysql-connector-net\mysql-connector-net-6.3.7-src\Source\MySql.Data\Driver.cs:行号 212
在 MySql.Data.MySqlClient.Driver.Create(MySqlConnectionStringBuilder settings) 位置 D:\TFS\SSV4.X\src_V4.3\reference\mysql-connector-net\mysql-connector-net-6.3.7-src\Source\MySql.Data\Driver.cs:行号 200
在 MySql.Data.MySqlClient.MySqlConnection.Open() 位置 D:\TFS\SSV4.X\src_V4.3\reference\mysql-connector-net\mysql-connector-net-6.3.7-src\Source\MySql.Data\Connection.cs:行号 514
在 MySql.Data.MySqlClient.Tests.BaseTest.Open() 位置 D:\TFS\SSV4.X\src_V4.3\reference\mysql-connector-net\mysql-connector-net-6.3.7-src\Tests\MySql.Data.Tests\BaseTest.cs:行号 174
在 MySql.Data.MySqlClient.Tests.BaseTest.Setup() 位置 D:\TFS\SSV4.X\src_V4.3\reference\mysql-connector-net\mysql-connector-net-6.3.7-src\Tests\MySql.Data.Tests\BaseTest.cs:行号 215
--ArgumentException
在 System.IO.FileStream..ctor(SafeFileHandle handle, FileAccess access, Int32 bufferSize, Boolean isAsync)
在 MySql.Data.Common.NamedPipeStream.Open(String path, FileAccess mode, UInt32 timeout) 位置 D:\TFS\SSV4.X\src_V4.3\reference\mysql-connector-net\mysql-connector-net-6.3.7-src\Source\MySql.Data\common\NamedPipeStream.cs:行号 94
在 MySql.Data.Common.NamedPipeStream..ctor(String path, FileAccess mode, UInt32 timeout) 位置 D:\TFS\SSV4.X\src_V4.3\reference\mysql-connector-net\mysql-connector-net-6.3.7-src\Source\MySql.Data\common\NamedPipeStream.cs:行号 51
在 MySql.Data.Common.NamedPipeStream.Create(String pipeName, String hostname, UInt32 timeout) 位置 D:\TFS\SSV4.X\src_V4.3\reference\mysql-connector-net\mysql-connector-net-6.3.7-src\Source\MySql.Data\common\NamedPipeStream.cs:行号 233
在 MySql.Data.Common.StreamCreator.GetStreamFromHost(String pipeName, String hostName, UInt32 timeout) 位置 D:\TFS\SSV4.X\src_V4.3\reference\mysql-connector-net\mysql-connector-net-6.3.7-src\Source\MySql.Data\common\StreamCreator.cs:行号 61
在 MySql.Data.Common.StreamCreator.GetStream(UInt32 timeout) 位置 D:\TFS\SSV4.X\src_V4.3\reference\mysql-connector-net\mysql-connector-net-6.3.7-src\Source\MySql.Data\common\StreamCreator.cs:行号 105
在 MySql.Data.MySqlClient.NativeDriver.Open() 位置 D:\TFS\SSV4.X\src_V4.3\reference\mysql-connector-net\mysql-connector-net-6.3.7-src\Source\MySql.Data\NativeDriver.cs:行号 181
--TearDown
在 MySql.Data.MySqlClient.Tests.BaseTest.Teardown() 位置 D:\TFS\SSV4.X\src_V4.3\reference\mysql-connector-net\mysql-connector-net-6.3.7-src\Tests\MySql.Data.Tests\BaseTest.cs:行号 236
]]></stack-trace>
                                </failure>
                              </test-case>
                              <test-case name="MySql.Data.MySqlClient.Tests.PreparedStatementsPipe.PreparedStatements.Simple" executed="True" result="Error" success="False" time="5.032" asserts="1">
                                <failure>
                                  <message><![CDATA[SetUp : MySql.Data.MySqlClient.MySqlException : Unable to connect to any of the specified MySQL hosts.
  ----> System.ArgumentException : 无效的句柄。
参数名: handle
TearDown : NUnit.Framework.AssertionException :   Too many processes still running
  Expected: 0
  But was:  1
]]></message>
                                  <stack-trace><![CDATA[在 MySql.Data.MySqlClient.NativeDriver.Open() 位置 D:\TFS\SSV4.X\src_V4.3\reference\mysql-connector-net\mysql-connector-net-6.3.7-src\Source\MySql.Data\NativeDriver.cs:行号 269
在 MySql.Data.MySqlClient.Driver.Open() 位置 D:\TFS\SSV4.X\src_V4.3\reference\mysql-connector-net\mysql-connector-net-6.3.7-src\Source\MySql.Data\Driver.cs:行号 212
在 MySql.Data.MySqlClient.Driver.Create(MySqlConnectionStringBuilder settings) 位置 D:\TFS\SSV4.X\src_V4.3\reference\mysql-connector-net\mysql-connector-net-6.3.7-src\Source\MySql.Data\Driver.cs:行号 200
在 MySql.Data.MySqlClient.MySqlConnection.Open() 位置 D:\TFS\SSV4.X\src_V4.3\reference\mysql-connector-net\mysql-connector-net-6.3.7-src\Source\MySql.Data\Connection.cs:行号 514
在 MySql.Data.MySqlClient.Tests.BaseTest.Open() 位置 D:\TFS\SSV4.X\src_V4.3\reference\mysql-connector-net\mysql-connector-net-6.3.7-src\Tests\MySql.Data.Tests\BaseTest.cs:行号 174
在 MySql.Data.MySqlClient.Tests.BaseTest.Setup() 位置 D:\TFS\SSV4.X\src_V4.3\reference\mysql-connector-net\mysql-connector-net-6.3.7-src\Tests\MySql.Data.Tests\BaseTest.cs:行号 215
--ArgumentException
在 System.IO.FileStream..ctor(SafeFileHandle handle, FileAccess access, Int32 bufferSize, Boolean isAsync)
在 MySql.Data.Common.NamedPipeStream.Open(String path, FileAccess mode, UInt32 timeout) 位置 D:\TFS\SSV4.X\src_V4.3\reference\mysql-connector-net\mysql-connector-net-6.3.7-src\Source\MySql.Data\common\NamedPipeStream.cs:行号 94
在 MySql.Data.Common.NamedPipeStream..ctor(String path, FileAccess mode, UInt32 timeout) 位置 D:\TFS\SSV4.X\src_V4.3\reference\mysql-connector-net\mysql-connector-net-6.3.7-src\Source\MySql.Data\common\NamedPipeStream.cs:行号 51
在 MySql.Data.Common.NamedPipeStream.Create(String pipeName, String hostname, UInt32 timeout) 位置 D:\TFS\SSV4.X\src_V4.3\reference\mysql-connector-net\mysql-connector-net-6.3.7-src\Source\MySql.Data\common\NamedPipeStream.cs:行号 233
在 MySql.Data.Common.StreamCreator.GetStreamFromHost(String pipeName, String hostName, UInt32 timeout) 位置 D:\TFS\SSV4.X\src_V4.3\reference\mysql-connector-net\mysql-connector-net-6.3.7-src\Source\MySql.Data\common\StreamCreator.cs:行号 61
在 MySql.Data.Common.StreamCreator.GetStream(UInt32 timeout) 位置 D:\TFS\SSV4.X\src_V4.3\reference\mysql-connector-net\mysql-connector-net-6.3.7-src\Source\MySql.Data\common\StreamCreator.cs:行号 105
在 MySql.Data.MySqlClient.NativeDriver.Open() 位置 D:\TFS\SSV4.X\src_V4.3\reference\mysql-connector-net\mysql-connector-net-6.3.7-src\Source\MySql.Data\NativeDriver.cs:行号 181
--TearDown
在 MySql.Data.MySqlClient.Tests.BaseTest.Teardown() 位置 D:\TFS\SSV4.X\src_V4.3\reference\mysql-connector-net\mysql-connector-net-6.3.7-src\Tests\MySql.Data.Tests\BaseTest.cs:行号 236
]]></stack-trace>
                                </failure>
                              </test-case>
                              <test-case name="MySql.Data.MySqlClient.Tests.PreparedStatementsPipe.PreparedStatements.SimplePrepareBeforeParms" executed="True" result="Error" success="False" time="5.014" asserts="1">
                                <failure>
                                  <message><![CDATA[SetUp : MySql.Data.MySqlClient.MySqlException : Unable to connect to any of the specified MySQL hosts.
  ----> System.ArgumentException : 无效的句柄。
参数名: handle
TearDown : NUnit.Framework.AssertionException :   Too many processes still running
  Expected: 0
  But was:  1
]]></message>
                                  <stack-trace><![CDATA[在 MySql.Data.MySqlClient.NativeDriver.Open() 位置 D:\TFS\SSV4.X\src_V4.3\reference\mysql-connector-net\mysql-connector-net-6.3.7-src\Source\MySql.Data\NativeDriver.cs:行号 269
在 MySql.Data.MySqlClient.Driver.Open() 位置 D:\TFS\SSV4.X\src_V4.3\reference\mysql-connector-net\mysql-connector-net-6.3.7-src\Source\MySql.Data\Driver.cs:行号 212
在 MySql.Data.MySqlClient.Driver.Create(MySqlConnectionStringBuilder settings) 位置 D:\TFS\SSV4.X\src_V4.3\reference\mysql-connector-net\mysql-connector-net-6.3.7-src\Source\MySql.Data\Driver.cs:行号 200
在 MySql.Data.MySqlClient.MySqlConnection.Open() 位置 D:\TFS\SSV4.X\src_V4.3\reference\mysql-connector-net\mysql-connector-net-6.3.7-src\Source\MySql.Data\Connection.cs:行号 514
在 MySql.Data.MySqlClient.Tests.BaseTest.Open() 位置 D:\TFS\SSV4.X\src_V4.3\reference\mysql-connector-net\mysql-connector-net-6.3.7-src\Tests\MySql.Data.Tests\BaseTest.cs:行号 174
在 MySql.Data.MySqlClient.Tests.BaseTest.Setup() 位置 D:\TFS\SSV4.X\src_V4.3\reference\mysql-connector-net\mysql-connector-net-6.3.7-src\Tests\MySql.Data.Tests\BaseTest.cs:行号 215
--ArgumentException
在 System.IO.FileStream..ctor(SafeFileHandle handle, FileAccess access, Int32 bufferSize, Boolean isAsync)
在 MySql.Data.Common.NamedPipeStream.Open(String path, FileAccess mode, UInt32 timeout) 位置 D:\TFS\SSV4.X\src_V4.3\reference\mysql-connector-net\mysql-connector-net-6.3.7-src\Source\MySql.Data\common\NamedPipeStream.cs:行号 94
在 MySql.Data.Common.NamedPipeStream..ctor(String path, FileAccess mode, UInt32 timeout) 位置 D:\TFS\SSV4.X\src_V4.3\reference\mysql-connector-net\mysql-connector-net-6.3.7-src\Source\MySql.Data\common\NamedPipeStream.cs:行号 51
在 MySql.Data.Common.NamedPipeStream.Create(String pipeName, String hostname, UInt32 timeout) 位置 D:\TFS\SSV4.X\src_V4.3\reference\mysql-connector-net\mysql-connector-net-6.3.7-src\Source\MySql.Data\common\NamedPipeStream.cs:行号 233
在 MySql.Data.Common.StreamCreator.GetStreamFromHost(String pipeName, String hostName, UInt32 timeout) 位置 D:\TFS\SSV4.X\src_V4.3\reference\mysql-connector-net\mysql-connector-net-6.3.7-src\Source\MySql.Data\common\StreamCreator.cs:行号 61
在 MySql.Data.Common.StreamCreator.GetStream(UInt32 timeout) 位置 D:\TFS\SSV4.X\src_V4.3\reference\mysql-connector-net\mysql-connector-net-6.3.7-src\Source\MySql.Data\common\StreamCreator.cs:行号 105
在 MySql.Data.MySqlClient.NativeDriver.Open() 位置 D:\TFS\SSV4.X\src_V4.3\reference\mysql-connector-net\mysql-connector-net-6.3.7-src\Source\MySql.Data\NativeDriver.cs:行号 181
--TearDown
在 MySql.Data.MySqlClient.Tests.BaseTest.Teardown() 位置 D:\TFS\SSV4.X\src_V4.3\reference\mysql-connector-net\mysql-connector-net-6.3.7-src\Tests\MySql.Data.Tests\BaseTest.cs:行号 236
]]></stack-trace>
                                </failure>
                              </test-case>
                              <test-case name="MySql.Data.MySqlClient.Tests.PreparedStatementsPipe.PreparedStatements.SimpleTest" executed="True" result="Error" success="False" time="5.017" asserts="1">
                                <failure>
                                  <message><![CDATA[SetUp : MySql.Data.MySqlClient.MySqlException : Unable to connect to any of the specified MySQL hosts.
  ----> System.ArgumentException : 无效的句柄。
参数名: handle
TearDown : NUnit.Framework.AssertionException :   Too many processes still running
  Expected: 0
  But was:  1
]]></message>
                                  <stack-trace><![CDATA[在 MySql.Data.MySqlClient.NativeDriver.Open() 位置 D:\TFS\SSV4.X\src_V4.3\reference\mysql-connector-net\mysql-connector-net-6.3.7-src\Source\MySql.Data\NativeDriver.cs:行号 269
在 MySql.Data.MySqlClient.Driver.Open() 位置 D:\TFS\SSV4.X\src_V4.3\reference\mysql-connector-net\mysql-connector-net-6.3.7-src\Source\MySql.Data\Driver.cs:行号 212
在 MySql.Data.MySqlClient.Driver.Create(MySqlConnectionStringBuilder settings) 位置 D:\TFS\SSV4.X\src_V4.3\reference\mysql-connector-net\mysql-connector-net-6.3.7-src\Source\MySql.Data\Driver.cs:行号 200
在 MySql.Data.MySqlClient.MySqlConnection.Open() 位置 D:\TFS\SSV4.X\src_V4.3\reference\mysql-connector-net\mysql-connector-net-6.3.7-src\Source\MySql.Data\Connection.cs:行号 514
在 MySql.Data.MySqlClient.Tests.BaseTest.Open() 位置 D:\TFS\SSV4.X\src_V4.3\reference\mysql-connector-net\mysql-connector-net-6.3.7-src\Tests\MySql.Data.Tests\BaseTest.cs:行号 174
在 MySql.Data.MySqlClient.Tests.BaseTest.Setup() 位置 D:\TFS\SSV4.X\src_V4.3\reference\mysql-connector-net\mysql-connector-net-6.3.7-src\Tests\MySql.Data.Tests\BaseTest.cs:行号 215
--ArgumentException
在 System.IO.FileStream..ctor(SafeFileHandle handle, FileAccess access, Int32 bufferSize, Boolean isAsync)
在 MySql.Data.Common.NamedPipeStream.Open(String path, FileAccess mode, UInt32 timeout) 位置 D:\TFS\SSV4.X\src_V4.3\reference\mysql-connector-net\mysql-connector-net-6.3.7-src\Source\MySql.Data\common\NamedPipeStream.cs:行号 94
在 MySql.Data.Common.NamedPipeStream..ctor(String path, FileAccess mode, UInt32 timeout) 位置 D:\TFS\SSV4.X\src_V4.3\reference\mysql-connector-net\mysql-connector-net-6.3.7-src\Source\MySql.Data\common\NamedPipeStream.cs:行号 51
在 MySql.Data.Common.NamedPipeStream.Create(String pipeName, String hostname, UInt32 timeout) 位置 D:\TFS\SSV4.X\src_V4.3\reference\mysql-connector-net\mysql-connector-net-6.3.7-src\Source\MySql.Data\common\NamedPipeStream.cs:行号 233
在 MySql.Data.Common.StreamCreator.GetStreamFromHost(String pipeName, String hostName, UInt32 timeout) 位置 D:\TFS\SSV4.X\src_V4.3\reference\mysql-connector-net\mysql-connector-net-6.3.7-src\Source\MySql.Data\common\StreamCreator.cs:行号 61
在 MySql.Data.Common.StreamCreator.GetStream(UInt32 timeout) 位置 D:\TFS\SSV4.X\src_V4.3\reference\mysql-connector-net\mysql-connector-net-6.3.7-src\Source\MySql.Data\common\StreamCreator.cs:行号 105
在 MySql.Data.MySqlClient.NativeDriver.Open() 位置 D:\TFS\SSV4.X\src_V4.3\reference\mysql-connector-net\mysql-connector-net-6.3.7-src\Source\MySql.Data\NativeDriver.cs:行号 181
--TearDown
在 MySql.Data.MySqlClient.Tests.BaseTest.Teardown() 位置 D:\TFS\SSV4.X\src_V4.3\reference\mysql-connector-net\mysql-connector-net-6.3.7-src\Tests\MySql.Data.Tests\BaseTest.cs:行号 236
]]></stack-trace>
                                </failure>
                              </test-case>
                              <test-case name="MySql.Data.MySqlClient.Tests.PreparedStatementsPipe.PreparedStatements.SimpleTest2" executed="True" result="Error" success="False" time="5.025" asserts="1">
                                <failure>
                                  <message><![CDATA[SetUp : MySql.Data.MySqlClient.MySqlException : Unable to connect to any of the specified MySQL hosts.
  ----> System.ArgumentException : 无效的句柄。
参数名: handle
TearDown : NUnit.Framework.AssertionException :   Too many processes still running
  Expected: 0
  But was:  1
]]></message>
                                  <stack-trace><![CDATA[在 MySql.Data.MySqlClient.NativeDriver.Open() 位置 D:\TFS\SSV4.X\src_V4.3\reference\mysql-connector-net\mysql-connector-net-6.3.7-src\Source\MySql.Data\NativeDriver.cs:行号 269
在 MySql.Data.MySqlClient.Driver.Open() 位置 D:\TFS\SSV4.X\src_V4.3\reference\mysql-connector-net\mysql-connector-net-6.3.7-src\Source\MySql.Data\Driver.cs:行号 212
在 MySql.Data.MySqlClient.Driver.Create(MySqlConnectionStringBuilder settings) 位置 D:\TFS\SSV4.X\src_V4.3\reference\mysql-connector-net\mysql-connector-net-6.3.7-src\Source\MySql.Data\Driver.cs:行号 200
在 MySql.Data.MySqlClient.MySqlConnection.Open() 位置 D:\TFS\SSV4.X\src_V4.3\reference\mysql-connector-net\mysql-connector-net-6.3.7-src\Source\MySql.Data\Connection.cs:行号 514
在 MySql.Data.MySqlClient.Tests.BaseTest.Open() 位置 D:\TFS\SSV4.X\src_V4.3\reference\mysql-connector-net\mysql-connector-net-6.3.7-src\Tests\MySql.Data.Tests\BaseTest.cs:行号 174
在 MySql.Data.MySqlClient.Tests.BaseTest.Setup() 位置 D:\TFS\SSV4.X\src_V4.3\reference\mysql-connector-net\mysql-connector-net-6.3.7-src\Tests\MySql.Data.Tests\BaseTest.cs:行号 215
--ArgumentException
在 System.IO.FileStream..ctor(SafeFileHandle handle, FileAccess access, Int32 bufferSize, Boolean isAsync)
在 MySql.Data.Common.NamedPipeStream.Open(String path, FileAccess mode, UInt32 timeout) 位置 D:\TFS\SSV4.X\src_V4.3\reference\mysql-connector-net\mysql-connector-net-6.3.7-src\Source\MySql.Data\common\NamedPipeStream.cs:行号 94
在 MySql.Data.Common.NamedPipeStream..ctor(String path, FileAccess mode, UInt32 timeout) 位置 D:\TFS\SSV4.X\src_V4.3\reference\mysql-connector-net\mysql-connector-net-6.3.7-src\Source\MySql.Data\common\NamedPipeStream.cs:行号 51
在 MySql.Data.Common.NamedPipeStream.Create(String pipeName, String hostname, UInt32 timeout) 位置 D:\TFS\SSV4.X\src_V4.3\reference\mysql-connector-net\mysql-connector-net-6.3.7-src\Source\MySql.Data\common\NamedPipeStream.cs:行号 233
在 MySql.Data.Common.StreamCreator.GetStreamFromHost(String pipeName, String hostName, UInt32 timeout) 位置 D:\TFS\SSV4.X\src_V4.3\reference\mysql-connector-net\mysql-connector-net-6.3.7-src\Source\MySql.Data\common\StreamCreator.cs:行号 61
在 MySql.Data.Common.StreamCreator.GetStream(UInt32 timeout) 位置 D:\TFS\SSV4.X\src_V4.3\reference\mysql-connector-net\mysql-connector-net-6.3.7-src\Source\MySql.Data\common\StreamCreator.cs:行号 105
在 MySql.Data.MySqlClient.NativeDriver.Open() 位置 D:\TFS\SSV4.X\src_V4.3\reference\mysql-connector-net\mysql-connector-net-6.3.7-src\Source\MySql.Data\NativeDriver.cs:行号 181
--TearDown
在 MySql.Data.MySqlClient.Tests.BaseTest.Teardown() 位置 D:\TFS\SSV4.X\src_V4.3\reference\mysql-connector-net\mysql-connector-net-6.3.7-src\Tests\MySql.Data.Tests\BaseTest.cs:行号 236
]]></stack-trace>
                                </failure>
                              </test-case>
                              <test-case name="MySql.Data.MySqlClient.Tests.PreparedStatementsPipe.PreparedStatements.SprocInputOutputParams" executed="True" result="Error" success="False" time="5.020" asserts="1">
                                <failure>
                                  <message><![CDATA[SetUp : MySql.Data.MySqlClient.MySqlException : Unable to connect to any of the specified MySQL hosts.
  ----> System.ArgumentException : 无效的句柄。
参数名: handle
TearDown : NUnit.Framework.AssertionException :   Too many processes still running
  Expected: 0
  But was:  1
]]></message>
                                  <stack-trace><![CDATA[在 MySql.Data.MySqlClient.NativeDriver.Open() 位置 D:\TFS\SSV4.X\src_V4.3\reference\mysql-connector-net\mysql-connector-net-6.3.7-src\Source\MySql.Data\NativeDriver.cs:行号 269
在 MySql.Data.MySqlClient.Driver.Open() 位置 D:\TFS\SSV4.X\src_V4.3\reference\mysql-connector-net\mysql-connector-net-6.3.7-src\Source\MySql.Data\Driver.cs:行号 212
在 MySql.Data.MySqlClient.Driver.Create(MySqlConnectionStringBuilder settings) 位置 D:\TFS\SSV4.X\src_V4.3\reference\mysql-connector-net\mysql-connector-net-6.3.7-src\Source\MySql.Data\Driver.cs:行号 200
在 MySql.Data.MySqlClient.MySqlConnection.Open() 位置 D:\TFS\SSV4.X\src_V4.3\reference\mysql-connector-net\mysql-connector-net-6.3.7-src\Source\MySql.Data\Connection.cs:行号 514
在 MySql.Data.MySqlClient.Tests.BaseTest.Open() 位置 D:\TFS\SSV4.X\src_V4.3\reference\mysql-connector-net\mysql-connector-net-6.3.7-src\Tests\MySql.Data.Tests\BaseTest.cs:行号 174
在 MySql.Data.MySqlClient.Tests.BaseTest.Setup() 位置 D:\TFS\SSV4.X\src_V4.3\reference\mysql-connector-net\mysql-connector-net-6.3.7-src\Tests\MySql.Data.Tests\BaseTest.cs:行号 215
--ArgumentException
在 System.IO.FileStream..ctor(SafeFileHandle handle, FileAccess access, Int32 bufferSize, Boolean isAsync)
在 MySql.Data.Common.NamedPipeStream.Open(String path, FileAccess mode, UInt32 timeout) 位置 D:\TFS\SSV4.X\src_V4.3\reference\mysql-connector-net\mysql-connector-net-6.3.7-src\Source\MySql.Data\common\NamedPipeStream.cs:行号 94
在 MySql.Data.Common.NamedPipeStream..ctor(String path, FileAccess mode, UInt32 timeout) 位置 D:\TFS\SSV4.X\src_V4.3\reference\mysql-connector-net\mysql-connector-net-6.3.7-src\Source\MySql.Data\common\NamedPipeStream.cs:行号 51
在 MySql.Data.Common.NamedPipeStream.Create(String pipeName, String hostname, UInt32 timeout) 位置 D:\TFS\SSV4.X\src_V4.3\reference\mysql-connector-net\mysql-connector-net-6.3.7-src\Source\MySql.Data\common\NamedPipeStream.cs:行号 233
在 MySql.Data.Common.StreamCreator.GetStreamFromHost(String pipeName, String hostName, UInt32 timeout) 位置 D:\TFS\SSV4.X\src_V4.3\reference\mysql-connector-net\mysql-connector-net-6.3.7-src\Source\MySql.Data\common\StreamCreator.cs:行号 61
在 MySql.Data.Common.StreamCreator.GetStream(UInt32 timeout) 位置 D:\TFS\SSV4.X\src_V4.3\reference\mysql-connector-net\mysql-connector-net-6.3.7-src\Source\MySql.Data\common\StreamCreator.cs:行号 105
在 MySql.Data.MySqlClient.NativeDriver.Open() 位置 D:\TFS\SSV4.X\src_V4.3\reference\mysql-connector-net\mysql-connector-net-6.3.7-src\Source\MySql.Data\NativeDriver.cs:行号 181
--TearDown
在 MySql.Data.MySqlClient.Tests.BaseTest.Teardown() 位置 D:\TFS\SSV4.X\src_V4.3\reference\mysql-connector-net\mysql-connector-net-6.3.7-src\Tests\MySql.Data.Tests\BaseTest.cs:行号 236
]]></stack-trace>
                                </failure>
                              </test-case>
                              <test-case name="MySql.Data.MySqlClient.Tests.PreparedStatementsPipe.PreparedStatements.SprocOutputParams" executed="True" result="Error" success="False" time="5.025" asserts="1">
                                <failure>
                                  <message><![CDATA[SetUp : MySql.Data.MySqlClient.MySqlException : Unable to connect to any of the specified MySQL hosts.
  ----> System.ArgumentException : 无效的句柄。
参数名: handle
TearDown : NUnit.Framework.AssertionException :   Too many processes still running
  Expected: 0
  But was:  1
]]></message>
                                  <stack-trace><![CDATA[在 MySql.Data.MySqlClient.NativeDriver.Open() 位置 D:\TFS\SSV4.X\src_V4.3\reference\mysql-connector-net\mysql-connector-net-6.3.7-src\Source\MySql.Data\NativeDriver.cs:行号 269
在 MySql.Data.MySqlClient.Driver.Open() 位置 D:\TFS\SSV4.X\src_V4.3\reference\mysql-connector-net\mysql-connector-net-6.3.7-src\Source\MySql.Data\Driver.cs:行号 212
在 MySql.Data.MySqlClient.Driver.Create(MySqlConnectionStringBuilder settings) 位置 D:\TFS\SSV4.X\src_V4.3\reference\mysql-connector-net\mysql-connector-net-6.3.7-src\Source\MySql.Data\Driver.cs:行号 200
在 MySql.Data.MySqlClient.MySqlConnection.Open() 位置 D:\TFS\SSV4.X\src_V4.3\reference\mysql-connector-net\mysql-connector-net-6.3.7-src\Source\MySql.Data\Connection.cs:行号 514
在 MySql.Data.MySqlClient.Tests.BaseTest.Open() 位置 D:\TFS\SSV4.X\src_V4.3\reference\mysql-connector-net\mysql-connector-net-6.3.7-src\Tests\MySql.Data.Tests\BaseTest.cs:行号 174
在 MySql.Data.MySqlClient.Tests.BaseTest.Setup() 位置 D:\TFS\SSV4.X\src_V4.3\reference\mysql-connector-net\mysql-connector-net-6.3.7-src\Tests\MySql.Data.Tests\BaseTest.cs:行号 215
--ArgumentException
在 System.IO.FileStream..ctor(SafeFileHandle handle, FileAccess access, Int32 bufferSize, Boolean isAsync)
在 MySql.Data.Common.NamedPipeStream.Open(String path, FileAccess mode, UInt32 timeout) 位置 D:\TFS\SSV4.X\src_V4.3\reference\mysql-connector-net\mysql-connector-net-6.3.7-src\Source\MySql.Data\common\NamedPipeStream.cs:行号 94
在 MySql.Data.Common.NamedPipeStream..ctor(String path, FileAccess mode, UInt32 timeout) 位置 D:\TFS\SSV4.X\src_V4.3\reference\mysql-connector-net\mysql-connector-net-6.3.7-src\Source\MySql.Data\common\NamedPipeStream.cs:行号 51
在 MySql.Data.Common.NamedPipeStream.Create(String pipeName, String hostname, UInt32 timeout) 位置 D:\TFS\SSV4.X\src_V4.3\reference\mysql-connector-net\mysql-connector-net-6.3.7-src\Source\MySql.Data\common\NamedPipeStream.cs:行号 233
在 MySql.Data.Common.StreamCreator.GetStreamFromHost(String pipeName, String hostName, UInt32 timeout) 位置 D:\TFS\SSV4.X\src_V4.3\reference\mysql-connector-net\mysql-connector-net-6.3.7-src\Source\MySql.Data\common\StreamCreator.cs:行号 61
在 MySql.Data.Common.StreamCreator.GetStream(UInt32 timeout) 位置 D:\TFS\SSV4.X\src_V4.3\reference\mysql-connector-net\mysql-connector-net-6.3.7-src\Source\MySql.Data\common\StreamCreator.cs:行号 105
在 MySql.Data.MySqlClient.NativeDriver.Open() 位置 D:\TFS\SSV4.X\src_V4.3\reference\mysql-connector-net\mysql-connector-net-6.3.7-src\Source\MySql.Data\NativeDriver.cs:行号 181
--TearDown
在 MySql.Data.MySqlClient.Tests.BaseTest.Teardown() 位置 D:\TFS\SSV4.X\src_V4.3\reference\mysql-connector-net\mysql-connector-net-6.3.7-src\Tests\MySql.Data.Tests\BaseTest.cs:行号 236
]]></stack-trace>
                                </failure>
                              </test-case>
                              <test-case name="MySql.Data.MySqlClient.Tests.PreparedStatementsPipe.PreparedStatements.UnsignedTinyInt" executed="True" result="Error" success="False" time="5.020" asserts="1">
                                <failure>
                                  <message><![CDATA[SetUp : MySql.Data.MySqlClient.MySqlException : Unable to connect to any of the specified MySQL hosts.
  ----> System.ArgumentException : 无效的句柄。
参数名: handle
TearDown : NUnit.Framework.AssertionException :   Too many processes still running
  Expected: 0
  But was:  1
]]></message>
                                  <stack-trace><![CDATA[在 MySql.Data.MySqlClient.NativeDriver.Open() 位置 D:\TFS\SSV4.X\src_V4.3\reference\mysql-connector-net\mysql-connector-net-6.3.7-src\Source\MySql.Data\NativeDriver.cs:行号 269
在 MySql.Data.MySqlClient.Driver.Open() 位置 D:\TFS\SSV4.X\src_V4.3\reference\mysql-connector-net\mysql-connector-net-6.3.7-src\Source\MySql.Data\Driver.cs:行号 212
在 MySql.Data.MySqlClient.Driver.Create(MySqlConnectionStringBuilder settings) 位置 D:\TFS\SSV4.X\src_V4.3\reference\mysql-connector-net\mysql-connector-net-6.3.7-src\Source\MySql.Data\Driver.cs:行号 200
在 MySql.Data.MySqlClient.MySqlConnection.Open() 位置 D:\TFS\SSV4.X\src_V4.3\reference\mysql-connector-net\mysql-connector-net-6.3.7-src\Source\MySql.Data\Connection.cs:行号 514
在 MySql.Data.MySqlClient.Tests.BaseTest.Open() 位置 D:\TFS\SSV4.X\src_V4.3\reference\mysql-connector-net\mysql-connector-net-6.3.7-src\Tests\MySql.Data.Tests\BaseTest.cs:行号 174
在 MySql.Data.MySqlClient.Tests.BaseTest.Setup() 位置 D:\TFS\SSV4.X\src_V4.3\reference\mysql-connector-net\mysql-connector-net-6.3.7-src\Tests\MySql.Data.Tests\BaseTest.cs:行号 215
--ArgumentException
在 System.IO.FileStream..ctor(SafeFileHandle handle, FileAccess access, Int32 bufferSize, Boolean isAsync)
在 MySql.Data.Common.NamedPipeStream.Open(String path, FileAccess mode, UInt32 timeout) 位置 D:\TFS\SSV4.X\src_V4.3\reference\mysql-connector-net\mysql-connector-net-6.3.7-src\Source\MySql.Data\common\NamedPipeStream.cs:行号 94
在 MySql.Data.Common.NamedPipeStream..ctor(String path, FileAccess mode, UInt32 timeout) 位置 D:\TFS\SSV4.X\src_V4.3\reference\mysql-connector-net\mysql-connector-net-6.3.7-src\Source\MySql.Data\common\NamedPipeStream.cs:行号 51
在 MySql.Data.Common.NamedPipeStream.Create(String pipeName, String hostname, UInt32 timeout) 位置 D:\TFS\SSV4.X\src_V4.3\reference\mysql-connector-net\mysql-connector-net-6.3.7-src\Source\MySql.Data\common\NamedPipeStream.cs:行号 233
在 MySql.Data.Common.StreamCreator.GetStreamFromHost(String pipeName, String hostName, UInt32 timeout) 位置 D:\TFS\SSV4.X\src_V4.3\reference\mysql-connector-net\mysql-connector-net-6.3.7-src\Source\MySql.Data\common\StreamCreator.cs:行号 61
在 MySql.Data.Common.StreamCreator.GetStream(UInt32 timeout) 位置 D:\TFS\SSV4.X\src_V4.3\reference\mysql-connector-net\mysql-connector-net-6.3.7-src\Source\MySql.Data\common\StreamCreator.cs:行号 105
在 MySql.Data.MySqlClient.NativeDriver.Open() 位置 D:\TFS\SSV4.X\src_V4.3\reference\mysql-connector-net\mysql-connector-net-6.3.7-src\Source\MySql.Data\NativeDriver.cs:行号 181
--TearDown
在 MySql.Data.MySqlClient.Tests.BaseTest.Teardown() 位置 D:\TFS\SSV4.X\src_V4.3\reference\mysql-connector-net\mysql-connector-net-6.3.7-src\Tests\MySql.Data.Tests\BaseTest.cs:行号 236
]]></stack-trace>
                                </failure>
                              </test-case>
                              <test-case name="MySql.Data.MySqlClient.Tests.PreparedStatementsPipe.PreparedStatements.UnsignedValues" executed="True" result="Error" success="False" time="5.018" asserts="1">
                                <failure>
                                  <message><![CDATA[SetUp : MySql.Data.MySqlClient.MySqlException : Unable to connect to any of the specified MySQL hosts.
  ----> System.ArgumentException : 无效的句柄。
参数名: handle
TearDown : NUnit.Framework.AssertionException :   Too many processes still running
  Expected: 0
  But was:  1
]]></message>
                                  <stack-trace><![CDATA[在 MySql.Data.MySqlClient.NativeDriver.Open() 位置 D:\TFS\SSV4.X\src_V4.3\reference\mysql-connector-net\mysql-connector-net-6.3.7-src\Source\MySql.Data\NativeDriver.cs:行号 269
在 MySql.Data.MySqlClient.Driver.Open() 位置 D:\TFS\SSV4.X\src_V4.3\reference\mysql-connector-net\mysql-connector-net-6.3.7-src\Source\MySql.Data\Driver.cs:行号 212
在 MySql.Data.MySqlClient.Driver.Create(MySqlConnectionStringBuilder settings) 位置 D:\TFS\SSV4.X\src_V4.3\reference\mysql-connector-net\mysql-connector-net-6.3.7-src\Source\MySql.Data\Driver.cs:行号 200
在 MySql.Data.MySqlClient.MySqlConnection.Open() 位置 D:\TFS\SSV4.X\src_V4.3\reference\mysql-connector-net\mysql-connector-net-6.3.7-src\Source\MySql.Data\Connection.cs:行号 514
在 MySql.Data.MySqlClient.Tests.BaseTest.Open() 位置 D:\TFS\SSV4.X\src_V4.3\reference\mysql-connector-net\mysql-connector-net-6.3.7-src\Tests\MySql.Data.Tests\BaseTest.cs:行号 174
在 MySql.Data.MySqlClient.Tests.BaseTest.Setup() 位置 D:\TFS\SSV4.X\src_V4.3\reference\mysql-connector-net\mysql-connector-net-6.3.7-src\Tests\MySql.Data.Tests\BaseTest.cs:行号 215
--ArgumentException
在 System.IO.FileStream..ctor(SafeFileHandle handle, FileAccess access, Int32 bufferSize, Boolean isAsync)
在 MySql.Data.Common.NamedPipeStream.Open(String path, FileAccess mode, UInt32 timeout) 位置 D:\TFS\SSV4.X\src_V4.3\reference\mysql-connector-net\mysql-connector-net-6.3.7-src\Source\MySql.Data\common\NamedPipeStream.cs:行号 94
在 MySql.Data.Common.NamedPipeStream..ctor(String path, FileAccess mode, UInt32 timeout) 位置 D:\TFS\SSV4.X\src_V4.3\reference\mysql-connector-net\mysql-connector-net-6.3.7-src\Source\MySql.Data\common\NamedPipeStream.cs:行号 51
在 MySql.Data.Common.NamedPipeStream.Create(String pipeName, String hostname, UInt32 timeout) 位置 D:\TFS\SSV4.X\src_V4.3\reference\mysql-connector-net\mysql-connector-net-6.3.7-src\Source\MySql.Data\common\NamedPipeStream.cs:行号 233
在 MySql.Data.Common.StreamCreator.GetStreamFromHost(String pipeName, String hostName, UInt32 timeout) 位置 D:\TFS\SSV4.X\src_V4.3\reference\mysql-connector-net\mysql-connector-net-6.3.7-src\Source\MySql.Data\common\StreamCreator.cs:行号 61
在 MySql.Data.Common.StreamCreator.GetStream(UInt32 timeout) 位置 D:\TFS\SSV4.X\src_V4.3\reference\mysql-connector-net\mysql-connector-net-6.3.7-src\Source\MySql.Data\common\StreamCreator.cs:行号 105
在 MySql.Data.MySqlClient.NativeDriver.Open() 位置 D:\TFS\SSV4.X\src_V4.3\reference\mysql-connector-net\mysql-connector-net-6.3.7-src\Source\MySql.Data\NativeDriver.cs:行号 181
--TearDown
在 MySql.Data.MySqlClient.Tests.BaseTest.Teardown() 位置 D:\TFS\SSV4.X\src_V4.3\reference\mysql-connector-net\mysql-connector-net-6.3.7-src\Tests\MySql.Data.Tests\BaseTest.cs:行号 236
]]></stack-trace>
                                </failure>
                              </test-case>
                              <test-case name="MySql.Data.MySqlClient.Tests.PreparedStatementsPipe.PreparedStatements.UsingParametersTwice" executed="True" result="Error" success="False" time="5.023" asserts="1">
                                <failure>
                                  <message><![CDATA[SetUp : MySql.Data.MySqlClient.MySqlException : Unable to connect to any of the specified MySQL hosts.
  ----> System.ArgumentException : 无效的句柄。
参数名: handle
TearDown : NUnit.Framework.AssertionException :   Too many processes still running
  Expected: 0
  But was:  1
]]></message>
                                  <stack-trace><![CDATA[在 MySql.Data.MySqlClient.NativeDriver.Open() 位置 D:\TFS\SSV4.X\src_V4.3\reference\mysql-connector-net\mysql-connector-net-6.3.7-src\Source\MySql.Data\NativeDriver.cs:行号 269
在 MySql.Data.MySqlClient.Driver.Open() 位置 D:\TFS\SSV4.X\src_V4.3\reference\mysql-connector-net\mysql-connector-net-6.3.7-src\Source\MySql.Data\Driver.cs:行号 212
在 MySql.Data.MySqlClient.Driver.Create(MySqlConnectionStringBuilder settings) 位置 D:\TFS\SSV4.X\src_V4.3\reference\mysql-connector-net\mysql-connector-net-6.3.7-src\Source\MySql.Data\Driver.cs:行号 200
在 MySql.Data.MySqlClient.MySqlConnection.Open() 位置 D:\TFS\SSV4.X\src_V4.3\reference\mysql-connector-net\mysql-connector-net-6.3.7-src\Source\MySql.Data\Connection.cs:行号 514
在 MySql.Data.MySqlClient.Tests.BaseTest.Open() 位置 D:\TFS\SSV4.X\src_V4.3\reference\mysql-connector-net\mysql-connector-net-6.3.7-src\Tests\MySql.Data.Tests\BaseTest.cs:行号 174
在 MySql.Data.MySqlClient.Tests.BaseTest.Setup() 位置 D:\TFS\SSV4.X\src_V4.3\reference\mysql-connector-net\mysql-connector-net-6.3.7-src\Tests\MySql.Data.Tests\BaseTest.cs:行号 215
--ArgumentException
在 System.IO.FileStream..ctor(SafeFileHandle handle, FileAccess access, Int32 bufferSize, Boolean isAsync)
在 MySql.Data.Common.NamedPipeStream.Open(String path, FileAccess mode, UInt32 timeout) 位置 D:\TFS\SSV4.X\src_V4.3\reference\mysql-connector-net\mysql-connector-net-6.3.7-src\Source\MySql.Data\common\NamedPipeStream.cs:行号 94
在 MySql.Data.Common.NamedPipeStream..ctor(String path, FileAccess mode, UInt32 timeout) 位置 D:\TFS\SSV4.X\src_V4.3\reference\mysql-connector-net\mysql-connector-net-6.3.7-src\Source\MySql.Data\common\NamedPipeStream.cs:行号 51
在 MySql.Data.Common.NamedPipeStream.Create(String pipeName, String hostname, UInt32 timeout) 位置 D:\TFS\SSV4.X\src_V4.3\reference\mysql-connector-net\mysql-connector-net-6.3.7-src\Source\MySql.Data\common\NamedPipeStream.cs:行号 233
在 MySql.Data.Common.StreamCreator.GetStreamFromHost(String pipeName, String hostName, UInt32 timeout) 位置 D:\TFS\SSV4.X\src_V4.3\reference\mysql-connector-net\mysql-connector-net-6.3.7-src\Source\MySql.Data\common\StreamCreator.cs:行号 61
在 MySql.Data.Common.StreamCreator.GetStream(UInt32 timeout) 位置 D:\TFS\SSV4.X\src_V4.3\reference\mysql-connector-net\mysql-connector-net-6.3.7-src\Source\MySql.Data\common\StreamCreator.cs:行号 105
在 MySql.Data.MySqlClient.NativeDriver.Open() 位置 D:\TFS\SSV4.X\src_V4.3\reference\mysql-connector-net\mysql-connector-net-6.3.7-src\Source\MySql.Data\NativeDriver.cs:行号 181
--TearDown
在 MySql.Data.MySqlClient.Tests.BaseTest.Teardown() 位置 D:\TFS\SSV4.X\src_V4.3\reference\mysql-connector-net\mysql-connector-net-6.3.7-src\Tests\MySql.Data.Tests\BaseTest.cs:行号 236
]]></stack-trace>
                                </failure>
                              </test-case>
                            </results>
                          </test-suite>
                          <test-suite type="TestFixture" name="PreparedStatementsPipeCompressed" executed="True" result="Failure" success="False" time="125.636" asserts="0">
                            <categories>
                              <category name="Compressed" />
                              <category name="Pipe" />
                            </categories>
                            <results>
                              <test-case name="MySql.Data.MySqlClient.Tests.PreparedStatementsPipeCompressed.PreparedStatements.BigIntUnsigned" executed="True" result="Error" success="False" time="5.015" asserts="1">
                                <failure>
                                  <message><![CDATA[SetUp : MySql.Data.MySqlClient.MySqlException : Unable to connect to any of the specified MySQL hosts.
  ----> System.ArgumentException : 无效的句柄。
参数名: handle
TearDown : NUnit.Framework.AssertionException :   Too many processes still running
  Expected: 0
  But was:  1
]]></message>
                                  <stack-trace><![CDATA[在 MySql.Data.MySqlClient.NativeDriver.Open() 位置 D:\TFS\SSV4.X\src_V4.3\reference\mysql-connector-net\mysql-connector-net-6.3.7-src\Source\MySql.Data\NativeDriver.cs:行号 269
在 MySql.Data.MySqlClient.Driver.Open() 位置 D:\TFS\SSV4.X\src_V4.3\reference\mysql-connector-net\mysql-connector-net-6.3.7-src\Source\MySql.Data\Driver.cs:行号 212
在 MySql.Data.MySqlClient.Driver.Create(MySqlConnectionStringBuilder settings) 位置 D:\TFS\SSV4.X\src_V4.3\reference\mysql-connector-net\mysql-connector-net-6.3.7-src\Source\MySql.Data\Driver.cs:行号 200
在 MySql.Data.MySqlClient.MySqlConnection.Open() 位置 D:\TFS\SSV4.X\src_V4.3\reference\mysql-connector-net\mysql-connector-net-6.3.7-src\Source\MySql.Data\Connection.cs:行号 514
在 MySql.Data.MySqlClient.Tests.BaseTest.Open() 位置 D:\TFS\SSV4.X\src_V4.3\reference\mysql-connector-net\mysql-connector-net-6.3.7-src\Tests\MySql.Data.Tests\BaseTest.cs:行号 174
在 MySql.Data.MySqlClient.Tests.BaseTest.Setup() 位置 D:\TFS\SSV4.X\src_V4.3\reference\mysql-connector-net\mysql-connector-net-6.3.7-src\Tests\MySql.Data.Tests\BaseTest.cs:行号 215
--ArgumentException
在 System.IO.FileStream..ctor(SafeFileHandle handle, FileAccess access, Int32 bufferSize, Boolean isAsync)
在 MySql.Data.Common.NamedPipeStream.Open(String path, FileAccess mode, UInt32 timeout) 位置 D:\TFS\SSV4.X\src_V4.3\reference\mysql-connector-net\mysql-connector-net-6.3.7-src\Source\MySql.Data\common\NamedPipeStream.cs:行号 94
在 MySql.Data.Common.NamedPipeStream..ctor(String path, FileAccess mode, UInt32 timeout) 位置 D:\TFS\SSV4.X\src_V4.3\reference\mysql-connector-net\mysql-connector-net-6.3.7-src\Source\MySql.Data\common\NamedPipeStream.cs:行号 51
在 MySql.Data.Common.NamedPipeStream.Create(String pipeName, String hostname, UInt32 timeout) 位置 D:\TFS\SSV4.X\src_V4.3\reference\mysql-connector-net\mysql-connector-net-6.3.7-src\Source\MySql.Data\common\NamedPipeStream.cs:行号 233
在 MySql.Data.Common.StreamCreator.GetStreamFromHost(String pipeName, String hostName, UInt32 timeout) 位置 D:\TFS\SSV4.X\src_V4.3\reference\mysql-connector-net\mysql-connector-net-6.3.7-src\Source\MySql.Data\common\StreamCreator.cs:行号 61
在 MySql.Data.Common.StreamCreator.GetStream(UInt32 timeout) 位置 D:\TFS\SSV4.X\src_V4.3\reference\mysql-connector-net\mysql-connector-net-6.3.7-src\Source\MySql.Data\common\StreamCreator.cs:行号 105
在 MySql.Data.MySqlClient.NativeDriver.Open() 位置 D:\TFS\SSV4.X\src_V4.3\reference\mysql-connector-net\mysql-connector-net-6.3.7-src\Source\MySql.Data\NativeDriver.cs:行号 181
--TearDown
在 MySql.Data.MySqlClient.Tests.BaseTest.Teardown() 位置 D:\TFS\SSV4.X\src_V4.3\reference\mysql-connector-net\mysql-connector-net-6.3.7-src\Tests\MySql.Data.Tests\BaseTest.cs:行号 236
]]></stack-trace>
                                </failure>
                              </test-case>
                              <test-case name="MySql.Data.MySqlClient.Tests.PreparedStatementsPipeCompressed.PreparedStatements.Blobs" executed="True" result="Error" success="False" time="5.017" asserts="1">
                                <failure>
                                  <message><![CDATA[SetUp : MySql.Data.MySqlClient.MySqlException : Unable to connect to any of the specified MySQL hosts.
  ----> System.ArgumentException : 无效的句柄。
参数名: handle
TearDown : NUnit.Framework.AssertionException :   Too many processes still running
  Expected: 0
  But was:  1
]]></message>
                                  <stack-trace><![CDATA[在 MySql.Data.MySqlClient.NativeDriver.Open() 位置 D:\TFS\SSV4.X\src_V4.3\reference\mysql-connector-net\mysql-connector-net-6.3.7-src\Source\MySql.Data\NativeDriver.cs:行号 269
在 MySql.Data.MySqlClient.Driver.Open() 位置 D:\TFS\SSV4.X\src_V4.3\reference\mysql-connector-net\mysql-connector-net-6.3.7-src\Source\MySql.Data\Driver.cs:行号 212
在 MySql.Data.MySqlClient.Driver.Create(MySqlConnectionStringBuilder settings) 位置 D:\TFS\SSV4.X\src_V4.3\reference\mysql-connector-net\mysql-connector-net-6.3.7-src\Source\MySql.Data\Driver.cs:行号 200
在 MySql.Data.MySqlClient.MySqlConnection.Open() 位置 D:\TFS\SSV4.X\src_V4.3\reference\mysql-connector-net\mysql-connector-net-6.3.7-src\Source\MySql.Data\Connection.cs:行号 514
在 MySql.Data.MySqlClient.Tests.BaseTest.Open() 位置 D:\TFS\SSV4.X\src_V4.3\reference\mysql-connector-net\mysql-connector-net-6.3.7-src\Tests\MySql.Data.Tests\BaseTest.cs:行号 174
在 MySql.Data.MySqlClient.Tests.BaseTest.Setup() 位置 D:\TFS\SSV4.X\src_V4.3\reference\mysql-connector-net\mysql-connector-net-6.3.7-src\Tests\MySql.Data.Tests\BaseTest.cs:行号 215
--ArgumentException
在 System.IO.FileStream..ctor(SafeFileHandle handle, FileAccess access, Int32 bufferSize, Boolean isAsync)
在 MySql.Data.Common.NamedPipeStream.Open(String path, FileAccess mode, UInt32 timeout) 位置 D:\TFS\SSV4.X\src_V4.3\reference\mysql-connector-net\mysql-connector-net-6.3.7-src\Source\MySql.Data\common\NamedPipeStream.cs:行号 94
在 MySql.Data.Common.NamedPipeStream..ctor(String path, FileAccess mode, UInt32 timeout) 位置 D:\TFS\SSV4.X\src_V4.3\reference\mysql-connector-net\mysql-connector-net-6.3.7-src\Source\MySql.Data\common\NamedPipeStream.cs:行号 51
在 MySql.Data.Common.NamedPipeStream.Create(String pipeName, String hostname, UInt32 timeout) 位置 D:\TFS\SSV4.X\src_V4.3\reference\mysql-connector-net\mysql-connector-net-6.3.7-src\Source\MySql.Data\common\NamedPipeStream.cs:行号 233
在 MySql.Data.Common.StreamCreator.GetStreamFromHost(String pipeName, String hostName, UInt32 timeout) 位置 D:\TFS\SSV4.X\src_V4.3\reference\mysql-connector-net\mysql-connector-net-6.3.7-src\Source\MySql.Data\common\StreamCreator.cs:行号 61
在 MySql.Data.Common.StreamCreator.GetStream(UInt32 timeout) 位置 D:\TFS\SSV4.X\src_V4.3\reference\mysql-connector-net\mysql-connector-net-6.3.7-src\Source\MySql.Data\common\StreamCreator.cs:行号 105
在 MySql.Data.MySqlClient.NativeDriver.Open() 位置 D:\TFS\SSV4.X\src_V4.3\reference\mysql-connector-net\mysql-connector-net-6.3.7-src\Source\MySql.Data\NativeDriver.cs:行号 181
--TearDown
在 MySql.Data.MySqlClient.Tests.BaseTest.Teardown() 位置 D:\TFS\SSV4.X\src_V4.3\reference\mysql-connector-net\mysql-connector-net-6.3.7-src\Tests\MySql.Data.Tests\BaseTest.cs:行号 236
]]></stack-trace>
                                </failure>
                              </test-case>
                              <test-case name="MySql.Data.MySqlClient.Tests.PreparedStatementsPipeCompressed.PreparedStatements.Bug6271" executed="True" result="Error" success="False" time="5.017" asserts="1">
                                <failure>
                                  <message><![CDATA[SetUp : MySql.Data.MySqlClient.MySqlException : Unable to connect to any of the specified MySQL hosts.
  ----> System.ArgumentException : 无效的句柄。
参数名: handle
TearDown : NUnit.Framework.AssertionException :   Too many processes still running
  Expected: 0
  But was:  1
]]></message>
                                  <stack-trace><![CDATA[在 MySql.Data.MySqlClient.NativeDriver.Open() 位置 D:\TFS\SSV4.X\src_V4.3\reference\mysql-connector-net\mysql-connector-net-6.3.7-src\Source\MySql.Data\NativeDriver.cs:行号 269
在 MySql.Data.MySqlClient.Driver.Open() 位置 D:\TFS\SSV4.X\src_V4.3\reference\mysql-connector-net\mysql-connector-net-6.3.7-src\Source\MySql.Data\Driver.cs:行号 212
在 MySql.Data.MySqlClient.Driver.Create(MySqlConnectionStringBuilder settings) 位置 D:\TFS\SSV4.X\src_V4.3\reference\mysql-connector-net\mysql-connector-net-6.3.7-src\Source\MySql.Data\Driver.cs:行号 200
在 MySql.Data.MySqlClient.MySqlConnection.Open() 位置 D:\TFS\SSV4.X\src_V4.3\reference\mysql-connector-net\mysql-connector-net-6.3.7-src\Source\MySql.Data\Connection.cs:行号 514
在 MySql.Data.MySqlClient.Tests.BaseTest.Open() 位置 D:\TFS\SSV4.X\src_V4.3\reference\mysql-connector-net\mysql-connector-net-6.3.7-src\Tests\MySql.Data.Tests\BaseTest.cs:行号 174
在 MySql.Data.MySqlClient.Tests.BaseTest.Setup() 位置 D:\TFS\SSV4.X\src_V4.3\reference\mysql-connector-net\mysql-connector-net-6.3.7-src\Tests\MySql.Data.Tests\BaseTest.cs:行号 215
--ArgumentException
在 System.IO.FileStream..ctor(SafeFileHandle handle, FileAccess access, Int32 bufferSize, Boolean isAsync)
在 MySql.Data.Common.NamedPipeStream.Open(String path, FileAccess mode, UInt32 timeout) 位置 D:\TFS\SSV4.X\src_V4.3\reference\mysql-connector-net\mysql-connector-net-6.3.7-src\Source\MySql.Data\common\NamedPipeStream.cs:行号 94
在 MySql.Data.Common.NamedPipeStream..ctor(String path, FileAccess mode, UInt32 timeout) 位置 D:\TFS\SSV4.X\src_V4.3\reference\mysql-connector-net\mysql-connector-net-6.3.7-src\Source\MySql.Data\common\NamedPipeStream.cs:行号 51
在 MySql.Data.Common.NamedPipeStream.Create(String pipeName, String hostname, UInt32 timeout) 位置 D:\TFS\SSV4.X\src_V4.3\reference\mysql-connector-net\mysql-connector-net-6.3.7-src\Source\MySql.Data\common\NamedPipeStream.cs:行号 233
在 MySql.Data.Common.StreamCreator.GetStreamFromHost(String pipeName, String hostName, UInt32 timeout) 位置 D:\TFS\SSV4.X\src_V4.3\reference\mysql-connector-net\mysql-connector-net-6.3.7-src\Source\MySql.Data\common\StreamCreator.cs:行号 61
在 MySql.Data.Common.StreamCreator.GetStream(UInt32 timeout) 位置 D:\TFS\SSV4.X\src_V4.3\reference\mysql-connector-net\mysql-connector-net-6.3.7-src\Source\MySql.Data\common\StreamCreator.cs:行号 105
在 MySql.Data.MySqlClient.NativeDriver.Open() 位置 D:\TFS\SSV4.X\src_V4.3\reference\mysql-connector-net\mysql-connector-net-6.3.7-src\Source\MySql.Data\NativeDriver.cs:行号 181
--TearDown
在 MySql.Data.MySqlClient.Tests.BaseTest.Teardown() 位置 D:\TFS\SSV4.X\src_V4.3\reference\mysql-connector-net\mysql-connector-net-6.3.7-src\Tests\MySql.Data.Tests\BaseTest.cs:行号 236
]]></stack-trace>
                                </failure>
                              </test-case>
                              <test-case name="MySql.Data.MySqlClient.Tests.PreparedStatementsPipeCompressed.PreparedStatements.ClosingCommandsProperly" executed="True" result="Error" success="False" time="5.018" asserts="1">
                                <failure>
                                  <message><![CDATA[SetUp : MySql.Data.MySqlClient.MySqlException : Unable to connect to any of the specified MySQL hosts.
  ----> System.ArgumentException : 无效的句柄。
参数名: handle
TearDown : NUnit.Framework.AssertionException :   Too many processes still running
  Expected: 0
  But was:  1
]]></message>
                                  <stack-trace><![CDATA[在 MySql.Data.MySqlClient.NativeDriver.Open() 位置 D:\TFS\SSV4.X\src_V4.3\reference\mysql-connector-net\mysql-connector-net-6.3.7-src\Source\MySql.Data\NativeDriver.cs:行号 269
在 MySql.Data.MySqlClient.Driver.Open() 位置 D:\TFS\SSV4.X\src_V4.3\reference\mysql-connector-net\mysql-connector-net-6.3.7-src\Source\MySql.Data\Driver.cs:行号 212
在 MySql.Data.MySqlClient.Driver.Create(MySqlConnectionStringBuilder settings) 位置 D:\TFS\SSV4.X\src_V4.3\reference\mysql-connector-net\mysql-connector-net-6.3.7-src\Source\MySql.Data\Driver.cs:行号 200
在 MySql.Data.MySqlClient.MySqlConnection.Open() 位置 D:\TFS\SSV4.X\src_V4.3\reference\mysql-connector-net\mysql-connector-net-6.3.7-src\Source\MySql.Data\Connection.cs:行号 514
在 MySql.Data.MySqlClient.Tests.BaseTest.Open() 位置 D:\TFS\SSV4.X\src_V4.3\reference\mysql-connector-net\mysql-connector-net-6.3.7-src\Tests\MySql.Data.Tests\BaseTest.cs:行号 174
在 MySql.Data.MySqlClient.Tests.BaseTest.Setup() 位置 D:\TFS\SSV4.X\src_V4.3\reference\mysql-connector-net\mysql-connector-net-6.3.7-src\Tests\MySql.Data.Tests\BaseTest.cs:行号 215
--ArgumentException
在 System.IO.FileStream..ctor(SafeFileHandle handle, FileAccess access, Int32 bufferSize, Boolean isAsync)
在 MySql.Data.Common.NamedPipeStream.Open(String path, FileAccess mode, UInt32 timeout) 位置 D:\TFS\SSV4.X\src_V4.3\reference\mysql-connector-net\mysql-connector-net-6.3.7-src\Source\MySql.Data\common\NamedPipeStream.cs:行号 94
在 MySql.Data.Common.NamedPipeStream..ctor(String path, FileAccess mode, UInt32 timeout) 位置 D:\TFS\SSV4.X\src_V4.3\reference\mysql-connector-net\mysql-connector-net-6.3.7-src\Source\MySql.Data\common\NamedPipeStream.cs:行号 51
在 MySql.Data.Common.NamedPipeStream.Create(String pipeName, String hostname, UInt32 timeout) 位置 D:\TFS\SSV4.X\src_V4.3\reference\mysql-connector-net\mysql-connector-net-6.3.7-src\Source\MySql.Data\common\NamedPipeStream.cs:行号 233
在 MySql.Data.Common.StreamCreator.GetStreamFromHost(String pipeName, String hostName, UInt32 timeout) 位置 D:\TFS\SSV4.X\src_V4.3\reference\mysql-connector-net\mysql-connector-net-6.3.7-src\Source\MySql.Data\common\StreamCreator.cs:行号 61
在 MySql.Data.Common.StreamCreator.GetStream(UInt32 timeout) 位置 D:\TFS\SSV4.X\src_V4.3\reference\mysql-connector-net\mysql-connector-net-6.3.7-src\Source\MySql.Data\common\StreamCreator.cs:行号 105
在 MySql.Data.MySqlClient.NativeDriver.Open() 位置 D:\TFS\SSV4.X\src_V4.3\reference\mysql-connector-net\mysql-connector-net-6.3.7-src\Source\MySql.Data\NativeDriver.cs:行号 181
--TearDown
在 MySql.Data.MySqlClient.Tests.BaseTest.Teardown() 位置 D:\TFS\SSV4.X\src_V4.3\reference\mysql-connector-net\mysql-connector-net-6.3.7-src\Tests\MySql.Data.Tests\BaseTest.cs:行号 236
]]></stack-trace>
                                </failure>
                              </test-case>
                              <test-case name="MySql.Data.MySqlClient.Tests.PreparedStatementsPipeCompressed.PreparedStatements.CompoundStatements" executed="True" result="Error" success="False" time="5.017" asserts="1">
                                <failure>
                                  <message><![CDATA[SetUp : MySql.Data.MySqlClient.MySqlException : Unable to connect to any of the specified MySQL hosts.
  ----> System.ArgumentException : 无效的句柄。
参数名: handle
TearDown : NUnit.Framework.AssertionException :   Too many processes still running
  Expected: 0
  But was:  1
]]></message>
                                  <stack-trace><![CDATA[在 MySql.Data.MySqlClient.NativeDriver.Open() 位置 D:\TFS\SSV4.X\src_V4.3\reference\mysql-connector-net\mysql-connector-net-6.3.7-src\Source\MySql.Data\NativeDriver.cs:行号 269
在 MySql.Data.MySqlClient.Driver.Open() 位置 D:\TFS\SSV4.X\src_V4.3\reference\mysql-connector-net\mysql-connector-net-6.3.7-src\Source\MySql.Data\Driver.cs:行号 212
在 MySql.Data.MySqlClient.Driver.Create(MySqlConnectionStringBuilder settings) 位置 D:\TFS\SSV4.X\src_V4.3\reference\mysql-connector-net\mysql-connector-net-6.3.7-src\Source\MySql.Data\Driver.cs:行号 200
在 MySql.Data.MySqlClient.MySqlConnection.Open() 位置 D:\TFS\SSV4.X\src_V4.3\reference\mysql-connector-net\mysql-connector-net-6.3.7-src\Source\MySql.Data\Connection.cs:行号 514
在 MySql.Data.MySqlClient.Tests.BaseTest.Open() 位置 D:\TFS\SSV4.X\src_V4.3\reference\mysql-connector-net\mysql-connector-net-6.3.7-src\Tests\MySql.Data.Tests\BaseTest.cs:行号 174
在 MySql.Data.MySqlClient.Tests.BaseTest.Setup() 位置 D:\TFS\SSV4.X\src_V4.3\reference\mysql-connector-net\mysql-connector-net-6.3.7-src\Tests\MySql.Data.Tests\BaseTest.cs:行号 215
--ArgumentException
在 System.IO.FileStream..ctor(SafeFileHandle handle, FileAccess access, Int32 bufferSize, Boolean isAsync)
在 MySql.Data.Common.NamedPipeStream.Open(String path, FileAccess mode, UInt32 timeout) 位置 D:\TFS\SSV4.X\src_V4.3\reference\mysql-connector-net\mysql-connector-net-6.3.7-src\Source\MySql.Data\common\NamedPipeStream.cs:行号 94
在 MySql.Data.Common.NamedPipeStream..ctor(String path, FileAccess mode, UInt32 timeout) 位置 D:\TFS\SSV4.X\src_V4.3\reference\mysql-connector-net\mysql-connector-net-6.3.7-src\Source\MySql.Data\common\NamedPipeStream.cs:行号 51
在 MySql.Data.Common.NamedPipeStream.Create(String pipeName, String hostname, UInt32 timeout) 位置 D:\TFS\SSV4.X\src_V4.3\reference\mysql-connector-net\mysql-connector-net-6.3.7-src\Source\MySql.Data\common\NamedPipeStream.cs:行号 233
在 MySql.Data.Common.StreamCreator.GetStreamFromHost(String pipeName, String hostName, UInt32 timeout) 位置 D:\TFS\SSV4.X\src_V4.3\reference\mysql-connector-net\mysql-connector-net-6.3.7-src\Source\MySql.Data\common\StreamCreator.cs:行号 61
在 MySql.Data.Common.StreamCreator.GetStream(UInt32 timeout) 位置 D:\TFS\SSV4.X\src_V4.3\reference\mysql-connector-net\mysql-connector-net-6.3.7-src\Source\MySql.Data\common\StreamCreator.cs:行号 105
在 MySql.Data.MySqlClient.NativeDriver.Open() 位置 D:\TFS\SSV4.X\src_V4.3\reference\mysql-connector-net\mysql-connector-net-6.3.7-src\Source\MySql.Data\NativeDriver.cs:行号 181
--TearDown
在 MySql.Data.MySqlClient.Tests.BaseTest.Teardown() 位置 D:\TFS\SSV4.X\src_V4.3\reference\mysql-connector-net\mysql-connector-net-6.3.7-src\Tests\MySql.Data.Tests\BaseTest.cs:行号 236
]]></stack-trace>
                                </failure>
                              </test-case>
                              <test-case name="MySql.Data.MySqlClient.Tests.PreparedStatementsPipeCompressed.PreparedStatements.DateAndTimes" executed="True" result="Error" success="False" time="5.016" asserts="1">
                                <failure>
                                  <message><![CDATA[SetUp : MySql.Data.MySqlClient.MySqlException : Unable to connect to any of the specified MySQL hosts.
  ----> System.ArgumentException : 无效的句柄。
参数名: handle
TearDown : NUnit.Framework.AssertionException :   Too many processes still running
  Expected: 0
  But was:  1
]]></message>
                                  <stack-trace><![CDATA[在 MySql.Data.MySqlClient.NativeDriver.Open() 位置 D:\TFS\SSV4.X\src_V4.3\reference\mysql-connector-net\mysql-connector-net-6.3.7-src\Source\MySql.Data\NativeDriver.cs:行号 269
在 MySql.Data.MySqlClient.Driver.Open() 位置 D:\TFS\SSV4.X\src_V4.3\reference\mysql-connector-net\mysql-connector-net-6.3.7-src\Source\MySql.Data\Driver.cs:行号 212
在 MySql.Data.MySqlClient.Driver.Create(MySqlConnectionStringBuilder settings) 位置 D:\TFS\SSV4.X\src_V4.3\reference\mysql-connector-net\mysql-connector-net-6.3.7-src\Source\MySql.Data\Driver.cs:行号 200
在 MySql.Data.MySqlClient.MySqlConnection.Open() 位置 D:\TFS\SSV4.X\src_V4.3\reference\mysql-connector-net\mysql-connector-net-6.3.7-src\Source\MySql.Data\Connection.cs:行号 514
在 MySql.Data.MySqlClient.Tests.BaseTest.Open() 位置 D:\TFS\SSV4.X\src_V4.3\reference\mysql-connector-net\mysql-connector-net-6.3.7-src\Tests\MySql.Data.Tests\BaseTest.cs:行号 174
在 MySql.Data.MySqlClient.Tests.BaseTest.Setup() 位置 D:\TFS\SSV4.X\src_V4.3\reference\mysql-connector-net\mysql-connector-net-6.3.7-src\Tests\MySql.Data.Tests\BaseTest.cs:行号 215
--ArgumentException
在 System.IO.FileStream..ctor(SafeFileHandle handle, FileAccess access, Int32 bufferSize, Boolean isAsync)
在 MySql.Data.Common.NamedPipeStream.Open(String path, FileAccess mode, UInt32 timeout) 位置 D:\TFS\SSV4.X\src_V4.3\reference\mysql-connector-net\mysql-connector-net-6.3.7-src\Source\MySql.Data\common\NamedPipeStream.cs:行号 94
在 MySql.Data.Common.NamedPipeStream..ctor(String path, FileAccess mode, UInt32 timeout) 位置 D:\TFS\SSV4.X\src_V4.3\reference\mysql-connector-net\mysql-connector-net-6.3.7-src\Source\MySql.Data\common\NamedPipeStream.cs:行号 51
在 MySql.Data.Common.NamedPipeStream.Create(String pipeName, String hostname, UInt32 timeout) 位置 D:\TFS\SSV4.X\src_V4.3\reference\mysql-connector-net\mysql-connector-net-6.3.7-src\Source\MySql.Data\common\NamedPipeStream.cs:行号 233
在 MySql.Data.Common.StreamCreator.GetStreamFromHost(String pipeName, String hostName, UInt32 timeout) 位置 D:\TFS\SSV4.X\src_V4.3\reference\mysql-connector-net\mysql-connector-net-6.3.7-src\Source\MySql.Data\common\StreamCreator.cs:行号 61
在 MySql.Data.Common.StreamCreator.GetStream(UInt32 timeout) 位置 D:\TFS\SSV4.X\src_V4.3\reference\mysql-connector-net\mysql-connector-net-6.3.7-src\Source\MySql.Data\common\StreamCreator.cs:行号 105
在 MySql.Data.MySqlClient.NativeDriver.Open() 位置 D:\TFS\SSV4.X\src_V4.3\reference\mysql-connector-net\mysql-connector-net-6.3.7-src\Source\MySql.Data\NativeDriver.cs:行号 181
--TearDown
在 MySql.Data.MySqlClient.Tests.BaseTest.Teardown() 位置 D:\TFS\SSV4.X\src_V4.3\reference\mysql-connector-net\mysql-connector-net-6.3.7-src\Tests\MySql.Data.Tests\BaseTest.cs:行号 236
]]></stack-trace>
                                </failure>
                              </test-case>
                              <test-case name="MySql.Data.MySqlClient.Tests.PreparedStatementsPipeCompressed.PreparedStatements.DifferentParameterOrder" executed="True" result="Error" success="False" time="5.091" asserts="1">
                                <failure>
                                  <message><![CDATA[SetUp : MySql.Data.MySqlClient.MySqlException : Unable to connect to any of the specified MySQL hosts.
  ----> System.ArgumentException : 无效的句柄。
参数名: handle
TearDown : NUnit.Framework.AssertionException :   Too many processes still running
  Expected: 0
  But was:  1
]]></message>
                                  <stack-trace><![CDATA[在 MySql.Data.MySqlClient.NativeDriver.Open() 位置 D:\TFS\SSV4.X\src_V4.3\reference\mysql-connector-net\mysql-connector-net-6.3.7-src\Source\MySql.Data\NativeDriver.cs:行号 269
在 MySql.Data.MySqlClient.Driver.Open() 位置 D:\TFS\SSV4.X\src_V4.3\reference\mysql-connector-net\mysql-connector-net-6.3.7-src\Source\MySql.Data\Driver.cs:行号 212
在 MySql.Data.MySqlClient.Driver.Create(MySqlConnectionStringBuilder settings) 位置 D:\TFS\SSV4.X\src_V4.3\reference\mysql-connector-net\mysql-connector-net-6.3.7-src\Source\MySql.Data\Driver.cs:行号 200
在 MySql.Data.MySqlClient.MySqlConnection.Open() 位置 D:\TFS\SSV4.X\src_V4.3\reference\mysql-connector-net\mysql-connector-net-6.3.7-src\Source\MySql.Data\Connection.cs:行号 514
在 MySql.Data.MySqlClient.Tests.BaseTest.Open() 位置 D:\TFS\SSV4.X\src_V4.3\reference\mysql-connector-net\mysql-connector-net-6.3.7-src\Tests\MySql.Data.Tests\BaseTest.cs:行号 174
在 MySql.Data.MySqlClient.Tests.BaseTest.Setup() 位置 D:\TFS\SSV4.X\src_V4.3\reference\mysql-connector-net\mysql-connector-net-6.3.7-src\Tests\MySql.Data.Tests\BaseTest.cs:行号 215
--ArgumentException
在 System.IO.FileStream..ctor(SafeFileHandle handle, FileAccess access, Int32 bufferSize, Boolean isAsync)
在 MySql.Data.Common.NamedPipeStream.Open(String path, FileAccess mode, UInt32 timeout) 位置 D:\TFS\SSV4.X\src_V4.3\reference\mysql-connector-net\mysql-connector-net-6.3.7-src\Source\MySql.Data\common\NamedPipeStream.cs:行号 94
在 MySql.Data.Common.NamedPipeStream..ctor(String path, FileAccess mode, UInt32 timeout) 位置 D:\TFS\SSV4.X\src_V4.3\reference\mysql-connector-net\mysql-connector-net-6.3.7-src\Source\MySql.Data\common\NamedPipeStream.cs:行号 51
在 MySql.Data.Common.NamedPipeStream.Create(String pipeName, String hostname, UInt32 timeout) 位置 D:\TFS\SSV4.X\src_V4.3\reference\mysql-connector-net\mysql-connector-net-6.3.7-src\Source\MySql.Data\common\NamedPipeStream.cs:行号 233
在 MySql.Data.Common.StreamCreator.GetStreamFromHost(String pipeName, String hostName, UInt32 timeout) 位置 D:\TFS\SSV4.X\src_V4.3\reference\mysql-connector-net\mysql-connector-net-6.3.7-src\Source\MySql.Data\common\StreamCreator.cs:行号 61
在 MySql.Data.Common.StreamCreator.GetStream(UInt32 timeout) 位置 D:\TFS\SSV4.X\src_V4.3\reference\mysql-connector-net\mysql-connector-net-6.3.7-src\Source\MySql.Data\common\StreamCreator.cs:行号 105
在 MySql.Data.MySqlClient.NativeDriver.Open() 位置 D:\TFS\SSV4.X\src_V4.3\reference\mysql-connector-net\mysql-connector-net-6.3.7-src\Source\MySql.Data\NativeDriver.cs:行号 181
--TearDown
在 MySql.Data.MySqlClient.Tests.BaseTest.Teardown() 位置 D:\TFS\SSV4.X\src_V4.3\reference\mysql-connector-net\mysql-connector-net-6.3.7-src\Tests\MySql.Data.Tests\BaseTest.cs:行号 236
]]></stack-trace>
                                </failure>
                              </test-case>
                              <test-case name="MySql.Data.MySqlClient.Tests.PreparedStatementsPipeCompressed.PreparedStatements.InsertAccentedCharacters" executed="True" result="Error" success="False" time="5.025" asserts="1">
                                <failure>
                                  <message><![CDATA[SetUp : MySql.Data.MySqlClient.MySqlException : Unable to connect to any of the specified MySQL hosts.
  ----> System.ArgumentException : 无效的句柄。
参数名: handle
TearDown : NUnit.Framework.AssertionException :   Too many processes still running
  Expected: 0
  But was:  1
]]></message>
                                  <stack-trace><![CDATA[在 MySql.Data.MySqlClient.NativeDriver.Open() 位置 D:\TFS\SSV4.X\src_V4.3\reference\mysql-connector-net\mysql-connector-net-6.3.7-src\Source\MySql.Data\NativeDriver.cs:行号 269
在 MySql.Data.MySqlClient.Driver.Open() 位置 D:\TFS\SSV4.X\src_V4.3\reference\mysql-connector-net\mysql-connector-net-6.3.7-src\Source\MySql.Data\Driver.cs:行号 212
在 MySql.Data.MySqlClient.Driver.Create(MySqlConnectionStringBuilder settings) 位置 D:\TFS\SSV4.X\src_V4.3\reference\mysql-connector-net\mysql-connector-net-6.3.7-src\Source\MySql.Data\Driver.cs:行号 200
在 MySql.Data.MySqlClient.MySqlConnection.Open() 位置 D:\TFS\SSV4.X\src_V4.3\reference\mysql-connector-net\mysql-connector-net-6.3.7-src\Source\MySql.Data\Connection.cs:行号 514
在 MySql.Data.MySqlClient.Tests.BaseTest.Open() 位置 D:\TFS\SSV4.X\src_V4.3\reference\mysql-connector-net\mysql-connector-net-6.3.7-src\Tests\MySql.Data.Tests\BaseTest.cs:行号 174
在 MySql.Data.MySqlClient.Tests.BaseTest.Setup() 位置 D:\TFS\SSV4.X\src_V4.3\reference\mysql-connector-net\mysql-connector-net-6.3.7-src\Tests\MySql.Data.Tests\BaseTest.cs:行号 215
--ArgumentException
在 System.IO.FileStream..ctor(SafeFileHandle handle, FileAccess access, Int32 bufferSize, Boolean isAsync)
在 MySql.Data.Common.NamedPipeStream.Open(String path, FileAccess mode, UInt32 timeout) 位置 D:\TFS\SSV4.X\src_V4.3\reference\mysql-connector-net\mysql-connector-net-6.3.7-src\Source\MySql.Data\common\NamedPipeStream.cs:行号 94
在 MySql.Data.Common.NamedPipeStream..ctor(String path, FileAccess mode, UInt32 timeout) 位置 D:\TFS\SSV4.X\src_V4.3\reference\mysql-connector-net\mysql-connector-net-6.3.7-src\Source\MySql.Data\common\NamedPipeStream.cs:行号 51
在 MySql.Data.Common.NamedPipeStream.Create(String pipeName, String hostname, UInt32 timeout) 位置 D:\TFS\SSV4.X\src_V4.3\reference\mysql-connector-net\mysql-connector-net-6.3.7-src\Source\MySql.Data\common\NamedPipeStream.cs:行号 233
在 MySql.Data.Common.StreamCreator.GetStreamFromHost(String pipeName, String hostName, UInt32 timeout) 位置 D:\TFS\SSV4.X\src_V4.3\reference\mysql-connector-net\mysql-connector-net-6.3.7-src\Source\MySql.Data\common\StreamCreator.cs:行号 61
在 MySql.Data.Common.StreamCreator.GetStream(UInt32 timeout) 位置 D:\TFS\SSV4.X\src_V4.3\reference\mysql-connector-net\mysql-connector-net-6.3.7-src\Source\MySql.Data\common\StreamCreator.cs:行号 105
在 MySql.Data.MySqlClient.NativeDriver.Open() 位置 D:\TFS\SSV4.X\src_V4.3\reference\mysql-connector-net\mysql-connector-net-6.3.7-src\Source\MySql.Data\NativeDriver.cs:行号 181
--TearDown
在 MySql.Data.MySqlClient.Tests.BaseTest.Teardown() 位置 D:\TFS\SSV4.X\src_V4.3\reference\mysql-connector-net\mysql-connector-net-6.3.7-src\Tests\MySql.Data.Tests\BaseTest.cs:行号 236
]]></stack-trace>
                                </failure>
                              </test-case>
                              <test-case name="MySql.Data.MySqlClient.Tests.PreparedStatementsPipeCompressed.PreparedStatements.InsertingUnsignedTinyInt" executed="True" result="Error" success="False" time="5.018" asserts="1">
                                <failure>
                                  <message><![CDATA[SetUp : MySql.Data.MySqlClient.MySqlException : Unable to connect to any of the specified MySQL hosts.
  ----> System.ArgumentException : 无效的句柄。
参数名: handle
TearDown : NUnit.Framework.AssertionException :   Too many processes still running
  Expected: 0
  But was:  1
]]></message>
                                  <stack-trace><![CDATA[在 MySql.Data.MySqlClient.NativeDriver.Open() 位置 D:\TFS\SSV4.X\src_V4.3\reference\mysql-connector-net\mysql-connector-net-6.3.7-src\Source\MySql.Data\NativeDriver.cs:行号 269
在 MySql.Data.MySqlClient.Driver.Open() 位置 D:\TFS\SSV4.X\src_V4.3\reference\mysql-connector-net\mysql-connector-net-6.3.7-src\Source\MySql.Data\Driver.cs:行号 212
在 MySql.Data.MySqlClient.Driver.Create(MySqlConnectionStringBuilder settings) 位置 D:\TFS\SSV4.X\src_V4.3\reference\mysql-connector-net\mysql-connector-net-6.3.7-src\Source\MySql.Data\Driver.cs:行号 200
在 MySql.Data.MySqlClient.MySqlConnection.Open() 位置 D:\TFS\SSV4.X\src_V4.3\reference\mysql-connector-net\mysql-connector-net-6.3.7-src\Source\MySql.Data\Connection.cs:行号 514
在 MySql.Data.MySqlClient.Tests.BaseTest.Open() 位置 D:\TFS\SSV4.X\src_V4.3\reference\mysql-connector-net\mysql-connector-net-6.3.7-src\Tests\MySql.Data.Tests\BaseTest.cs:行号 174
在 MySql.Data.MySqlClient.Tests.BaseTest.Setup() 位置 D:\TFS\SSV4.X\src_V4.3\reference\mysql-connector-net\mysql-connector-net-6.3.7-src\Tests\MySql.Data.Tests\BaseTest.cs:行号 215
--ArgumentException
在 System.IO.FileStream..ctor(SafeFileHandle handle, FileAccess access, Int32 bufferSize, Boolean isAsync)
在 MySql.Data.Common.NamedPipeStream.Open(String path, FileAccess mode, UInt32 timeout) 位置 D:\TFS\SSV4.X\src_V4.3\reference\mysql-connector-net\mysql-connector-net-6.3.7-src\Source\MySql.Data\common\NamedPipeStream.cs:行号 94
在 MySql.Data.Common.NamedPipeStream..ctor(String path, FileAccess mode, UInt32 timeout) 位置 D:\TFS\SSV4.X\src_V4.3\reference\mysql-connector-net\mysql-connector-net-6.3.7-src\Source\MySql.Data\common\NamedPipeStream.cs:行号 51
在 MySql.Data.Common.NamedPipeStream.Create(String pipeName, String hostname, UInt32 timeout) 位置 D:\TFS\SSV4.X\src_V4.3\reference\mysql-connector-net\mysql-connector-net-6.3.7-src\Source\MySql.Data\common\NamedPipeStream.cs:行号 233
在 MySql.Data.Common.StreamCreator.GetStreamFromHost(String pipeName, String hostName, UInt32 timeout) 位置 D:\TFS\SSV4.X\src_V4.3\reference\mysql-connector-net\mysql-connector-net-6.3.7-src\Source\MySql.Data\common\StreamCreator.cs:行号 61
在 MySql.Data.Common.StreamCreator.GetStream(UInt32 timeout) 位置 D:\TFS\SSV4.X\src_V4.3\reference\mysql-connector-net\mysql-connector-net-6.3.7-src\Source\MySql.Data\common\StreamCreator.cs:行号 105
在 MySql.Data.MySqlClient.NativeDriver.Open() 位置 D:\TFS\SSV4.X\src_V4.3\reference\mysql-connector-net\mysql-connector-net-6.3.7-src\Source\MySql.Data\NativeDriver.cs:行号 181
--TearDown
在 MySql.Data.MySqlClient.Tests.BaseTest.Teardown() 位置 D:\TFS\SSV4.X\src_V4.3\reference\mysql-connector-net\mysql-connector-net-6.3.7-src\Tests\MySql.Data.Tests\BaseTest.cs:行号 236
]]></stack-trace>
                                </failure>
                              </test-case>
                              <test-case name="MySql.Data.MySqlClient.Tests.PreparedStatementsPipeCompressed.PreparedStatements.MoreParametersOutOfOrder" executed="True" result="Error" success="False" time="5.018" asserts="1">
                                <failure>
                                  <message><![CDATA[SetUp : MySql.Data.MySqlClient.MySqlException : Unable to connect to any of the specified MySQL hosts.
  ----> System.ArgumentException : 无效的句柄。
参数名: handle
TearDown : NUnit.Framework.AssertionException :   Too many processes still running
  Expected: 0
  But was:  1
]]></message>
                                  <stack-trace><![CDATA[在 MySql.Data.MySqlClient.NativeDriver.Open() 位置 D:\TFS\SSV4.X\src_V4.3\reference\mysql-connector-net\mysql-connector-net-6.3.7-src\Source\MySql.Data\NativeDriver.cs:行号 269
在 MySql.Data.MySqlClient.Driver.Open() 位置 D:\TFS\SSV4.X\src_V4.3\reference\mysql-connector-net\mysql-connector-net-6.3.7-src\Source\MySql.Data\Driver.cs:行号 212
在 MySql.Data.MySqlClient.Driver.Create(MySqlConnectionStringBuilder settings) 位置 D:\TFS\SSV4.X\src_V4.3\reference\mysql-connector-net\mysql-connector-net-6.3.7-src\Source\MySql.Data\Driver.cs:行号 200
在 MySql.Data.MySqlClient.MySqlConnection.Open() 位置 D:\TFS\SSV4.X\src_V4.3\reference\mysql-connector-net\mysql-connector-net-6.3.7-src\Source\MySql.Data\Connection.cs:行号 514
在 MySql.Data.MySqlClient.Tests.BaseTest.Open() 位置 D:\TFS\SSV4.X\src_V4.3\reference\mysql-connector-net\mysql-connector-net-6.3.7-src\Tests\MySql.Data.Tests\BaseTest.cs:行号 174
在 MySql.Data.MySqlClient.Tests.BaseTest.Setup() 位置 D:\TFS\SSV4.X\src_V4.3\reference\mysql-connector-net\mysql-connector-net-6.3.7-src\Tests\MySql.Data.Tests\BaseTest.cs:行号 215
--ArgumentException
在 System.IO.FileStream..ctor(SafeFileHandle handle, FileAccess access, Int32 bufferSize, Boolean isAsync)
在 MySql.Data.Common.NamedPipeStream.Open(String path, FileAccess mode, UInt32 timeout) 位置 D:\TFS\SSV4.X\src_V4.3\reference\mysql-connector-net\mysql-connector-net-6.3.7-src\Source\MySql.Data\common\NamedPipeStream.cs:行号 94
在 MySql.Data.Common.NamedPipeStream..ctor(String path, FileAccess mode, UInt32 timeout) 位置 D:\TFS\SSV4.X\src_V4.3\reference\mysql-connector-net\mysql-connector-net-6.3.7-src\Source\MySql.Data\common\NamedPipeStream.cs:行号 51
在 MySql.Data.Common.NamedPipeStream.Create(String pipeName, String hostname, UInt32 timeout) 位置 D:\TFS\SSV4.X\src_V4.3\reference\mysql-connector-net\mysql-connector-net-6.3.7-src\Source\MySql.Data\common\NamedPipeStream.cs:行号 233
在 MySql.Data.Common.StreamCreator.GetStreamFromHost(String pipeName, String hostName, UInt32 timeout) 位置 D:\TFS\SSV4.X\src_V4.3\reference\mysql-connector-net\mysql-connector-net-6.3.7-src\Source\MySql.Data\common\StreamCreator.cs:行号 61
在 MySql.Data.Common.StreamCreator.GetStream(UInt32 timeout) 位置 D:\TFS\SSV4.X\src_V4.3\reference\mysql-connector-net\mysql-connector-net-6.3.7-src\Source\MySql.Data\common\StreamCreator.cs:行号 105
在 MySql.Data.MySqlClient.NativeDriver.Open() 位置 D:\TFS\SSV4.X\src_V4.3\reference\mysql-connector-net\mysql-connector-net-6.3.7-src\Source\MySql.Data\NativeDriver.cs:行号 181
--TearDown
在 MySql.Data.MySqlClient.Tests.BaseTest.Teardown() 位置 D:\TFS\SSV4.X\src_V4.3\reference\mysql-connector-net\mysql-connector-net-6.3.7-src\Tests\MySql.Data.Tests\BaseTest.cs:行号 236
]]></stack-trace>
                                </failure>
                              </test-case>
                              <test-case name="MySql.Data.MySqlClient.Tests.PreparedStatementsPipeCompressed.PreparedStatements.NegativeTimeNonPrepared" executed="True" result="Error" success="False" time="5.015" asserts="1">
                                <failure>
                                  <message><![CDATA[SetUp : MySql.Data.MySqlClient.MySqlException : Unable to connect to any of the specified MySQL hosts.
  ----> System.ArgumentException : 无效的句柄。
参数名: handle
TearDown : NUnit.Framework.AssertionException :   Too many processes still running
  Expected: 0
  But was:  1
]]></message>
                                  <stack-trace><![CDATA[在 MySql.Data.MySqlClient.NativeDriver.Open() 位置 D:\TFS\SSV4.X\src_V4.3\reference\mysql-connector-net\mysql-connector-net-6.3.7-src\Source\MySql.Data\NativeDriver.cs:行号 269
在 MySql.Data.MySqlClient.Driver.Open() 位置 D:\TFS\SSV4.X\src_V4.3\reference\mysql-connector-net\mysql-connector-net-6.3.7-src\Source\MySql.Data\Driver.cs:行号 212
在 MySql.Data.MySqlClient.Driver.Create(MySqlConnectionStringBuilder settings) 位置 D:\TFS\SSV4.X\src_V4.3\reference\mysql-connector-net\mysql-connector-net-6.3.7-src\Source\MySql.Data\Driver.cs:行号 200
在 MySql.Data.MySqlClient.MySqlConnection.Open() 位置 D:\TFS\SSV4.X\src_V4.3\reference\mysql-connector-net\mysql-connector-net-6.3.7-src\Source\MySql.Data\Connection.cs:行号 514
在 MySql.Data.MySqlClient.Tests.BaseTest.Open() 位置 D:\TFS\SSV4.X\src_V4.3\reference\mysql-connector-net\mysql-connector-net-6.3.7-src\Tests\MySql.Data.Tests\BaseTest.cs:行号 174
在 MySql.Data.MySqlClient.Tests.BaseTest.Setup() 位置 D:\TFS\SSV4.X\src_V4.3\reference\mysql-connector-net\mysql-connector-net-6.3.7-src\Tests\MySql.Data.Tests\BaseTest.cs:行号 215
--ArgumentException
在 System.IO.FileStream..ctor(SafeFileHandle handle, FileAccess access, Int32 bufferSize, Boolean isAsync)
在 MySql.Data.Common.NamedPipeStream.Open(String path, FileAccess mode, UInt32 timeout) 位置 D:\TFS\SSV4.X\src_V4.3\reference\mysql-connector-net\mysql-connector-net-6.3.7-src\Source\MySql.Data\common\NamedPipeStream.cs:行号 94
在 MySql.Data.Common.NamedPipeStream..ctor(String path, FileAccess mode, UInt32 timeout) 位置 D:\TFS\SSV4.X\src_V4.3\reference\mysql-connector-net\mysql-connector-net-6.3.7-src\Source\MySql.Data\common\NamedPipeStream.cs:行号 51
在 MySql.Data.Common.NamedPipeStream.Create(String pipeName, String hostname, UInt32 timeout) 位置 D:\TFS\SSV4.X\src_V4.3\reference\mysql-connector-net\mysql-connector-net-6.3.7-src\Source\MySql.Data\common\NamedPipeStream.cs:行号 233
在 MySql.Data.Common.StreamCreator.GetStreamFromHost(String pipeName, String hostName, UInt32 timeout) 位置 D:\TFS\SSV4.X\src_V4.3\reference\mysql-connector-net\mysql-connector-net-6.3.7-src\Source\MySql.Data\common\StreamCreator.cs:行号 61
在 MySql.Data.Common.StreamCreator.GetStream(UInt32 timeout) 位置 D:\TFS\SSV4.X\src_V4.3\reference\mysql-connector-net\mysql-connector-net-6.3.7-src\Source\MySql.Data\common\StreamCreator.cs:行号 105
在 MySql.Data.MySqlClient.NativeDriver.Open() 位置 D:\TFS\SSV4.X\src_V4.3\reference\mysql-connector-net\mysql-connector-net-6.3.7-src\Source\MySql.Data\NativeDriver.cs:行号 181
--TearDown
在 MySql.Data.MySqlClient.Tests.BaseTest.Teardown() 位置 D:\TFS\SSV4.X\src_V4.3\reference\mysql-connector-net\mysql-connector-net-6.3.7-src\Tests\MySql.Data.Tests\BaseTest.cs:行号 236
]]></stack-trace>
                                </failure>
                              </test-case>
                              <test-case name="MySql.Data.MySqlClient.Tests.PreparedStatementsPipeCompressed.PreparedStatements.NegativeTimePrepared" executed="True" result="Error" success="False" time="5.018" asserts="1">
                                <failure>
                                  <message><![CDATA[SetUp : MySql.Data.MySqlClient.MySqlException : Unable to connect to any of the specified MySQL hosts.
  ----> System.ArgumentException : 无效的句柄。
参数名: handle
TearDown : NUnit.Framework.AssertionException :   Too many processes still running
  Expected: 0
  But was:  1
]]></message>
                                  <stack-trace><![CDATA[在 MySql.Data.MySqlClient.NativeDriver.Open() 位置 D:\TFS\SSV4.X\src_V4.3\reference\mysql-connector-net\mysql-connector-net-6.3.7-src\Source\MySql.Data\NativeDriver.cs:行号 269
在 MySql.Data.MySqlClient.Driver.Open() 位置 D:\TFS\SSV4.X\src_V4.3\reference\mysql-connector-net\mysql-connector-net-6.3.7-src\Source\MySql.Data\Driver.cs:行号 212
在 MySql.Data.MySqlClient.Driver.Create(MySqlConnectionStringBuilder settings) 位置 D:\TFS\SSV4.X\src_V4.3\reference\mysql-connector-net\mysql-connector-net-6.3.7-src\Source\MySql.Data\Driver.cs:行号 200
在 MySql.Data.MySqlClient.MySqlConnection.Open() 位置 D:\TFS\SSV4.X\src_V4.3\reference\mysql-connector-net\mysql-connector-net-6.3.7-src\Source\MySql.Data\Connection.cs:行号 514
在 MySql.Data.MySqlClient.Tests.BaseTest.Open() 位置 D:\TFS\SSV4.X\src_V4.3\reference\mysql-connector-net\mysql-connector-net-6.3.7-src\Tests\MySql.Data.Tests\BaseTest.cs:行号 174
在 MySql.Data.MySqlClient.Tests.BaseTest.Setup() 位置 D:\TFS\SSV4.X\src_V4.3\reference\mysql-connector-net\mysql-connector-net-6.3.7-src\Tests\MySql.Data.Tests\BaseTest.cs:行号 215
--ArgumentException
在 System.IO.FileStream..ctor(SafeFileHandle handle, FileAccess access, Int32 bufferSize, Boolean isAsync)
在 MySql.Data.Common.NamedPipeStream.Open(String path, FileAccess mode, UInt32 timeout) 位置 D:\TFS\SSV4.X\src_V4.3\reference\mysql-connector-net\mysql-connector-net-6.3.7-src\Source\MySql.Data\common\NamedPipeStream.cs:行号 94
在 MySql.Data.Common.NamedPipeStream..ctor(String path, FileAccess mode, UInt32 timeout) 位置 D:\TFS\SSV4.X\src_V4.3\reference\mysql-connector-net\mysql-connector-net-6.3.7-src\Source\MySql.Data\common\NamedPipeStream.cs:行号 51
在 MySql.Data.Common.NamedPipeStream.Create(String pipeName, String hostname, UInt32 timeout) 位置 D:\TFS\SSV4.X\src_V4.3\reference\mysql-connector-net\mysql-connector-net-6.3.7-src\Source\MySql.Data\common\NamedPipeStream.cs:行号 233
在 MySql.Data.Common.StreamCreator.GetStreamFromHost(String pipeName, String hostName, UInt32 timeout) 位置 D:\TFS\SSV4.X\src_V4.3\reference\mysql-connector-net\mysql-connector-net-6.3.7-src\Source\MySql.Data\common\StreamCreator.cs:行号 61
在 MySql.Data.Common.StreamCreator.GetStream(UInt32 timeout) 位置 D:\TFS\SSV4.X\src_V4.3\reference\mysql-connector-net\mysql-connector-net-6.3.7-src\Source\MySql.Data\common\StreamCreator.cs:行号 105
在 MySql.Data.MySqlClient.NativeDriver.Open() 位置 D:\TFS\SSV4.X\src_V4.3\reference\mysql-connector-net\mysql-connector-net-6.3.7-src\Source\MySql.Data\NativeDriver.cs:行号 181
--TearDown
在 MySql.Data.MySqlClient.Tests.BaseTest.Teardown() 位置 D:\TFS\SSV4.X\src_V4.3\reference\mysql-connector-net\mysql-connector-net-6.3.7-src\Tests\MySql.Data.Tests\BaseTest.cs:行号 236
]]></stack-trace>
                                </failure>
                              </test-case>
                              <test-case name="MySql.Data.MySqlClient.Tests.PreparedStatementsPipeCompressed.PreparedStatements.ParameterLengths" executed="True" result="Error" success="False" time="5.015" asserts="1">
                                <failure>
                                  <message><![CDATA[SetUp : MySql.Data.MySqlClient.MySqlException : Unable to connect to any of the specified MySQL hosts.
  ----> System.ArgumentException : 无效的句柄。
参数名: handle
TearDown : NUnit.Framework.AssertionException :   Too many processes still running
  Expected: 0
  But was:  1
]]></message>
                                  <stack-trace><![CDATA[在 MySql.Data.MySqlClient.NativeDriver.Open() 位置 D:\TFS\SSV4.X\src_V4.3\reference\mysql-connector-net\mysql-connector-net-6.3.7-src\Source\MySql.Data\NativeDriver.cs:行号 269
在 MySql.Data.MySqlClient.Driver.Open() 位置 D:\TFS\SSV4.X\src_V4.3\reference\mysql-connector-net\mysql-connector-net-6.3.7-src\Source\MySql.Data\Driver.cs:行号 212
在 MySql.Data.MySqlClient.Driver.Create(MySqlConnectionStringBuilder settings) 位置 D:\TFS\SSV4.X\src_V4.3\reference\mysql-connector-net\mysql-connector-net-6.3.7-src\Source\MySql.Data\Driver.cs:行号 200
在 MySql.Data.MySqlClient.MySqlConnection.Open() 位置 D:\TFS\SSV4.X\src_V4.3\reference\mysql-connector-net\mysql-connector-net-6.3.7-src\Source\MySql.Data\Connection.cs:行号 514
在 MySql.Data.MySqlClient.Tests.BaseTest.Open() 位置 D:\TFS\SSV4.X\src_V4.3\reference\mysql-connector-net\mysql-connector-net-6.3.7-src\Tests\MySql.Data.Tests\BaseTest.cs:行号 174
在 MySql.Data.MySqlClient.Tests.BaseTest.Setup() 位置 D:\TFS\SSV4.X\src_V4.3\reference\mysql-connector-net\mysql-connector-net-6.3.7-src\Tests\MySql.Data.Tests\BaseTest.cs:行号 215
--ArgumentException
在 System.IO.FileStream..ctor(SafeFileHandle handle, FileAccess access, Int32 bufferSize, Boolean isAsync)
在 MySql.Data.Common.NamedPipeStream.Open(String path, FileAccess mode, UInt32 timeout) 位置 D:\TFS\SSV4.X\src_V4.3\reference\mysql-connector-net\mysql-connector-net-6.3.7-src\Source\MySql.Data\common\NamedPipeStream.cs:行号 94
在 MySql.Data.Common.NamedPipeStream..ctor(String path, FileAccess mode, UInt32 timeout) 位置 D:\TFS\SSV4.X\src_V4.3\reference\mysql-connector-net\mysql-connector-net-6.3.7-src\Source\MySql.Data\common\NamedPipeStream.cs:行号 51
在 MySql.Data.Common.NamedPipeStream.Create(String pipeName, String hostname, UInt32 timeout) 位置 D:\TFS\SSV4.X\src_V4.3\reference\mysql-connector-net\mysql-connector-net-6.3.7-src\Source\MySql.Data\common\NamedPipeStream.cs:行号 233
在 MySql.Data.Common.StreamCreator.GetStreamFromHost(String pipeName, String hostName, UInt32 timeout) 位置 D:\TFS\SSV4.X\src_V4.3\reference\mysql-connector-net\mysql-connector-net-6.3.7-src\Source\MySql.Data\common\StreamCreator.cs:行号 61
在 MySql.Data.Common.StreamCreator.GetStream(UInt32 timeout) 位置 D:\TFS\SSV4.X\src_V4.3\reference\mysql-connector-net\mysql-connector-net-6.3.7-src\Source\MySql.Data\common\StreamCreator.cs:行号 105
在 MySql.Data.MySqlClient.NativeDriver.Open() 位置 D:\TFS\SSV4.X\src_V4.3\reference\mysql-connector-net\mysql-connector-net-6.3.7-src\Source\MySql.Data\NativeDriver.cs:行号 181
--TearDown
在 MySql.Data.MySqlClient.Tests.BaseTest.Teardown() 位置 D:\TFS\SSV4.X\src_V4.3\reference\mysql-connector-net\mysql-connector-net-6.3.7-src\Tests\MySql.Data.Tests\BaseTest.cs:行号 236
]]></stack-trace>
                                </failure>
                              </test-case>
                              <test-case name="MySql.Data.MySqlClient.Tests.PreparedStatementsPipeCompressed.PreparedStatements.PrepareEmptyString" executed="True" result="Error" success="False" time="5.018" asserts="1">
                                <failure>
                                  <message><![CDATA[SetUp : MySql.Data.MySqlClient.MySqlException : Unable to connect to any of the specified MySQL hosts.
  ----> System.ArgumentException : 无效的句柄。
参数名: handle
TearDown : NUnit.Framework.AssertionException :   Too many processes still running
  Expected: 0
  But was:  1
]]></message>
                                  <stack-trace><![CDATA[在 MySql.Data.MySqlClient.NativeDriver.Open() 位置 D:\TFS\SSV4.X\src_V4.3\reference\mysql-connector-net\mysql-connector-net-6.3.7-src\Source\MySql.Data\NativeDriver.cs:行号 269
在 MySql.Data.MySqlClient.Driver.Open() 位置 D:\TFS\SSV4.X\src_V4.3\reference\mysql-connector-net\mysql-connector-net-6.3.7-src\Source\MySql.Data\Driver.cs:行号 212
在 MySql.Data.MySqlClient.Driver.Create(MySqlConnectionStringBuilder settings) 位置 D:\TFS\SSV4.X\src_V4.3\reference\mysql-connector-net\mysql-connector-net-6.3.7-src\Source\MySql.Data\Driver.cs:行号 200
在 MySql.Data.MySqlClient.MySqlConnection.Open() 位置 D:\TFS\SSV4.X\src_V4.3\reference\mysql-connector-net\mysql-connector-net-6.3.7-src\Source\MySql.Data\Connection.cs:行号 514
在 MySql.Data.MySqlClient.Tests.BaseTest.Open() 位置 D:\TFS\SSV4.X\src_V4.3\reference\mysql-connector-net\mysql-connector-net-6.3.7-src\Tests\MySql.Data.Tests\BaseTest.cs:行号 174
在 MySql.Data.MySqlClient.Tests.BaseTest.Setup() 位置 D:\TFS\SSV4.X\src_V4.3\reference\mysql-connector-net\mysql-connector-net-6.3.7-src\Tests\MySql.Data.Tests\BaseTest.cs:行号 215
--ArgumentException
在 System.IO.FileStream..ctor(SafeFileHandle handle, FileAccess access, Int32 bufferSize, Boolean isAsync)
在 MySql.Data.Common.NamedPipeStream.Open(String path, FileAccess mode, UInt32 timeout) 位置 D:\TFS\SSV4.X\src_V4.3\reference\mysql-connector-net\mysql-connector-net-6.3.7-src\Source\MySql.Data\common\NamedPipeStream.cs:行号 94
在 MySql.Data.Common.NamedPipeStream..ctor(String path, FileAccess mode, UInt32 timeout) 位置 D:\TFS\SSV4.X\src_V4.3\reference\mysql-connector-net\mysql-connector-net-6.3.7-src\Source\MySql.Data\common\NamedPipeStream.cs:行号 51
在 MySql.Data.Common.NamedPipeStream.Create(String pipeName, String hostname, UInt32 timeout) 位置 D:\TFS\SSV4.X\src_V4.3\reference\mysql-connector-net\mysql-connector-net-6.3.7-src\Source\MySql.Data\common\NamedPipeStream.cs:行号 233
在 MySql.Data.Common.StreamCreator.GetStreamFromHost(String pipeName, String hostName, UInt32 timeout) 位置 D:\TFS\SSV4.X\src_V4.3\reference\mysql-connector-net\mysql-connector-net-6.3.7-src\Source\MySql.Data\common\StreamCreator.cs:行号 61
在 MySql.Data.Common.StreamCreator.GetStream(UInt32 timeout) 位置 D:\TFS\SSV4.X\src_V4.3\reference\mysql-connector-net\mysql-connector-net-6.3.7-src\Source\MySql.Data\common\StreamCreator.cs:行号 105
在 MySql.Data.MySqlClient.NativeDriver.Open() 位置 D:\TFS\SSV4.X\src_V4.3\reference\mysql-connector-net\mysql-connector-net-6.3.7-src\Source\MySql.Data\NativeDriver.cs:行号 181
--TearDown
在 MySql.Data.MySqlClient.Tests.BaseTest.Teardown() 位置 D:\TFS\SSV4.X\src_V4.3\reference\mysql-connector-net\mysql-connector-net-6.3.7-src\Tests\MySql.Data.Tests\BaseTest.cs:行号 236
]]></stack-trace>
                                </failure>
                              </test-case>
                              <test-case name="MySql.Data.MySqlClient.Tests.PreparedStatementsPipeCompressed.PreparedStatements.ResetCommandText" executed="True" result="Error" success="False" time="5.043" asserts="1">
                                <failure>
                                  <message><![CDATA[SetUp : MySql.Data.MySqlClient.MySqlException : Unable to connect to any of the specified MySQL hosts.
  ----> System.ArgumentException : 无效的句柄。
参数名: handle
TearDown : NUnit.Framework.AssertionException :   Too many processes still running
  Expected: 0
  But was:  1
]]></message>
                                  <stack-trace><![CDATA[在 MySql.Data.MySqlClient.NativeDriver.Open() 位置 D:\TFS\SSV4.X\src_V4.3\reference\mysql-connector-net\mysql-connector-net-6.3.7-src\Source\MySql.Data\NativeDriver.cs:行号 269
在 MySql.Data.MySqlClient.Driver.Open() 位置 D:\TFS\SSV4.X\src_V4.3\reference\mysql-connector-net\mysql-connector-net-6.3.7-src\Source\MySql.Data\Driver.cs:行号 212
在 MySql.Data.MySqlClient.Driver.Create(MySqlConnectionStringBuilder settings) 位置 D:\TFS\SSV4.X\src_V4.3\reference\mysql-connector-net\mysql-connector-net-6.3.7-src\Source\MySql.Data\Driver.cs:行号 200
在 MySql.Data.MySqlClient.MySqlConnection.Open() 位置 D:\TFS\SSV4.X\src_V4.3\reference\mysql-connector-net\mysql-connector-net-6.3.7-src\Source\MySql.Data\Connection.cs:行号 514
在 MySql.Data.MySqlClient.Tests.BaseTest.Open() 位置 D:\TFS\SSV4.X\src_V4.3\reference\mysql-connector-net\mysql-connector-net-6.3.7-src\Tests\MySql.Data.Tests\BaseTest.cs:行号 174
在 MySql.Data.MySqlClient.Tests.BaseTest.Setup() 位置 D:\TFS\SSV4.X\src_V4.3\reference\mysql-connector-net\mysql-connector-net-6.3.7-src\Tests\MySql.Data.Tests\BaseTest.cs:行号 215
--ArgumentException
在 System.IO.FileStream..ctor(SafeFileHandle handle, FileAccess access, Int32 bufferSize, Boolean isAsync)
在 MySql.Data.Common.NamedPipeStream.Open(String path, FileAccess mode, UInt32 timeout) 位置 D:\TFS\SSV4.X\src_V4.3\reference\mysql-connector-net\mysql-connector-net-6.3.7-src\Source\MySql.Data\common\NamedPipeStream.cs:行号 94
在 MySql.Data.Common.NamedPipeStream..ctor(String path, FileAccess mode, UInt32 timeout) 位置 D:\TFS\SSV4.X\src_V4.3\reference\mysql-connector-net\mysql-connector-net-6.3.7-src\Source\MySql.Data\common\NamedPipeStream.cs:行号 51
在 MySql.Data.Common.NamedPipeStream.Create(String pipeName, String hostname, UInt32 timeout) 位置 D:\TFS\SSV4.X\src_V4.3\reference\mysql-connector-net\mysql-connector-net-6.3.7-src\Source\MySql.Data\common\NamedPipeStream.cs:行号 233
在 MySql.Data.Common.StreamCreator.GetStreamFromHost(String pipeName, String hostName, UInt32 timeout) 位置 D:\TFS\SSV4.X\src_V4.3\reference\mysql-connector-net\mysql-connector-net-6.3.7-src\Source\MySql.Data\common\StreamCreator.cs:行号 61
在 MySql.Data.Common.StreamCreator.GetStream(UInt32 timeout) 位置 D:\TFS\SSV4.X\src_V4.3\reference\mysql-connector-net\mysql-connector-net-6.3.7-src\Source\MySql.Data\common\StreamCreator.cs:行号 105
在 MySql.Data.MySqlClient.NativeDriver.Open() 位置 D:\TFS\SSV4.X\src_V4.3\reference\mysql-connector-net\mysql-connector-net-6.3.7-src\Source\MySql.Data\NativeDriver.cs:行号 181
--TearDown
在 MySql.Data.MySqlClient.Tests.BaseTest.Teardown() 位置 D:\TFS\SSV4.X\src_V4.3\reference\mysql-connector-net\mysql-connector-net-6.3.7-src\Tests\MySql.Data.Tests\BaseTest.cs:行号 236
]]></stack-trace>
                                </failure>
                              </test-case>
                              <test-case name="MySql.Data.MySqlClient.Tests.PreparedStatementsPipeCompressed.PreparedStatements.SchemaOnly" executed="True" result="Error" success="False" time="5.013" asserts="1">
                                <failure>
                                  <message><![CDATA[SetUp : MySql.Data.MySqlClient.MySqlException : Unable to connect to any of the specified MySQL hosts.
  ----> System.ArgumentException : 无效的句柄。
参数名: handle
TearDown : NUnit.Framework.AssertionException :   Too many processes still running
  Expected: 0
  But was:  1
]]></message>
                                  <stack-trace><![CDATA[在 MySql.Data.MySqlClient.NativeDriver.Open() 位置 D:\TFS\SSV4.X\src_V4.3\reference\mysql-connector-net\mysql-connector-net-6.3.7-src\Source\MySql.Data\NativeDriver.cs:行号 269
在 MySql.Data.MySqlClient.Driver.Open() 位置 D:\TFS\SSV4.X\src_V4.3\reference\mysql-connector-net\mysql-connector-net-6.3.7-src\Source\MySql.Data\Driver.cs:行号 212
在 MySql.Data.MySqlClient.Driver.Create(MySqlConnectionStringBuilder settings) 位置 D:\TFS\SSV4.X\src_V4.3\reference\mysql-connector-net\mysql-connector-net-6.3.7-src\Source\MySql.Data\Driver.cs:行号 200
在 MySql.Data.MySqlClient.MySqlConnection.Open() 位置 D:\TFS\SSV4.X\src_V4.3\reference\mysql-connector-net\mysql-connector-net-6.3.7-src\Source\MySql.Data\Connection.cs:行号 514
在 MySql.Data.MySqlClient.Tests.BaseTest.Open() 位置 D:\TFS\SSV4.X\src_V4.3\reference\mysql-connector-net\mysql-connector-net-6.3.7-src\Tests\MySql.Data.Tests\BaseTest.cs:行号 174
在 MySql.Data.MySqlClient.Tests.BaseTest.Setup() 位置 D:\TFS\SSV4.X\src_V4.3\reference\mysql-connector-net\mysql-connector-net-6.3.7-src\Tests\MySql.Data.Tests\BaseTest.cs:行号 215
--ArgumentException
在 System.IO.FileStream..ctor(SafeFileHandle handle, FileAccess access, Int32 bufferSize, Boolean isAsync)
在 MySql.Data.Common.NamedPipeStream.Open(String path, FileAccess mode, UInt32 timeout) 位置 D:\TFS\SSV4.X\src_V4.3\reference\mysql-connector-net\mysql-connector-net-6.3.7-src\Source\MySql.Data\common\NamedPipeStream.cs:行号 94
在 MySql.Data.Common.NamedPipeStream..ctor(String path, FileAccess mode, UInt32 timeout) 位置 D:\TFS\SSV4.X\src_V4.3\reference\mysql-connector-net\mysql-connector-net-6.3.7-src\Source\MySql.Data\common\NamedPipeStream.cs:行号 51
在 MySql.Data.Common.NamedPipeStream.Create(String pipeName, String hostname, UInt32 timeout) 位置 D:\TFS\SSV4.X\src_V4.3\reference\mysql-connector-net\mysql-connector-net-6.3.7-src\Source\MySql.Data\common\NamedPipeStream.cs:行号 233
在 MySql.Data.Common.StreamCreator.GetStreamFromHost(String pipeName, String hostName, UInt32 timeout) 位置 D:\TFS\SSV4.X\src_V4.3\reference\mysql-connector-net\mysql-connector-net-6.3.7-src\Source\MySql.Data\common\StreamCreator.cs:行号 61
在 MySql.Data.Common.StreamCreator.GetStream(UInt32 timeout) 位置 D:\TFS\SSV4.X\src_V4.3\reference\mysql-connector-net\mysql-connector-net-6.3.7-src\Source\MySql.Data\common\StreamCreator.cs:行号 105
在 MySql.Data.MySqlClient.NativeDriver.Open() 位置 D:\TFS\SSV4.X\src_V4.3\reference\mysql-connector-net\mysql-connector-net-6.3.7-src\Source\MySql.Data\NativeDriver.cs:行号 181
--TearDown
在 MySql.Data.MySqlClient.Tests.BaseTest.Teardown() 位置 D:\TFS\SSV4.X\src_V4.3\reference\mysql-connector-net\mysql-connector-net-6.3.7-src\Tests\MySql.Data.Tests\BaseTest.cs:行号 236
]]></stack-trace>
                                </failure>
                              </test-case>
                              <test-case name="MySql.Data.MySqlClient.Tests.PreparedStatementsPipeCompressed.PreparedStatements.Simple" executed="True" result="Error" success="False" time="5.016" asserts="1">
                                <failure>
                                  <message><![CDATA[SetUp : MySql.Data.MySqlClient.MySqlException : Unable to connect to any of the specified MySQL hosts.
  ----> System.ArgumentException : 无效的句柄。
参数名: handle
TearDown : NUnit.Framework.AssertionException :   Too many processes still running
  Expected: 0
  But was:  1
]]></message>
                                  <stack-trace><![CDATA[在 MySql.Data.MySqlClient.NativeDriver.Open() 位置 D:\TFS\SSV4.X\src_V4.3\reference\mysql-connector-net\mysql-connector-net-6.3.7-src\Source\MySql.Data\NativeDriver.cs:行号 269
在 MySql.Data.MySqlClient.Driver.Open() 位置 D:\TFS\SSV4.X\src_V4.3\reference\mysql-connector-net\mysql-connector-net-6.3.7-src\Source\MySql.Data\Driver.cs:行号 212
在 MySql.Data.MySqlClient.Driver.Create(MySqlConnectionStringBuilder settings) 位置 D:\TFS\SSV4.X\src_V4.3\reference\mysql-connector-net\mysql-connector-net-6.3.7-src\Source\MySql.Data\Driver.cs:行号 200
在 MySql.Data.MySqlClient.MySqlConnection.Open() 位置 D:\TFS\SSV4.X\src_V4.3\reference\mysql-connector-net\mysql-connector-net-6.3.7-src\Source\MySql.Data\Connection.cs:行号 514
在 MySql.Data.MySqlClient.Tests.BaseTest.Open() 位置 D:\TFS\SSV4.X\src_V4.3\reference\mysql-connector-net\mysql-connector-net-6.3.7-src\Tests\MySql.Data.Tests\BaseTest.cs:行号 174
在 MySql.Data.MySqlClient.Tests.BaseTest.Setup() 位置 D:\TFS\SSV4.X\src_V4.3\reference\mysql-connector-net\mysql-connector-net-6.3.7-src\Tests\MySql.Data.Tests\BaseTest.cs:行号 215
--ArgumentException
在 System.IO.FileStream..ctor(SafeFileHandle handle, FileAccess access, Int32 bufferSize, Boolean isAsync)
在 MySql.Data.Common.NamedPipeStream.Open(String path, FileAccess mode, UInt32 timeout) 位置 D:\TFS\SSV4.X\src_V4.3\reference\mysql-connector-net\mysql-connector-net-6.3.7-src\Source\MySql.Data\common\NamedPipeStream.cs:行号 94
在 MySql.Data.Common.NamedPipeStream..ctor(String path, FileAccess mode, UInt32 timeout) 位置 D:\TFS\SSV4.X\src_V4.3\reference\mysql-connector-net\mysql-connector-net-6.3.7-src\Source\MySql.Data\common\NamedPipeStream.cs:行号 51
在 MySql.Data.Common.NamedPipeStream.Create(String pipeName, String hostname, UInt32 timeout) 位置 D:\TFS\SSV4.X\src_V4.3\reference\mysql-connector-net\mysql-connector-net-6.3.7-src\Source\MySql.Data\common\NamedPipeStream.cs:行号 233
在 MySql.Data.Common.StreamCreator.GetStreamFromHost(String pipeName, String hostName, UInt32 timeout) 位置 D:\TFS\SSV4.X\src_V4.3\reference\mysql-connector-net\mysql-connector-net-6.3.7-src\Source\MySql.Data\common\StreamCreator.cs:行号 61
在 MySql.Data.Common.StreamCreator.GetStream(UInt32 timeout) 位置 D:\TFS\SSV4.X\src_V4.3\reference\mysql-connector-net\mysql-connector-net-6.3.7-src\Source\MySql.Data\common\StreamCreator.cs:行号 105
在 MySql.Data.MySqlClient.NativeDriver.Open() 位置 D:\TFS\SSV4.X\src_V4.3\reference\mysql-connector-net\mysql-connector-net-6.3.7-src\Source\MySql.Data\NativeDriver.cs:行号 181
--TearDown
在 MySql.Data.MySqlClient.Tests.BaseTest.Teardown() 位置 D:\TFS\SSV4.X\src_V4.3\reference\mysql-connector-net\mysql-connector-net-6.3.7-src\Tests\MySql.Data.Tests\BaseTest.cs:行号 236
]]></stack-trace>
                                </failure>
                              </test-case>
                              <test-case name="MySql.Data.MySqlClient.Tests.PreparedStatementsPipeCompressed.PreparedStatements.SimplePrepareBeforeParms" executed="True" result="Error" success="False" time="5.018" asserts="1">
                                <failure>
                                  <message><![CDATA[SetUp : MySql.Data.MySqlClient.MySqlException : Unable to connect to any of the specified MySQL hosts.
  ----> System.ArgumentException : 无效的句柄。
参数名: handle
TearDown : NUnit.Framework.AssertionException :   Too many processes still running
  Expected: 0
  But was:  1
]]></message>
                                  <stack-trace><![CDATA[在 MySql.Data.MySqlClient.NativeDriver.Open() 位置 D:\TFS\SSV4.X\src_V4.3\reference\mysql-connector-net\mysql-connector-net-6.3.7-src\Source\MySql.Data\NativeDriver.cs:行号 269
在 MySql.Data.MySqlClient.Driver.Open() 位置 D:\TFS\SSV4.X\src_V4.3\reference\mysql-connector-net\mysql-connector-net-6.3.7-src\Source\MySql.Data\Driver.cs:行号 212
在 MySql.Data.MySqlClient.Driver.Create(MySqlConnectionStringBuilder settings) 位置 D:\TFS\SSV4.X\src_V4.3\reference\mysql-connector-net\mysql-connector-net-6.3.7-src\Source\MySql.Data\Driver.cs:行号 200
在 MySql.Data.MySqlClient.MySqlConnection.Open() 位置 D:\TFS\SSV4.X\src_V4.3\reference\mysql-connector-net\mysql-connector-net-6.3.7-src\Source\MySql.Data\Connection.cs:行号 514
在 MySql.Data.MySqlClient.Tests.BaseTest.Open() 位置 D:\TFS\SSV4.X\src_V4.3\reference\mysql-connector-net\mysql-connector-net-6.3.7-src\Tests\MySql.Data.Tests\BaseTest.cs:行号 174
在 MySql.Data.MySqlClient.Tests.BaseTest.Setup() 位置 D:\TFS\SSV4.X\src_V4.3\reference\mysql-connector-net\mysql-connector-net-6.3.7-src\Tests\MySql.Data.Tests\BaseTest.cs:行号 215
--ArgumentException
在 System.IO.FileStream..ctor(SafeFileHandle handle, FileAccess access, Int32 bufferSize, Boolean isAsync)
在 MySql.Data.Common.NamedPipeStream.Open(String path, FileAccess mode, UInt32 timeout) 位置 D:\TFS\SSV4.X\src_V4.3\reference\mysql-connector-net\mysql-connector-net-6.3.7-src\Source\MySql.Data\common\NamedPipeStream.cs:行号 94
在 MySql.Data.Common.NamedPipeStream..ctor(String path, FileAccess mode, UInt32 timeout) 位置 D:\TFS\SSV4.X\src_V4.3\reference\mysql-connector-net\mysql-connector-net-6.3.7-src\Source\MySql.Data\common\NamedPipeStream.cs:行号 51
在 MySql.Data.Common.NamedPipeStream.Create(String pipeName, String hostname, UInt32 timeout) 位置 D:\TFS\SSV4.X\src_V4.3\reference\mysql-connector-net\mysql-connector-net-6.3.7-src\Source\MySql.Data\common\NamedPipeStream.cs:行号 233
在 MySql.Data.Common.StreamCreator.GetStreamFromHost(String pipeName, String hostName, UInt32 timeout) 位置 D:\TFS\SSV4.X\src_V4.3\reference\mysql-connector-net\mysql-connector-net-6.3.7-src\Source\MySql.Data\common\StreamCreator.cs:行号 61
在 MySql.Data.Common.StreamCreator.GetStream(UInt32 timeout) 位置 D:\TFS\SSV4.X\src_V4.3\reference\mysql-connector-net\mysql-connector-net-6.3.7-src\Source\MySql.Data\common\StreamCreator.cs:行号 105
在 MySql.Data.MySqlClient.NativeDriver.Open() 位置 D:\TFS\SSV4.X\src_V4.3\reference\mysql-connector-net\mysql-connector-net-6.3.7-src\Source\MySql.Data\NativeDriver.cs:行号 181
--TearDown
在 MySql.Data.MySqlClient.Tests.BaseTest.Teardown() 位置 D:\TFS\SSV4.X\src_V4.3\reference\mysql-connector-net\mysql-connector-net-6.3.7-src\Tests\MySql.Data.Tests\BaseTest.cs:行号 236
]]></stack-trace>
                                </failure>
                              </test-case>
                              <test-case name="MySql.Data.MySqlClient.Tests.PreparedStatementsPipeCompressed.PreparedStatements.SimpleTest" executed="True" result="Error" success="False" time="5.023" asserts="1">
                                <failure>
                                  <message><![CDATA[SetUp : MySql.Data.MySqlClient.MySqlException : Unable to connect to any of the specified MySQL hosts.
  ----> System.ArgumentException : 无效的句柄。
参数名: handle
TearDown : NUnit.Framework.AssertionException :   Too many processes still running
  Expected: 0
  But was:  1
]]></message>
                                  <stack-trace><![CDATA[在 MySql.Data.MySqlClient.NativeDriver.Open() 位置 D:\TFS\SSV4.X\src_V4.3\reference\mysql-connector-net\mysql-connector-net-6.3.7-src\Source\MySql.Data\NativeDriver.cs:行号 269
在 MySql.Data.MySqlClient.Driver.Open() 位置 D:\TFS\SSV4.X\src_V4.3\reference\mysql-connector-net\mysql-connector-net-6.3.7-src\Source\MySql.Data\Driver.cs:行号 212
在 MySql.Data.MySqlClient.Driver.Create(MySqlConnectionStringBuilder settings) 位置 D:\TFS\SSV4.X\src_V4.3\reference\mysql-connector-net\mysql-connector-net-6.3.7-src\Source\MySql.Data\Driver.cs:行号 200
在 MySql.Data.MySqlClient.MySqlConnection.Open() 位置 D:\TFS\SSV4.X\src_V4.3\reference\mysql-connector-net\mysql-connector-net-6.3.7-src\Source\MySql.Data\Connection.cs:行号 514
在 MySql.Data.MySqlClient.Tests.BaseTest.Open() 位置 D:\TFS\SSV4.X\src_V4.3\reference\mysql-connector-net\mysql-connector-net-6.3.7-src\Tests\MySql.Data.Tests\BaseTest.cs:行号 174
在 MySql.Data.MySqlClient.Tests.BaseTest.Setup() 位置 D:\TFS\SSV4.X\src_V4.3\reference\mysql-connector-net\mysql-connector-net-6.3.7-src\Tests\MySql.Data.Tests\BaseTest.cs:行号 215
--ArgumentException
在 System.IO.FileStream..ctor(SafeFileHandle handle, FileAccess access, Int32 bufferSize, Boolean isAsync)
在 MySql.Data.Common.NamedPipeStream.Open(String path, FileAccess mode, UInt32 timeout) 位置 D:\TFS\SSV4.X\src_V4.3\reference\mysql-connector-net\mysql-connector-net-6.3.7-src\Source\MySql.Data\common\NamedPipeStream.cs:行号 94
在 MySql.Data.Common.NamedPipeStream..ctor(String path, FileAccess mode, UInt32 timeout) 位置 D:\TFS\SSV4.X\src_V4.3\reference\mysql-connector-net\mysql-connector-net-6.3.7-src\Source\MySql.Data\common\NamedPipeStream.cs:行号 51
在 MySql.Data.Common.NamedPipeStream.Create(String pipeName, String hostname, UInt32 timeout) 位置 D:\TFS\SSV4.X\src_V4.3\reference\mysql-connector-net\mysql-connector-net-6.3.7-src\Source\MySql.Data\common\NamedPipeStream.cs:行号 233
在 MySql.Data.Common.StreamCreator.GetStreamFromHost(String pipeName, String hostName, UInt32 timeout) 位置 D:\TFS\SSV4.X\src_V4.3\reference\mysql-connector-net\mysql-connector-net-6.3.7-src\Source\MySql.Data\common\StreamCreator.cs:行号 61
在 MySql.Data.Common.StreamCreator.GetStream(UInt32 timeout) 位置 D:\TFS\SSV4.X\src_V4.3\reference\mysql-connector-net\mysql-connector-net-6.3.7-src\Source\MySql.Data\common\StreamCreator.cs:行号 105
在 MySql.Data.MySqlClient.NativeDriver.Open() 位置 D:\TFS\SSV4.X\src_V4.3\reference\mysql-connector-net\mysql-connector-net-6.3.7-src\Source\MySql.Data\NativeDriver.cs:行号 181
--TearDown
在 MySql.Data.MySqlClient.Tests.BaseTest.Teardown() 位置 D:\TFS\SSV4.X\src_V4.3\reference\mysql-connector-net\mysql-connector-net-6.3.7-src\Tests\MySql.Data.Tests\BaseTest.cs:行号 236
]]></stack-trace>
                                </failure>
                              </test-case>
                              <test-case name="MySql.Data.MySqlClient.Tests.PreparedStatementsPipeCompressed.PreparedStatements.SimpleTest2" executed="True" result="Error" success="False" time="5.018" asserts="1">
                                <failure>
                                  <message><![CDATA[SetUp : MySql.Data.MySqlClient.MySqlException : Unable to connect to any of the specified MySQL hosts.
  ----> System.ArgumentException : 无效的句柄。
参数名: handle
TearDown : NUnit.Framework.AssertionException :   Too many processes still running
  Expected: 0
  But was:  1
]]></message>
                                  <stack-trace><![CDATA[在 MySql.Data.MySqlClient.NativeDriver.Open() 位置 D:\TFS\SSV4.X\src_V4.3\reference\mysql-connector-net\mysql-connector-net-6.3.7-src\Source\MySql.Data\NativeDriver.cs:行号 269
在 MySql.Data.MySqlClient.Driver.Open() 位置 D:\TFS\SSV4.X\src_V4.3\reference\mysql-connector-net\mysql-connector-net-6.3.7-src\Source\MySql.Data\Driver.cs:行号 212
在 MySql.Data.MySqlClient.Driver.Create(MySqlConnectionStringBuilder settings) 位置 D:\TFS\SSV4.X\src_V4.3\reference\mysql-connector-net\mysql-connector-net-6.3.7-src\Source\MySql.Data\Driver.cs:行号 200
在 MySql.Data.MySqlClient.MySqlConnection.Open() 位置 D:\TFS\SSV4.X\src_V4.3\reference\mysql-connector-net\mysql-connector-net-6.3.7-src\Source\MySql.Data\Connection.cs:行号 514
在 MySql.Data.MySqlClient.Tests.BaseTest.Open() 位置 D:\TFS\SSV4.X\src_V4.3\reference\mysql-connector-net\mysql-connector-net-6.3.7-src\Tests\MySql.Data.Tests\BaseTest.cs:行号 174
在 MySql.Data.MySqlClient.Tests.BaseTest.Setup() 位置 D:\TFS\SSV4.X\src_V4.3\reference\mysql-connector-net\mysql-connector-net-6.3.7-src\Tests\MySql.Data.Tests\BaseTest.cs:行号 215
--ArgumentException
在 System.IO.FileStream..ctor(SafeFileHandle handle, FileAccess access, Int32 bufferSize, Boolean isAsync)
在 MySql.Data.Common.NamedPipeStream.Open(String path, FileAccess mode, UInt32 timeout) 位置 D:\TFS\SSV4.X\src_V4.3\reference\mysql-connector-net\mysql-connector-net-6.3.7-src\Source\MySql.Data\common\NamedPipeStream.cs:行号 94
在 MySql.Data.Common.NamedPipeStream..ctor(String path, FileAccess mode, UInt32 timeout) 位置 D:\TFS\SSV4.X\src_V4.3\reference\mysql-connector-net\mysql-connector-net-6.3.7-src\Source\MySql.Data\common\NamedPipeStream.cs:行号 51
在 MySql.Data.Common.NamedPipeStream.Create(String pipeName, String hostname, UInt32 timeout) 位置 D:\TFS\SSV4.X\src_V4.3\reference\mysql-connector-net\mysql-connector-net-6.3.7-src\Source\MySql.Data\common\NamedPipeStream.cs:行号 233
在 MySql.Data.Common.StreamCreator.GetStreamFromHost(String pipeName, String hostName, UInt32 timeout) 位置 D:\TFS\SSV4.X\src_V4.3\reference\mysql-connector-net\mysql-connector-net-6.3.7-src\Source\MySql.Data\common\StreamCreator.cs:行号 61
在 MySql.Data.Common.StreamCreator.GetStream(UInt32 timeout) 位置 D:\TFS\SSV4.X\src_V4.3\reference\mysql-connector-net\mysql-connector-net-6.3.7-src\Source\MySql.Data\common\StreamCreator.cs:行号 105
在 MySql.Data.MySqlClient.NativeDriver.Open() 位置 D:\TFS\SSV4.X\src_V4.3\reference\mysql-connector-net\mysql-connector-net-6.3.7-src\Source\MySql.Data\NativeDriver.cs:行号 181
--TearDown
在 MySql.Data.MySqlClient.Tests.BaseTest.Teardown() 位置 D:\TFS\SSV4.X\src_V4.3\reference\mysql-connector-net\mysql-connector-net-6.3.7-src\Tests\MySql.Data.Tests\BaseTest.cs:行号 236
]]></stack-trace>
                                </failure>
                              </test-case>
                              <test-case name="MySql.Data.MySqlClient.Tests.PreparedStatementsPipeCompressed.PreparedStatements.SprocInputOutputParams" executed="True" result="Error" success="False" time="5.028" asserts="1">
                                <failure>
                                  <message><![CDATA[SetUp : MySql.Data.MySqlClient.MySqlException : Unable to connect to any of the specified MySQL hosts.
  ----> System.ArgumentException : 无效的句柄。
参数名: handle
TearDown : NUnit.Framework.AssertionException :   Too many processes still running
  Expected: 0
  But was:  1
]]></message>
                                  <stack-trace><![CDATA[在 MySql.Data.MySqlClient.NativeDriver.Open() 位置 D:\TFS\SSV4.X\src_V4.3\reference\mysql-connector-net\mysql-connector-net-6.3.7-src\Source\MySql.Data\NativeDriver.cs:行号 269
在 MySql.Data.MySqlClient.Driver.Open() 位置 D:\TFS\SSV4.X\src_V4.3\reference\mysql-connector-net\mysql-connector-net-6.3.7-src\Source\MySql.Data\Driver.cs:行号 212
在 MySql.Data.MySqlClient.Driver.Create(MySqlConnectionStringBuilder settings) 位置 D:\TFS\SSV4.X\src_V4.3\reference\mysql-connector-net\mysql-connector-net-6.3.7-src\Source\MySql.Data\Driver.cs:行号 200
在 MySql.Data.MySqlClient.MySqlConnection.Open() 位置 D:\TFS\SSV4.X\src_V4.3\reference\mysql-connector-net\mysql-connector-net-6.3.7-src\Source\MySql.Data\Connection.cs:行号 514
在 MySql.Data.MySqlClient.Tests.BaseTest.Open() 位置 D:\TFS\SSV4.X\src_V4.3\reference\mysql-connector-net\mysql-connector-net-6.3.7-src\Tests\MySql.Data.Tests\BaseTest.cs:行号 174
在 MySql.Data.MySqlClient.Tests.BaseTest.Setup() 位置 D:\TFS\SSV4.X\src_V4.3\reference\mysql-connector-net\mysql-connector-net-6.3.7-src\Tests\MySql.Data.Tests\BaseTest.cs:行号 215
--ArgumentException
在 System.IO.FileStream..ctor(SafeFileHandle handle, FileAccess access, Int32 bufferSize, Boolean isAsync)
在 MySql.Data.Common.NamedPipeStream.Open(String path, FileAccess mode, UInt32 timeout) 位置 D:\TFS\SSV4.X\src_V4.3\reference\mysql-connector-net\mysql-connector-net-6.3.7-src\Source\MySql.Data\common\NamedPipeStream.cs:行号 94
在 MySql.Data.Common.NamedPipeStream..ctor(String path, FileAccess mode, UInt32 timeout) 位置 D:\TFS\SSV4.X\src_V4.3\reference\mysql-connector-net\mysql-connector-net-6.3.7-src\Source\MySql.Data\common\NamedPipeStream.cs:行号 51
在 MySql.Data.Common.NamedPipeStream.Create(String pipeName, String hostname, UInt32 timeout) 位置 D:\TFS\SSV4.X\src_V4.3\reference\mysql-connector-net\mysql-connector-net-6.3.7-src\Source\MySql.Data\common\NamedPipeStream.cs:行号 233
在 MySql.Data.Common.StreamCreator.GetStreamFromHost(String pipeName, String hostName, UInt32 timeout) 位置 D:\TFS\SSV4.X\src_V4.3\reference\mysql-connector-net\mysql-connector-net-6.3.7-src\Source\MySql.Data\common\StreamCreator.cs:行号 61
在 MySql.Data.Common.StreamCreator.GetStream(UInt32 timeout) 位置 D:\TFS\SSV4.X\src_V4.3\reference\mysql-connector-net\mysql-connector-net-6.3.7-src\Source\MySql.Data\common\StreamCreator.cs:行号 105
在 MySql.Data.MySqlClient.NativeDriver.Open() 位置 D:\TFS\SSV4.X\src_V4.3\reference\mysql-connector-net\mysql-connector-net-6.3.7-src\Source\MySql.Data\NativeDriver.cs:行号 181
--TearDown
在 MySql.Data.MySqlClient.Tests.BaseTest.Teardown() 位置 D:\TFS\SSV4.X\src_V4.3\reference\mysql-connector-net\mysql-connector-net-6.3.7-src\Tests\MySql.Data.Tests\BaseTest.cs:行号 236
]]></stack-trace>
                                </failure>
                              </test-case>
                              <test-case name="MySql.Data.MySqlClient.Tests.PreparedStatementsPipeCompressed.PreparedStatements.SprocOutputParams" executed="True" result="Error" success="False" time="5.037" asserts="1">
                                <failure>
                                  <message><![CDATA[SetUp : MySql.Data.MySqlClient.MySqlException : Unable to connect to any of the specified MySQL hosts.
  ----> System.ArgumentException : 无效的句柄。
参数名: handle
TearDown : NUnit.Framework.AssertionException :   Too many processes still running
  Expected: 0
  But was:  1
]]></message>
                                  <stack-trace><![CDATA[在 MySql.Data.MySqlClient.NativeDriver.Open() 位置 D:\TFS\SSV4.X\src_V4.3\reference\mysql-connector-net\mysql-connector-net-6.3.7-src\Source\MySql.Data\NativeDriver.cs:行号 269
在 MySql.Data.MySqlClient.Driver.Open() 位置 D:\TFS\SSV4.X\src_V4.3\reference\mysql-connector-net\mysql-connector-net-6.3.7-src\Source\MySql.Data\Driver.cs:行号 212
在 MySql.Data.MySqlClient.Driver.Create(MySqlConnectionStringBuilder settings) 位置 D:\TFS\SSV4.X\src_V4.3\reference\mysql-connector-net\mysql-connector-net-6.3.7-src\Source\MySql.Data\Driver.cs:行号 200
在 MySql.Data.MySqlClient.MySqlConnection.Open() 位置 D:\TFS\SSV4.X\src_V4.3\reference\mysql-connector-net\mysql-connector-net-6.3.7-src\Source\MySql.Data\Connection.cs:行号 514
在 MySql.Data.MySqlClient.Tests.BaseTest.Open() 位置 D:\TFS\SSV4.X\src_V4.3\reference\mysql-connector-net\mysql-connector-net-6.3.7-src\Tests\MySql.Data.Tests\BaseTest.cs:行号 174
在 MySql.Data.MySqlClient.Tests.BaseTest.Setup() 位置 D:\TFS\SSV4.X\src_V4.3\reference\mysql-connector-net\mysql-connector-net-6.3.7-src\Tests\MySql.Data.Tests\BaseTest.cs:行号 215
--ArgumentException
在 System.IO.FileStream..ctor(SafeFileHandle handle, FileAccess access, Int32 bufferSize, Boolean isAsync)
在 MySql.Data.Common.NamedPipeStream.Open(String path, FileAccess mode, UInt32 timeout) 位置 D:\TFS\SSV4.X\src_V4.3\reference\mysql-connector-net\mysql-connector-net-6.3.7-src\Source\MySql.Data\common\NamedPipeStream.cs:行号 94
在 MySql.Data.Common.NamedPipeStream..ctor(String path, FileAccess mode, UInt32 timeout) 位置 D:\TFS\SSV4.X\src_V4.3\reference\mysql-connector-net\mysql-connector-net-6.3.7-src\Source\MySql.Data\common\NamedPipeStream.cs:行号 51
在 MySql.Data.Common.NamedPipeStream.Create(String pipeName, String hostname, UInt32 timeout) 位置 D:\TFS\SSV4.X\src_V4.3\reference\mysql-connector-net\mysql-connector-net-6.3.7-src\Source\MySql.Data\common\NamedPipeStream.cs:行号 233
在 MySql.Data.Common.StreamCreator.GetStreamFromHost(String pipeName, String hostName, UInt32 timeout) 位置 D:\TFS\SSV4.X\src_V4.3\reference\mysql-connector-net\mysql-connector-net-6.3.7-src\Source\MySql.Data\common\StreamCreator.cs:行号 61
在 MySql.Data.Common.StreamCreator.GetStream(UInt32 timeout) 位置 D:\TFS\SSV4.X\src_V4.3\reference\mysql-connector-net\mysql-connector-net-6.3.7-src\Source\MySql.Data\common\StreamCreator.cs:行号 105
在 MySql.Data.MySqlClient.NativeDriver.Open() 位置 D:\TFS\SSV4.X\src_V4.3\reference\mysql-connector-net\mysql-connector-net-6.3.7-src\Source\MySql.Data\NativeDriver.cs:行号 181
--TearDown
在 MySql.Data.MySqlClient.Tests.BaseTest.Teardown() 位置 D:\TFS\SSV4.X\src_V4.3\reference\mysql-connector-net\mysql-connector-net-6.3.7-src\Tests\MySql.Data.Tests\BaseTest.cs:行号 236
]]></stack-trace>
                                </failure>
                              </test-case>
                              <test-case name="MySql.Data.MySqlClient.Tests.PreparedStatementsPipeCompressed.PreparedStatements.UnsignedTinyInt" executed="True" result="Error" success="False" time="5.027" asserts="1">
                                <failure>
                                  <message><![CDATA[SetUp : MySql.Data.MySqlClient.MySqlException : Unable to connect to any of the specified MySQL hosts.
  ----> System.ArgumentException : 无效的句柄。
参数名: handle
TearDown : NUnit.Framework.AssertionException :   Too many processes still running
  Expected: 0
  But was:  1
]]></message>
                                  <stack-trace><![CDATA[在 MySql.Data.MySqlClient.NativeDriver.Open() 位置 D:\TFS\SSV4.X\src_V4.3\reference\mysql-connector-net\mysql-connector-net-6.3.7-src\Source\MySql.Data\NativeDriver.cs:行号 269
在 MySql.Data.MySqlClient.Driver.Open() 位置 D:\TFS\SSV4.X\src_V4.3\reference\mysql-connector-net\mysql-connector-net-6.3.7-src\Source\MySql.Data\Driver.cs:行号 212
在 MySql.Data.MySqlClient.Driver.Create(MySqlConnectionStringBuilder settings) 位置 D:\TFS\SSV4.X\src_V4.3\reference\mysql-connector-net\mysql-connector-net-6.3.7-src\Source\MySql.Data\Driver.cs:行号 200
在 MySql.Data.MySqlClient.MySqlConnection.Open() 位置 D:\TFS\SSV4.X\src_V4.3\reference\mysql-connector-net\mysql-connector-net-6.3.7-src\Source\MySql.Data\Connection.cs:行号 514
在 MySql.Data.MySqlClient.Tests.BaseTest.Open() 位置 D:\TFS\SSV4.X\src_V4.3\reference\mysql-connector-net\mysql-connector-net-6.3.7-src\Tests\MySql.Data.Tests\BaseTest.cs:行号 174
在 MySql.Data.MySqlClient.Tests.BaseTest.Setup() 位置 D:\TFS\SSV4.X\src_V4.3\reference\mysql-connector-net\mysql-connector-net-6.3.7-src\Tests\MySql.Data.Tests\BaseTest.cs:行号 215
--ArgumentException
在 System.IO.FileStream..ctor(SafeFileHandle handle, FileAccess access, Int32 bufferSize, Boolean isAsync)
在 MySql.Data.Common.NamedPipeStream.Open(String path, FileAccess mode, UInt32 timeout) 位置 D:\TFS\SSV4.X\src_V4.3\reference\mysql-connector-net\mysql-connector-net-6.3.7-src\Source\MySql.Data\common\NamedPipeStream.cs:行号 94
在 MySql.Data.Common.NamedPipeStream..ctor(String path, FileAccess mode, UInt32 timeout) 位置 D:\TFS\SSV4.X\src_V4.3\reference\mysql-connector-net\mysql-connector-net-6.3.7-src\Source\MySql.Data\common\NamedPipeStream.cs:行号 51
在 MySql.Data.Common.NamedPipeStream.Create(String pipeName, String hostname, UInt32 timeout) 位置 D:\TFS\SSV4.X\src_V4.3\reference\mysql-connector-net\mysql-connector-net-6.3.7-src\Source\MySql.Data\common\NamedPipeStream.cs:行号 233
在 MySql.Data.Common.StreamCreator.GetStreamFromHost(String pipeName, String hostName, UInt32 timeout) 位置 D:\TFS\SSV4.X\src_V4.3\reference\mysql-connector-net\mysql-connector-net-6.3.7-src\Source\MySql.Data\common\StreamCreator.cs:行号 61
在 MySql.Data.Common.StreamCreator.GetStream(UInt32 timeout) 位置 D:\TFS\SSV4.X\src_V4.3\reference\mysql-connector-net\mysql-connector-net-6.3.7-src\Source\MySql.Data\common\StreamCreator.cs:行号 105
在 MySql.Data.MySqlClient.NativeDriver.Open() 位置 D:\TFS\SSV4.X\src_V4.3\reference\mysql-connector-net\mysql-connector-net-6.3.7-src\Source\MySql.Data\NativeDriver.cs:行号 181
--TearDown
在 MySql.Data.MySqlClient.Tests.BaseTest.Teardown() 位置 D:\TFS\SSV4.X\src_V4.3\reference\mysql-connector-net\mysql-connector-net-6.3.7-src\Tests\MySql.Data.Tests\BaseTest.cs:行号 236
]]></stack-trace>
                                </failure>
                              </test-case>
                              <test-case name="MySql.Data.MySqlClient.Tests.PreparedStatementsPipeCompressed.PreparedStatements.UnsignedValues" executed="True" result="Error" success="False" time="5.019" asserts="1">
                                <failure>
                                  <message><![CDATA[SetUp : MySql.Data.MySqlClient.MySqlException : Unable to connect to any of the specified MySQL hosts.
  ----> System.ArgumentException : 无效的句柄。
参数名: handle
TearDown : NUnit.Framework.AssertionException :   Too many processes still running
  Expected: 0
  But was:  1
]]></message>
                                  <stack-trace><![CDATA[在 MySql.Data.MySqlClient.NativeDriver.Open() 位置 D:\TFS\SSV4.X\src_V4.3\reference\mysql-connector-net\mysql-connector-net-6.3.7-src\Source\MySql.Data\NativeDriver.cs:行号 269
在 MySql.Data.MySqlClient.Driver.Open() 位置 D:\TFS\SSV4.X\src_V4.3\reference\mysql-connector-net\mysql-connector-net-6.3.7-src\Source\MySql.Data\Driver.cs:行号 212
在 MySql.Data.MySqlClient.Driver.Create(MySqlConnectionStringBuilder settings) 位置 D:\TFS\SSV4.X\src_V4.3\reference\mysql-connector-net\mysql-connector-net-6.3.7-src\Source\MySql.Data\Driver.cs:行号 200
在 MySql.Data.MySqlClient.MySqlConnection.Open() 位置 D:\TFS\SSV4.X\src_V4.3\reference\mysql-connector-net\mysql-connector-net-6.3.7-src\Source\MySql.Data\Connection.cs:行号 514
在 MySql.Data.MySqlClient.Tests.BaseTest.Open() 位置 D:\TFS\SSV4.X\src_V4.3\reference\mysql-connector-net\mysql-connector-net-6.3.7-src\Tests\MySql.Data.Tests\BaseTest.cs:行号 174
在 MySql.Data.MySqlClient.Tests.BaseTest.Setup() 位置 D:\TFS\SSV4.X\src_V4.3\reference\mysql-connector-net\mysql-connector-net-6.3.7-src\Tests\MySql.Data.Tests\BaseTest.cs:行号 215
--ArgumentException
在 System.IO.FileStream..ctor(SafeFileHandle handle, FileAccess access, Int32 bufferSize, Boolean isAsync)
在 MySql.Data.Common.NamedPipeStream.Open(String path, FileAccess mode, UInt32 timeout) 位置 D:\TFS\SSV4.X\src_V4.3\reference\mysql-connector-net\mysql-connector-net-6.3.7-src\Source\MySql.Data\common\NamedPipeStream.cs:行号 94
在 MySql.Data.Common.NamedPipeStream..ctor(String path, FileAccess mode, UInt32 timeout) 位置 D:\TFS\SSV4.X\src_V4.3\reference\mysql-connector-net\mysql-connector-net-6.3.7-src\Source\MySql.Data\common\NamedPipeStream.cs:行号 51
在 MySql.Data.Common.NamedPipeStream.Create(String pipeName, String hostname, UInt32 timeout) 位置 D:\TFS\SSV4.X\src_V4.3\reference\mysql-connector-net\mysql-connector-net-6.3.7-src\Source\MySql.Data\common\NamedPipeStream.cs:行号 233
在 MySql.Data.Common.StreamCreator.GetStreamFromHost(String pipeName, String hostName, UInt32 timeout) 位置 D:\TFS\SSV4.X\src_V4.3\reference\mysql-connector-net\mysql-connector-net-6.3.7-src\Source\MySql.Data\common\StreamCreator.cs:行号 61
在 MySql.Data.Common.StreamCreator.GetStream(UInt32 timeout) 位置 D:\TFS\SSV4.X\src_V4.3\reference\mysql-connector-net\mysql-connector-net-6.3.7-src\Source\MySql.Data\common\StreamCreator.cs:行号 105
在 MySql.Data.MySqlClient.NativeDriver.Open() 位置 D:\TFS\SSV4.X\src_V4.3\reference\mysql-connector-net\mysql-connector-net-6.3.7-src\Source\MySql.Data\NativeDriver.cs:行号 181
--TearDown
在 MySql.Data.MySqlClient.Tests.BaseTest.Teardown() 位置 D:\TFS\SSV4.X\src_V4.3\reference\mysql-connector-net\mysql-connector-net-6.3.7-src\Tests\MySql.Data.Tests\BaseTest.cs:行号 236
]]></stack-trace>
                                </failure>
                              </test-case>
                              <test-case name="MySql.Data.MySqlClient.Tests.PreparedStatementsPipeCompressed.PreparedStatements.UsingParametersTwice" executed="True" result="Error" success="False" time="5.029" asserts="1">
                                <failure>
                                  <message><![CDATA[SetUp : MySql.Data.MySqlClient.MySqlException : Unable to connect to any of the specified MySQL hosts.
  ----> System.ArgumentException : 无效的句柄。
参数名: handle
TearDown : NUnit.Framework.AssertionException :   Too many processes still running
  Expected: 0
  But was:  1
]]></message>
                                  <stack-trace><![CDATA[在 MySql.Data.MySqlClient.NativeDriver.Open() 位置 D:\TFS\SSV4.X\src_V4.3\reference\mysql-connector-net\mysql-connector-net-6.3.7-src\Source\MySql.Data\NativeDriver.cs:行号 269
在 MySql.Data.MySqlClient.Driver.Open() 位置 D:\TFS\SSV4.X\src_V4.3\reference\mysql-connector-net\mysql-connector-net-6.3.7-src\Source\MySql.Data\Driver.cs:行号 212
在 MySql.Data.MySqlClient.Driver.Create(MySqlConnectionStringBuilder settings) 位置 D:\TFS\SSV4.X\src_V4.3\reference\mysql-connector-net\mysql-connector-net-6.3.7-src\Source\MySql.Data\Driver.cs:行号 200
在 MySql.Data.MySqlClient.MySqlConnection.Open() 位置 D:\TFS\SSV4.X\src_V4.3\reference\mysql-connector-net\mysql-connector-net-6.3.7-src\Source\MySql.Data\Connection.cs:行号 514
在 MySql.Data.MySqlClient.Tests.BaseTest.Open() 位置 D:\TFS\SSV4.X\src_V4.3\reference\mysql-connector-net\mysql-connector-net-6.3.7-src\Tests\MySql.Data.Tests\BaseTest.cs:行号 174
在 MySql.Data.MySqlClient.Tests.BaseTest.Setup() 位置 D:\TFS\SSV4.X\src_V4.3\reference\mysql-connector-net\mysql-connector-net-6.3.7-src\Tests\MySql.Data.Tests\BaseTest.cs:行号 215
--ArgumentException
在 System.IO.FileStream..ctor(SafeFileHandle handle, FileAccess access, Int32 bufferSize, Boolean isAsync)
在 MySql.Data.Common.NamedPipeStream.Open(String path, FileAccess mode, UInt32 timeout) 位置 D:\TFS\SSV4.X\src_V4.3\reference\mysql-connector-net\mysql-connector-net-6.3.7-src\Source\MySql.Data\common\NamedPipeStream.cs:行号 94
在 MySql.Data.Common.NamedPipeStream..ctor(String path, FileAccess mode, UInt32 timeout) 位置 D:\TFS\SSV4.X\src_V4.3\reference\mysql-connector-net\mysql-connector-net-6.3.7-src\Source\MySql.Data\common\NamedPipeStream.cs:行号 51
在 MySql.Data.Common.NamedPipeStream.Create(String pipeName, String hostname, UInt32 timeout) 位置 D:\TFS\SSV4.X\src_V4.3\reference\mysql-connector-net\mysql-connector-net-6.3.7-src\Source\MySql.Data\common\NamedPipeStream.cs:行号 233
在 MySql.Data.Common.StreamCreator.GetStreamFromHost(String pipeName, String hostName, UInt32 timeout) 位置 D:\TFS\SSV4.X\src_V4.3\reference\mysql-connector-net\mysql-connector-net-6.3.7-src\Source\MySql.Data\common\StreamCreator.cs:行号 61
在 MySql.Data.Common.StreamCreator.GetStream(UInt32 timeout) 位置 D:\TFS\SSV4.X\src_V4.3\reference\mysql-connector-net\mysql-connector-net-6.3.7-src\Source\MySql.Data\common\StreamCreator.cs:行号 105
在 MySql.Data.MySqlClient.NativeDriver.Open() 位置 D:\TFS\SSV4.X\src_V4.3\reference\mysql-connector-net\mysql-connector-net-6.3.7-src\Source\MySql.Data\NativeDriver.cs:行号 181
--TearDown
在 MySql.Data.MySqlClient.Tests.BaseTest.Teardown() 位置 D:\TFS\SSV4.X\src_V4.3\reference\mysql-connector-net\mysql-connector-net-6.3.7-src\Tests\MySql.Data.Tests\BaseTest.cs:行号 236
]]></stack-trace>
                                </failure>
                              </test-case>
                            </results>
                          </test-suite>
                          <test-suite type="TestFixture" name="PreparedStatementsSharedMemory" executed="True" result="Failure" success="False" time="125.550" asserts="0">
                            <categories>
                              <category name="SharedMemory" />
                            </categories>
                            <results>
                              <test-case name="MySql.Data.MySqlClient.Tests.PreparedStatementsSharedMemory.PreparedStatements.BigIntUnsigned" executed="True" result="Error" success="False" time="5.023" asserts="1">
                                <failure>
                                  <message><![CDATA[SetUp : MySql.Data.MySqlClient.MySqlException : Unable to connect to any of the specified MySQL hosts.
  ----> System.Threading.WaitHandleCannotBeOpenedException : 不存在给定名称的句柄。
TearDown : NUnit.Framework.AssertionException :   Too many processes still running
  Expected: 0
  But was:  1
]]></message>
                                  <stack-trace><![CDATA[在 MySql.Data.MySqlClient.NativeDriver.Open() 位置 D:\TFS\SSV4.X\src_V4.3\reference\mysql-connector-net\mysql-connector-net-6.3.7-src\Source\MySql.Data\NativeDriver.cs:行号 269
在 MySql.Data.MySqlClient.Driver.Open() 位置 D:\TFS\SSV4.X\src_V4.3\reference\mysql-connector-net\mysql-connector-net-6.3.7-src\Source\MySql.Data\Driver.cs:行号 212
在 MySql.Data.MySqlClient.Driver.Create(MySqlConnectionStringBuilder settings) 位置 D:\TFS\SSV4.X\src_V4.3\reference\mysql-connector-net\mysql-connector-net-6.3.7-src\Source\MySql.Data\Driver.cs:行号 200
在 MySql.Data.MySqlClient.MySqlConnection.Open() 位置 D:\TFS\SSV4.X\src_V4.3\reference\mysql-connector-net\mysql-connector-net-6.3.7-src\Source\MySql.Data\Connection.cs:行号 514
在 MySql.Data.MySqlClient.Tests.BaseTest.Open() 位置 D:\TFS\SSV4.X\src_V4.3\reference\mysql-connector-net\mysql-connector-net-6.3.7-src\Tests\MySql.Data.Tests\BaseTest.cs:行号 174
在 MySql.Data.MySqlClient.Tests.BaseTest.Setup() 位置 D:\TFS\SSV4.X\src_V4.3\reference\mysql-connector-net\mysql-connector-net-6.3.7-src\Tests\MySql.Data.Tests\BaseTest.cs:行号 215
--WaitHandleCannotBeOpenedException
在 System.Threading.EventWaitHandle.OpenExisting(String name, EventWaitHandleRights rights)
在 MySql.Data.Common.SharedMemoryStream.GetConnectNumber(UInt32 timeOut) 位置 D:\TFS\SSV4.X\src_V4.3\reference\mysql-connector-net\mysql-connector-net-6.3.7-src\Source\MySql.Data\common\SharedMemoryStream.cs:行号 166
在 MySql.Data.Common.SharedMemoryStream.Open(UInt32 timeOut) 位置 D:\TFS\SSV4.X\src_V4.3\reference\mysql-connector-net\mysql-connector-net-6.3.7-src\Source\MySql.Data\common\SharedMemoryStream.cs:行号 120
在 MySql.Data.MySqlClient.NativeDriver.Open() 位置 D:\TFS\SSV4.X\src_V4.3\reference\mysql-connector-net\mysql-connector-net-6.3.7-src\Source\MySql.Data\NativeDriver.cs:行号 170
--TearDown
在 MySql.Data.MySqlClient.Tests.BaseTest.Teardown() 位置 D:\TFS\SSV4.X\src_V4.3\reference\mysql-connector-net\mysql-connector-net-6.3.7-src\Tests\MySql.Data.Tests\BaseTest.cs:行号 236
]]></stack-trace>
                                </failure>
                              </test-case>
                              <test-case name="MySql.Data.MySqlClient.Tests.PreparedStatementsSharedMemory.PreparedStatements.Blobs" executed="True" result="Error" success="False" time="5.021" asserts="1">
                                <failure>
                                  <message><![CDATA[SetUp : MySql.Data.MySqlClient.MySqlException : Unable to connect to any of the specified MySQL hosts.
  ----> System.Threading.WaitHandleCannotBeOpenedException : 不存在给定名称的句柄。
TearDown : NUnit.Framework.AssertionException :   Too many processes still running
  Expected: 0
  But was:  1
]]></message>
                                  <stack-trace><![CDATA[在 MySql.Data.MySqlClient.NativeDriver.Open() 位置 D:\TFS\SSV4.X\src_V4.3\reference\mysql-connector-net\mysql-connector-net-6.3.7-src\Source\MySql.Data\NativeDriver.cs:行号 269
在 MySql.Data.MySqlClient.Driver.Open() 位置 D:\TFS\SSV4.X\src_V4.3\reference\mysql-connector-net\mysql-connector-net-6.3.7-src\Source\MySql.Data\Driver.cs:行号 212
在 MySql.Data.MySqlClient.Driver.Create(MySqlConnectionStringBuilder settings) 位置 D:\TFS\SSV4.X\src_V4.3\reference\mysql-connector-net\mysql-connector-net-6.3.7-src\Source\MySql.Data\Driver.cs:行号 200
在 MySql.Data.MySqlClient.MySqlConnection.Open() 位置 D:\TFS\SSV4.X\src_V4.3\reference\mysql-connector-net\mysql-connector-net-6.3.7-src\Source\MySql.Data\Connection.cs:行号 514
在 MySql.Data.MySqlClient.Tests.BaseTest.Open() 位置 D:\TFS\SSV4.X\src_V4.3\reference\mysql-connector-net\mysql-connector-net-6.3.7-src\Tests\MySql.Data.Tests\BaseTest.cs:行号 174
在 MySql.Data.MySqlClient.Tests.BaseTest.Setup() 位置 D:\TFS\SSV4.X\src_V4.3\reference\mysql-connector-net\mysql-connector-net-6.3.7-src\Tests\MySql.Data.Tests\BaseTest.cs:行号 215
--WaitHandleCannotBeOpenedException
在 System.Threading.EventWaitHandle.OpenExisting(String name, EventWaitHandleRights rights)
在 MySql.Data.Common.SharedMemoryStream.GetConnectNumber(UInt32 timeOut) 位置 D:\TFS\SSV4.X\src_V4.3\reference\mysql-connector-net\mysql-connector-net-6.3.7-src\Source\MySql.Data\common\SharedMemoryStream.cs:行号 166
在 MySql.Data.Common.SharedMemoryStream.Open(UInt32 timeOut) 位置 D:\TFS\SSV4.X\src_V4.3\reference\mysql-connector-net\mysql-connector-net-6.3.7-src\Source\MySql.Data\common\SharedMemoryStream.cs:行号 120
在 MySql.Data.MySqlClient.NativeDriver.Open() 位置 D:\TFS\SSV4.X\src_V4.3\reference\mysql-connector-net\mysql-connector-net-6.3.7-src\Source\MySql.Data\NativeDriver.cs:行号 170
--TearDown
在 MySql.Data.MySqlClient.Tests.BaseTest.Teardown() 位置 D:\TFS\SSV4.X\src_V4.3\reference\mysql-connector-net\mysql-connector-net-6.3.7-src\Tests\MySql.Data.Tests\BaseTest.cs:行号 236
]]></stack-trace>
                                </failure>
                              </test-case>
                              <test-case name="MySql.Data.MySqlClient.Tests.PreparedStatementsSharedMemory.PreparedStatements.Bug6271" executed="True" result="Error" success="False" time="5.018" asserts="1">
                                <failure>
                                  <message><![CDATA[SetUp : MySql.Data.MySqlClient.MySqlException : Unable to connect to any of the specified MySQL hosts.
  ----> System.Threading.WaitHandleCannotBeOpenedException : 不存在给定名称的句柄。
TearDown : NUnit.Framework.AssertionException :   Too many processes still running
  Expected: 0
  But was:  1
]]></message>
                                  <stack-trace><![CDATA[在 MySql.Data.MySqlClient.NativeDriver.Open() 位置 D:\TFS\SSV4.X\src_V4.3\reference\mysql-connector-net\mysql-connector-net-6.3.7-src\Source\MySql.Data\NativeDriver.cs:行号 269
在 MySql.Data.MySqlClient.Driver.Open() 位置 D:\TFS\SSV4.X\src_V4.3\reference\mysql-connector-net\mysql-connector-net-6.3.7-src\Source\MySql.Data\Driver.cs:行号 212
在 MySql.Data.MySqlClient.Driver.Create(MySqlConnectionStringBuilder settings) 位置 D:\TFS\SSV4.X\src_V4.3\reference\mysql-connector-net\mysql-connector-net-6.3.7-src\Source\MySql.Data\Driver.cs:行号 200
在 MySql.Data.MySqlClient.MySqlConnection.Open() 位置 D:\TFS\SSV4.X\src_V4.3\reference\mysql-connector-net\mysql-connector-net-6.3.7-src\Source\MySql.Data\Connection.cs:行号 514
在 MySql.Data.MySqlClient.Tests.BaseTest.Open() 位置 D:\TFS\SSV4.X\src_V4.3\reference\mysql-connector-net\mysql-connector-net-6.3.7-src\Tests\MySql.Data.Tests\BaseTest.cs:行号 174
在 MySql.Data.MySqlClient.Tests.BaseTest.Setup() 位置 D:\TFS\SSV4.X\src_V4.3\reference\mysql-connector-net\mysql-connector-net-6.3.7-src\Tests\MySql.Data.Tests\BaseTest.cs:行号 215
--WaitHandleCannotBeOpenedException
在 System.Threading.EventWaitHandle.OpenExisting(String name, EventWaitHandleRights rights)
在 MySql.Data.Common.SharedMemoryStream.GetConnectNumber(UInt32 timeOut) 位置 D:\TFS\SSV4.X\src_V4.3\reference\mysql-connector-net\mysql-connector-net-6.3.7-src\Source\MySql.Data\common\SharedMemoryStream.cs:行号 166
在 MySql.Data.Common.SharedMemoryStream.Open(UInt32 timeOut) 位置 D:\TFS\SSV4.X\src_V4.3\reference\mysql-connector-net\mysql-connector-net-6.3.7-src\Source\MySql.Data\common\SharedMemoryStream.cs:行号 120
在 MySql.Data.MySqlClient.NativeDriver.Open() 位置 D:\TFS\SSV4.X\src_V4.3\reference\mysql-connector-net\mysql-connector-net-6.3.7-src\Source\MySql.Data\NativeDriver.cs:行号 170
--TearDown
在 MySql.Data.MySqlClient.Tests.BaseTest.Teardown() 位置 D:\TFS\SSV4.X\src_V4.3\reference\mysql-connector-net\mysql-connector-net-6.3.7-src\Tests\MySql.Data.Tests\BaseTest.cs:行号 236
]]></stack-trace>
                                </failure>
                              </test-case>
                              <test-case name="MySql.Data.MySqlClient.Tests.PreparedStatementsSharedMemory.PreparedStatements.ClosingCommandsProperly" executed="True" result="Error" success="False" time="5.017" asserts="1">
                                <failure>
                                  <message><![CDATA[SetUp : MySql.Data.MySqlClient.MySqlException : Unable to connect to any of the specified MySQL hosts.
  ----> System.Threading.WaitHandleCannotBeOpenedException : 不存在给定名称的句柄。
TearDown : NUnit.Framework.AssertionException :   Too many processes still running
  Expected: 0
  But was:  1
]]></message>
                                  <stack-trace><![CDATA[在 MySql.Data.MySqlClient.NativeDriver.Open() 位置 D:\TFS\SSV4.X\src_V4.3\reference\mysql-connector-net\mysql-connector-net-6.3.7-src\Source\MySql.Data\NativeDriver.cs:行号 269
在 MySql.Data.MySqlClient.Driver.Open() 位置 D:\TFS\SSV4.X\src_V4.3\reference\mysql-connector-net\mysql-connector-net-6.3.7-src\Source\MySql.Data\Driver.cs:行号 212
在 MySql.Data.MySqlClient.Driver.Create(MySqlConnectionStringBuilder settings) 位置 D:\TFS\SSV4.X\src_V4.3\reference\mysql-connector-net\mysql-connector-net-6.3.7-src\Source\MySql.Data\Driver.cs:行号 200
在 MySql.Data.MySqlClient.MySqlConnection.Open() 位置 D:\TFS\SSV4.X\src_V4.3\reference\mysql-connector-net\mysql-connector-net-6.3.7-src\Source\MySql.Data\Connection.cs:行号 514
在 MySql.Data.MySqlClient.Tests.BaseTest.Open() 位置 D:\TFS\SSV4.X\src_V4.3\reference\mysql-connector-net\mysql-connector-net-6.3.7-src\Tests\MySql.Data.Tests\BaseTest.cs:行号 174
在 MySql.Data.MySqlClient.Tests.BaseTest.Setup() 位置 D:\TFS\SSV4.X\src_V4.3\reference\mysql-connector-net\mysql-connector-net-6.3.7-src\Tests\MySql.Data.Tests\BaseTest.cs:行号 215
--WaitHandleCannotBeOpenedException
在 System.Threading.EventWaitHandle.OpenExisting(String name, EventWaitHandleRights rights)
在 MySql.Data.Common.SharedMemoryStream.GetConnectNumber(UInt32 timeOut) 位置 D:\TFS\SSV4.X\src_V4.3\reference\mysql-connector-net\mysql-connector-net-6.3.7-src\Source\MySql.Data\common\SharedMemoryStream.cs:行号 166
在 MySql.Data.Common.SharedMemoryStream.Open(UInt32 timeOut) 位置 D:\TFS\SSV4.X\src_V4.3\reference\mysql-connector-net\mysql-connector-net-6.3.7-src\Source\MySql.Data\common\SharedMemoryStream.cs:行号 120
在 MySql.Data.MySqlClient.NativeDriver.Open() 位置 D:\TFS\SSV4.X\src_V4.3\reference\mysql-connector-net\mysql-connector-net-6.3.7-src\Source\MySql.Data\NativeDriver.cs:行号 170
--TearDown
在 MySql.Data.MySqlClient.Tests.BaseTest.Teardown() 位置 D:\TFS\SSV4.X\src_V4.3\reference\mysql-connector-net\mysql-connector-net-6.3.7-src\Tests\MySql.Data.Tests\BaseTest.cs:行号 236
]]></stack-trace>
                                </failure>
                              </test-case>
                              <test-case name="MySql.Data.MySqlClient.Tests.PreparedStatementsSharedMemory.PreparedStatements.CompoundStatements" executed="True" result="Error" success="False" time="5.020" asserts="1">
                                <failure>
                                  <message><![CDATA[SetUp : MySql.Data.MySqlClient.MySqlException : Unable to connect to any of the specified MySQL hosts.
  ----> System.Threading.WaitHandleCannotBeOpenedException : 不存在给定名称的句柄。
TearDown : NUnit.Framework.AssertionException :   Too many processes still running
  Expected: 0
  But was:  1
]]></message>
                                  <stack-trace><![CDATA[在 MySql.Data.MySqlClient.NativeDriver.Open() 位置 D:\TFS\SSV4.X\src_V4.3\reference\mysql-connector-net\mysql-connector-net-6.3.7-src\Source\MySql.Data\NativeDriver.cs:行号 269
在 MySql.Data.MySqlClient.Driver.Open() 位置 D:\TFS\SSV4.X\src_V4.3\reference\mysql-connector-net\mysql-connector-net-6.3.7-src\Source\MySql.Data\Driver.cs:行号 212
在 MySql.Data.MySqlClient.Driver.Create(MySqlConnectionStringBuilder settings) 位置 D:\TFS\SSV4.X\src_V4.3\reference\mysql-connector-net\mysql-connector-net-6.3.7-src\Source\MySql.Data\Driver.cs:行号 200
在 MySql.Data.MySqlClient.MySqlConnection.Open() 位置 D:\TFS\SSV4.X\src_V4.3\reference\mysql-connector-net\mysql-connector-net-6.3.7-src\Source\MySql.Data\Connection.cs:行号 514
在 MySql.Data.MySqlClient.Tests.BaseTest.Open() 位置 D:\TFS\SSV4.X\src_V4.3\reference\mysql-connector-net\mysql-connector-net-6.3.7-src\Tests\MySql.Data.Tests\BaseTest.cs:行号 174
在 MySql.Data.MySqlClient.Tests.BaseTest.Setup() 位置 D:\TFS\SSV4.X\src_V4.3\reference\mysql-connector-net\mysql-connector-net-6.3.7-src\Tests\MySql.Data.Tests\BaseTest.cs:行号 215
--WaitHandleCannotBeOpenedException
在 System.Threading.EventWaitHandle.OpenExisting(String name, EventWaitHandleRights rights)
在 MySql.Data.Common.SharedMemoryStream.GetConnectNumber(UInt32 timeOut) 位置 D:\TFS\SSV4.X\src_V4.3\reference\mysql-connector-net\mysql-connector-net-6.3.7-src\Source\MySql.Data\common\SharedMemoryStream.cs:行号 166
在 MySql.Data.Common.SharedMemoryStream.Open(UInt32 timeOut) 位置 D:\TFS\SSV4.X\src_V4.3\reference\mysql-connector-net\mysql-connector-net-6.3.7-src\Source\MySql.Data\common\SharedMemoryStream.cs:行号 120
在 MySql.Data.MySqlClient.NativeDriver.Open() 位置 D:\TFS\SSV4.X\src_V4.3\reference\mysql-connector-net\mysql-connector-net-6.3.7-src\Source\MySql.Data\NativeDriver.cs:行号 170
--TearDown
在 MySql.Data.MySqlClient.Tests.BaseTest.Teardown() 位置 D:\TFS\SSV4.X\src_V4.3\reference\mysql-connector-net\mysql-connector-net-6.3.7-src\Tests\MySql.Data.Tests\BaseTest.cs:行号 236
]]></stack-trace>
                                </failure>
                              </test-case>
                              <test-case name="MySql.Data.MySqlClient.Tests.PreparedStatementsSharedMemory.PreparedStatements.DateAndTimes" executed="True" result="Error" success="False" time="5.017" asserts="1">
                                <failure>
                                  <message><![CDATA[SetUp : MySql.Data.MySqlClient.MySqlException : Unable to connect to any of the specified MySQL hosts.
  ----> System.Threading.WaitHandleCannotBeOpenedException : 不存在给定名称的句柄。
TearDown : NUnit.Framework.AssertionException :   Too many processes still running
  Expected: 0
  But was:  1
]]></message>
                                  <stack-trace><![CDATA[在 MySql.Data.MySqlClient.NativeDriver.Open() 位置 D:\TFS\SSV4.X\src_V4.3\reference\mysql-connector-net\mysql-connector-net-6.3.7-src\Source\MySql.Data\NativeDriver.cs:行号 269
在 MySql.Data.MySqlClient.Driver.Open() 位置 D:\TFS\SSV4.X\src_V4.3\reference\mysql-connector-net\mysql-connector-net-6.3.7-src\Source\MySql.Data\Driver.cs:行号 212
在 MySql.Data.MySqlClient.Driver.Create(MySqlConnectionStringBuilder settings) 位置 D:\TFS\SSV4.X\src_V4.3\reference\mysql-connector-net\mysql-connector-net-6.3.7-src\Source\MySql.Data\Driver.cs:行号 200
在 MySql.Data.MySqlClient.MySqlConnection.Open() 位置 D:\TFS\SSV4.X\src_V4.3\reference\mysql-connector-net\mysql-connector-net-6.3.7-src\Source\MySql.Data\Connection.cs:行号 514
在 MySql.Data.MySqlClient.Tests.BaseTest.Open() 位置 D:\TFS\SSV4.X\src_V4.3\reference\mysql-connector-net\mysql-connector-net-6.3.7-src\Tests\MySql.Data.Tests\BaseTest.cs:行号 174
在 MySql.Data.MySqlClient.Tests.BaseTest.Setup() 位置 D:\TFS\SSV4.X\src_V4.3\reference\mysql-connector-net\mysql-connector-net-6.3.7-src\Tests\MySql.Data.Tests\BaseTest.cs:行号 215
--WaitHandleCannotBeOpenedException
在 System.Threading.EventWaitHandle.OpenExisting(String name, EventWaitHandleRights rights)
在 MySql.Data.Common.SharedMemoryStream.GetConnectNumber(UInt32 timeOut) 位置 D:\TFS\SSV4.X\src_V4.3\reference\mysql-connector-net\mysql-connector-net-6.3.7-src\Source\MySql.Data\common\SharedMemoryStream.cs:行号 166
在 MySql.Data.Common.SharedMemoryStream.Open(UInt32 timeOut) 位置 D:\TFS\SSV4.X\src_V4.3\reference\mysql-connector-net\mysql-connector-net-6.3.7-src\Source\MySql.Data\common\SharedMemoryStream.cs:行号 120
在 MySql.Data.MySqlClient.NativeDriver.Open() 位置 D:\TFS\SSV4.X\src_V4.3\reference\mysql-connector-net\mysql-connector-net-6.3.7-src\Source\MySql.Data\NativeDriver.cs:行号 170
--TearDown
在 MySql.Data.MySqlClient.Tests.BaseTest.Teardown() 位置 D:\TFS\SSV4.X\src_V4.3\reference\mysql-connector-net\mysql-connector-net-6.3.7-src\Tests\MySql.Data.Tests\BaseTest.cs:行号 236
]]></stack-trace>
                                </failure>
                              </test-case>
                              <test-case name="MySql.Data.MySqlClient.Tests.PreparedStatementsSharedMemory.PreparedStatements.DifferentParameterOrder" executed="True" result="Error" success="False" time="5.018" asserts="1">
                                <failure>
                                  <message><![CDATA[SetUp : MySql.Data.MySqlClient.MySqlException : Unable to connect to any of the specified MySQL hosts.
  ----> System.Threading.WaitHandleCannotBeOpenedException : 不存在给定名称的句柄。
TearDown : NUnit.Framework.AssertionException :   Too many processes still running
  Expected: 0
  But was:  1
]]></message>
                                  <stack-trace><![CDATA[在 MySql.Data.MySqlClient.NativeDriver.Open() 位置 D:\TFS\SSV4.X\src_V4.3\reference\mysql-connector-net\mysql-connector-net-6.3.7-src\Source\MySql.Data\NativeDriver.cs:行号 269
在 MySql.Data.MySqlClient.Driver.Open() 位置 D:\TFS\SSV4.X\src_V4.3\reference\mysql-connector-net\mysql-connector-net-6.3.7-src\Source\MySql.Data\Driver.cs:行号 212
在 MySql.Data.MySqlClient.Driver.Create(MySqlConnectionStringBuilder settings) 位置 D:\TFS\SSV4.X\src_V4.3\reference\mysql-connector-net\mysql-connector-net-6.3.7-src\Source\MySql.Data\Driver.cs:行号 200
在 MySql.Data.MySqlClient.MySqlConnection.Open() 位置 D:\TFS\SSV4.X\src_V4.3\reference\mysql-connector-net\mysql-connector-net-6.3.7-src\Source\MySql.Data\Connection.cs:行号 514
在 MySql.Data.MySqlClient.Tests.BaseTest.Open() 位置 D:\TFS\SSV4.X\src_V4.3\reference\mysql-connector-net\mysql-connector-net-6.3.7-src\Tests\MySql.Data.Tests\BaseTest.cs:行号 174
在 MySql.Data.MySqlClient.Tests.BaseTest.Setup() 位置 D:\TFS\SSV4.X\src_V4.3\reference\mysql-connector-net\mysql-connector-net-6.3.7-src\Tests\MySql.Data.Tests\BaseTest.cs:行号 215
--WaitHandleCannotBeOpenedException
在 System.Threading.EventWaitHandle.OpenExisting(String name, EventWaitHandleRights rights)
在 MySql.Data.Common.SharedMemoryStream.GetConnectNumber(UInt32 timeOut) 位置 D:\TFS\SSV4.X\src_V4.3\reference\mysql-connector-net\mysql-connector-net-6.3.7-src\Source\MySql.Data\common\SharedMemoryStream.cs:行号 166
在 MySql.Data.Common.SharedMemoryStream.Open(UInt32 timeOut) 位置 D:\TFS\SSV4.X\src_V4.3\reference\mysql-connector-net\mysql-connector-net-6.3.7-src\Source\MySql.Data\common\SharedMemoryStream.cs:行号 120
在 MySql.Data.MySqlClient.NativeDriver.Open() 位置 D:\TFS\SSV4.X\src_V4.3\reference\mysql-connector-net\mysql-connector-net-6.3.7-src\Source\MySql.Data\NativeDriver.cs:行号 170
--TearDown
在 MySql.Data.MySqlClient.Tests.BaseTest.Teardown() 位置 D:\TFS\SSV4.X\src_V4.3\reference\mysql-connector-net\mysql-connector-net-6.3.7-src\Tests\MySql.Data.Tests\BaseTest.cs:行号 236
]]></stack-trace>
                                </failure>
                              </test-case>
                              <test-case name="MySql.Data.MySqlClient.Tests.PreparedStatementsSharedMemory.PreparedStatements.InsertAccentedCharacters" executed="True" result="Error" success="False" time="5.015" asserts="1">
                                <failure>
                                  <message><![CDATA[SetUp : MySql.Data.MySqlClient.MySqlException : Unable to connect to any of the specified MySQL hosts.
  ----> System.Threading.WaitHandleCannotBeOpenedException : 不存在给定名称的句柄。
TearDown : NUnit.Framework.AssertionException :   Too many processes still running
  Expected: 0
  But was:  1
]]></message>
                                  <stack-trace><![CDATA[在 MySql.Data.MySqlClient.NativeDriver.Open() 位置 D:\TFS\SSV4.X\src_V4.3\reference\mysql-connector-net\mysql-connector-net-6.3.7-src\Source\MySql.Data\NativeDriver.cs:行号 269
在 MySql.Data.MySqlClient.Driver.Open() 位置 D:\TFS\SSV4.X\src_V4.3\reference\mysql-connector-net\mysql-connector-net-6.3.7-src\Source\MySql.Data\Driver.cs:行号 212
在 MySql.Data.MySqlClient.Driver.Create(MySqlConnectionStringBuilder settings) 位置 D:\TFS\SSV4.X\src_V4.3\reference\mysql-connector-net\mysql-connector-net-6.3.7-src\Source\MySql.Data\Driver.cs:行号 200
在 MySql.Data.MySqlClient.MySqlConnection.Open() 位置 D:\TFS\SSV4.X\src_V4.3\reference\mysql-connector-net\mysql-connector-net-6.3.7-src\Source\MySql.Data\Connection.cs:行号 514
在 MySql.Data.MySqlClient.Tests.BaseTest.Open() 位置 D:\TFS\SSV4.X\src_V4.3\reference\mysql-connector-net\mysql-connector-net-6.3.7-src\Tests\MySql.Data.Tests\BaseTest.cs:行号 174
在 MySql.Data.MySqlClient.Tests.BaseTest.Setup() 位置 D:\TFS\SSV4.X\src_V4.3\reference\mysql-connector-net\mysql-connector-net-6.3.7-src\Tests\MySql.Data.Tests\BaseTest.cs:行号 215
--WaitHandleCannotBeOpenedException
在 System.Threading.EventWaitHandle.OpenExisting(String name, EventWaitHandleRights rights)
在 MySql.Data.Common.SharedMemoryStream.GetConnectNumber(UInt32 timeOut) 位置 D:\TFS\SSV4.X\src_V4.3\reference\mysql-connector-net\mysql-connector-net-6.3.7-src\Source\MySql.Data\common\SharedMemoryStream.cs:行号 166
在 MySql.Data.Common.SharedMemoryStream.Open(UInt32 timeOut) 位置 D:\TFS\SSV4.X\src_V4.3\reference\mysql-connector-net\mysql-connector-net-6.3.7-src\Source\MySql.Data\common\SharedMemoryStream.cs:行号 120
在 MySql.Data.MySqlClient.NativeDriver.Open() 位置 D:\TFS\SSV4.X\src_V4.3\reference\mysql-connector-net\mysql-connector-net-6.3.7-src\Source\MySql.Data\NativeDriver.cs:行号 170
--TearDown
在 MySql.Data.MySqlClient.Tests.BaseTest.Teardown() 位置 D:\TFS\SSV4.X\src_V4.3\reference\mysql-connector-net\mysql-connector-net-6.3.7-src\Tests\MySql.Data.Tests\BaseTest.cs:行号 236
]]></stack-trace>
                                </failure>
                              </test-case>
                              <test-case name="MySql.Data.MySqlClient.Tests.PreparedStatementsSharedMemory.PreparedStatements.InsertingUnsignedTinyInt" executed="True" result="Error" success="False" time="5.018" asserts="1">
                                <failure>
                                  <message><![CDATA[SetUp : MySql.Data.MySqlClient.MySqlException : Unable to connect to any of the specified MySQL hosts.
  ----> System.Threading.WaitHandleCannotBeOpenedException : 不存在给定名称的句柄。
TearDown : NUnit.Framework.AssertionException :   Too many processes still running
  Expected: 0
  But was:  1
]]></message>
                                  <stack-trace><![CDATA[在 MySql.Data.MySqlClient.NativeDriver.Open() 位置 D:\TFS\SSV4.X\src_V4.3\reference\mysql-connector-net\mysql-connector-net-6.3.7-src\Source\MySql.Data\NativeDriver.cs:行号 269
在 MySql.Data.MySqlClient.Driver.Open() 位置 D:\TFS\SSV4.X\src_V4.3\reference\mysql-connector-net\mysql-connector-net-6.3.7-src\Source\MySql.Data\Driver.cs:行号 212
在 MySql.Data.MySqlClient.Driver.Create(MySqlConnectionStringBuilder settings) 位置 D:\TFS\SSV4.X\src_V4.3\reference\mysql-connector-net\mysql-connector-net-6.3.7-src\Source\MySql.Data\Driver.cs:行号 200
在 MySql.Data.MySqlClient.MySqlConnection.Open() 位置 D:\TFS\SSV4.X\src_V4.3\reference\mysql-connector-net\mysql-connector-net-6.3.7-src\Source\MySql.Data\Connection.cs:行号 514
在 MySql.Data.MySqlClient.Tests.BaseTest.Open() 位置 D:\TFS\SSV4.X\src_V4.3\reference\mysql-connector-net\mysql-connector-net-6.3.7-src\Tests\MySql.Data.Tests\BaseTest.cs:行号 174
在 MySql.Data.MySqlClient.Tests.BaseTest.Setup() 位置 D:\TFS\SSV4.X\src_V4.3\reference\mysql-connector-net\mysql-connector-net-6.3.7-src\Tests\MySql.Data.Tests\BaseTest.cs:行号 215
--WaitHandleCannotBeOpenedException
在 System.Threading.EventWaitHandle.OpenExisting(String name, EventWaitHandleRights rights)
在 MySql.Data.Common.SharedMemoryStream.GetConnectNumber(UInt32 timeOut) 位置 D:\TFS\SSV4.X\src_V4.3\reference\mysql-connector-net\mysql-connector-net-6.3.7-src\Source\MySql.Data\common\SharedMemoryStream.cs:行号 166
在 MySql.Data.Common.SharedMemoryStream.Open(UInt32 timeOut) 位置 D:\TFS\SSV4.X\src_V4.3\reference\mysql-connector-net\mysql-connector-net-6.3.7-src\Source\MySql.Data\common\SharedMemoryStream.cs:行号 120
在 MySql.Data.MySqlClient.NativeDriver.Open() 位置 D:\TFS\SSV4.X\src_V4.3\reference\mysql-connector-net\mysql-connector-net-6.3.7-src\Source\MySql.Data\NativeDriver.cs:行号 170
--TearDown
在 MySql.Data.MySqlClient.Tests.BaseTest.Teardown() 位置 D:\TFS\SSV4.X\src_V4.3\reference\mysql-connector-net\mysql-connector-net-6.3.7-src\Tests\MySql.Data.Tests\BaseTest.cs:行号 236
]]></stack-trace>
                                </failure>
                              </test-case>
                              <test-case name="MySql.Data.MySqlClient.Tests.PreparedStatementsSharedMemory.PreparedStatements.MoreParametersOutOfOrder" executed="True" result="Error" success="False" time="5.032" asserts="1">
                                <failure>
                                  <message><![CDATA[SetUp : MySql.Data.MySqlClient.MySqlException : Unable to connect to any of the specified MySQL hosts.
  ----> System.Threading.WaitHandleCannotBeOpenedException : 不存在给定名称的句柄。
TearDown : NUnit.Framework.AssertionException :   Too many processes still running
  Expected: 0
  But was:  1
]]></message>
                                  <stack-trace><![CDATA[在 MySql.Data.MySqlClient.NativeDriver.Open() 位置 D:\TFS\SSV4.X\src_V4.3\reference\mysql-connector-net\mysql-connector-net-6.3.7-src\Source\MySql.Data\NativeDriver.cs:行号 269
在 MySql.Data.MySqlClient.Driver.Open() 位置 D:\TFS\SSV4.X\src_V4.3\reference\mysql-connector-net\mysql-connector-net-6.3.7-src\Source\MySql.Data\Driver.cs:行号 212
在 MySql.Data.MySqlClient.Driver.Create(MySqlConnectionStringBuilder settings) 位置 D:\TFS\SSV4.X\src_V4.3\reference\mysql-connector-net\mysql-connector-net-6.3.7-src\Source\MySql.Data\Driver.cs:行号 200
在 MySql.Data.MySqlClient.MySqlConnection.Open() 位置 D:\TFS\SSV4.X\src_V4.3\reference\mysql-connector-net\mysql-connector-net-6.3.7-src\Source\MySql.Data\Connection.cs:行号 514
在 MySql.Data.MySqlClient.Tests.BaseTest.Open() 位置 D:\TFS\SSV4.X\src_V4.3\reference\mysql-connector-net\mysql-connector-net-6.3.7-src\Tests\MySql.Data.Tests\BaseTest.cs:行号 174
在 MySql.Data.MySqlClient.Tests.BaseTest.Setup() 位置 D:\TFS\SSV4.X\src_V4.3\reference\mysql-connector-net\mysql-connector-net-6.3.7-src\Tests\MySql.Data.Tests\BaseTest.cs:行号 215
--WaitHandleCannotBeOpenedException
在 System.Threading.EventWaitHandle.OpenExisting(String name, EventWaitHandleRights rights)
在 MySql.Data.Common.SharedMemoryStream.GetConnectNumber(UInt32 timeOut) 位置 D:\TFS\SSV4.X\src_V4.3\reference\mysql-connector-net\mysql-connector-net-6.3.7-src\Source\MySql.Data\common\SharedMemoryStream.cs:行号 166
在 MySql.Data.Common.SharedMemoryStream.Open(UInt32 timeOut) 位置 D:\TFS\SSV4.X\src_V4.3\reference\mysql-connector-net\mysql-connector-net-6.3.7-src\Source\MySql.Data\common\SharedMemoryStream.cs:行号 120
在 MySql.Data.MySqlClient.NativeDriver.Open() 位置 D:\TFS\SSV4.X\src_V4.3\reference\mysql-connector-net\mysql-connector-net-6.3.7-src\Source\MySql.Data\NativeDriver.cs:行号 170
--TearDown
在 MySql.Data.MySqlClient.Tests.BaseTest.Teardown() 位置 D:\TFS\SSV4.X\src_V4.3\reference\mysql-connector-net\mysql-connector-net-6.3.7-src\Tests\MySql.Data.Tests\BaseTest.cs:行号 236
]]></stack-trace>
                                </failure>
                              </test-case>
                              <test-case name="MySql.Data.MySqlClient.Tests.PreparedStatementsSharedMemory.PreparedStatements.NegativeTimeNonPrepared" executed="True" result="Error" success="False" time="5.023" asserts="1">
                                <failure>
                                  <message><![CDATA[SetUp : MySql.Data.MySqlClient.MySqlException : Unable to connect to any of the specified MySQL hosts.
  ----> System.Threading.WaitHandleCannotBeOpenedException : 不存在给定名称的句柄。
TearDown : NUnit.Framework.AssertionException :   Too many processes still running
  Expected: 0
  But was:  1
]]></message>
                                  <stack-trace><![CDATA[在 MySql.Data.MySqlClient.NativeDriver.Open() 位置 D:\TFS\SSV4.X\src_V4.3\reference\mysql-connector-net\mysql-connector-net-6.3.7-src\Source\MySql.Data\NativeDriver.cs:行号 269
在 MySql.Data.MySqlClient.Driver.Open() 位置 D:\TFS\SSV4.X\src_V4.3\reference\mysql-connector-net\mysql-connector-net-6.3.7-src\Source\MySql.Data\Driver.cs:行号 212
在 MySql.Data.MySqlClient.Driver.Create(MySqlConnectionStringBuilder settings) 位置 D:\TFS\SSV4.X\src_V4.3\reference\mysql-connector-net\mysql-connector-net-6.3.7-src\Source\MySql.Data\Driver.cs:行号 200
在 MySql.Data.MySqlClient.MySqlConnection.Open() 位置 D:\TFS\SSV4.X\src_V4.3\reference\mysql-connector-net\mysql-connector-net-6.3.7-src\Source\MySql.Data\Connection.cs:行号 514
在 MySql.Data.MySqlClient.Tests.BaseTest.Open() 位置 D:\TFS\SSV4.X\src_V4.3\reference\mysql-connector-net\mysql-connector-net-6.3.7-src\Tests\MySql.Data.Tests\BaseTest.cs:行号 174
在 MySql.Data.MySqlClient.Tests.BaseTest.Setup() 位置 D:\TFS\SSV4.X\src_V4.3\reference\mysql-connector-net\mysql-connector-net-6.3.7-src\Tests\MySql.Data.Tests\BaseTest.cs:行号 215
--WaitHandleCannotBeOpenedException
在 System.Threading.EventWaitHandle.OpenExisting(String name, EventWaitHandleRights rights)
在 MySql.Data.Common.SharedMemoryStream.GetConnectNumber(UInt32 timeOut) 位置 D:\TFS\SSV4.X\src_V4.3\reference\mysql-connector-net\mysql-connector-net-6.3.7-src\Source\MySql.Data\common\SharedMemoryStream.cs:行号 166
在 MySql.Data.Common.SharedMemoryStream.Open(UInt32 timeOut) 位置 D:\TFS\SSV4.X\src_V4.3\reference\mysql-connector-net\mysql-connector-net-6.3.7-src\Source\MySql.Data\common\SharedMemoryStream.cs:行号 120
在 MySql.Data.MySqlClient.NativeDriver.Open() 位置 D:\TFS\SSV4.X\src_V4.3\reference\mysql-connector-net\mysql-connector-net-6.3.7-src\Source\MySql.Data\NativeDriver.cs:行号 170
--TearDown
在 MySql.Data.MySqlClient.Tests.BaseTest.Teardown() 位置 D:\TFS\SSV4.X\src_V4.3\reference\mysql-connector-net\mysql-connector-net-6.3.7-src\Tests\MySql.Data.Tests\BaseTest.cs:行号 236
]]></stack-trace>
                                </failure>
                              </test-case>
                              <test-case name="MySql.Data.MySqlClient.Tests.PreparedStatementsSharedMemory.PreparedStatements.NegativeTimePrepared" executed="True" result="Error" success="False" time="5.017" asserts="1">
                                <failure>
                                  <message><![CDATA[SetUp : MySql.Data.MySqlClient.MySqlException : Unable to connect to any of the specified MySQL hosts.
  ----> System.Threading.WaitHandleCannotBeOpenedException : 不存在给定名称的句柄。
TearDown : NUnit.Framework.AssertionException :   Too many processes still running
  Expected: 0
  But was:  1
]]></message>
                                  <stack-trace><![CDATA[在 MySql.Data.MySqlClient.NativeDriver.Open() 位置 D:\TFS\SSV4.X\src_V4.3\reference\mysql-connector-net\mysql-connector-net-6.3.7-src\Source\MySql.Data\NativeDriver.cs:行号 269
在 MySql.Data.MySqlClient.Driver.Open() 位置 D:\TFS\SSV4.X\src_V4.3\reference\mysql-connector-net\mysql-connector-net-6.3.7-src\Source\MySql.Data\Driver.cs:行号 212
在 MySql.Data.MySqlClient.Driver.Create(MySqlConnectionStringBuilder settings) 位置 D:\TFS\SSV4.X\src_V4.3\reference\mysql-connector-net\mysql-connector-net-6.3.7-src\Source\MySql.Data\Driver.cs:行号 200
在 MySql.Data.MySqlClient.MySqlConnection.Open() 位置 D:\TFS\SSV4.X\src_V4.3\reference\mysql-connector-net\mysql-connector-net-6.3.7-src\Source\MySql.Data\Connection.cs:行号 514
在 MySql.Data.MySqlClient.Tests.BaseTest.Open() 位置 D:\TFS\SSV4.X\src_V4.3\reference\mysql-connector-net\mysql-connector-net-6.3.7-src\Tests\MySql.Data.Tests\BaseTest.cs:行号 174
在 MySql.Data.MySqlClient.Tests.BaseTest.Setup() 位置 D:\TFS\SSV4.X\src_V4.3\reference\mysql-connector-net\mysql-connector-net-6.3.7-src\Tests\MySql.Data.Tests\BaseTest.cs:行号 215
--WaitHandleCannotBeOpenedException
在 System.Threading.EventWaitHandle.OpenExisting(String name, EventWaitHandleRights rights)
在 MySql.Data.Common.SharedMemoryStream.GetConnectNumber(UInt32 timeOut) 位置 D:\TFS\SSV4.X\src_V4.3\reference\mysql-connector-net\mysql-connector-net-6.3.7-src\Source\MySql.Data\common\SharedMemoryStream.cs:行号 166
在 MySql.Data.Common.SharedMemoryStream.Open(UInt32 timeOut) 位置 D:\TFS\SSV4.X\src_V4.3\reference\mysql-connector-net\mysql-connector-net-6.3.7-src\Source\MySql.Data\common\SharedMemoryStream.cs:行号 120
在 MySql.Data.MySqlClient.NativeDriver.Open() 位置 D:\TFS\SSV4.X\src_V4.3\reference\mysql-connector-net\mysql-connector-net-6.3.7-src\Source\MySql.Data\NativeDriver.cs:行号 170
--TearDown
在 MySql.Data.MySqlClient.Tests.BaseTest.Teardown() 位置 D:\TFS\SSV4.X\src_V4.3\reference\mysql-connector-net\mysql-connector-net-6.3.7-src\Tests\MySql.Data.Tests\BaseTest.cs:行号 236
]]></stack-trace>
                                </failure>
                              </test-case>
                              <test-case name="MySql.Data.MySqlClient.Tests.PreparedStatementsSharedMemory.PreparedStatements.ParameterLengths" executed="True" result="Error" success="False" time="5.017" asserts="1">
                                <failure>
                                  <message><![CDATA[SetUp : MySql.Data.MySqlClient.MySqlException : Unable to connect to any of the specified MySQL hosts.
  ----> System.Threading.WaitHandleCannotBeOpenedException : 不存在给定名称的句柄。
TearDown : NUnit.Framework.AssertionException :   Too many processes still running
  Expected: 0
  But was:  1
]]></message>
                                  <stack-trace><![CDATA[在 MySql.Data.MySqlClient.NativeDriver.Open() 位置 D:\TFS\SSV4.X\src_V4.3\reference\mysql-connector-net\mysql-connector-net-6.3.7-src\Source\MySql.Data\NativeDriver.cs:行号 269
在 MySql.Data.MySqlClient.Driver.Open() 位置 D:\TFS\SSV4.X\src_V4.3\reference\mysql-connector-net\mysql-connector-net-6.3.7-src\Source\MySql.Data\Driver.cs:行号 212
在 MySql.Data.MySqlClient.Driver.Create(MySqlConnectionStringBuilder settings) 位置 D:\TFS\SSV4.X\src_V4.3\reference\mysql-connector-net\mysql-connector-net-6.3.7-src\Source\MySql.Data\Driver.cs:行号 200
在 MySql.Data.MySqlClient.MySqlConnection.Open() 位置 D:\TFS\SSV4.X\src_V4.3\reference\mysql-connector-net\mysql-connector-net-6.3.7-src\Source\MySql.Data\Connection.cs:行号 514
在 MySql.Data.MySqlClient.Tests.BaseTest.Open() 位置 D:\TFS\SSV4.X\src_V4.3\reference\mysql-connector-net\mysql-connector-net-6.3.7-src\Tests\MySql.Data.Tests\BaseTest.cs:行号 174
在 MySql.Data.MySqlClient.Tests.BaseTest.Setup() 位置 D:\TFS\SSV4.X\src_V4.3\reference\mysql-connector-net\mysql-connector-net-6.3.7-src\Tests\MySql.Data.Tests\BaseTest.cs:行号 215
--WaitHandleCannotBeOpenedException
在 System.Threading.EventWaitHandle.OpenExisting(String name, EventWaitHandleRights rights)
在 MySql.Data.Common.SharedMemoryStream.GetConnectNumber(UInt32 timeOut) 位置 D:\TFS\SSV4.X\src_V4.3\reference\mysql-connector-net\mysql-connector-net-6.3.7-src\Source\MySql.Data\common\SharedMemoryStream.cs:行号 166
在 MySql.Data.Common.SharedMemoryStream.Open(UInt32 timeOut) 位置 D:\TFS\SSV4.X\src_V4.3\reference\mysql-connector-net\mysql-connector-net-6.3.7-src\Source\MySql.Data\common\SharedMemoryStream.cs:行号 120
在 MySql.Data.MySqlClient.NativeDriver.Open() 位置 D:\TFS\SSV4.X\src_V4.3\reference\mysql-connector-net\mysql-connector-net-6.3.7-src\Source\MySql.Data\NativeDriver.cs:行号 170
--TearDown
在 MySql.Data.MySqlClient.Tests.BaseTest.Teardown() 位置 D:\TFS\SSV4.X\src_V4.3\reference\mysql-connector-net\mysql-connector-net-6.3.7-src\Tests\MySql.Data.Tests\BaseTest.cs:行号 236
]]></stack-trace>
                                </failure>
                              </test-case>
                              <test-case name="MySql.Data.MySqlClient.Tests.PreparedStatementsSharedMemory.PreparedStatements.PrepareEmptyString" executed="True" result="Error" success="False" time="5.018" asserts="1">
                                <failure>
                                  <message><![CDATA[SetUp : MySql.Data.MySqlClient.MySqlException : Unable to connect to any of the specified MySQL hosts.
  ----> System.Threading.WaitHandleCannotBeOpenedException : 不存在给定名称的句柄。
TearDown : NUnit.Framework.AssertionException :   Too many processes still running
  Expected: 0
  But was:  1
]]></message>
                                  <stack-trace><![CDATA[在 MySql.Data.MySqlClient.NativeDriver.Open() 位置 D:\TFS\SSV4.X\src_V4.3\reference\mysql-connector-net\mysql-connector-net-6.3.7-src\Source\MySql.Data\NativeDriver.cs:行号 269
在 MySql.Data.MySqlClient.Driver.Open() 位置 D:\TFS\SSV4.X\src_V4.3\reference\mysql-connector-net\mysql-connector-net-6.3.7-src\Source\MySql.Data\Driver.cs:行号 212
在 MySql.Data.MySqlClient.Driver.Create(MySqlConnectionStringBuilder settings) 位置 D:\TFS\SSV4.X\src_V4.3\reference\mysql-connector-net\mysql-connector-net-6.3.7-src\Source\MySql.Data\Driver.cs:行号 200
在 MySql.Data.MySqlClient.MySqlConnection.Open() 位置 D:\TFS\SSV4.X\src_V4.3\reference\mysql-connector-net\mysql-connector-net-6.3.7-src\Source\MySql.Data\Connection.cs:行号 514
在 MySql.Data.MySqlClient.Tests.BaseTest.Open() 位置 D:\TFS\SSV4.X\src_V4.3\reference\mysql-connector-net\mysql-connector-net-6.3.7-src\Tests\MySql.Data.Tests\BaseTest.cs:行号 174
在 MySql.Data.MySqlClient.Tests.BaseTest.Setup() 位置 D:\TFS\SSV4.X\src_V4.3\reference\mysql-connector-net\mysql-connector-net-6.3.7-src\Tests\MySql.Data.Tests\BaseTest.cs:行号 215
--WaitHandleCannotBeOpenedException
在 System.Threading.EventWaitHandle.OpenExisting(String name, EventWaitHandleRights rights)
在 MySql.Data.Common.SharedMemoryStream.GetConnectNumber(UInt32 timeOut) 位置 D:\TFS\SSV4.X\src_V4.3\reference\mysql-connector-net\mysql-connector-net-6.3.7-src\Source\MySql.Data\common\SharedMemoryStream.cs:行号 166
在 MySql.Data.Common.SharedMemoryStream.Open(UInt32 timeOut) 位置 D:\TFS\SSV4.X\src_V4.3\reference\mysql-connector-net\mysql-connector-net-6.3.7-src\Source\MySql.Data\common\SharedMemoryStream.cs:行号 120
在 MySql.Data.MySqlClient.NativeDriver.Open() 位置 D:\TFS\SSV4.X\src_V4.3\reference\mysql-connector-net\mysql-connector-net-6.3.7-src\Source\MySql.Data\NativeDriver.cs:行号 170
--TearDown
在 MySql.Data.MySqlClient.Tests.BaseTest.Teardown() 位置 D:\TFS\SSV4.X\src_V4.3\reference\mysql-connector-net\mysql-connector-net-6.3.7-src\Tests\MySql.Data.Tests\BaseTest.cs:行号 236
]]></stack-trace>
                                </failure>
                              </test-case>
                              <test-case name="MySql.Data.MySqlClient.Tests.PreparedStatementsSharedMemory.PreparedStatements.ResetCommandText" executed="True" result="Error" success="False" time="5.037" asserts="1">
                                <failure>
                                  <message><![CDATA[SetUp : MySql.Data.MySqlClient.MySqlException : Unable to connect to any of the specified MySQL hosts.
  ----> System.Threading.WaitHandleCannotBeOpenedException : 不存在给定名称的句柄。
TearDown : NUnit.Framework.AssertionException :   Too many processes still running
  Expected: 0
  But was:  1
]]></message>
                                  <stack-trace><![CDATA[在 MySql.Data.MySqlClient.NativeDriver.Open() 位置 D:\TFS\SSV4.X\src_V4.3\reference\mysql-connector-net\mysql-connector-net-6.3.7-src\Source\MySql.Data\NativeDriver.cs:行号 269
在 MySql.Data.MySqlClient.Driver.Open() 位置 D:\TFS\SSV4.X\src_V4.3\reference\mysql-connector-net\mysql-connector-net-6.3.7-src\Source\MySql.Data\Driver.cs:行号 212
在 MySql.Data.MySqlClient.Driver.Create(MySqlConnectionStringBuilder settings) 位置 D:\TFS\SSV4.X\src_V4.3\reference\mysql-connector-net\mysql-connector-net-6.3.7-src\Source\MySql.Data\Driver.cs:行号 200
在 MySql.Data.MySqlClient.MySqlConnection.Open() 位置 D:\TFS\SSV4.X\src_V4.3\reference\mysql-connector-net\mysql-connector-net-6.3.7-src\Source\MySql.Data\Connection.cs:行号 514
在 MySql.Data.MySqlClient.Tests.BaseTest.Open() 位置 D:\TFS\SSV4.X\src_V4.3\reference\mysql-connector-net\mysql-connector-net-6.3.7-src\Tests\MySql.Data.Tests\BaseTest.cs:行号 174
在 MySql.Data.MySqlClient.Tests.BaseTest.Setup() 位置 D:\TFS\SSV4.X\src_V4.3\reference\mysql-connector-net\mysql-connector-net-6.3.7-src\Tests\MySql.Data.Tests\BaseTest.cs:行号 215
--WaitHandleCannotBeOpenedException
在 System.Threading.EventWaitHandle.OpenExisting(String name, EventWaitHandleRights rights)
在 MySql.Data.Common.SharedMemoryStream.GetConnectNumber(UInt32 timeOut) 位置 D:\TFS\SSV4.X\src_V4.3\reference\mysql-connector-net\mysql-connector-net-6.3.7-src\Source\MySql.Data\common\SharedMemoryStream.cs:行号 166
在 MySql.Data.Common.SharedMemoryStream.Open(UInt32 timeOut) 位置 D:\TFS\SSV4.X\src_V4.3\reference\mysql-connector-net\mysql-connector-net-6.3.7-src\Source\MySql.Data\common\SharedMemoryStream.cs:行号 120
在 MySql.Data.MySqlClient.NativeDriver.Open() 位置 D:\TFS\SSV4.X\src_V4.3\reference\mysql-connector-net\mysql-connector-net-6.3.7-src\Source\MySql.Data\NativeDriver.cs:行号 170
--TearDown
在 MySql.Data.MySqlClient.Tests.BaseTest.Teardown() 位置 D:\TFS\SSV4.X\src_V4.3\reference\mysql-connector-net\mysql-connector-net-6.3.7-src\Tests\MySql.Data.Tests\BaseTest.cs:行号 236
]]></stack-trace>
                                </failure>
                              </test-case>
                              <test-case name="MySql.Data.MySqlClient.Tests.PreparedStatementsSharedMemory.PreparedStatements.SchemaOnly" executed="True" result="Error" success="False" time="5.020" asserts="1">
                                <failure>
                                  <message><![CDATA[SetUp : MySql.Data.MySqlClient.MySqlException : Unable to connect to any of the specified MySQL hosts.
  ----> System.Threading.WaitHandleCannotBeOpenedException : 不存在给定名称的句柄。
TearDown : NUnit.Framework.AssertionException :   Too many processes still running
  Expected: 0
  But was:  1
]]></message>
                                  <stack-trace><![CDATA[在 MySql.Data.MySqlClient.NativeDriver.Open() 位置 D:\TFS\SSV4.X\src_V4.3\reference\mysql-connector-net\mysql-connector-net-6.3.7-src\Source\MySql.Data\NativeDriver.cs:行号 269
在 MySql.Data.MySqlClient.Driver.Open() 位置 D:\TFS\SSV4.X\src_V4.3\reference\mysql-connector-net\mysql-connector-net-6.3.7-src\Source\MySql.Data\Driver.cs:行号 212
在 MySql.Data.MySqlClient.Driver.Create(MySqlConnectionStringBuilder settings) 位置 D:\TFS\SSV4.X\src_V4.3\reference\mysql-connector-net\mysql-connector-net-6.3.7-src\Source\MySql.Data\Driver.cs:行号 200
在 MySql.Data.MySqlClient.MySqlConnection.Open() 位置 D:\TFS\SSV4.X\src_V4.3\reference\mysql-connector-net\mysql-connector-net-6.3.7-src\Source\MySql.Data\Connection.cs:行号 514
在 MySql.Data.MySqlClient.Tests.BaseTest.Open() 位置 D:\TFS\SSV4.X\src_V4.3\reference\mysql-connector-net\mysql-connector-net-6.3.7-src\Tests\MySql.Data.Tests\BaseTest.cs:行号 174
在 MySql.Data.MySqlClient.Tests.BaseTest.Setup() 位置 D:\TFS\SSV4.X\src_V4.3\reference\mysql-connector-net\mysql-connector-net-6.3.7-src\Tests\MySql.Data.Tests\BaseTest.cs:行号 215
--WaitHandleCannotBeOpenedException
在 System.Threading.EventWaitHandle.OpenExisting(String name, EventWaitHandleRights rights)
在 MySql.Data.Common.SharedMemoryStream.GetConnectNumber(UInt32 timeOut) 位置 D:\TFS\SSV4.X\src_V4.3\reference\mysql-connector-net\mysql-connector-net-6.3.7-src\Source\MySql.Data\common\SharedMemoryStream.cs:行号 166
在 MySql.Data.Common.SharedMemoryStream.Open(UInt32 timeOut) 位置 D:\TFS\SSV4.X\src_V4.3\reference\mysql-connector-net\mysql-connector-net-6.3.7-src\Source\MySql.Data\common\SharedMemoryStream.cs:行号 120
在 MySql.Data.MySqlClient.NativeDriver.Open() 位置 D:\TFS\SSV4.X\src_V4.3\reference\mysql-connector-net\mysql-connector-net-6.3.7-src\Source\MySql.Data\NativeDriver.cs:行号 170
--TearDown
在 MySql.Data.MySqlClient.Tests.BaseTest.Teardown() 位置 D:\TFS\SSV4.X\src_V4.3\reference\mysql-connector-net\mysql-connector-net-6.3.7-src\Tests\MySql.Data.Tests\BaseTest.cs:行号 236
]]></stack-trace>
                                </failure>
                              </test-case>
                              <test-case name="MySql.Data.MySqlClient.Tests.PreparedStatementsSharedMemory.PreparedStatements.Simple" executed="True" result="Error" success="False" time="5.018" asserts="1">
                                <failure>
                                  <message><![CDATA[SetUp : MySql.Data.MySqlClient.MySqlException : Unable to connect to any of the specified MySQL hosts.
  ----> System.Threading.WaitHandleCannotBeOpenedException : 不存在给定名称的句柄。
TearDown : NUnit.Framework.AssertionException :   Too many processes still running
  Expected: 0
  But was:  1
]]></message>
                                  <stack-trace><![CDATA[在 MySql.Data.MySqlClient.NativeDriver.Open() 位置 D:\TFS\SSV4.X\src_V4.3\reference\mysql-connector-net\mysql-connector-net-6.3.7-src\Source\MySql.Data\NativeDriver.cs:行号 269
在 MySql.Data.MySqlClient.Driver.Open() 位置 D:\TFS\SSV4.X\src_V4.3\reference\mysql-connector-net\mysql-connector-net-6.3.7-src\Source\MySql.Data\Driver.cs:行号 212
在 MySql.Data.MySqlClient.Driver.Create(MySqlConnectionStringBuilder settings) 位置 D:\TFS\SSV4.X\src_V4.3\reference\mysql-connector-net\mysql-connector-net-6.3.7-src\Source\MySql.Data\Driver.cs:行号 200
在 MySql.Data.MySqlClient.MySqlConnection.Open() 位置 D:\TFS\SSV4.X\src_V4.3\reference\mysql-connector-net\mysql-connector-net-6.3.7-src\Source\MySql.Data\Connection.cs:行号 514
在 MySql.Data.MySqlClient.Tests.BaseTest.Open() 位置 D:\TFS\SSV4.X\src_V4.3\reference\mysql-connector-net\mysql-connector-net-6.3.7-src\Tests\MySql.Data.Tests\BaseTest.cs:行号 174
在 MySql.Data.MySqlClient.Tests.BaseTest.Setup() 位置 D:\TFS\SSV4.X\src_V4.3\reference\mysql-connector-net\mysql-connector-net-6.3.7-src\Tests\MySql.Data.Tests\BaseTest.cs:行号 215
--WaitHandleCannotBeOpenedException
在 System.Threading.EventWaitHandle.OpenExisting(String name, EventWaitHandleRights rights)
在 MySql.Data.Common.SharedMemoryStream.GetConnectNumber(UInt32 timeOut) 位置 D:\TFS\SSV4.X\src_V4.3\reference\mysql-connector-net\mysql-connector-net-6.3.7-src\Source\MySql.Data\common\SharedMemoryStream.cs:行号 166
在 MySql.Data.Common.SharedMemoryStream.Open(UInt32 timeOut) 位置 D:\TFS\SSV4.X\src_V4.3\reference\mysql-connector-net\mysql-connector-net-6.3.7-src\Source\MySql.Data\common\SharedMemoryStream.cs:行号 120
在 MySql.Data.MySqlClient.NativeDriver.Open() 位置 D:\TFS\SSV4.X\src_V4.3\reference\mysql-connector-net\mysql-connector-net-6.3.7-src\Source\MySql.Data\NativeDriver.cs:行号 170
--TearDown
在 MySql.Data.MySqlClient.Tests.BaseTest.Teardown() 位置 D:\TFS\SSV4.X\src_V4.3\reference\mysql-connector-net\mysql-connector-net-6.3.7-src\Tests\MySql.Data.Tests\BaseTest.cs:行号 236
]]></stack-trace>
                                </failure>
                              </test-case>
                              <test-case name="MySql.Data.MySqlClient.Tests.PreparedStatementsSharedMemory.PreparedStatements.SimplePrepareBeforeParms" executed="True" result="Error" success="False" time="5.020" asserts="1">
                                <failure>
                                  <message><![CDATA[SetUp : MySql.Data.MySqlClient.MySqlException : Unable to connect to any of the specified MySQL hosts.
  ----> System.Threading.WaitHandleCannotBeOpenedException : 不存在给定名称的句柄。
TearDown : NUnit.Framework.AssertionException :   Too many processes still running
  Expected: 0
  But was:  1
]]></message>
                                  <stack-trace><![CDATA[在 MySql.Data.MySqlClient.NativeDriver.Open() 位置 D:\TFS\SSV4.X\src_V4.3\reference\mysql-connector-net\mysql-connector-net-6.3.7-src\Source\MySql.Data\NativeDriver.cs:行号 269
在 MySql.Data.MySqlClient.Driver.Open() 位置 D:\TFS\SSV4.X\src_V4.3\reference\mysql-connector-net\mysql-connector-net-6.3.7-src\Source\MySql.Data\Driver.cs:行号 212
在 MySql.Data.MySqlClient.Driver.Create(MySqlConnectionStringBuilder settings) 位置 D:\TFS\SSV4.X\src_V4.3\reference\mysql-connector-net\mysql-connector-net-6.3.7-src\Source\MySql.Data\Driver.cs:行号 200
在 MySql.Data.MySqlClient.MySqlConnection.Open() 位置 D:\TFS\SSV4.X\src_V4.3\reference\mysql-connector-net\mysql-connector-net-6.3.7-src\Source\MySql.Data\Connection.cs:行号 514
在 MySql.Data.MySqlClient.Tests.BaseTest.Open() 位置 D:\TFS\SSV4.X\src_V4.3\reference\mysql-connector-net\mysql-connector-net-6.3.7-src\Tests\MySql.Data.Tests\BaseTest.cs:行号 174
在 MySql.Data.MySqlClient.Tests.BaseTest.Setup() 位置 D:\TFS\SSV4.X\src_V4.3\reference\mysql-connector-net\mysql-connector-net-6.3.7-src\Tests\MySql.Data.Tests\BaseTest.cs:行号 215
--WaitHandleCannotBeOpenedException
在 System.Threading.EventWaitHandle.OpenExisting(String name, EventWaitHandleRights rights)
在 MySql.Data.Common.SharedMemoryStream.GetConnectNumber(UInt32 timeOut) 位置 D:\TFS\SSV4.X\src_V4.3\reference\mysql-connector-net\mysql-connector-net-6.3.7-src\Source\MySql.Data\common\SharedMemoryStream.cs:行号 166
在 MySql.Data.Common.SharedMemoryStream.Open(UInt32 timeOut) 位置 D:\TFS\SSV4.X\src_V4.3\reference\mysql-connector-net\mysql-connector-net-6.3.7-src\Source\MySql.Data\common\SharedMemoryStream.cs:行号 120
在 MySql.Data.MySqlClient.NativeDriver.Open() 位置 D:\TFS\SSV4.X\src_V4.3\reference\mysql-connector-net\mysql-connector-net-6.3.7-src\Source\MySql.Data\NativeDriver.cs:行号 170
--TearDown
在 MySql.Data.MySqlClient.Tests.BaseTest.Teardown() 位置 D:\TFS\SSV4.X\src_V4.3\reference\mysql-connector-net\mysql-connector-net-6.3.7-src\Tests\MySql.Data.Tests\BaseTest.cs:行号 236
]]></stack-trace>
                                </failure>
                              </test-case>
                              <test-case name="MySql.Data.MySqlClient.Tests.PreparedStatementsSharedMemory.PreparedStatements.SimpleTest" executed="True" result="Error" success="False" time="5.021" asserts="1">
                                <failure>
                                  <message><![CDATA[SetUp : MySql.Data.MySqlClient.MySqlException : Unable to connect to any of the specified MySQL hosts.
  ----> System.Threading.WaitHandleCannotBeOpenedException : 不存在给定名称的句柄。
TearDown : NUnit.Framework.AssertionException :   Too many processes still running
  Expected: 0
  But was:  1
]]></message>
                                  <stack-trace><![CDATA[在 MySql.Data.MySqlClient.NativeDriver.Open() 位置 D:\TFS\SSV4.X\src_V4.3\reference\mysql-connector-net\mysql-connector-net-6.3.7-src\Source\MySql.Data\NativeDriver.cs:行号 269
在 MySql.Data.MySqlClient.Driver.Open() 位置 D:\TFS\SSV4.X\src_V4.3\reference\mysql-connector-net\mysql-connector-net-6.3.7-src\Source\MySql.Data\Driver.cs:行号 212
在 MySql.Data.MySqlClient.Driver.Create(MySqlConnectionStringBuilder settings) 位置 D:\TFS\SSV4.X\src_V4.3\reference\mysql-connector-net\mysql-connector-net-6.3.7-src\Source\MySql.Data\Driver.cs:行号 200
在 MySql.Data.MySqlClient.MySqlConnection.Open() 位置 D:\TFS\SSV4.X\src_V4.3\reference\mysql-connector-net\mysql-connector-net-6.3.7-src\Source\MySql.Data\Connection.cs:行号 514
在 MySql.Data.MySqlClient.Tests.BaseTest.Open() 位置 D:\TFS\SSV4.X\src_V4.3\reference\mysql-connector-net\mysql-connector-net-6.3.7-src\Tests\MySql.Data.Tests\BaseTest.cs:行号 174
在 MySql.Data.MySqlClient.Tests.BaseTest.Setup() 位置 D:\TFS\SSV4.X\src_V4.3\reference\mysql-connector-net\mysql-connector-net-6.3.7-src\Tests\MySql.Data.Tests\BaseTest.cs:行号 215
--WaitHandleCannotBeOpenedException
在 System.Threading.EventWaitHandle.OpenExisting(String name, EventWaitHandleRights rights)
在 MySql.Data.Common.SharedMemoryStream.GetConnectNumber(UInt32 timeOut) 位置 D:\TFS\SSV4.X\src_V4.3\reference\mysql-connector-net\mysql-connector-net-6.3.7-src\Source\MySql.Data\common\SharedMemoryStream.cs:行号 166
在 MySql.Data.Common.SharedMemoryStream.Open(UInt32 timeOut) 位置 D:\TFS\SSV4.X\src_V4.3\reference\mysql-connector-net\mysql-connector-net-6.3.7-src\Source\MySql.Data\common\SharedMemoryStream.cs:行号 120
在 MySql.Data.MySqlClient.NativeDriver.Open() 位置 D:\TFS\SSV4.X\src_V4.3\reference\mysql-connector-net\mysql-connector-net-6.3.7-src\Source\MySql.Data\NativeDriver.cs:行号 170
--TearDown
在 MySql.Data.MySqlClient.Tests.BaseTest.Teardown() 位置 D:\TFS\SSV4.X\src_V4.3\reference\mysql-connector-net\mysql-connector-net-6.3.7-src\Tests\MySql.Data.Tests\BaseTest.cs:行号 236
]]></stack-trace>
                                </failure>
                              </test-case>
                              <test-case name="MySql.Data.MySqlClient.Tests.PreparedStatementsSharedMemory.PreparedStatements.SimpleTest2" executed="True" result="Error" success="False" time="5.019" asserts="1">
                                <failure>
                                  <message><![CDATA[SetUp : MySql.Data.MySqlClient.MySqlException : Unable to connect to any of the specified MySQL hosts.
  ----> System.Threading.WaitHandleCannotBeOpenedException : 不存在给定名称的句柄。
TearDown : NUnit.Framework.AssertionException :   Too many processes still running
  Expected: 0
  But was:  1
]]></message>
                                  <stack-trace><![CDATA[在 MySql.Data.MySqlClient.NativeDriver.Open() 位置 D:\TFS\SSV4.X\src_V4.3\reference\mysql-connector-net\mysql-connector-net-6.3.7-src\Source\MySql.Data\NativeDriver.cs:行号 269
在 MySql.Data.MySqlClient.Driver.Open() 位置 D:\TFS\SSV4.X\src_V4.3\reference\mysql-connector-net\mysql-connector-net-6.3.7-src\Source\MySql.Data\Driver.cs:行号 212
在 MySql.Data.MySqlClient.Driver.Create(MySqlConnectionStringBuilder settings) 位置 D:\TFS\SSV4.X\src_V4.3\reference\mysql-connector-net\mysql-connector-net-6.3.7-src\Source\MySql.Data\Driver.cs:行号 200
在 MySql.Data.MySqlClient.MySqlConnection.Open() 位置 D:\TFS\SSV4.X\src_V4.3\reference\mysql-connector-net\mysql-connector-net-6.3.7-src\Source\MySql.Data\Connection.cs:行号 514
在 MySql.Data.MySqlClient.Tests.BaseTest.Open() 位置 D:\TFS\SSV4.X\src_V4.3\reference\mysql-connector-net\mysql-connector-net-6.3.7-src\Tests\MySql.Data.Tests\BaseTest.cs:行号 174
在 MySql.Data.MySqlClient.Tests.BaseTest.Setup() 位置 D:\TFS\SSV4.X\src_V4.3\reference\mysql-connector-net\mysql-connector-net-6.3.7-src\Tests\MySql.Data.Tests\BaseTest.cs:行号 215
--WaitHandleCannotBeOpenedException
在 System.Threading.EventWaitHandle.OpenExisting(String name, EventWaitHandleRights rights)
在 MySql.Data.Common.SharedMemoryStream.GetConnectNumber(UInt32 timeOut) 位置 D:\TFS\SSV4.X\src_V4.3\reference\mysql-connector-net\mysql-connector-net-6.3.7-src\Source\MySql.Data\common\SharedMemoryStream.cs:行号 166
在 MySql.Data.Common.SharedMemoryStream.Open(UInt32 timeOut) 位置 D:\TFS\SSV4.X\src_V4.3\reference\mysql-connector-net\mysql-connector-net-6.3.7-src\Source\MySql.Data\common\SharedMemoryStream.cs:行号 120
在 MySql.Data.MySqlClient.NativeDriver.Open() 位置 D:\TFS\SSV4.X\src_V4.3\reference\mysql-connector-net\mysql-connector-net-6.3.7-src\Source\MySql.Data\NativeDriver.cs:行号 170
--TearDown
在 MySql.Data.MySqlClient.Tests.BaseTest.Teardown() 位置 D:\TFS\SSV4.X\src_V4.3\reference\mysql-connector-net\mysql-connector-net-6.3.7-src\Tests\MySql.Data.Tests\BaseTest.cs:行号 236
]]></stack-trace>
                                </failure>
                              </test-case>
                              <test-case name="MySql.Data.MySqlClient.Tests.PreparedStatementsSharedMemory.PreparedStatements.SprocInputOutputParams" executed="True" result="Error" success="False" time="5.018" asserts="1">
                                <failure>
                                  <message><![CDATA[SetUp : MySql.Data.MySqlClient.MySqlException : Unable to connect to any of the specified MySQL hosts.
  ----> System.Threading.WaitHandleCannotBeOpenedException : 不存在给定名称的句柄。
TearDown : NUnit.Framework.AssertionException :   Too many processes still running
  Expected: 0
  But was:  1
]]></message>
                                  <stack-trace><![CDATA[在 MySql.Data.MySqlClient.NativeDriver.Open() 位置 D:\TFS\SSV4.X\src_V4.3\reference\mysql-connector-net\mysql-connector-net-6.3.7-src\Source\MySql.Data\NativeDriver.cs:行号 269
在 MySql.Data.MySqlClient.Driver.Open() 位置 D:\TFS\SSV4.X\src_V4.3\reference\mysql-connector-net\mysql-connector-net-6.3.7-src\Source\MySql.Data\Driver.cs:行号 212
在 MySql.Data.MySqlClient.Driver.Create(MySqlConnectionStringBuilder settings) 位置 D:\TFS\SSV4.X\src_V4.3\reference\mysql-connector-net\mysql-connector-net-6.3.7-src\Source\MySql.Data\Driver.cs:行号 200
在 MySql.Data.MySqlClient.MySqlConnection.Open() 位置 D:\TFS\SSV4.X\src_V4.3\reference\mysql-connector-net\mysql-connector-net-6.3.7-src\Source\MySql.Data\Connection.cs:行号 514
在 MySql.Data.MySqlClient.Tests.BaseTest.Open() 位置 D:\TFS\SSV4.X\src_V4.3\reference\mysql-connector-net\mysql-connector-net-6.3.7-src\Tests\MySql.Data.Tests\BaseTest.cs:行号 174
在 MySql.Data.MySqlClient.Tests.BaseTest.Setup() 位置 D:\TFS\SSV4.X\src_V4.3\reference\mysql-connector-net\mysql-connector-net-6.3.7-src\Tests\MySql.Data.Tests\BaseTest.cs:行号 215
--WaitHandleCannotBeOpenedException
在 System.Threading.EventWaitHandle.OpenExisting(String name, EventWaitHandleRights rights)
在 MySql.Data.Common.SharedMemoryStream.GetConnectNumber(UInt32 timeOut) 位置 D:\TFS\SSV4.X\src_V4.3\reference\mysql-connector-net\mysql-connector-net-6.3.7-src\Source\MySql.Data\common\SharedMemoryStream.cs:行号 166
在 MySql.Data.Common.SharedMemoryStream.Open(UInt32 timeOut) 位置 D:\TFS\SSV4.X\src_V4.3\reference\mysql-connector-net\mysql-connector-net-6.3.7-src\Source\MySql.Data\common\SharedMemoryStream.cs:行号 120
在 MySql.Data.MySqlClient.NativeDriver.Open() 位置 D:\TFS\SSV4.X\src_V4.3\reference\mysql-connector-net\mysql-connector-net-6.3.7-src\Source\MySql.Data\NativeDriver.cs:行号 170
--TearDown
在 MySql.Data.MySqlClient.Tests.BaseTest.Teardown() 位置 D:\TFS\SSV4.X\src_V4.3\reference\mysql-connector-net\mysql-connector-net-6.3.7-src\Tests\MySql.Data.Tests\BaseTest.cs:行号 236
]]></stack-trace>
                                </failure>
                              </test-case>
                              <test-case name="MySql.Data.MySqlClient.Tests.PreparedStatementsSharedMemory.PreparedStatements.SprocOutputParams" executed="True" result="Error" success="False" time="5.017" asserts="1">
                                <failure>
                                  <message><![CDATA[SetUp : MySql.Data.MySqlClient.MySqlException : Unable to connect to any of the specified MySQL hosts.
  ----> System.Threading.WaitHandleCannotBeOpenedException : 不存在给定名称的句柄。
TearDown : NUnit.Framework.AssertionException :   Too many processes still running
  Expected: 0
  But was:  1
]]></message>
                                  <stack-trace><![CDATA[在 MySql.Data.MySqlClient.NativeDriver.Open() 位置 D:\TFS\SSV4.X\src_V4.3\reference\mysql-connector-net\mysql-connector-net-6.3.7-src\Source\MySql.Data\NativeDriver.cs:行号 269
在 MySql.Data.MySqlClient.Driver.Open() 位置 D:\TFS\SSV4.X\src_V4.3\reference\mysql-connector-net\mysql-connector-net-6.3.7-src\Source\MySql.Data\Driver.cs:行号 212
在 MySql.Data.MySqlClient.Driver.Create(MySqlConnectionStringBuilder settings) 位置 D:\TFS\SSV4.X\src_V4.3\reference\mysql-connector-net\mysql-connector-net-6.3.7-src\Source\MySql.Data\Driver.cs:行号 200
在 MySql.Data.MySqlClient.MySqlConnection.Open() 位置 D:\TFS\SSV4.X\src_V4.3\reference\mysql-connector-net\mysql-connector-net-6.3.7-src\Source\MySql.Data\Connection.cs:行号 514
在 MySql.Data.MySqlClient.Tests.BaseTest.Open() 位置 D:\TFS\SSV4.X\src_V4.3\reference\mysql-connector-net\mysql-connector-net-6.3.7-src\Tests\MySql.Data.Tests\BaseTest.cs:行号 174
在 MySql.Data.MySqlClient.Tests.BaseTest.Setup() 位置 D:\TFS\SSV4.X\src_V4.3\reference\mysql-connector-net\mysql-connector-net-6.3.7-src\Tests\MySql.Data.Tests\BaseTest.cs:行号 215
--WaitHandleCannotBeOpenedException
在 System.Threading.EventWaitHandle.OpenExisting(String name, EventWaitHandleRights rights)
在 MySql.Data.Common.SharedMemoryStream.GetConnectNumber(UInt32 timeOut) 位置 D:\TFS\SSV4.X\src_V4.3\reference\mysql-connector-net\mysql-connector-net-6.3.7-src\Source\MySql.Data\common\SharedMemoryStream.cs:行号 166
在 MySql.Data.Common.SharedMemoryStream.Open(UInt32 timeOut) 位置 D:\TFS\SSV4.X\src_V4.3\reference\mysql-connector-net\mysql-connector-net-6.3.7-src\Source\MySql.Data\common\SharedMemoryStream.cs:行号 120
在 MySql.Data.MySqlClient.NativeDriver.Open() 位置 D:\TFS\SSV4.X\src_V4.3\reference\mysql-connector-net\mysql-connector-net-6.3.7-src\Source\MySql.Data\NativeDriver.cs:行号 170
--TearDown
在 MySql.Data.MySqlClient.Tests.BaseTest.Teardown() 位置 D:\TFS\SSV4.X\src_V4.3\reference\mysql-connector-net\mysql-connector-net-6.3.7-src\Tests\MySql.Data.Tests\BaseTest.cs:行号 236
]]></stack-trace>
                                </failure>
                              </test-case>
                              <test-case name="MySql.Data.MySqlClient.Tests.PreparedStatementsSharedMemory.PreparedStatements.UnsignedTinyInt" executed="True" result="Error" success="False" time="5.017" asserts="1">
                                <failure>
                                  <message><![CDATA[SetUp : MySql.Data.MySqlClient.MySqlException : Unable to connect to any of the specified MySQL hosts.
  ----> System.Threading.WaitHandleCannotBeOpenedException : 不存在给定名称的句柄。
TearDown : NUnit.Framework.AssertionException :   Too many processes still running
  Expected: 0
  But was:  1
]]></message>
                                  <stack-trace><![CDATA[在 MySql.Data.MySqlClient.NativeDriver.Open() 位置 D:\TFS\SSV4.X\src_V4.3\reference\mysql-connector-net\mysql-connector-net-6.3.7-src\Source\MySql.Data\NativeDriver.cs:行号 269
在 MySql.Data.MySqlClient.Driver.Open() 位置 D:\TFS\SSV4.X\src_V4.3\reference\mysql-connector-net\mysql-connector-net-6.3.7-src\Source\MySql.Data\Driver.cs:行号 212
在 MySql.Data.MySqlClient.Driver.Create(MySqlConnectionStringBuilder settings) 位置 D:\TFS\SSV4.X\src_V4.3\reference\mysql-connector-net\mysql-connector-net-6.3.7-src\Source\MySql.Data\Driver.cs:行号 200
在 MySql.Data.MySqlClient.MySqlConnection.Open() 位置 D:\TFS\SSV4.X\src_V4.3\reference\mysql-connector-net\mysql-connector-net-6.3.7-src\Source\MySql.Data\Connection.cs:行号 514
在 MySql.Data.MySqlClient.Tests.BaseTest.Open() 位置 D:\TFS\SSV4.X\src_V4.3\reference\mysql-connector-net\mysql-connector-net-6.3.7-src\Tests\MySql.Data.Tests\BaseTest.cs:行号 174
在 MySql.Data.MySqlClient.Tests.BaseTest.Setup() 位置 D:\TFS\SSV4.X\src_V4.3\reference\mysql-connector-net\mysql-connector-net-6.3.7-src\Tests\MySql.Data.Tests\BaseTest.cs:行号 215
--WaitHandleCannotBeOpenedException
在 System.Threading.EventWaitHandle.OpenExisting(String name, EventWaitHandleRights rights)
在 MySql.Data.Common.SharedMemoryStream.GetConnectNumber(UInt32 timeOut) 位置 D:\TFS\SSV4.X\src_V4.3\reference\mysql-connector-net\mysql-connector-net-6.3.7-src\Source\MySql.Data\common\SharedMemoryStream.cs:行号 166
在 MySql.Data.Common.SharedMemoryStream.Open(UInt32 timeOut) 位置 D:\TFS\SSV4.X\src_V4.3\reference\mysql-connector-net\mysql-connector-net-6.3.7-src\Source\MySql.Data\common\SharedMemoryStream.cs:行号 120
在 MySql.Data.MySqlClient.NativeDriver.Open() 位置 D:\TFS\SSV4.X\src_V4.3\reference\mysql-connector-net\mysql-connector-net-6.3.7-src\Source\MySql.Data\NativeDriver.cs:行号 170
--TearDown
在 MySql.Data.MySqlClient.Tests.BaseTest.Teardown() 位置 D:\TFS\SSV4.X\src_V4.3\reference\mysql-connector-net\mysql-connector-net-6.3.7-src\Tests\MySql.Data.Tests\BaseTest.cs:行号 236
]]></stack-trace>
                                </failure>
                              </test-case>
                              <test-case name="MySql.Data.MySqlClient.Tests.PreparedStatementsSharedMemory.PreparedStatements.UnsignedValues" executed="True" result="Error" success="False" time="5.022" asserts="1">
                                <failure>
                                  <message><![CDATA[SetUp : MySql.Data.MySqlClient.MySqlException : Unable to connect to any of the specified MySQL hosts.
  ----> System.Threading.WaitHandleCannotBeOpenedException : 不存在给定名称的句柄。
TearDown : NUnit.Framework.AssertionException :   Too many processes still running
  Expected: 0
  But was:  1
]]></message>
                                  <stack-trace><![CDATA[在 MySql.Data.MySqlClient.NativeDriver.Open() 位置 D:\TFS\SSV4.X\src_V4.3\reference\mysql-connector-net\mysql-connector-net-6.3.7-src\Source\MySql.Data\NativeDriver.cs:行号 269
在 MySql.Data.MySqlClient.Driver.Open() 位置 D:\TFS\SSV4.X\src_V4.3\reference\mysql-connector-net\mysql-connector-net-6.3.7-src\Source\MySql.Data\Driver.cs:行号 212
在 MySql.Data.MySqlClient.Driver.Create(MySqlConnectionStringBuilder settings) 位置 D:\TFS\SSV4.X\src_V4.3\reference\mysql-connector-net\mysql-connector-net-6.3.7-src\Source\MySql.Data\Driver.cs:行号 200
在 MySql.Data.MySqlClient.MySqlConnection.Open() 位置 D:\TFS\SSV4.X\src_V4.3\reference\mysql-connector-net\mysql-connector-net-6.3.7-src\Source\MySql.Data\Connection.cs:行号 514
在 MySql.Data.MySqlClient.Tests.BaseTest.Open() 位置 D:\TFS\SSV4.X\src_V4.3\reference\mysql-connector-net\mysql-connector-net-6.3.7-src\Tests\MySql.Data.Tests\BaseTest.cs:行号 174
在 MySql.Data.MySqlClient.Tests.BaseTest.Setup() 位置 D:\TFS\SSV4.X\src_V4.3\reference\mysql-connector-net\mysql-connector-net-6.3.7-src\Tests\MySql.Data.Tests\BaseTest.cs:行号 215
--WaitHandleCannotBeOpenedException
在 System.Threading.EventWaitHandle.OpenExisting(String name, EventWaitHandleRights rights)
在 MySql.Data.Common.SharedMemoryStream.GetConnectNumber(UInt32 timeOut) 位置 D:\TFS\SSV4.X\src_V4.3\reference\mysql-connector-net\mysql-connector-net-6.3.7-src\Source\MySql.Data\common\SharedMemoryStream.cs:行号 166
在 MySql.Data.Common.SharedMemoryStream.Open(UInt32 timeOut) 位置 D:\TFS\SSV4.X\src_V4.3\reference\mysql-connector-net\mysql-connector-net-6.3.7-src\Source\MySql.Data\common\SharedMemoryStream.cs:行号 120
在 MySql.Data.MySqlClient.NativeDriver.Open() 位置 D:\TFS\SSV4.X\src_V4.3\reference\mysql-connector-net\mysql-connector-net-6.3.7-src\Source\MySql.Data\NativeDriver.cs:行号 170
--TearDown
在 MySql.Data.MySqlClient.Tests.BaseTest.Teardown() 位置 D:\TFS\SSV4.X\src_V4.3\reference\mysql-connector-net\mysql-connector-net-6.3.7-src\Tests\MySql.Data.Tests\BaseTest.cs:行号 236
]]></stack-trace>
                                </failure>
                              </test-case>
                              <test-case name="MySql.Data.MySqlClient.Tests.PreparedStatementsSharedMemory.PreparedStatements.UsingParametersTwice" executed="True" result="Error" success="False" time="5.017" asserts="1">
                                <failure>
                                  <message><![CDATA[SetUp : MySql.Data.MySqlClient.MySqlException : Unable to connect to any of the specified MySQL hosts.
  ----> System.Threading.WaitHandleCannotBeOpenedException : 不存在给定名称的句柄。
TearDown : NUnit.Framework.AssertionException :   Too many processes still running
  Expected: 0
  But was:  1
]]></message>
                                  <stack-trace><![CDATA[在 MySql.Data.MySqlClient.NativeDriver.Open() 位置 D:\TFS\SSV4.X\src_V4.3\reference\mysql-connector-net\mysql-connector-net-6.3.7-src\Source\MySql.Data\NativeDriver.cs:行号 269
在 MySql.Data.MySqlClient.Driver.Open() 位置 D:\TFS\SSV4.X\src_V4.3\reference\mysql-connector-net\mysql-connector-net-6.3.7-src\Source\MySql.Data\Driver.cs:行号 212
在 MySql.Data.MySqlClient.Driver.Create(MySqlConnectionStringBuilder settings) 位置 D:\TFS\SSV4.X\src_V4.3\reference\mysql-connector-net\mysql-connector-net-6.3.7-src\Source\MySql.Data\Driver.cs:行号 200
在 MySql.Data.MySqlClient.MySqlConnection.Open() 位置 D:\TFS\SSV4.X\src_V4.3\reference\mysql-connector-net\mysql-connector-net-6.3.7-src\Source\MySql.Data\Connection.cs:行号 514
在 MySql.Data.MySqlClient.Tests.BaseTest.Open() 位置 D:\TFS\SSV4.X\src_V4.3\reference\mysql-connector-net\mysql-connector-net-6.3.7-src\Tests\MySql.Data.Tests\BaseTest.cs:行号 174
在 MySql.Data.MySqlClient.Tests.BaseTest.Setup() 位置 D:\TFS\SSV4.X\src_V4.3\reference\mysql-connector-net\mysql-connector-net-6.3.7-src\Tests\MySql.Data.Tests\BaseTest.cs:行号 215
--WaitHandleCannotBeOpenedException
在 System.Threading.EventWaitHandle.OpenExisting(String name, EventWaitHandleRights rights)
在 MySql.Data.Common.SharedMemoryStream.GetConnectNumber(UInt32 timeOut) 位置 D:\TFS\SSV4.X\src_V4.3\reference\mysql-connector-net\mysql-connector-net-6.3.7-src\Source\MySql.Data\common\SharedMemoryStream.cs:行号 166
在 MySql.Data.Common.SharedMemoryStream.Open(UInt32 timeOut) 位置 D:\TFS\SSV4.X\src_V4.3\reference\mysql-connector-net\mysql-connector-net-6.3.7-src\Source\MySql.Data\common\SharedMemoryStream.cs:行号 120
在 MySql.Data.MySqlClient.NativeDriver.Open() 位置 D:\TFS\SSV4.X\src_V4.3\reference\mysql-connector-net\mysql-connector-net-6.3.7-src\Source\MySql.Data\NativeDriver.cs:行号 170
--TearDown
在 MySql.Data.MySqlClient.Tests.BaseTest.Teardown() 位置 D:\TFS\SSV4.X\src_V4.3\reference\mysql-connector-net\mysql-connector-net-6.3.7-src\Tests\MySql.Data.Tests\BaseTest.cs:行号 236
]]></stack-trace>
                                </failure>
                              </test-case>
                            </results>
                          </test-suite>
                          <test-suite type="TestFixture" name="PreparedStatementsSharedMemoryCompressed" executed="True" result="Failure" success="False" time="125.679" asserts="0">
                            <categories>
                              <category name="Compressed" />
                              <category name="SharedMemory" />
                            </categories>
                            <results>
                              <test-case name="MySql.Data.MySqlClient.Tests.PreparedStatementsSharedMemoryCompressed.PreparedStatements.BigIntUnsigned" executed="True" result="Error" success="False" time="5.024" asserts="1">
                                <failure>
                                  <message><![CDATA[SetUp : MySql.Data.MySqlClient.MySqlException : Unable to connect to any of the specified MySQL hosts.
  ----> System.Threading.WaitHandleCannotBeOpenedException : 不存在给定名称的句柄。
TearDown : NUnit.Framework.AssertionException :   Too many processes still running
  Expected: 0
  But was:  1
]]></message>
                                  <stack-trace><![CDATA[在 MySql.Data.MySqlClient.NativeDriver.Open() 位置 D:\TFS\SSV4.X\src_V4.3\reference\mysql-connector-net\mysql-connector-net-6.3.7-src\Source\MySql.Data\NativeDriver.cs:行号 269
在 MySql.Data.MySqlClient.Driver.Open() 位置 D:\TFS\SSV4.X\src_V4.3\reference\mysql-connector-net\mysql-connector-net-6.3.7-src\Source\MySql.Data\Driver.cs:行号 212
在 MySql.Data.MySqlClient.Driver.Create(MySqlConnectionStringBuilder settings) 位置 D:\TFS\SSV4.X\src_V4.3\reference\mysql-connector-net\mysql-connector-net-6.3.7-src\Source\MySql.Data\Driver.cs:行号 200
在 MySql.Data.MySqlClient.MySqlConnection.Open() 位置 D:\TFS\SSV4.X\src_V4.3\reference\mysql-connector-net\mysql-connector-net-6.3.7-src\Source\MySql.Data\Connection.cs:行号 514
在 MySql.Data.MySqlClient.Tests.BaseTest.Open() 位置 D:\TFS\SSV4.X\src_V4.3\reference\mysql-connector-net\mysql-connector-net-6.3.7-src\Tests\MySql.Data.Tests\BaseTest.cs:行号 174
在 MySql.Data.MySqlClient.Tests.BaseTest.Setup() 位置 D:\TFS\SSV4.X\src_V4.3\reference\mysql-connector-net\mysql-connector-net-6.3.7-src\Tests\MySql.Data.Tests\BaseTest.cs:行号 215
--WaitHandleCannotBeOpenedException
在 System.Threading.EventWaitHandle.OpenExisting(String name, EventWaitHandleRights rights)
在 MySql.Data.Common.SharedMemoryStream.GetConnectNumber(UInt32 timeOut) 位置 D:\TFS\SSV4.X\src_V4.3\reference\mysql-connector-net\mysql-connector-net-6.3.7-src\Source\MySql.Data\common\SharedMemoryStream.cs:行号 166
在 MySql.Data.Common.SharedMemoryStream.Open(UInt32 timeOut) 位置 D:\TFS\SSV4.X\src_V4.3\reference\mysql-connector-net\mysql-connector-net-6.3.7-src\Source\MySql.Data\common\SharedMemoryStream.cs:行号 120
在 MySql.Data.MySqlClient.NativeDriver.Open() 位置 D:\TFS\SSV4.X\src_V4.3\reference\mysql-connector-net\mysql-connector-net-6.3.7-src\Source\MySql.Data\NativeDriver.cs:行号 170
--TearDown
在 MySql.Data.MySqlClient.Tests.BaseTest.Teardown() 位置 D:\TFS\SSV4.X\src_V4.3\reference\mysql-connector-net\mysql-connector-net-6.3.7-src\Tests\MySql.Data.Tests\BaseTest.cs:行号 236
]]></stack-trace>
                                </failure>
                              </test-case>
                              <test-case name="MySql.Data.MySqlClient.Tests.PreparedStatementsSharedMemoryCompressed.PreparedStatements.Blobs" executed="True" result="Error" success="False" time="5.017" asserts="1">
                                <failure>
                                  <message><![CDATA[SetUp : MySql.Data.MySqlClient.MySqlException : Unable to connect to any of the specified MySQL hosts.
  ----> System.Threading.WaitHandleCannotBeOpenedException : 不存在给定名称的句柄。
TearDown : NUnit.Framework.AssertionException :   Too many processes still running
  Expected: 0
  But was:  1
]]></message>
                                  <stack-trace><![CDATA[在 MySql.Data.MySqlClient.NativeDriver.Open() 位置 D:\TFS\SSV4.X\src_V4.3\reference\mysql-connector-net\mysql-connector-net-6.3.7-src\Source\MySql.Data\NativeDriver.cs:行号 269
在 MySql.Data.MySqlClient.Driver.Open() 位置 D:\TFS\SSV4.X\src_V4.3\reference\mysql-connector-net\mysql-connector-net-6.3.7-src\Source\MySql.Data\Driver.cs:行号 212
在 MySql.Data.MySqlClient.Driver.Create(MySqlConnectionStringBuilder settings) 位置 D:\TFS\SSV4.X\src_V4.3\reference\mysql-connector-net\mysql-connector-net-6.3.7-src\Source\MySql.Data\Driver.cs:行号 200
在 MySql.Data.MySqlClient.MySqlConnection.Open() 位置 D:\TFS\SSV4.X\src_V4.3\reference\mysql-connector-net\mysql-connector-net-6.3.7-src\Source\MySql.Data\Connection.cs:行号 514
在 MySql.Data.MySqlClient.Tests.BaseTest.Open() 位置 D:\TFS\SSV4.X\src_V4.3\reference\mysql-connector-net\mysql-connector-net-6.3.7-src\Tests\MySql.Data.Tests\BaseTest.cs:行号 174
在 MySql.Data.MySqlClient.Tests.BaseTest.Setup() 位置 D:\TFS\SSV4.X\src_V4.3\reference\mysql-connector-net\mysql-connector-net-6.3.7-src\Tests\MySql.Data.Tests\BaseTest.cs:行号 215
--WaitHandleCannotBeOpenedException
在 System.Threading.EventWaitHandle.OpenExisting(String name, EventWaitHandleRights rights)
在 MySql.Data.Common.SharedMemoryStream.GetConnectNumber(UInt32 timeOut) 位置 D:\TFS\SSV4.X\src_V4.3\reference\mysql-connector-net\mysql-connector-net-6.3.7-src\Source\MySql.Data\common\SharedMemoryStream.cs:行号 166
在 MySql.Data.Common.SharedMemoryStream.Open(UInt32 timeOut) 位置 D:\TFS\SSV4.X\src_V4.3\reference\mysql-connector-net\mysql-connector-net-6.3.7-src\Source\MySql.Data\common\SharedMemoryStream.cs:行号 120
在 MySql.Data.MySqlClient.NativeDriver.Open() 位置 D:\TFS\SSV4.X\src_V4.3\reference\mysql-connector-net\mysql-connector-net-6.3.7-src\Source\MySql.Data\NativeDriver.cs:行号 170
--TearDown
在 MySql.Data.MySqlClient.Tests.BaseTest.Teardown() 位置 D:\TFS\SSV4.X\src_V4.3\reference\mysql-connector-net\mysql-connector-net-6.3.7-src\Tests\MySql.Data.Tests\BaseTest.cs:行号 236
]]></stack-trace>
                                </failure>
                              </test-case>
                              <test-case name="MySql.Data.MySqlClient.Tests.PreparedStatementsSharedMemoryCompressed.PreparedStatements.Bug6271" executed="True" result="Error" success="False" time="5.043" asserts="1">
                                <failure>
                                  <message><![CDATA[SetUp : MySql.Data.MySqlClient.MySqlException : Unable to connect to any of the specified MySQL hosts.
  ----> System.Threading.WaitHandleCannotBeOpenedException : 不存在给定名称的句柄。
TearDown : NUnit.Framework.AssertionException :   Too many processes still running
  Expected: 0
  But was:  1
]]></message>
                                  <stack-trace><![CDATA[在 MySql.Data.MySqlClient.NativeDriver.Open() 位置 D:\TFS\SSV4.X\src_V4.3\reference\mysql-connector-net\mysql-connector-net-6.3.7-src\Source\MySql.Data\NativeDriver.cs:行号 269
在 MySql.Data.MySqlClient.Driver.Open() 位置 D:\TFS\SSV4.X\src_V4.3\reference\mysql-connector-net\mysql-connector-net-6.3.7-src\Source\MySql.Data\Driver.cs:行号 212
在 MySql.Data.MySqlClient.Driver.Create(MySqlConnectionStringBuilder settings) 位置 D:\TFS\SSV4.X\src_V4.3\reference\mysql-connector-net\mysql-connector-net-6.3.7-src\Source\MySql.Data\Driver.cs:行号 200
在 MySql.Data.MySqlClient.MySqlConnection.Open() 位置 D:\TFS\SSV4.X\src_V4.3\reference\mysql-connector-net\mysql-connector-net-6.3.7-src\Source\MySql.Data\Connection.cs:行号 514
在 MySql.Data.MySqlClient.Tests.BaseTest.Open() 位置 D:\TFS\SSV4.X\src_V4.3\reference\mysql-connector-net\mysql-connector-net-6.3.7-src\Tests\MySql.Data.Tests\BaseTest.cs:行号 174
在 MySql.Data.MySqlClient.Tests.BaseTest.Setup() 位置 D:\TFS\SSV4.X\src_V4.3\reference\mysql-connector-net\mysql-connector-net-6.3.7-src\Tests\MySql.Data.Tests\BaseTest.cs:行号 215
--WaitHandleCannotBeOpenedException
在 System.Threading.EventWaitHandle.OpenExisting(String name, EventWaitHandleRights rights)
在 MySql.Data.Common.SharedMemoryStream.GetConnectNumber(UInt32 timeOut) 位置 D:\TFS\SSV4.X\src_V4.3\reference\mysql-connector-net\mysql-connector-net-6.3.7-src\Source\MySql.Data\common\SharedMemoryStream.cs:行号 166
在 MySql.Data.Common.SharedMemoryStream.Open(UInt32 timeOut) 位置 D:\TFS\SSV4.X\src_V4.3\reference\mysql-connector-net\mysql-connector-net-6.3.7-src\Source\MySql.Data\common\SharedMemoryStream.cs:行号 120
在 MySql.Data.MySqlClient.NativeDriver.Open() 位置 D:\TFS\SSV4.X\src_V4.3\reference\mysql-connector-net\mysql-connector-net-6.3.7-src\Source\MySql.Data\NativeDriver.cs:行号 170
--TearDown
在 MySql.Data.MySqlClient.Tests.BaseTest.Teardown() 位置 D:\TFS\SSV4.X\src_V4.3\reference\mysql-connector-net\mysql-connector-net-6.3.7-src\Tests\MySql.Data.Tests\BaseTest.cs:行号 236
]]></stack-trace>
                                </failure>
                              </test-case>
                              <test-case name="MySql.Data.MySqlClient.Tests.PreparedStatementsSharedMemoryCompressed.PreparedStatements.ClosingCommandsProperly" executed="True" result="Error" success="False" time="5.016" asserts="1">
                                <failure>
                                  <message><![CDATA[SetUp : MySql.Data.MySqlClient.MySqlException : Unable to connect to any of the specified MySQL hosts.
  ----> System.Threading.WaitHandleCannotBeOpenedException : 不存在给定名称的句柄。
TearDown : NUnit.Framework.AssertionException :   Too many processes still running
  Expected: 0
  But was:  1
]]></message>
                                  <stack-trace><![CDATA[在 MySql.Data.MySqlClient.NativeDriver.Open() 位置 D:\TFS\SSV4.X\src_V4.3\reference\mysql-connector-net\mysql-connector-net-6.3.7-src\Source\MySql.Data\NativeDriver.cs:行号 269
在 MySql.Data.MySqlClient.Driver.Open() 位置 D:\TFS\SSV4.X\src_V4.3\reference\mysql-connector-net\mysql-connector-net-6.3.7-src\Source\MySql.Data\Driver.cs:行号 212
在 MySql.Data.MySqlClient.Driver.Create(MySqlConnectionStringBuilder settings) 位置 D:\TFS\SSV4.X\src_V4.3\reference\mysql-connector-net\mysql-connector-net-6.3.7-src\Source\MySql.Data\Driver.cs:行号 200
在 MySql.Data.MySqlClient.MySqlConnection.Open() 位置 D:\TFS\SSV4.X\src_V4.3\reference\mysql-connector-net\mysql-connector-net-6.3.7-src\Source\MySql.Data\Connection.cs:行号 514
在 MySql.Data.MySqlClient.Tests.BaseTest.Open() 位置 D:\TFS\SSV4.X\src_V4.3\reference\mysql-connector-net\mysql-connector-net-6.3.7-src\Tests\MySql.Data.Tests\BaseTest.cs:行号 174
在 MySql.Data.MySqlClient.Tests.BaseTest.Setup() 位置 D:\TFS\SSV4.X\src_V4.3\reference\mysql-connector-net\mysql-connector-net-6.3.7-src\Tests\MySql.Data.Tests\BaseTest.cs:行号 215
--WaitHandleCannotBeOpenedException
在 System.Threading.EventWaitHandle.OpenExisting(String name, EventWaitHandleRights rights)
在 MySql.Data.Common.SharedMemoryStream.GetConnectNumber(UInt32 timeOut) 位置 D:\TFS\SSV4.X\src_V4.3\reference\mysql-connector-net\mysql-connector-net-6.3.7-src\Source\MySql.Data\common\SharedMemoryStream.cs:行号 166
在 MySql.Data.Common.SharedMemoryStream.Open(UInt32 timeOut) 位置 D:\TFS\SSV4.X\src_V4.3\reference\mysql-connector-net\mysql-connector-net-6.3.7-src\Source\MySql.Data\common\SharedMemoryStream.cs:行号 120
在 MySql.Data.MySqlClient.NativeDriver.Open() 位置 D:\TFS\SSV4.X\src_V4.3\reference\mysql-connector-net\mysql-connector-net-6.3.7-src\Source\MySql.Data\NativeDriver.cs:行号 170
--TearDown
在 MySql.Data.MySqlClient.Tests.BaseTest.Teardown() 位置 D:\TFS\SSV4.X\src_V4.3\reference\mysql-connector-net\mysql-connector-net-6.3.7-src\Tests\MySql.Data.Tests\BaseTest.cs:行号 236
]]></stack-trace>
                                </failure>
                              </test-case>
                              <test-case name="MySql.Data.MySqlClient.Tests.PreparedStatementsSharedMemoryCompressed.PreparedStatements.CompoundStatements" executed="True" result="Error" success="False" time="5.024" asserts="1">
                                <failure>
                                  <message><![CDATA[SetUp : MySql.Data.MySqlClient.MySqlException : Unable to connect to any of the specified MySQL hosts.
  ----> System.Threading.WaitHandleCannotBeOpenedException : 不存在给定名称的句柄。
TearDown : NUnit.Framework.AssertionException :   Too many processes still running
  Expected: 0
  But was:  1
]]></message>
                                  <stack-trace><![CDATA[在 MySql.Data.MySqlClient.NativeDriver.Open() 位置 D:\TFS\SSV4.X\src_V4.3\reference\mysql-connector-net\mysql-connector-net-6.3.7-src\Source\MySql.Data\NativeDriver.cs:行号 269
在 MySql.Data.MySqlClient.Driver.Open() 位置 D:\TFS\SSV4.X\src_V4.3\reference\mysql-connector-net\mysql-connector-net-6.3.7-src\Source\MySql.Data\Driver.cs:行号 212
在 MySql.Data.MySqlClient.Driver.Create(MySqlConnectionStringBuilder settings) 位置 D:\TFS\SSV4.X\src_V4.3\reference\mysql-connector-net\mysql-connector-net-6.3.7-src\Source\MySql.Data\Driver.cs:行号 200
在 MySql.Data.MySqlClient.MySqlConnection.Open() 位置 D:\TFS\SSV4.X\src_V4.3\reference\mysql-connector-net\mysql-connector-net-6.3.7-src\Source\MySql.Data\Connection.cs:行号 514
在 MySql.Data.MySqlClient.Tests.BaseTest.Open() 位置 D:\TFS\SSV4.X\src_V4.3\reference\mysql-connector-net\mysql-connector-net-6.3.7-src\Tests\MySql.Data.Tests\BaseTest.cs:行号 174
在 MySql.Data.MySqlClient.Tests.BaseTest.Setup() 位置 D:\TFS\SSV4.X\src_V4.3\reference\mysql-connector-net\mysql-connector-net-6.3.7-src\Tests\MySql.Data.Tests\BaseTest.cs:行号 215
--WaitHandleCannotBeOpenedException
在 System.Threading.EventWaitHandle.OpenExisting(String name, EventWaitHandleRights rights)
在 MySql.Data.Common.SharedMemoryStream.GetConnectNumber(UInt32 timeOut) 位置 D:\TFS\SSV4.X\src_V4.3\reference\mysql-connector-net\mysql-connector-net-6.3.7-src\Source\MySql.Data\common\SharedMemoryStream.cs:行号 166
在 MySql.Data.Common.SharedMemoryStream.Open(UInt32 timeOut) 位置 D:\TFS\SSV4.X\src_V4.3\reference\mysql-connector-net\mysql-connector-net-6.3.7-src\Source\MySql.Data\common\SharedMemoryStream.cs:行号 120
在 MySql.Data.MySqlClient.NativeDriver.Open() 位置 D:\TFS\SSV4.X\src_V4.3\reference\mysql-connector-net\mysql-connector-net-6.3.7-src\Source\MySql.Data\NativeDriver.cs:行号 170
--TearDown
在 MySql.Data.MySqlClient.Tests.BaseTest.Teardown() 位置 D:\TFS\SSV4.X\src_V4.3\reference\mysql-connector-net\mysql-connector-net-6.3.7-src\Tests\MySql.Data.Tests\BaseTest.cs:行号 236
]]></stack-trace>
                                </failure>
                              </test-case>
                              <test-case name="MySql.Data.MySqlClient.Tests.PreparedStatementsSharedMemoryCompressed.PreparedStatements.DateAndTimes" executed="True" result="Error" success="False" time="5.017" asserts="1">
                                <failure>
                                  <message><![CDATA[SetUp : MySql.Data.MySqlClient.MySqlException : Unable to connect to any of the specified MySQL hosts.
  ----> System.Threading.WaitHandleCannotBeOpenedException : 不存在给定名称的句柄。
TearDown : NUnit.Framework.AssertionException :   Too many processes still running
  Expected: 0
  But was:  1
]]></message>
                                  <stack-trace><![CDATA[在 MySql.Data.MySqlClient.NativeDriver.Open() 位置 D:\TFS\SSV4.X\src_V4.3\reference\mysql-connector-net\mysql-connector-net-6.3.7-src\Source\MySql.Data\NativeDriver.cs:行号 269
在 MySql.Data.MySqlClient.Driver.Open() 位置 D:\TFS\SSV4.X\src_V4.3\reference\mysql-connector-net\mysql-connector-net-6.3.7-src\Source\MySql.Data\Driver.cs:行号 212
在 MySql.Data.MySqlClient.Driver.Create(MySqlConnectionStringBuilder settings) 位置 D:\TFS\SSV4.X\src_V4.3\reference\mysql-connector-net\mysql-connector-net-6.3.7-src\Source\MySql.Data\Driver.cs:行号 200
在 MySql.Data.MySqlClient.MySqlConnection.Open() 位置 D:\TFS\SSV4.X\src_V4.3\reference\mysql-connector-net\mysql-connector-net-6.3.7-src\Source\MySql.Data\Connection.cs:行号 514
在 MySql.Data.MySqlClient.Tests.BaseTest.Open() 位置 D:\TFS\SSV4.X\src_V4.3\reference\mysql-connector-net\mysql-connector-net-6.3.7-src\Tests\MySql.Data.Tests\BaseTest.cs:行号 174
在 MySql.Data.MySqlClient.Tests.BaseTest.Setup() 位置 D:\TFS\SSV4.X\src_V4.3\reference\mysql-connector-net\mysql-connector-net-6.3.7-src\Tests\MySql.Data.Tests\BaseTest.cs:行号 215
--WaitHandleCannotBeOpenedException
在 System.Threading.EventWaitHandle.OpenExisting(String name, EventWaitHandleRights rights)
在 MySql.Data.Common.SharedMemoryStream.GetConnectNumber(UInt32 timeOut) 位置 D:\TFS\SSV4.X\src_V4.3\reference\mysql-connector-net\mysql-connector-net-6.3.7-src\Source\MySql.Data\common\SharedMemoryStream.cs:行号 166
在 MySql.Data.Common.SharedMemoryStream.Open(UInt32 timeOut) 位置 D:\TFS\SSV4.X\src_V4.3\reference\mysql-connector-net\mysql-connector-net-6.3.7-src\Source\MySql.Data\common\SharedMemoryStream.cs:行号 120
在 MySql.Data.MySqlClient.NativeDriver.Open() 位置 D:\TFS\SSV4.X\src_V4.3\reference\mysql-connector-net\mysql-connector-net-6.3.7-src\Source\MySql.Data\NativeDriver.cs:行号 170
--TearDown
在 MySql.Data.MySqlClient.Tests.BaseTest.Teardown() 位置 D:\TFS\SSV4.X\src_V4.3\reference\mysql-connector-net\mysql-connector-net-6.3.7-src\Tests\MySql.Data.Tests\BaseTest.cs:行号 236
]]></stack-trace>
                                </failure>
                              </test-case>
                              <test-case name="MySql.Data.MySqlClient.Tests.PreparedStatementsSharedMemoryCompressed.PreparedStatements.DifferentParameterOrder" executed="True" result="Error" success="False" time="5.028" asserts="1">
                                <failure>
                                  <message><![CDATA[SetUp : MySql.Data.MySqlClient.MySqlException : Unable to connect to any of the specified MySQL hosts.
  ----> System.Threading.WaitHandleCannotBeOpenedException : 不存在给定名称的句柄。
TearDown : NUnit.Framework.AssertionException :   Too many processes still running
  Expected: 0
  But was:  1
]]></message>
                                  <stack-trace><![CDATA[在 MySql.Data.MySqlClient.NativeDriver.Open() 位置 D:\TFS\SSV4.X\src_V4.3\reference\mysql-connector-net\mysql-connector-net-6.3.7-src\Source\MySql.Data\NativeDriver.cs:行号 269
在 MySql.Data.MySqlClient.Driver.Open() 位置 D:\TFS\SSV4.X\src_V4.3\reference\mysql-connector-net\mysql-connector-net-6.3.7-src\Source\MySql.Data\Driver.cs:行号 212
在 MySql.Data.MySqlClient.Driver.Create(MySqlConnectionStringBuilder settings) 位置 D:\TFS\SSV4.X\src_V4.3\reference\mysql-connector-net\mysql-connector-net-6.3.7-src\Source\MySql.Data\Driver.cs:行号 200
在 MySql.Data.MySqlClient.MySqlConnection.Open() 位置 D:\TFS\SSV4.X\src_V4.3\reference\mysql-connector-net\mysql-connector-net-6.3.7-src\Source\MySql.Data\Connection.cs:行号 514
在 MySql.Data.MySqlClient.Tests.BaseTest.Open() 位置 D:\TFS\SSV4.X\src_V4.3\reference\mysql-connector-net\mysql-connector-net-6.3.7-src\Tests\MySql.Data.Tests\BaseTest.cs:行号 174
在 MySql.Data.MySqlClient.Tests.BaseTest.Setup() 位置 D:\TFS\SSV4.X\src_V4.3\reference\mysql-connector-net\mysql-connector-net-6.3.7-src\Tests\MySql.Data.Tests\BaseTest.cs:行号 215
--WaitHandleCannotBeOpenedException
在 System.Threading.EventWaitHandle.OpenExisting(String name, EventWaitHandleRights rights)
在 MySql.Data.Common.SharedMemoryStream.GetConnectNumber(UInt32 timeOut) 位置 D:\TFS\SSV4.X\src_V4.3\reference\mysql-connector-net\mysql-connector-net-6.3.7-src\Source\MySql.Data\common\SharedMemoryStream.cs:行号 166
在 MySql.Data.Common.SharedMemoryStream.Open(UInt32 timeOut) 位置 D:\TFS\SSV4.X\src_V4.3\reference\mysql-connector-net\mysql-connector-net-6.3.7-src\Source\MySql.Data\common\SharedMemoryStream.cs:行号 120
在 MySql.Data.MySqlClient.NativeDriver.Open() 位置 D:\TFS\SSV4.X\src_V4.3\reference\mysql-connector-net\mysql-connector-net-6.3.7-src\Source\MySql.Data\NativeDriver.cs:行号 170
--TearDown
在 MySql.Data.MySqlClient.Tests.BaseTest.Teardown() 位置 D:\TFS\SSV4.X\src_V4.3\reference\mysql-connector-net\mysql-connector-net-6.3.7-src\Tests\MySql.Data.Tests\BaseTest.cs:行号 236
]]></stack-trace>
                                </failure>
                              </test-case>
                              <test-case name="MySql.Data.MySqlClient.Tests.PreparedStatementsSharedMemoryCompressed.PreparedStatements.InsertAccentedCharacters" executed="True" result="Error" success="False" time="5.021" asserts="1">
                                <failure>
                                  <message><![CDATA[SetUp : MySql.Data.MySqlClient.MySqlException : Unable to connect to any of the specified MySQL hosts.
  ----> System.Threading.WaitHandleCannotBeOpenedException : 不存在给定名称的句柄。
TearDown : NUnit.Framework.AssertionException :   Too many processes still running
  Expected: 0
  But was:  1
]]></message>
                                  <stack-trace><![CDATA[在 MySql.Data.MySqlClient.NativeDriver.Open() 位置 D:\TFS\SSV4.X\src_V4.3\reference\mysql-connector-net\mysql-connector-net-6.3.7-src\Source\MySql.Data\NativeDriver.cs:行号 269
在 MySql.Data.MySqlClient.Driver.Open() 位置 D:\TFS\SSV4.X\src_V4.3\reference\mysql-connector-net\mysql-connector-net-6.3.7-src\Source\MySql.Data\Driver.cs:行号 212
在 MySql.Data.MySqlClient.Driver.Create(MySqlConnectionStringBuilder settings) 位置 D:\TFS\SSV4.X\src_V4.3\reference\mysql-connector-net\mysql-connector-net-6.3.7-src\Source\MySql.Data\Driver.cs:行号 200
在 MySql.Data.MySqlClient.MySqlConnection.Open() 位置 D:\TFS\SSV4.X\src_V4.3\reference\mysql-connector-net\mysql-connector-net-6.3.7-src\Source\MySql.Data\Connection.cs:行号 514
在 MySql.Data.MySqlClient.Tests.BaseTest.Open() 位置 D:\TFS\SSV4.X\src_V4.3\reference\mysql-connector-net\mysql-connector-net-6.3.7-src\Tests\MySql.Data.Tests\BaseTest.cs:行号 174
在 MySql.Data.MySqlClient.Tests.BaseTest.Setup() 位置 D:\TFS\SSV4.X\src_V4.3\reference\mysql-connector-net\mysql-connector-net-6.3.7-src\Tests\MySql.Data.Tests\BaseTest.cs:行号 215
--WaitHandleCannotBeOpenedException
在 System.Threading.EventWaitHandle.OpenExisting(String name, EventWaitHandleRights rights)
在 MySql.Data.Common.SharedMemoryStream.GetConnectNumber(UInt32 timeOut) 位置 D:\TFS\SSV4.X\src_V4.3\reference\mysql-connector-net\mysql-connector-net-6.3.7-src\Source\MySql.Data\common\SharedMemoryStream.cs:行号 166
在 MySql.Data.Common.SharedMemoryStream.Open(UInt32 timeOut) 位置 D:\TFS\SSV4.X\src_V4.3\reference\mysql-connector-net\mysql-connector-net-6.3.7-src\Source\MySql.Data\common\SharedMemoryStream.cs:行号 120
在 MySql.Data.MySqlClient.NativeDriver.Open() 位置 D:\TFS\SSV4.X\src_V4.3\reference\mysql-connector-net\mysql-connector-net-6.3.7-src\Source\MySql.Data\NativeDriver.cs:行号 170
--TearDown
在 MySql.Data.MySqlClient.Tests.BaseTest.Teardown() 位置 D:\TFS\SSV4.X\src_V4.3\reference\mysql-connector-net\mysql-connector-net-6.3.7-src\Tests\MySql.Data.Tests\BaseTest.cs:行号 236
]]></stack-trace>
                                </failure>
                              </test-case>
                              <test-case name="MySql.Data.MySqlClient.Tests.PreparedStatementsSharedMemoryCompressed.PreparedStatements.InsertingUnsignedTinyInt" executed="True" result="Error" success="False" time="5.015" asserts="1">
                                <failure>
                                  <message><![CDATA[SetUp : MySql.Data.MySqlClient.MySqlException : Unable to connect to any of the specified MySQL hosts.
  ----> System.Threading.WaitHandleCannotBeOpenedException : 不存在给定名称的句柄。
TearDown : NUnit.Framework.AssertionException :   Too many processes still running
  Expected: 0
  But was:  1
]]></message>
                                  <stack-trace><![CDATA[在 MySql.Data.MySqlClient.NativeDriver.Open() 位置 D:\TFS\SSV4.X\src_V4.3\reference\mysql-connector-net\mysql-connector-net-6.3.7-src\Source\MySql.Data\NativeDriver.cs:行号 269
在 MySql.Data.MySqlClient.Driver.Open() 位置 D:\TFS\SSV4.X\src_V4.3\reference\mysql-connector-net\mysql-connector-net-6.3.7-src\Source\MySql.Data\Driver.cs:行号 212
在 MySql.Data.MySqlClient.Driver.Create(MySqlConnectionStringBuilder settings) 位置 D:\TFS\SSV4.X\src_V4.3\reference\mysql-connector-net\mysql-connector-net-6.3.7-src\Source\MySql.Data\Driver.cs:行号 200
在 MySql.Data.MySqlClient.MySqlConnection.Open() 位置 D:\TFS\SSV4.X\src_V4.3\reference\mysql-connector-net\mysql-connector-net-6.3.7-src\Source\MySql.Data\Connection.cs:行号 514
在 MySql.Data.MySqlClient.Tests.BaseTest.Open() 位置 D:\TFS\SSV4.X\src_V4.3\reference\mysql-connector-net\mysql-connector-net-6.3.7-src\Tests\MySql.Data.Tests\BaseTest.cs:行号 174
在 MySql.Data.MySqlClient.Tests.BaseTest.Setup() 位置 D:\TFS\SSV4.X\src_V4.3\reference\mysql-connector-net\mysql-connector-net-6.3.7-src\Tests\MySql.Data.Tests\BaseTest.cs:行号 215
--WaitHandleCannotBeOpenedException
在 System.Threading.EventWaitHandle.OpenExisting(String name, EventWaitHandleRights rights)
在 MySql.Data.Common.SharedMemoryStream.GetConnectNumber(UInt32 timeOut) 位置 D:\TFS\SSV4.X\src_V4.3\reference\mysql-connector-net\mysql-connector-net-6.3.7-src\Source\MySql.Data\common\SharedMemoryStream.cs:行号 166
在 MySql.Data.Common.SharedMemoryStream.Open(UInt32 timeOut) 位置 D:\TFS\SSV4.X\src_V4.3\reference\mysql-connector-net\mysql-connector-net-6.3.7-src\Source\MySql.Data\common\SharedMemoryStream.cs:行号 120
在 MySql.Data.MySqlClient.NativeDriver.Open() 位置 D:\TFS\SSV4.X\src_V4.3\reference\mysql-connector-net\mysql-connector-net-6.3.7-src\Source\MySql.Data\NativeDriver.cs:行号 170
--TearDown
在 MySql.Data.MySqlClient.Tests.BaseTest.Teardown() 位置 D:\TFS\SSV4.X\src_V4.3\reference\mysql-connector-net\mysql-connector-net-6.3.7-src\Tests\MySql.Data.Tests\BaseTest.cs:行号 236
]]></stack-trace>
                                </failure>
                              </test-case>
                              <test-case name="MySql.Data.MySqlClient.Tests.PreparedStatementsSharedMemoryCompressed.PreparedStatements.MoreParametersOutOfOrder" executed="True" result="Error" success="False" time="5.035" asserts="1">
                                <failure>
                                  <message><![CDATA[SetUp : MySql.Data.MySqlClient.MySqlException : Unable to connect to any of the specified MySQL hosts.
  ----> System.Threading.WaitHandleCannotBeOpenedException : 不存在给定名称的句柄。
TearDown : NUnit.Framework.AssertionException :   Too many processes still running
  Expected: 0
  But was:  1
]]></message>
                                  <stack-trace><![CDATA[在 MySql.Data.MySqlClient.NativeDriver.Open() 位置 D:\TFS\SSV4.X\src_V4.3\reference\mysql-connector-net\mysql-connector-net-6.3.7-src\Source\MySql.Data\NativeDriver.cs:行号 269
在 MySql.Data.MySqlClient.Driver.Open() 位置 D:\TFS\SSV4.X\src_V4.3\reference\mysql-connector-net\mysql-connector-net-6.3.7-src\Source\MySql.Data\Driver.cs:行号 212
在 MySql.Data.MySqlClient.Driver.Create(MySqlConnectionStringBuilder settings) 位置 D:\TFS\SSV4.X\src_V4.3\reference\mysql-connector-net\mysql-connector-net-6.3.7-src\Source\MySql.Data\Driver.cs:行号 200
在 MySql.Data.MySqlClient.MySqlConnection.Open() 位置 D:\TFS\SSV4.X\src_V4.3\reference\mysql-connector-net\mysql-connector-net-6.3.7-src\Source\MySql.Data\Connection.cs:行号 514
在 MySql.Data.MySqlClient.Tests.BaseTest.Open() 位置 D:\TFS\SSV4.X\src_V4.3\reference\mysql-connector-net\mysql-connector-net-6.3.7-src\Tests\MySql.Data.Tests\BaseTest.cs:行号 174
在 MySql.Data.MySqlClient.Tests.BaseTest.Setup() 位置 D:\TFS\SSV4.X\src_V4.3\reference\mysql-connector-net\mysql-connector-net-6.3.7-src\Tests\MySql.Data.Tests\BaseTest.cs:行号 215
--WaitHandleCannotBeOpenedException
在 System.Threading.EventWaitHandle.OpenExisting(String name, EventWaitHandleRights rights)
在 MySql.Data.Common.SharedMemoryStream.GetConnectNumber(UInt32 timeOut) 位置 D:\TFS\SSV4.X\src_V4.3\reference\mysql-connector-net\mysql-connector-net-6.3.7-src\Source\MySql.Data\common\SharedMemoryStream.cs:行号 166
在 MySql.Data.Common.SharedMemoryStream.Open(UInt32 timeOut) 位置 D:\TFS\SSV4.X\src_V4.3\reference\mysql-connector-net\mysql-connector-net-6.3.7-src\Source\MySql.Data\common\SharedMemoryStream.cs:行号 120
在 MySql.Data.MySqlClient.NativeDriver.Open() 位置 D:\TFS\SSV4.X\src_V4.3\reference\mysql-connector-net\mysql-connector-net-6.3.7-src\Source\MySql.Data\NativeDriver.cs:行号 170
--TearDown
在 MySql.Data.MySqlClient.Tests.BaseTest.Teardown() 位置 D:\TFS\SSV4.X\src_V4.3\reference\mysql-connector-net\mysql-connector-net-6.3.7-src\Tests\MySql.Data.Tests\BaseTest.cs:行号 236
]]></stack-trace>
                                </failure>
                              </test-case>
                              <test-case name="MySql.Data.MySqlClient.Tests.PreparedStatementsSharedMemoryCompressed.PreparedStatements.NegativeTimeNonPrepared" executed="True" result="Error" success="False" time="5.020" asserts="1">
                                <failure>
                                  <message><![CDATA[SetUp : MySql.Data.MySqlClient.MySqlException : Unable to connect to any of the specified MySQL hosts.
  ----> System.Threading.WaitHandleCannotBeOpenedException : 不存在给定名称的句柄。
TearDown : NUnit.Framework.AssertionException :   Too many processes still running
  Expected: 0
  But was:  1
]]></message>
                                  <stack-trace><![CDATA[在 MySql.Data.MySqlClient.NativeDriver.Open() 位置 D:\TFS\SSV4.X\src_V4.3\reference\mysql-connector-net\mysql-connector-net-6.3.7-src\Source\MySql.Data\NativeDriver.cs:行号 269
在 MySql.Data.MySqlClient.Driver.Open() 位置 D:\TFS\SSV4.X\src_V4.3\reference\mysql-connector-net\mysql-connector-net-6.3.7-src\Source\MySql.Data\Driver.cs:行号 212
在 MySql.Data.MySqlClient.Driver.Create(MySqlConnectionStringBuilder settings) 位置 D:\TFS\SSV4.X\src_V4.3\reference\mysql-connector-net\mysql-connector-net-6.3.7-src\Source\MySql.Data\Driver.cs:行号 200
在 MySql.Data.MySqlClient.MySqlConnection.Open() 位置 D:\TFS\SSV4.X\src_V4.3\reference\mysql-connector-net\mysql-connector-net-6.3.7-src\Source\MySql.Data\Connection.cs:行号 514
在 MySql.Data.MySqlClient.Tests.BaseTest.Open() 位置 D:\TFS\SSV4.X\src_V4.3\reference\mysql-connector-net\mysql-connector-net-6.3.7-src\Tests\MySql.Data.Tests\BaseTest.cs:行号 174
在 MySql.Data.MySqlClient.Tests.BaseTest.Setup() 位置 D:\TFS\SSV4.X\src_V4.3\reference\mysql-connector-net\mysql-connector-net-6.3.7-src\Tests\MySql.Data.Tests\BaseTest.cs:行号 215
--WaitHandleCannotBeOpenedException
在 System.Threading.EventWaitHandle.OpenExisting(String name, EventWaitHandleRights rights)
在 MySql.Data.Common.SharedMemoryStream.GetConnectNumber(UInt32 timeOut) 位置 D:\TFS\SSV4.X\src_V4.3\reference\mysql-connector-net\mysql-connector-net-6.3.7-src\Source\MySql.Data\common\SharedMemoryStream.cs:行号 166
在 MySql.Data.Common.SharedMemoryStream.Open(UInt32 timeOut) 位置 D:\TFS\SSV4.X\src_V4.3\reference\mysql-connector-net\mysql-connector-net-6.3.7-src\Source\MySql.Data\common\SharedMemoryStream.cs:行号 120
在 MySql.Data.MySqlClient.NativeDriver.Open() 位置 D:\TFS\SSV4.X\src_V4.3\reference\mysql-connector-net\mysql-connector-net-6.3.7-src\Source\MySql.Data\NativeDriver.cs:行号 170
--TearDown
在 MySql.Data.MySqlClient.Tests.BaseTest.Teardown() 位置 D:\TFS\SSV4.X\src_V4.3\reference\mysql-connector-net\mysql-connector-net-6.3.7-src\Tests\MySql.Data.Tests\BaseTest.cs:行号 236
]]></stack-trace>
                                </failure>
                              </test-case>
                              <test-case name="MySql.Data.MySqlClient.Tests.PreparedStatementsSharedMemoryCompressed.PreparedStatements.NegativeTimePrepared" executed="True" result="Error" success="False" time="5.027" asserts="1">
                                <failure>
                                  <message><![CDATA[SetUp : MySql.Data.MySqlClient.MySqlException : Unable to connect to any of the specified MySQL hosts.
  ----> System.Threading.WaitHandleCannotBeOpenedException : 不存在给定名称的句柄。
TearDown : NUnit.Framework.AssertionException :   Too many processes still running
  Expected: 0
  But was:  1
]]></message>
                                  <stack-trace><![CDATA[在 MySql.Data.MySqlClient.NativeDriver.Open() 位置 D:\TFS\SSV4.X\src_V4.3\reference\mysql-connector-net\mysql-connector-net-6.3.7-src\Source\MySql.Data\NativeDriver.cs:行号 269
在 MySql.Data.MySqlClient.Driver.Open() 位置 D:\TFS\SSV4.X\src_V4.3\reference\mysql-connector-net\mysql-connector-net-6.3.7-src\Source\MySql.Data\Driver.cs:行号 212
在 MySql.Data.MySqlClient.Driver.Create(MySqlConnectionStringBuilder settings) 位置 D:\TFS\SSV4.X\src_V4.3\reference\mysql-connector-net\mysql-connector-net-6.3.7-src\Source\MySql.Data\Driver.cs:行号 200
在 MySql.Data.MySqlClient.MySqlConnection.Open() 位置 D:\TFS\SSV4.X\src_V4.3\reference\mysql-connector-net\mysql-connector-net-6.3.7-src\Source\MySql.Data\Connection.cs:行号 514
在 MySql.Data.MySqlClient.Tests.BaseTest.Open() 位置 D:\TFS\SSV4.X\src_V4.3\reference\mysql-connector-net\mysql-connector-net-6.3.7-src\Tests\MySql.Data.Tests\BaseTest.cs:行号 174
在 MySql.Data.MySqlClient.Tests.BaseTest.Setup() 位置 D:\TFS\SSV4.X\src_V4.3\reference\mysql-connector-net\mysql-connector-net-6.3.7-src\Tests\MySql.Data.Tests\BaseTest.cs:行号 215
--WaitHandleCannotBeOpenedException
在 System.Threading.EventWaitHandle.OpenExisting(String name, EventWaitHandleRights rights)
在 MySql.Data.Common.SharedMemoryStream.GetConnectNumber(UInt32 timeOut) 位置 D:\TFS\SSV4.X\src_V4.3\reference\mysql-connector-net\mysql-connector-net-6.3.7-src\Source\MySql.Data\common\SharedMemoryStream.cs:行号 166
在 MySql.Data.Common.SharedMemoryStream.Open(UInt32 timeOut) 位置 D:\TFS\SSV4.X\src_V4.3\reference\mysql-connector-net\mysql-connector-net-6.3.7-src\Source\MySql.Data\common\SharedMemoryStream.cs:行号 120
在 MySql.Data.MySqlClient.NativeDriver.Open() 位置 D:\TFS\SSV4.X\src_V4.3\reference\mysql-connector-net\mysql-connector-net-6.3.7-src\Source\MySql.Data\NativeDriver.cs:行号 170
--TearDown
在 MySql.Data.MySqlClient.Tests.BaseTest.Teardown() 位置 D:\TFS\SSV4.X\src_V4.3\reference\mysql-connector-net\mysql-connector-net-6.3.7-src\Tests\MySql.Data.Tests\BaseTest.cs:行号 236
]]></stack-trace>
                                </failure>
                              </test-case>
                              <test-case name="MySql.Data.MySqlClient.Tests.PreparedStatementsSharedMemoryCompressed.PreparedStatements.ParameterLengths" executed="True" result="Error" success="False" time="5.022" asserts="1">
                                <failure>
                                  <message><![CDATA[SetUp : MySql.Data.MySqlClient.MySqlException : Unable to connect to any of the specified MySQL hosts.
  ----> System.Threading.WaitHandleCannotBeOpenedException : 不存在给定名称的句柄。
TearDown : NUnit.Framework.AssertionException :   Too many processes still running
  Expected: 0
  But was:  1
]]></message>
                                  <stack-trace><![CDATA[在 MySql.Data.MySqlClient.NativeDriver.Open() 位置 D:\TFS\SSV4.X\src_V4.3\reference\mysql-connector-net\mysql-connector-net-6.3.7-src\Source\MySql.Data\NativeDriver.cs:行号 269
在 MySql.Data.MySqlClient.Driver.Open() 位置 D:\TFS\SSV4.X\src_V4.3\reference\mysql-connector-net\mysql-connector-net-6.3.7-src\Source\MySql.Data\Driver.cs:行号 212
在 MySql.Data.MySqlClient.Driver.Create(MySqlConnectionStringBuilder settings) 位置 D:\TFS\SSV4.X\src_V4.3\reference\mysql-connector-net\mysql-connector-net-6.3.7-src\Source\MySql.Data\Driver.cs:行号 200
在 MySql.Data.MySqlClient.MySqlConnection.Open() 位置 D:\TFS\SSV4.X\src_V4.3\reference\mysql-connector-net\mysql-connector-net-6.3.7-src\Source\MySql.Data\Connection.cs:行号 514
在 MySql.Data.MySqlClient.Tests.BaseTest.Open() 位置 D:\TFS\SSV4.X\src_V4.3\reference\mysql-connector-net\mysql-connector-net-6.3.7-src\Tests\MySql.Data.Tests\BaseTest.cs:行号 174
在 MySql.Data.MySqlClient.Tests.BaseTest.Setup() 位置 D:\TFS\SSV4.X\src_V4.3\reference\mysql-connector-net\mysql-connector-net-6.3.7-src\Tests\MySql.Data.Tests\BaseTest.cs:行号 215
--WaitHandleCannotBeOpenedException
在 System.Threading.EventWaitHandle.OpenExisting(String name, EventWaitHandleRights rights)
在 MySql.Data.Common.SharedMemoryStream.GetConnectNumber(UInt32 timeOut) 位置 D:\TFS\SSV4.X\src_V4.3\reference\mysql-connector-net\mysql-connector-net-6.3.7-src\Source\MySql.Data\common\SharedMemoryStream.cs:行号 166
在 MySql.Data.Common.SharedMemoryStream.Open(UInt32 timeOut) 位置 D:\TFS\SSV4.X\src_V4.3\reference\mysql-connector-net\mysql-connector-net-6.3.7-src\Source\MySql.Data\common\SharedMemoryStream.cs:行号 120
在 MySql.Data.MySqlClient.NativeDriver.Open() 位置 D:\TFS\SSV4.X\src_V4.3\reference\mysql-connector-net\mysql-connector-net-6.3.7-src\Source\MySql.Data\NativeDriver.cs:行号 170
--TearDown
在 MySql.Data.MySqlClient.Tests.BaseTest.Teardown() 位置 D:\TFS\SSV4.X\src_V4.3\reference\mysql-connector-net\mysql-connector-net-6.3.7-src\Tests\MySql.Data.Tests\BaseTest.cs:行号 236
]]></stack-trace>
                                </failure>
                              </test-case>
                              <test-case name="MySql.Data.MySqlClient.Tests.PreparedStatementsSharedMemoryCompressed.PreparedStatements.PrepareEmptyString" executed="True" result="Error" success="False" time="5.026" asserts="1">
                                <failure>
                                  <message><![CDATA[SetUp : MySql.Data.MySqlClient.MySqlException : Unable to connect to any of the specified MySQL hosts.
  ----> System.Threading.WaitHandleCannotBeOpenedException : 不存在给定名称的句柄。
TearDown : NUnit.Framework.AssertionException :   Too many processes still running
  Expected: 0
  But was:  1
]]></message>
                                  <stack-trace><![CDATA[在 MySql.Data.MySqlClient.NativeDriver.Open() 位置 D:\TFS\SSV4.X\src_V4.3\reference\mysql-connector-net\mysql-connector-net-6.3.7-src\Source\MySql.Data\NativeDriver.cs:行号 269
在 MySql.Data.MySqlClient.Driver.Open() 位置 D:\TFS\SSV4.X\src_V4.3\reference\mysql-connector-net\mysql-connector-net-6.3.7-src\Source\MySql.Data\Driver.cs:行号 212
在 MySql.Data.MySqlClient.Driver.Create(MySqlConnectionStringBuilder settings) 位置 D:\TFS\SSV4.X\src_V4.3\reference\mysql-connector-net\mysql-connector-net-6.3.7-src\Source\MySql.Data\Driver.cs:行号 200
在 MySql.Data.MySqlClient.MySqlConnection.Open() 位置 D:\TFS\SSV4.X\src_V4.3\reference\mysql-connector-net\mysql-connector-net-6.3.7-src\Source\MySql.Data\Connection.cs:行号 514
在 MySql.Data.MySqlClient.Tests.BaseTest.Open() 位置 D:\TFS\SSV4.X\src_V4.3\reference\mysql-connector-net\mysql-connector-net-6.3.7-src\Tests\MySql.Data.Tests\BaseTest.cs:行号 174
在 MySql.Data.MySqlClient.Tests.BaseTest.Setup() 位置 D:\TFS\SSV4.X\src_V4.3\reference\mysql-connector-net\mysql-connector-net-6.3.7-src\Tests\MySql.Data.Tests\BaseTest.cs:行号 215
--WaitHandleCannotBeOpenedException
在 System.Threading.EventWaitHandle.OpenExisting(String name, EventWaitHandleRights rights)
在 MySql.Data.Common.SharedMemoryStream.GetConnectNumber(UInt32 timeOut) 位置 D:\TFS\SSV4.X\src_V4.3\reference\mysql-connector-net\mysql-connector-net-6.3.7-src\Source\MySql.Data\common\SharedMemoryStream.cs:行号 166
在 MySql.Data.Common.SharedMemoryStream.Open(UInt32 timeOut) 位置 D:\TFS\SSV4.X\src_V4.3\reference\mysql-connector-net\mysql-connector-net-6.3.7-src\Source\MySql.Data\common\SharedMemoryStream.cs:行号 120
在 MySql.Data.MySqlClient.NativeDriver.Open() 位置 D:\TFS\SSV4.X\src_V4.3\reference\mysql-connector-net\mysql-connector-net-6.3.7-src\Source\MySql.Data\NativeDriver.cs:行号 170
--TearDown
在 MySql.Data.MySqlClient.Tests.BaseTest.Teardown() 位置 D:\TFS\SSV4.X\src_V4.3\reference\mysql-connector-net\mysql-connector-net-6.3.7-src\Tests\MySql.Data.Tests\BaseTest.cs:行号 236
]]></stack-trace>
                                </failure>
                              </test-case>
                              <test-case name="MySql.Data.MySqlClient.Tests.PreparedStatementsSharedMemoryCompressed.PreparedStatements.ResetCommandText" executed="True" result="Error" success="False" time="5.020" asserts="1">
                                <failure>
                                  <message><![CDATA[SetUp : MySql.Data.MySqlClient.MySqlException : Unable to connect to any of the specified MySQL hosts.
  ----> System.Threading.WaitHandleCannotBeOpenedException : 不存在给定名称的句柄。
TearDown : NUnit.Framework.AssertionException :   Too many processes still running
  Expected: 0
  But was:  1
]]></message>
                                  <stack-trace><![CDATA[在 MySql.Data.MySqlClient.NativeDriver.Open() 位置 D:\TFS\SSV4.X\src_V4.3\reference\mysql-connector-net\mysql-connector-net-6.3.7-src\Source\MySql.Data\NativeDriver.cs:行号 269
在 MySql.Data.MySqlClient.Driver.Open() 位置 D:\TFS\SSV4.X\src_V4.3\reference\mysql-connector-net\mysql-connector-net-6.3.7-src\Source\MySql.Data\Driver.cs:行号 212
在 MySql.Data.MySqlClient.Driver.Create(MySqlConnectionStringBuilder settings) 位置 D:\TFS\SSV4.X\src_V4.3\reference\mysql-connector-net\mysql-connector-net-6.3.7-src\Source\MySql.Data\Driver.cs:行号 200
在 MySql.Data.MySqlClient.MySqlConnection.Open() 位置 D:\TFS\SSV4.X\src_V4.3\reference\mysql-connector-net\mysql-connector-net-6.3.7-src\Source\MySql.Data\Connection.cs:行号 514
在 MySql.Data.MySqlClient.Tests.BaseTest.Open() 位置 D:\TFS\SSV4.X\src_V4.3\reference\mysql-connector-net\mysql-connector-net-6.3.7-src\Tests\MySql.Data.Tests\BaseTest.cs:行号 174
在 MySql.Data.MySqlClient.Tests.BaseTest.Setup() 位置 D:\TFS\SSV4.X\src_V4.3\reference\mysql-connector-net\mysql-connector-net-6.3.7-src\Tests\MySql.Data.Tests\BaseTest.cs:行号 215
--WaitHandleCannotBeOpenedException
在 System.Threading.EventWaitHandle.OpenExisting(String name, EventWaitHandleRights rights)
在 MySql.Data.Common.SharedMemoryStream.GetConnectNumber(UInt32 timeOut) 位置 D:\TFS\SSV4.X\src_V4.3\reference\mysql-connector-net\mysql-connector-net-6.3.7-src\Source\MySql.Data\common\SharedMemoryStream.cs:行号 166
在 MySql.Data.Common.SharedMemoryStream.Open(UInt32 timeOut) 位置 D:\TFS\SSV4.X\src_V4.3\reference\mysql-connector-net\mysql-connector-net-6.3.7-src\Source\MySql.Data\common\SharedMemoryStream.cs:行号 120
在 MySql.Data.MySqlClient.NativeDriver.Open() 位置 D:\TFS\SSV4.X\src_V4.3\reference\mysql-connector-net\mysql-connector-net-6.3.7-src\Source\MySql.Data\NativeDriver.cs:行号 170
--TearDown
在 MySql.Data.MySqlClient.Tests.BaseTest.Teardown() 位置 D:\TFS\SSV4.X\src_V4.3\reference\mysql-connector-net\mysql-connector-net-6.3.7-src\Tests\MySql.Data.Tests\BaseTest.cs:行号 236
]]></stack-trace>
                                </failure>
                              </test-case>
                              <test-case name="MySql.Data.MySqlClient.Tests.PreparedStatementsSharedMemoryCompressed.PreparedStatements.SchemaOnly" executed="True" result="Error" success="False" time="5.017" asserts="1">
                                <failure>
                                  <message><![CDATA[SetUp : MySql.Data.MySqlClient.MySqlException : Unable to connect to any of the specified MySQL hosts.
  ----> System.Threading.WaitHandleCannotBeOpenedException : 不存在给定名称的句柄。
TearDown : NUnit.Framework.AssertionException :   Too many processes still running
  Expected: 0
  But was:  1
]]></message>
                                  <stack-trace><![CDATA[在 MySql.Data.MySqlClient.NativeDriver.Open() 位置 D:\TFS\SSV4.X\src_V4.3\reference\mysql-connector-net\mysql-connector-net-6.3.7-src\Source\MySql.Data\NativeDriver.cs:行号 269
在 MySql.Data.MySqlClient.Driver.Open() 位置 D:\TFS\SSV4.X\src_V4.3\reference\mysql-connector-net\mysql-connector-net-6.3.7-src\Source\MySql.Data\Driver.cs:行号 212
在 MySql.Data.MySqlClient.Driver.Create(MySqlConnectionStringBuilder settings) 位置 D:\TFS\SSV4.X\src_V4.3\reference\mysql-connector-net\mysql-connector-net-6.3.7-src\Source\MySql.Data\Driver.cs:行号 200
在 MySql.Data.MySqlClient.MySqlConnection.Open() 位置 D:\TFS\SSV4.X\src_V4.3\reference\mysql-connector-net\mysql-connector-net-6.3.7-src\Source\MySql.Data\Connection.cs:行号 514
在 MySql.Data.MySqlClient.Tests.BaseTest.Open() 位置 D:\TFS\SSV4.X\src_V4.3\reference\mysql-connector-net\mysql-connector-net-6.3.7-src\Tests\MySql.Data.Tests\BaseTest.cs:行号 174
在 MySql.Data.MySqlClient.Tests.BaseTest.Setup() 位置 D:\TFS\SSV4.X\src_V4.3\reference\mysql-connector-net\mysql-connector-net-6.3.7-src\Tests\MySql.Data.Tests\BaseTest.cs:行号 215
--WaitHandleCannotBeOpenedException
在 System.Threading.EventWaitHandle.OpenExisting(String name, EventWaitHandleRights rights)
在 MySql.Data.Common.SharedMemoryStream.GetConnectNumber(UInt32 timeOut) 位置 D:\TFS\SSV4.X\src_V4.3\reference\mysql-connector-net\mysql-connector-net-6.3.7-src\Source\MySql.Data\common\SharedMemoryStream.cs:行号 166
在 MySql.Data.Common.SharedMemoryStream.Open(UInt32 timeOut) 位置 D:\TFS\SSV4.X\src_V4.3\reference\mysql-connector-net\mysql-connector-net-6.3.7-src\Source\MySql.Data\common\SharedMemoryStream.cs:行号 120
在 MySql.Data.MySqlClient.NativeDriver.Open() 位置 D:\TFS\SSV4.X\src_V4.3\reference\mysql-connector-net\mysql-connector-net-6.3.7-src\Source\MySql.Data\NativeDriver.cs:行号 170
--TearDown
在 MySql.Data.MySqlClient.Tests.BaseTest.Teardown() 位置 D:\TFS\SSV4.X\src_V4.3\reference\mysql-connector-net\mysql-connector-net-6.3.7-src\Tests\MySql.Data.Tests\BaseTest.cs:行号 236
]]></stack-trace>
                                </failure>
                              </test-case>
                              <test-case name="MySql.Data.MySqlClient.Tests.PreparedStatementsSharedMemoryCompressed.PreparedStatements.Simple" executed="True" result="Error" success="False" time="5.020" asserts="1">
                                <failure>
                                  <message><![CDATA[SetUp : MySql.Data.MySqlClient.MySqlException : Unable to connect to any of the specified MySQL hosts.
  ----> System.Threading.WaitHandleCannotBeOpenedException : 不存在给定名称的句柄。
TearDown : NUnit.Framework.AssertionException :   Too many processes still running
  Expected: 0
  But was:  1
]]></message>
                                  <stack-trace><![CDATA[在 MySql.Data.MySqlClient.NativeDriver.Open() 位置 D:\TFS\SSV4.X\src_V4.3\reference\mysql-connector-net\mysql-connector-net-6.3.7-src\Source\MySql.Data\NativeDriver.cs:行号 269
在 MySql.Data.MySqlClient.Driver.Open() 位置 D:\TFS\SSV4.X\src_V4.3\reference\mysql-connector-net\mysql-connector-net-6.3.7-src\Source\MySql.Data\Driver.cs:行号 212
在 MySql.Data.MySqlClient.Driver.Create(MySqlConnectionStringBuilder settings) 位置 D:\TFS\SSV4.X\src_V4.3\reference\mysql-connector-net\mysql-connector-net-6.3.7-src\Source\MySql.Data\Driver.cs:行号 200
在 MySql.Data.MySqlClient.MySqlConnection.Open() 位置 D:\TFS\SSV4.X\src_V4.3\reference\mysql-connector-net\mysql-connector-net-6.3.7-src\Source\MySql.Data\Connection.cs:行号 514
在 MySql.Data.MySqlClient.Tests.BaseTest.Open() 位置 D:\TFS\SSV4.X\src_V4.3\reference\mysql-connector-net\mysql-connector-net-6.3.7-src\Tests\MySql.Data.Tests\BaseTest.cs:行号 174
在 MySql.Data.MySqlClient.Tests.BaseTest.Setup() 位置 D:\TFS\SSV4.X\src_V4.3\reference\mysql-connector-net\mysql-connector-net-6.3.7-src\Tests\MySql.Data.Tests\BaseTest.cs:行号 215
--WaitHandleCannotBeOpenedException
在 System.Threading.EventWaitHandle.OpenExisting(String name, EventWaitHandleRights rights)
在 MySql.Data.Common.SharedMemoryStream.GetConnectNumber(UInt32 timeOut) 位置 D:\TFS\SSV4.X\src_V4.3\reference\mysql-connector-net\mysql-connector-net-6.3.7-src\Source\MySql.Data\common\SharedMemoryStream.cs:行号 166
在 MySql.Data.Common.SharedMemoryStream.Open(UInt32 timeOut) 位置 D:\TFS\SSV4.X\src_V4.3\reference\mysql-connector-net\mysql-connector-net-6.3.7-src\Source\MySql.Data\common\SharedMemoryStream.cs:行号 120
在 MySql.Data.MySqlClient.NativeDriver.Open() 位置 D:\TFS\SSV4.X\src_V4.3\reference\mysql-connector-net\mysql-connector-net-6.3.7-src\Source\MySql.Data\NativeDriver.cs:行号 170
--TearDown
在 MySql.Data.MySqlClient.Tests.BaseTest.Teardown() 位置 D:\TFS\SSV4.X\src_V4.3\reference\mysql-connector-net\mysql-connector-net-6.3.7-src\Tests\MySql.Data.Tests\BaseTest.cs:行号 236
]]></stack-trace>
                                </failure>
                              </test-case>
                              <test-case name="MySql.Data.MySqlClient.Tests.PreparedStatementsSharedMemoryCompressed.PreparedStatements.SimplePrepareBeforeParms" executed="True" result="Error" success="False" time="5.025" asserts="1">
                                <failure>
                                  <message><![CDATA[SetUp : MySql.Data.MySqlClient.MySqlException : Unable to connect to any of the specified MySQL hosts.
  ----> System.Threading.WaitHandleCannotBeOpenedException : 不存在给定名称的句柄。
TearDown : NUnit.Framework.AssertionException :   Too many processes still running
  Expected: 0
  But was:  1
]]></message>
                                  <stack-trace><![CDATA[在 MySql.Data.MySqlClient.NativeDriver.Open() 位置 D:\TFS\SSV4.X\src_V4.3\reference\mysql-connector-net\mysql-connector-net-6.3.7-src\Source\MySql.Data\NativeDriver.cs:行号 269
在 MySql.Data.MySqlClient.Driver.Open() 位置 D:\TFS\SSV4.X\src_V4.3\reference\mysql-connector-net\mysql-connector-net-6.3.7-src\Source\MySql.Data\Driver.cs:行号 212
在 MySql.Data.MySqlClient.Driver.Create(MySqlConnectionStringBuilder settings) 位置 D:\TFS\SSV4.X\src_V4.3\reference\mysql-connector-net\mysql-connector-net-6.3.7-src\Source\MySql.Data\Driver.cs:行号 200
在 MySql.Data.MySqlClient.MySqlConnection.Open() 位置 D:\TFS\SSV4.X\src_V4.3\reference\mysql-connector-net\mysql-connector-net-6.3.7-src\Source\MySql.Data\Connection.cs:行号 514
在 MySql.Data.MySqlClient.Tests.BaseTest.Open() 位置 D:\TFS\SSV4.X\src_V4.3\reference\mysql-connector-net\mysql-connector-net-6.3.7-src\Tests\MySql.Data.Tests\BaseTest.cs:行号 174
在 MySql.Data.MySqlClient.Tests.BaseTest.Setup() 位置 D:\TFS\SSV4.X\src_V4.3\reference\mysql-connector-net\mysql-connector-net-6.3.7-src\Tests\MySql.Data.Tests\BaseTest.cs:行号 215
--WaitHandleCannotBeOpenedException
在 System.Threading.EventWaitHandle.OpenExisting(String name, EventWaitHandleRights rights)
在 MySql.Data.Common.SharedMemoryStream.GetConnectNumber(UInt32 timeOut) 位置 D:\TFS\SSV4.X\src_V4.3\reference\mysql-connector-net\mysql-connector-net-6.3.7-src\Source\MySql.Data\common\SharedMemoryStream.cs:行号 166
在 MySql.Data.Common.SharedMemoryStream.Open(UInt32 timeOut) 位置 D:\TFS\SSV4.X\src_V4.3\reference\mysql-connector-net\mysql-connector-net-6.3.7-src\Source\MySql.Data\common\SharedMemoryStream.cs:行号 120
在 MySql.Data.MySqlClient.NativeDriver.Open() 位置 D:\TFS\SSV4.X\src_V4.3\reference\mysql-connector-net\mysql-connector-net-6.3.7-src\Source\MySql.Data\NativeDriver.cs:行号 170
--TearDown
在 MySql.Data.MySqlClient.Tests.BaseTest.Teardown() 位置 D:\TFS\SSV4.X\src_V4.3\reference\mysql-connector-net\mysql-connector-net-6.3.7-src\Tests\MySql.Data.Tests\BaseTest.cs:行号 236
]]></stack-trace>
                                </failure>
                              </test-case>
                              <test-case name="MySql.Data.MySqlClient.Tests.PreparedStatementsSharedMemoryCompressed.PreparedStatements.SimpleTest" executed="True" result="Error" success="False" time="5.017" asserts="1">
                                <failure>
                                  <message><![CDATA[SetUp : MySql.Data.MySqlClient.MySqlException : Unable to connect to any of the specified MySQL hosts.
  ----> System.Threading.WaitHandleCannotBeOpenedException : 不存在给定名称的句柄。
TearDown : NUnit.Framework.AssertionException :   Too many processes still running
  Expected: 0
  But was:  1
]]></message>
                                  <stack-trace><![CDATA[在 MySql.Data.MySqlClient.NativeDriver.Open() 位置 D:\TFS\SSV4.X\src_V4.3\reference\mysql-connector-net\mysql-connector-net-6.3.7-src\Source\MySql.Data\NativeDriver.cs:行号 269
在 MySql.Data.MySqlClient.Driver.Open() 位置 D:\TFS\SSV4.X\src_V4.3\reference\mysql-connector-net\mysql-connector-net-6.3.7-src\Source\MySql.Data\Driver.cs:行号 212
在 MySql.Data.MySqlClient.Driver.Create(MySqlConnectionStringBuilder settings) 位置 D:\TFS\SSV4.X\src_V4.3\reference\mysql-connector-net\mysql-connector-net-6.3.7-src\Source\MySql.Data\Driver.cs:行号 200
在 MySql.Data.MySqlClient.MySqlConnection.Open() 位置 D:\TFS\SSV4.X\src_V4.3\reference\mysql-connector-net\mysql-connector-net-6.3.7-src\Source\MySql.Data\Connection.cs:行号 514
在 MySql.Data.MySqlClient.Tests.BaseTest.Open() 位置 D:\TFS\SSV4.X\src_V4.3\reference\mysql-connector-net\mysql-connector-net-6.3.7-src\Tests\MySql.Data.Tests\BaseTest.cs:行号 174
在 MySql.Data.MySqlClient.Tests.BaseTest.Setup() 位置 D:\TFS\SSV4.X\src_V4.3\reference\mysql-connector-net\mysql-connector-net-6.3.7-src\Tests\MySql.Data.Tests\BaseTest.cs:行号 215
--WaitHandleCannotBeOpenedException
在 System.Threading.EventWaitHandle.OpenExisting(String name, EventWaitHandleRights rights)
在 MySql.Data.Common.SharedMemoryStream.GetConnectNumber(UInt32 timeOut) 位置 D:\TFS\SSV4.X\src_V4.3\reference\mysql-connector-net\mysql-connector-net-6.3.7-src\Source\MySql.Data\common\SharedMemoryStream.cs:行号 166
在 MySql.Data.Common.SharedMemoryStream.Open(UInt32 timeOut) 位置 D:\TFS\SSV4.X\src_V4.3\reference\mysql-connector-net\mysql-connector-net-6.3.7-src\Source\MySql.Data\common\SharedMemoryStream.cs:行号 120
在 MySql.Data.MySqlClient.NativeDriver.Open() 位置 D:\TFS\SSV4.X\src_V4.3\reference\mysql-connector-net\mysql-connector-net-6.3.7-src\Source\MySql.Data\NativeDriver.cs:行号 170
--TearDown
在 MySql.Data.MySqlClient.Tests.BaseTest.Teardown() 位置 D:\TFS\SSV4.X\src_V4.3\reference\mysql-connector-net\mysql-connector-net-6.3.7-src\Tests\MySql.Data.Tests\BaseTest.cs:行号 236
]]></stack-trace>
                                </failure>
                              </test-case>
                              <test-case name="MySql.Data.MySqlClient.Tests.PreparedStatementsSharedMemoryCompressed.PreparedStatements.SimpleTest2" executed="True" result="Error" success="False" time="5.018" asserts="1">
                                <failure>
                                  <message><![CDATA[SetUp : MySql.Data.MySqlClient.MySqlException : Unable to connect to any of the specified MySQL hosts.
  ----> System.Threading.WaitHandleCannotBeOpenedException : 不存在给定名称的句柄。
TearDown : NUnit.Framework.AssertionException :   Too many processes still running
  Expected: 0
  But was:  1
]]></message>
                                  <stack-trace><![CDATA[在 MySql.Data.MySqlClient.NativeDriver.Open() 位置 D:\TFS\SSV4.X\src_V4.3\reference\mysql-connector-net\mysql-connector-net-6.3.7-src\Source\MySql.Data\NativeDriver.cs:行号 269
在 MySql.Data.MySqlClient.Driver.Open() 位置 D:\TFS\SSV4.X\src_V4.3\reference\mysql-connector-net\mysql-connector-net-6.3.7-src\Source\MySql.Data\Driver.cs:行号 212
在 MySql.Data.MySqlClient.Driver.Create(MySqlConnectionStringBuilder settings) 位置 D:\TFS\SSV4.X\src_V4.3\reference\mysql-connector-net\mysql-connector-net-6.3.7-src\Source\MySql.Data\Driver.cs:行号 200
在 MySql.Data.MySqlClient.MySqlConnection.Open() 位置 D:\TFS\SSV4.X\src_V4.3\reference\mysql-connector-net\mysql-connector-net-6.3.7-src\Source\MySql.Data\Connection.cs:行号 514
在 MySql.Data.MySqlClient.Tests.BaseTest.Open() 位置 D:\TFS\SSV4.X\src_V4.3\reference\mysql-connector-net\mysql-connector-net-6.3.7-src\Tests\MySql.Data.Tests\BaseTest.cs:行号 174
在 MySql.Data.MySqlClient.Tests.BaseTest.Setup() 位置 D:\TFS\SSV4.X\src_V4.3\reference\mysql-connector-net\mysql-connector-net-6.3.7-src\Tests\MySql.Data.Tests\BaseTest.cs:行号 215
--WaitHandleCannotBeOpenedException
在 System.Threading.EventWaitHandle.OpenExisting(String name, EventWaitHandleRights rights)
在 MySql.Data.Common.SharedMemoryStream.GetConnectNumber(UInt32 timeOut) 位置 D:\TFS\SSV4.X\src_V4.3\reference\mysql-connector-net\mysql-connector-net-6.3.7-src\Source\MySql.Data\common\SharedMemoryStream.cs:行号 166
在 MySql.Data.Common.SharedMemoryStream.Open(UInt32 timeOut) 位置 D:\TFS\SSV4.X\src_V4.3\reference\mysql-connector-net\mysql-connector-net-6.3.7-src\Source\MySql.Data\common\SharedMemoryStream.cs:行号 120
在 MySql.Data.MySqlClient.NativeDriver.Open() 位置 D:\TFS\SSV4.X\src_V4.3\reference\mysql-connector-net\mysql-connector-net-6.3.7-src\Source\MySql.Data\NativeDriver.cs:行号 170
--TearDown
在 MySql.Data.MySqlClient.Tests.BaseTest.Teardown() 位置 D:\TFS\SSV4.X\src_V4.3\reference\mysql-connector-net\mysql-connector-net-6.3.7-src\Tests\MySql.Data.Tests\BaseTest.cs:行号 236
]]></stack-trace>
                                </failure>
                              </test-case>
                              <test-case name="MySql.Data.MySqlClient.Tests.PreparedStatementsSharedMemoryCompressed.PreparedStatements.SprocInputOutputParams" executed="True" result="Error" success="False" time="5.098" asserts="1">
                                <failure>
                                  <message><![CDATA[SetUp : MySql.Data.MySqlClient.MySqlException : Unable to connect to any of the specified MySQL hosts.
  ----> System.Threading.WaitHandleCannotBeOpenedException : 不存在给定名称的句柄。
TearDown : NUnit.Framework.AssertionException :   Too many processes still running
  Expected: 0
  But was:  1
]]></message>
                                  <stack-trace><![CDATA[在 MySql.Data.MySqlClient.NativeDriver.Open() 位置 D:\TFS\SSV4.X\src_V4.3\reference\mysql-connector-net\mysql-connector-net-6.3.7-src\Source\MySql.Data\NativeDriver.cs:行号 269
在 MySql.Data.MySqlClient.Driver.Open() 位置 D:\TFS\SSV4.X\src_V4.3\reference\mysql-connector-net\mysql-connector-net-6.3.7-src\Source\MySql.Data\Driver.cs:行号 212
在 MySql.Data.MySqlClient.Driver.Create(MySqlConnectionStringBuilder settings) 位置 D:\TFS\SSV4.X\src_V4.3\reference\mysql-connector-net\mysql-connector-net-6.3.7-src\Source\MySql.Data\Driver.cs:行号 200
在 MySql.Data.MySqlClient.MySqlConnection.Open() 位置 D:\TFS\SSV4.X\src_V4.3\reference\mysql-connector-net\mysql-connector-net-6.3.7-src\Source\MySql.Data\Connection.cs:行号 514
在 MySql.Data.MySqlClient.Tests.BaseTest.Open() 位置 D:\TFS\SSV4.X\src_V4.3\reference\mysql-connector-net\mysql-connector-net-6.3.7-src\Tests\MySql.Data.Tests\BaseTest.cs:行号 174
在 MySql.Data.MySqlClient.Tests.BaseTest.Setup() 位置 D:\TFS\SSV4.X\src_V4.3\reference\mysql-connector-net\mysql-connector-net-6.3.7-src\Tests\MySql.Data.Tests\BaseTest.cs:行号 215
--WaitHandleCannotBeOpenedException
在 System.Threading.EventWaitHandle.OpenExisting(String name, EventWaitHandleRights rights)
在 MySql.Data.Common.SharedMemoryStream.GetConnectNumber(UInt32 timeOut) 位置 D:\TFS\SSV4.X\src_V4.3\reference\mysql-connector-net\mysql-connector-net-6.3.7-src\Source\MySql.Data\common\SharedMemoryStream.cs:行号 166
在 MySql.Data.Common.SharedMemoryStream.Open(UInt32 timeOut) 位置 D:\TFS\SSV4.X\src_V4.3\reference\mysql-connector-net\mysql-connector-net-6.3.7-src\Source\MySql.Data\common\SharedMemoryStream.cs:行号 120
在 MySql.Data.MySqlClient.NativeDriver.Open() 位置 D:\TFS\SSV4.X\src_V4.3\reference\mysql-connector-net\mysql-connector-net-6.3.7-src\Source\MySql.Data\NativeDriver.cs:行号 170
--TearDown
在 MySql.Data.MySqlClient.Tests.BaseTest.Teardown() 位置 D:\TFS\SSV4.X\src_V4.3\reference\mysql-connector-net\mysql-connector-net-6.3.7-src\Tests\MySql.Data.Tests\BaseTest.cs:行号 236
]]></stack-trace>
                                </failure>
                              </test-case>
                              <test-case name="MySql.Data.MySqlClient.Tests.PreparedStatementsSharedMemoryCompressed.PreparedStatements.SprocOutputParams" executed="True" result="Error" success="False" time="5.017" asserts="1">
                                <failure>
                                  <message><![CDATA[SetUp : MySql.Data.MySqlClient.MySqlException : Unable to connect to any of the specified MySQL hosts.
  ----> System.Threading.WaitHandleCannotBeOpenedException : 不存在给定名称的句柄。
TearDown : NUnit.Framework.AssertionException :   Too many processes still running
  Expected: 0
  But was:  1
]]></message>
                                  <stack-trace><![CDATA[在 MySql.Data.MySqlClient.NativeDriver.Open() 位置 D:\TFS\SSV4.X\src_V4.3\reference\mysql-connector-net\mysql-connector-net-6.3.7-src\Source\MySql.Data\NativeDriver.cs:行号 269
在 MySql.Data.MySqlClient.Driver.Open() 位置 D:\TFS\SSV4.X\src_V4.3\reference\mysql-connector-net\mysql-connector-net-6.3.7-src\Source\MySql.Data\Driver.cs:行号 212
在 MySql.Data.MySqlClient.Driver.Create(MySqlConnectionStringBuilder settings) 位置 D:\TFS\SSV4.X\src_V4.3\reference\mysql-connector-net\mysql-connector-net-6.3.7-src\Source\MySql.Data\Driver.cs:行号 200
在 MySql.Data.MySqlClient.MySqlConnection.Open() 位置 D:\TFS\SSV4.X\src_V4.3\reference\mysql-connector-net\mysql-connector-net-6.3.7-src\Source\MySql.Data\Connection.cs:行号 514
在 MySql.Data.MySqlClient.Tests.BaseTest.Open() 位置 D:\TFS\SSV4.X\src_V4.3\reference\mysql-connector-net\mysql-connector-net-6.3.7-src\Tests\MySql.Data.Tests\BaseTest.cs:行号 174
在 MySql.Data.MySqlClient.Tests.BaseTest.Setup() 位置 D:\TFS\SSV4.X\src_V4.3\reference\mysql-connector-net\mysql-connector-net-6.3.7-src\Tests\MySql.Data.Tests\BaseTest.cs:行号 215
--WaitHandleCannotBeOpenedException
在 System.Threading.EventWaitHandle.OpenExisting(String name, EventWaitHandleRights rights)
在 MySql.Data.Common.SharedMemoryStream.GetConnectNumber(UInt32 timeOut) 位置 D:\TFS\SSV4.X\src_V4.3\reference\mysql-connector-net\mysql-connector-net-6.3.7-src\Source\MySql.Data\common\SharedMemoryStream.cs:行号 166
在 MySql.Data.Common.SharedMemoryStream.Open(UInt32 timeOut) 位置 D:\TFS\SSV4.X\src_V4.3\reference\mysql-connector-net\mysql-connector-net-6.3.7-src\Source\MySql.Data\common\SharedMemoryStream.cs:行号 120
在 MySql.Data.MySqlClient.NativeDriver.Open() 位置 D:\TFS\SSV4.X\src_V4.3\reference\mysql-connector-net\mysql-connector-net-6.3.7-src\Source\MySql.Data\NativeDriver.cs:行号 170
--TearDown
在 MySql.Data.MySqlClient.Tests.BaseTest.Teardown() 位置 D:\TFS\SSV4.X\src_V4.3\reference\mysql-connector-net\mysql-connector-net-6.3.7-src\Tests\MySql.Data.Tests\BaseTest.cs:行号 236
]]></stack-trace>
                                </failure>
                              </test-case>
                              <test-case name="MySql.Data.MySqlClient.Tests.PreparedStatementsSharedMemoryCompressed.PreparedStatements.UnsignedTinyInt" executed="True" result="Error" success="False" time="5.019" asserts="1">
                                <failure>
                                  <message><![CDATA[SetUp : MySql.Data.MySqlClient.MySqlException : Unable to connect to any of the specified MySQL hosts.
  ----> System.Threading.WaitHandleCannotBeOpenedException : 不存在给定名称的句柄。
TearDown : NUnit.Framework.AssertionException :   Too many processes still running
  Expected: 0
  But was:  1
]]></message>
                                  <stack-trace><![CDATA[在 MySql.Data.MySqlClient.NativeDriver.Open() 位置 D:\TFS\SSV4.X\src_V4.3\reference\mysql-connector-net\mysql-connector-net-6.3.7-src\Source\MySql.Data\NativeDriver.cs:行号 269
在 MySql.Data.MySqlClient.Driver.Open() 位置 D:\TFS\SSV4.X\src_V4.3\reference\mysql-connector-net\mysql-connector-net-6.3.7-src\Source\MySql.Data\Driver.cs:行号 212
在 MySql.Data.MySqlClient.Driver.Create(MySqlConnectionStringBuilder settings) 位置 D:\TFS\SSV4.X\src_V4.3\reference\mysql-connector-net\mysql-connector-net-6.3.7-src\Source\MySql.Data\Driver.cs:行号 200
在 MySql.Data.MySqlClient.MySqlConnection.Open() 位置 D:\TFS\SSV4.X\src_V4.3\reference\mysql-connector-net\mysql-connector-net-6.3.7-src\Source\MySql.Data\Connection.cs:行号 514
在 MySql.Data.MySqlClient.Tests.BaseTest.Open() 位置 D:\TFS\SSV4.X\src_V4.3\reference\mysql-connector-net\mysql-connector-net-6.3.7-src\Tests\MySql.Data.Tests\BaseTest.cs:行号 174
在 MySql.Data.MySqlClient.Tests.BaseTest.Setup() 位置 D:\TFS\SSV4.X\src_V4.3\reference\mysql-connector-net\mysql-connector-net-6.3.7-src\Tests\MySql.Data.Tests\BaseTest.cs:行号 215
--WaitHandleCannotBeOpenedException
在 System.Threading.EventWaitHandle.OpenExisting(String name, EventWaitHandleRights rights)
在 MySql.Data.Common.SharedMemoryStream.GetConnectNumber(UInt32 timeOut) 位置 D:\TFS\SSV4.X\src_V4.3\reference\mysql-connector-net\mysql-connector-net-6.3.7-src\Source\MySql.Data\common\SharedMemoryStream.cs:行号 166
在 MySql.Data.Common.SharedMemoryStream.Open(UInt32 timeOut) 位置 D:\TFS\SSV4.X\src_V4.3\reference\mysql-connector-net\mysql-connector-net-6.3.7-src\Source\MySql.Data\common\SharedMemoryStream.cs:行号 120
在 MySql.Data.MySqlClient.NativeDriver.Open() 位置 D:\TFS\SSV4.X\src_V4.3\reference\mysql-connector-net\mysql-connector-net-6.3.7-src\Source\MySql.Data\NativeDriver.cs:行号 170
--TearDown
在 MySql.Data.MySqlClient.Tests.BaseTest.Teardown() 位置 D:\TFS\SSV4.X\src_V4.3\reference\mysql-connector-net\mysql-connector-net-6.3.7-src\Tests\MySql.Data.Tests\BaseTest.cs:行号 236
]]></stack-trace>
                                </failure>
                              </test-case>
                              <test-case name="MySql.Data.MySqlClient.Tests.PreparedStatementsSharedMemoryCompressed.PreparedStatements.UnsignedValues" executed="True" result="Error" success="False" time="5.016" asserts="1">
                                <failure>
                                  <message><![CDATA[SetUp : MySql.Data.MySqlClient.MySqlException : Unable to connect to any of the specified MySQL hosts.
  ----> System.Threading.WaitHandleCannotBeOpenedException : 不存在给定名称的句柄。
TearDown : NUnit.Framework.AssertionException :   Too many processes still running
  Expected: 0
  But was:  1
]]></message>
                                  <stack-trace><![CDATA[在 MySql.Data.MySqlClient.NativeDriver.Open() 位置 D:\TFS\SSV4.X\src_V4.3\reference\mysql-connector-net\mysql-connector-net-6.3.7-src\Source\MySql.Data\NativeDriver.cs:行号 269
在 MySql.Data.MySqlClient.Driver.Open() 位置 D:\TFS\SSV4.X\src_V4.3\reference\mysql-connector-net\mysql-connector-net-6.3.7-src\Source\MySql.Data\Driver.cs:行号 212
在 MySql.Data.MySqlClient.Driver.Create(MySqlConnectionStringBuilder settings) 位置 D:\TFS\SSV4.X\src_V4.3\reference\mysql-connector-net\mysql-connector-net-6.3.7-src\Source\MySql.Data\Driver.cs:行号 200
在 MySql.Data.MySqlClient.MySqlConnection.Open() 位置 D:\TFS\SSV4.X\src_V4.3\reference\mysql-connector-net\mysql-connector-net-6.3.7-src\Source\MySql.Data\Connection.cs:行号 514
在 MySql.Data.MySqlClient.Tests.BaseTest.Open() 位置 D:\TFS\SSV4.X\src_V4.3\reference\mysql-connector-net\mysql-connector-net-6.3.7-src\Tests\MySql.Data.Tests\BaseTest.cs:行号 174
在 MySql.Data.MySqlClient.Tests.BaseTest.Setup() 位置 D:\TFS\SSV4.X\src_V4.3\reference\mysql-connector-net\mysql-connector-net-6.3.7-src\Tests\MySql.Data.Tests\BaseTest.cs:行号 215
--WaitHandleCannotBeOpenedException
在 System.Threading.EventWaitHandle.OpenExisting(String name, EventWaitHandleRights rights)
在 MySql.Data.Common.SharedMemoryStream.GetConnectNumber(UInt32 timeOut) 位置 D:\TFS\SSV4.X\src_V4.3\reference\mysql-connector-net\mysql-connector-net-6.3.7-src\Source\MySql.Data\common\SharedMemoryStream.cs:行号 166
在 MySql.Data.Common.SharedMemoryStream.Open(UInt32 timeOut) 位置 D:\TFS\SSV4.X\src_V4.3\reference\mysql-connector-net\mysql-connector-net-6.3.7-src\Source\MySql.Data\common\SharedMemoryStream.cs:行号 120
在 MySql.Data.MySqlClient.NativeDriver.Open() 位置 D:\TFS\SSV4.X\src_V4.3\reference\mysql-connector-net\mysql-connector-net-6.3.7-src\Source\MySql.Data\NativeDriver.cs:行号 170
--TearDown
在 MySql.Data.MySqlClient.Tests.BaseTest.Teardown() 位置 D:\TFS\SSV4.X\src_V4.3\reference\mysql-connector-net\mysql-connector-net-6.3.7-src\Tests\MySql.Data.Tests\BaseTest.cs:行号 236
]]></stack-trace>
                                </failure>
                              </test-case>
                              <test-case name="MySql.Data.MySqlClient.Tests.PreparedStatementsSharedMemoryCompressed.PreparedStatements.UsingParametersTwice" executed="True" result="Error" success="False" time="5.028" asserts="1">
                                <failure>
                                  <message><![CDATA[SetUp : MySql.Data.MySqlClient.MySqlException : Unable to connect to any of the specified MySQL hosts.
  ----> System.Threading.WaitHandleCannotBeOpenedException : 不存在给定名称的句柄。
TearDown : NUnit.Framework.AssertionException :   Too many processes still running
  Expected: 0
  But was:  1
]]></message>
                                  <stack-trace><![CDATA[在 MySql.Data.MySqlClient.NativeDriver.Open() 位置 D:\TFS\SSV4.X\src_V4.3\reference\mysql-connector-net\mysql-connector-net-6.3.7-src\Source\MySql.Data\NativeDriver.cs:行号 269
在 MySql.Data.MySqlClient.Driver.Open() 位置 D:\TFS\SSV4.X\src_V4.3\reference\mysql-connector-net\mysql-connector-net-6.3.7-src\Source\MySql.Data\Driver.cs:行号 212
在 MySql.Data.MySqlClient.Driver.Create(MySqlConnectionStringBuilder settings) 位置 D:\TFS\SSV4.X\src_V4.3\reference\mysql-connector-net\mysql-connector-net-6.3.7-src\Source\MySql.Data\Driver.cs:行号 200
在 MySql.Data.MySqlClient.MySqlConnection.Open() 位置 D:\TFS\SSV4.X\src_V4.3\reference\mysql-connector-net\mysql-connector-net-6.3.7-src\Source\MySql.Data\Connection.cs:行号 514
在 MySql.Data.MySqlClient.Tests.BaseTest.Open() 位置 D:\TFS\SSV4.X\src_V4.3\reference\mysql-connector-net\mysql-connector-net-6.3.7-src\Tests\MySql.Data.Tests\BaseTest.cs:行号 174
在 MySql.Data.MySqlClient.Tests.BaseTest.Setup() 位置 D:\TFS\SSV4.X\src_V4.3\reference\mysql-connector-net\mysql-connector-net-6.3.7-src\Tests\MySql.Data.Tests\BaseTest.cs:行号 215
--WaitHandleCannotBeOpenedException
在 System.Threading.EventWaitHandle.OpenExisting(String name, EventWaitHandleRights rights)
在 MySql.Data.Common.SharedMemoryStream.GetConnectNumber(UInt32 timeOut) 位置 D:\TFS\SSV4.X\src_V4.3\reference\mysql-connector-net\mysql-connector-net-6.3.7-src\Source\MySql.Data\common\SharedMemoryStream.cs:行号 166
在 MySql.Data.Common.SharedMemoryStream.Open(UInt32 timeOut) 位置 D:\TFS\SSV4.X\src_V4.3\reference\mysql-connector-net\mysql-connector-net-6.3.7-src\Source\MySql.Data\common\SharedMemoryStream.cs:行号 120
在 MySql.Data.MySqlClient.NativeDriver.Open() 位置 D:\TFS\SSV4.X\src_V4.3\reference\mysql-connector-net\mysql-connector-net-6.3.7-src\Source\MySql.Data\NativeDriver.cs:行号 170
--TearDown
在 MySql.Data.MySqlClient.Tests.BaseTest.Teardown() 位置 D:\TFS\SSV4.X\src_V4.3\reference\mysql-connector-net\mysql-connector-net-6.3.7-src\Tests\MySql.Data.Tests\BaseTest.cs:行号 236
]]></stack-trace>
                                </failure>
                              </test-case>
                            </results>
                          </test-suite>
                          <test-suite type="TestFixture" name="PreparedStatementsSocketCompressed" executed="True" result="Success" success="True" time="32.346" asserts="0">
                            <categories>
                              <category name="Compressed" />
                            </categories>
                            <results>
                              <test-case name="MySql.Data.MySqlClient.Tests.PreparedStatementsSocketCompressed.PreparedStatements.BigIntUnsigned" executed="True" result="Success" success="True" time="1.162" asserts="2" />
                              <test-case name="MySql.Data.MySqlClient.Tests.PreparedStatementsSocketCompressed.PreparedStatements.Blobs" executed="True" result="Success" success="True" time="1.544" asserts="400006" />
                              <test-case name="MySql.Data.MySqlClient.Tests.PreparedStatementsSocketCompressed.PreparedStatements.Bug6271" executed="True" result="Success" success="True" time="1.162" asserts="13007" />
                              <test-case name="MySql.Data.MySqlClient.Tests.PreparedStatementsSocketCompressed.PreparedStatements.ClosingCommandsProperly" executed="True" result="Success" success="True" time="2.623" asserts="2" />
                              <test-case name="MySql.Data.MySqlClient.Tests.PreparedStatementsSocketCompressed.PreparedStatements.CompoundStatements" executed="True" result="Success" success="True" time="1.109" asserts="1" />
                              <test-case name="MySql.Data.MySqlClient.Tests.PreparedStatementsSocketCompressed.PreparedStatements.DateAndTimes" executed="True" result="Success" success="True" time="1.166" asserts="13" />
                              <test-case name="MySql.Data.MySqlClient.Tests.PreparedStatementsSocketCompressed.PreparedStatements.DifferentParameterOrder" executed="True" result="Success" success="True" time="1.241" asserts="5" />
                              <test-case name="MySql.Data.MySqlClient.Tests.PreparedStatementsSocketCompressed.PreparedStatements.InsertAccentedCharacters" executed="True" result="Success" success="True" time="2.263" asserts="2" />
                              <test-case name="MySql.Data.MySqlClient.Tests.PreparedStatementsSocketCompressed.PreparedStatements.InsertingUnsignedTinyInt" executed="True" result="Success" success="True" time="1.203" asserts="6" />
                              <test-case name="MySql.Data.MySqlClient.Tests.PreparedStatementsSocketCompressed.PreparedStatements.MoreParametersOutOfOrder" executed="True" result="Success" success="True" time="1.152" asserts="2" />
                              <test-case name="MySql.Data.MySqlClient.Tests.PreparedStatementsSocketCompressed.PreparedStatements.NegativeTimeNonPrepared" executed="True" result="Success" success="True" time="1.397" asserts="12" />
                              <test-case name="MySql.Data.MySqlClient.Tests.PreparedStatementsSocketCompressed.PreparedStatements.NegativeTimePrepared" executed="True" result="Success" success="True" time="1.450" asserts="12" />
                              <test-case name="MySql.Data.MySqlClient.Tests.PreparedStatementsSocketCompressed.PreparedStatements.ParameterLengths" executed="True" result="Success" success="True" time="1.181" asserts="4" />
                              <test-case name="MySql.Data.MySqlClient.Tests.PreparedStatementsSocketCompressed.PreparedStatements.PrepareEmptyString" executed="True" result="Success" success="True" time="1.015" asserts="1" />
                              <test-case name="MySql.Data.MySqlClient.Tests.PreparedStatementsSocketCompressed.PreparedStatements.ResetCommandText" executed="True" result="Success" success="True" time="1.177" asserts="3" />
                              <test-case name="MySql.Data.MySqlClient.Tests.PreparedStatementsSocketCompressed.PreparedStatements.SchemaOnly" executed="True" result="Success" success="True" time="1.146" asserts="1" />
                              <test-case name="MySql.Data.MySqlClient.Tests.PreparedStatementsSocketCompressed.PreparedStatements.Simple" executed="True" result="Success" success="True" time="1.245" asserts="5" />
                              <test-case name="MySql.Data.MySqlClient.Tests.PreparedStatementsSocketCompressed.PreparedStatements.SimplePrepareBeforeParms" executed="True" result="Success" success="True" time="1.168" asserts="3" />
                              <test-case name="MySql.Data.MySqlClient.Tests.PreparedStatementsSocketCompressed.PreparedStatements.SimpleTest" executed="True" result="Success" success="True" time="1.145" asserts="1" />
                              <test-case name="MySql.Data.MySqlClient.Tests.PreparedStatementsSocketCompressed.PreparedStatements.SimpleTest2" executed="True" result="Success" success="True" time="1.179" asserts="8" />
                              <test-case name="MySql.Data.MySqlClient.Tests.PreparedStatementsSocketCompressed.PreparedStatements.SprocInputOutputParams" executed="True" result="Success" success="True" time="1.015" asserts="1" />
                              <test-case name="MySql.Data.MySqlClient.Tests.PreparedStatementsSocketCompressed.PreparedStatements.SprocOutputParams" executed="True" result="Success" success="True" time="1.014" asserts="1" />
                              <test-case name="MySql.Data.MySqlClient.Tests.PreparedStatementsSocketCompressed.PreparedStatements.UnsignedTinyInt" executed="True" result="Success" success="True" time="1.233" asserts="5" />
                              <test-case name="MySql.Data.MySqlClient.Tests.PreparedStatementsSocketCompressed.PreparedStatements.UnsignedValues" executed="True" result="Success" success="True" time="1.137" asserts="6" />
                              <test-case name="MySql.Data.MySqlClient.Tests.PreparedStatementsSocketCompressed.PreparedStatements.UsingParametersTwice" executed="True" result="Success" success="True" time="1.179" asserts="6" />
                            </results>
                          </test-suite>
                          <test-suite type="TestFixture" name="ProcedureParameterTests" executed="True" result="Success" success="True" time="7.156" asserts="0">
                            <results>
                              <test-case name="MySql.Data.MySqlClient.Tests.ProcedureParameterTests.DTD_Identifier" executed="True" result="Success" success="True" time="1.017" asserts="8" />
                              <test-case name="MySql.Data.MySqlClient.Tests.ProcedureParameterTests.PossibleValues" executed="True" result="Success" success="True" time="1.022" asserts="13" />
                              <test-case name="MySql.Data.MySqlClient.Tests.ProcedureParameterTests.ProcedureParameters" executed="True" result="Success" success="True" time="1.020" asserts="24" />
                              <test-case name="MySql.Data.MySqlClient.Tests.ProcedureParameterTests.ProcedureParameters2" executed="True" result="Success" success="True" time="1.010" asserts="18" />
                              <test-case name="MySql.Data.MySqlClient.Tests.ProcedureParameterTests.ProcedureParameters3" executed="True" result="Success" success="True" time="1.049" asserts="80" />
                              <test-case name="MySql.Data.MySqlClient.Tests.ProcedureParameterTests.ProcedureParameters4" executed="True" result="Success" success="True" time="1.016" asserts="12" />
                              <test-case name="MySql.Data.MySqlClient.Tests.ProcedureParameterTests.ProcedureParameters5" executed="True" result="Success" success="True" time="1.010" asserts="17" />
                            </results>
                          </test-suite>
                          <test-suite type="TestFixture" name="ScriptExecution" executed="True" result="Success" success="True" time="10.758" asserts="0">
                            <results>
                              <test-case name="MySql.Data.MySqlClient.Tests.ScriptExecution.DelimiterInScriptV2" executed="True" result="Success" success="True" time="1.135" asserts="1" />
                              <test-case name="MySql.Data.MySqlClient.Tests.ScriptExecution.EmptyLastLineWithScriptExecute" executed="True" result="Success" success="True" time="1.096" asserts="1" />
                              <test-case name="MySql.Data.MySqlClient.Tests.ScriptExecution.ExecuteScriptContinueOnError" executed="True" result="Success" success="True" time="1.361" asserts="4" />
                              <test-case name="MySql.Data.MySqlClient.Tests.ScriptExecution.ExecuteScriptNotContinueOnError" executed="True" result="Success" success="True" time="1.266" asserts="4" />
                              <test-case name="MySql.Data.MySqlClient.Tests.ScriptExecution.ExecuteScriptWithInserts" executed="True" result="Success" success="True" time="1.334" asserts="13" />
                              <test-case name="MySql.Data.MySqlClient.Tests.ScriptExecution.ExecuteScriptWithProcedures" executed="True" result="Success" success="True" time="1.174" asserts="13" />
                              <test-case name="MySql.Data.MySqlClient.Tests.ScriptExecution.ExecuteScriptWithUserVariables" executed="True" result="Success" success="True" time="2.140" asserts="2" />
                              <test-case name="MySql.Data.MySqlClient.Tests.ScriptExecution.ScriptWithDelimiterStatements" executed="True" result="Success" success="True" time="1.238" asserts="1" />
                            </results>
                          </test-suite>
                          <test-suite type="TestFixture" name="SimpleTransactions" executed="True" result="Success" success="True" time="7.971" asserts="0">
                            <results>
                              <test-case name="MySql.Data.MySqlClient.Tests.SimpleTransactions.BeginTransactionOnPreviouslyOpenConnection" executed="True" result="Success" success="True" time="2.217" asserts="2" />
                              <test-case name="MySql.Data.MySqlClient.Tests.SimpleTransactions.CommitAfterConnectionDead" executed="True" result="Success" success="True" time="2.326" asserts="2" />
                              <test-case name="MySql.Data.MySqlClient.Tests.SimpleTransactions.DisposingCallsRollback" executed="True" result="Success" success="True" time="1.143" asserts="2" />
                              <test-case name="MySql.Data.MySqlClient.Tests.SimpleTransactions.NestedTransactions" executed="True" result="Success" success="True" time="1.106" asserts="1" />
                              <test-case name="MySql.Data.MySqlClient.Tests.SimpleTransactions.TestReader" executed="True" result="Success" success="True" time="1.169" asserts="3" />
                            </results>
                          </test-suite>
                          <test-suite type="TestFixture" name="SqlServerMode" executed="True" result="Success" success="True" time="1.160" asserts="0">
                            <results>
                              <test-case name="MySql.Data.MySqlClient.Tests.SqlServerMode.Simple" executed="True" result="Success" success="True" time="1.159" asserts="3" />
                            </results>
                          </test-suite>
                          <test-suite type="TestFixture" name="StoredProcedure" executed="True" result="Success" success="True" time="37.912" asserts="0">
                            <results>
                              <test-case name="MySql.Data.MySqlClient.Tests.StoredProcedure.AmbiguousColumns" executed="True" result="Success" success="True" time="1.267" asserts="1" />
                              <test-case name="MySql.Data.MySqlClient.Tests.StoredProcedure.Bug16788" executed="True" result="Success" success="True" time="1.144" asserts="1" />
                              <test-case name="MySql.Data.MySqlClient.Tests.StoredProcedure.Bug20581" executed="True" result="Success" success="True" time="1.016" asserts="1" />
                              <test-case name="MySql.Data.MySqlClient.Tests.StoredProcedure.CallingSPWithPrepare" executed="True" result="Success" success="True" time="1.009" asserts="2" />
                              <test-case name="MySql.Data.MySqlClient.Tests.StoredProcedure.CatalogWithHyphens" executed="True" result="Success" success="True" time="1.012" asserts="3" />
                              <test-case name="MySql.Data.MySqlClient.Tests.StoredProcedure.ComplexDefinition" executed="True" result="Success" success="True" time="1.017" asserts="1" />
                              <test-case name="MySql.Data.MySqlClient.Tests.StoredProcedure.DecimalAsParameter" executed="True" result="Success" success="True" time="1.023" asserts="2" />
                              <test-case name="MySql.Data.MySqlClient.Tests.StoredProcedure.DeriveParameters" executed="True" result="Success" success="True" time="1.016" asserts="2" />
                              <test-case name="MySql.Data.MySqlClient.Tests.StoredProcedure.ExecuteScalar2" executed="True" result="Success" success="True" time="1.020" asserts="3" />
                              <test-case name="MySql.Data.MySqlClient.Tests.StoredProcedure.ExecuteWithCreate" executed="True" result="Success" success="True" time="1.018" asserts="2" />
                              <test-case name="MySql.Data.MySqlClient.Tests.StoredProcedure.GetSchema" executed="True" result="Success" success="True" time="1.132" asserts="2" />
                              <test-case name="MySql.Data.MySqlClient.Tests.StoredProcedure.MultipleRecords" executed="True" result="Success" success="True" time="1.232" asserts="5" />
                              <test-case name="MySql.Data.MySqlClient.Tests.StoredProcedure.MultipleResultsets" executed="True" result="Success" success="True" time="1.012" asserts="12" />
                              <test-case name="MySql.Data.MySqlClient.Tests.StoredProcedure.MultipleResultsetsPrepared" executed="True" result="Success" success="True" time="1.056" asserts="12" />
                              <test-case name="MySql.Data.MySqlClient.Tests.StoredProcedure.NoBatch" executed="True" result="Success" success="True" time="1.014" asserts="1" />
                              <test-case name="MySql.Data.MySqlClient.Tests.StoredProcedure.NoDefaultDatabase" executed="True" result="Success" success="True" time="2.015" asserts="3" />
                              <test-case name="MySql.Data.MySqlClient.Tests.StoredProcedure.NoInOutMarker" executed="True" result="Success" success="True" time="1.015" asserts="2" />
                              <test-case name="MySql.Data.MySqlClient.Tests.StoredProcedure.NonQuery" executed="True" result="Success" success="True" time="1.164" asserts="7" />
                              <test-case name="MySql.Data.MySqlClient.Tests.StoredProcedure.NoSPOnPre50" executed="True" result="Success" success="True" time="1.015" asserts="1" />
                              <test-case name="MySql.Data.MySqlClient.Tests.StoredProcedure.OtherProcSigs" executed="True" result="Success" success="True" time="1.021" asserts="3" />
                              <test-case name="MySql.Data.MySqlClient.Tests.StoredProcedure.ParametersInReverseOrderNotOwner" executed="True" result="Success" success="True" time="2.026" asserts="3" />
                              <test-case name="MySql.Data.MySqlClient.Tests.StoredProcedure.ParametersInReverseOrderOwner" executed="True" result="Success" success="True" time="2.030" asserts="3" />
                              <test-case name="MySql.Data.MySqlClient.Tests.StoredProcedure.ParmWithCharacterSet" executed="True" result="Success" success="True" time="1.021" asserts="2" />
                              <test-case name="MySql.Data.MySqlClient.Tests.StoredProcedure.PreparedReader" executed="True" result="Success" success="True" time="1.110" asserts="1" />
                              <test-case name="MySql.Data.MySqlClient.Tests.StoredProcedure.ProcedureCacheMiss" executed="True" result="Success" success="True" time="2.025" asserts="1" />
                              <test-case name="MySql.Data.MySqlClient.Tests.StoredProcedure.ProcEnumParamTest" executed="True" result="Success" success="True" time="1.192" asserts="2" />
                              <test-case name="MySql.Data.MySqlClient.Tests.StoredProcedure.ReturningResultset" executed="True" result="Success" success="True" time="1.012" asserts="2" />
                              <test-case name="MySql.Data.MySqlClient.Tests.StoredProcedure.SpecialCharacters" executed="True" result="Success" success="True" time="1.016" asserts="2" />
                              <test-case name="MySql.Data.MySqlClient.Tests.StoredProcedure.SPWithSpaceInParameterType" executed="True" result="Success" success="True" time="1.010" asserts="2" />
                              <test-case name="MySql.Data.MySqlClient.Tests.StoredProcedure.TurkishStoredProcs" executed="True" result="Success" success="True" time="1.026" asserts="1" />
                              <test-case name="MySql.Data.MySqlClient.Tests.StoredProcedure.UsingUInt64AsParam" executed="True" result="Success" success="True" time="1.161" asserts="1" />
                              <test-case name="MySql.Data.MySqlClient.Tests.StoredProcedure.WrongParameters" executed="True" result="Success" success="True" time="1.015" asserts="1" />
                            </results>
                          </test-suite>
                          <test-suite type="TestFixture" name="StoredProcedureAccess" executed="True" result="Failure" success="False" time="48.665" asserts="0">
                            <results>
                              <test-case name="MySql.Data.MySqlClient.Tests.StoredProcedureAccess.CallingStoredProcWithOnlyExecPrivs" executed="True" result="Error" success="False" time="2.076" asserts="1">
                                <failure>
                                  <message><![CDATA[System.InvalidOperationException : Unable to retrieve stored procedure metadata for routine 'spTest'.  Either grant  SELECT privilege to mysql.proc for this user or use "check parameters=false" with  your connection string.
  ----> System.Data.SqlTypes.SqlNullValueException : 数据为空。不能对 Null 值调用此方法或属性。]]></message>
                                  <stack-trace><![CDATA[在 MySql.Data.MySqlClient.ISSchemaProvider.GetParametersFromShowCreate(DataTable parametersTable, String[] restrictions, DataTable routines) 位置 D:\TFS\SSV4.X\src_V4.3\reference\mysql-connector-net\mysql-connector-net-6.3.7-src\Source\MySql.Data\ISSchemaProvider.cs:行号 525
在 MySql.Data.MySqlClient.ISSchemaProvider.GetProcedureParameters(String[] restrictions, DataTable routines) 位置 D:\TFS\SSV4.X\src_V4.3\reference\mysql-connector-net\mysql-connector-net-6.3.7-src\Source\MySql.Data\ISSchemaProvider.cs:行号 361
在 MySql.Data.MySqlClient.ProcedureCache.GetProcData(MySqlConnection connection, String spName) 位置 D:\TFS\SSV4.X\src_V4.3\reference\mysql-connector-net\mysql-connector-net-6.3.7-src\Source\MySql.Data\ProcedureCache.cs:行号 161
在 MySql.Data.MySqlClient.ProcedureCache.AddNew(MySqlConnection connection, String spName) 位置 D:\TFS\SSV4.X\src_V4.3\reference\mysql-connector-net\mysql-connector-net-6.3.7-src\Source\MySql.Data\ProcedureCache.cs:行号 107
在 MySql.Data.MySqlClient.ProcedureCache.GetProcedure(MySqlConnection conn, String spName, String cacheKey) 位置 D:\TFS\SSV4.X\src_V4.3\reference\mysql-connector-net\mysql-connector-net-6.3.7-src\Source\MySql.Data\ProcedureCache.cs:行号 62
在 MySql.Data.MySqlClient.StoredProcedure.GetParameters(String procName, DataTable& proceduresTable, DataTable& parametersTable) 位置 D:\TFS\SSV4.X\src_V4.3\reference\mysql-connector-net\mysql-connector-net-6.3.7-src\Source\MySql.Data\StoredProcedure.cs:行号 93
在 MySql.Data.MySqlClient.StoredProcedure.CheckParameters(String spName) 位置 D:\TFS\SSV4.X\src_V4.3\reference\mysql-connector-net\mysql-connector-net-6.3.7-src\Source\MySql.Data\StoredProcedure.cs:行号 149
在 MySql.Data.MySqlClient.StoredProcedure.Resolve(Boolean preparing) 位置 D:\TFS\SSV4.X\src_V4.3\reference\mysql-connector-net\mysql-connector-net-6.3.7-src\Source\MySql.Data\StoredProcedure.cs:行号 176
在 MySql.Data.MySqlClient.MySqlCommand.ExecuteReader(CommandBehavior behavior) 位置 D:\TFS\SSV4.X\src_V4.3\reference\mysql-connector-net\mysql-connector-net-6.3.7-src\Source\MySql.Data\command.cs:行号 447
在 MySql.Data.MySqlClient.MySqlCommand.ExecuteReader() 位置 D:\TFS\SSV4.X\src_V4.3\reference\mysql-connector-net\mysql-connector-net-6.3.7-src\Source\MySql.Data\command.cs:行号 382
在 MySql.Data.MySqlClient.MySqlCommand.ExecuteScalar() 位置 D:\TFS\SSV4.X\src_V4.3\reference\mysql-connector-net\mysql-connector-net-6.3.7-src\Source\MySql.Data\command.cs:行号 539
在 MySql.Data.MySqlClient.Tests.StoredProcedureAccess.CallingStoredProcWithOnlyExecPrivs() 位置 D:\TFS\SSV4.X\src_V4.3\reference\mysql-connector-net\mysql-connector-net-6.3.7-src\Tests\MySql.Data.Tests\StoredProcedureWithAccess.cs:行号 65
--SqlNullValueException
在 MySql.Data.MySqlClient.MySqlDataReader.GetFieldValue(Int32 index, Boolean checkNull) 位置 D:\TFS\SSV4.X\src_V4.3\reference\mysql-connector-net\mysql-connector-net-6.3.7-src\Source\MySql.Data\datareader.cs:行号 995
在 MySql.Data.MySqlClient.MySqlDataReader.GetString(Int32 i) 位置 D:\TFS\SSV4.X\src_V4.3\reference\mysql-connector-net\mysql-connector-net-6.3.7-src\Source\MySql.Data\datareader.cs:行号 747
在 MySql.Data.MySqlClient.ISSchemaProvider.GetParametersFromShowCreate(DataTable parametersTable, String[] restrictions, DataTable routines) 位置 D:\TFS\SSV4.X\src_V4.3\reference\mysql-connector-net\mysql-connector-net-6.3.7-src\Source\MySql.Data\ISSchemaProvider.cs:行号 514
]]></stack-trace>
                                </failure>
                              </test-case>
                              <test-case name="MySql.Data.MySqlClient.Tests.StoredProcedureAccess.CheckNameOfReturnParameter" executed="True" result="Success" success="True" time="1.015" asserts="3" />
                              <test-case name="MySql.Data.MySqlClient.Tests.StoredProcedureAccess.DeriveParameters" executed="True" result="Success" success="True" time="1.141" asserts="30" />
                              <test-case name="MySql.Data.MySqlClient.Tests.StoredProcedureAccess.DeriveParametersForFunction" executed="True" result="Success" success="True" time="1.063" asserts="7" />
                              <test-case name="MySql.Data.MySqlClient.Tests.StoredProcedureAccess.NotSpecifyingDataTypeOfReturnValue" executed="True" result="Success" success="True" time="1.016" asserts="1" />
                              <test-case name="MySql.Data.MySqlClient.Tests.StoredProcedureAccess.ProcedureParameters" executed="True" result="Success" success="True" time="1.015" asserts="24" />
                              <test-case name="MySql.Data.MySqlClient.Tests.StoredProcedureAccess.SingleProcedureParameters" executed="True" result="Success" success="True" time="1.020" asserts="30" />
                              <test-case name="MySql.Data.MySqlClient.Tests.StoredProcedureAccess.StoredProcedure.AmbiguousColumns" executed="True" result="Success" success="True" time="1.237" asserts="1" />
                              <test-case name="MySql.Data.MySqlClient.Tests.StoredProcedureAccess.StoredProcedure.Bug16788" executed="True" result="Success" success="True" time="1.157" asserts="1" />
                              <test-case name="MySql.Data.MySqlClient.Tests.StoredProcedureAccess.StoredProcedure.Bug20581" executed="True" result="Success" success="True" time="1.016" asserts="1" />
                              <test-case name="MySql.Data.MySqlClient.Tests.StoredProcedureAccess.StoredProcedure.CallingSPWithPrepare" executed="True" result="Success" success="True" time="1.018" asserts="2" />
                              <test-case name="MySql.Data.MySqlClient.Tests.StoredProcedureAccess.StoredProcedure.CatalogWithHyphens" executed="True" result="Success" success="True" time="1.015" asserts="3" />
                              <test-case name="MySql.Data.MySqlClient.Tests.StoredProcedureAccess.StoredProcedure.ComplexDefinition" executed="True" result="Success" success="True" time="1.014" asserts="1" />
                              <test-case name="MySql.Data.MySqlClient.Tests.StoredProcedureAccess.StoredProcedure.DecimalAsParameter" executed="True" result="Success" success="True" time="1.015" asserts="2" />
                              <test-case name="MySql.Data.MySqlClient.Tests.StoredProcedureAccess.StoredProcedure.DeriveParameters" executed="True" result="Success" success="True" time="1.015" asserts="2" />
                              <test-case name="MySql.Data.MySqlClient.Tests.StoredProcedureAccess.StoredProcedure.ExecuteScalar2" executed="True" result="Success" success="True" time="1.027" asserts="3" />
                              <test-case name="MySql.Data.MySqlClient.Tests.StoredProcedureAccess.StoredProcedure.ExecuteWithCreate" executed="True" result="Success" success="True" time="1.094" asserts="2" />
                              <test-case name="MySql.Data.MySqlClient.Tests.StoredProcedureAccess.StoredProcedure.GetSchema" executed="True" result="Success" success="True" time="1.196" asserts="2" />
                              <test-case name="MySql.Data.MySqlClient.Tests.StoredProcedureAccess.StoredProcedure.MultipleRecords" executed="True" result="Success" success="True" time="1.213" asserts="5" />
                              <test-case name="MySql.Data.MySqlClient.Tests.StoredProcedureAccess.StoredProcedure.MultipleResultsets" executed="True" result="Success" success="True" time="1.022" asserts="12" />
                              <test-case name="MySql.Data.MySqlClient.Tests.StoredProcedureAccess.StoredProcedure.MultipleResultsetsPrepared" executed="True" result="Success" success="True" time="1.017" asserts="12" />
                              <test-case name="MySql.Data.MySqlClient.Tests.StoredProcedureAccess.StoredProcedure.NoBatch" executed="True" result="Success" success="True" time="1.009" asserts="1" />
                              <test-case name="MySql.Data.MySqlClient.Tests.StoredProcedureAccess.StoredProcedure.NoDefaultDatabase" executed="True" result="Success" success="True" time="2.026" asserts="3" />
                              <test-case name="MySql.Data.MySqlClient.Tests.StoredProcedureAccess.StoredProcedure.NoInOutMarker" executed="True" result="Success" success="True" time="1.016" asserts="2" />
                              <test-case name="MySql.Data.MySqlClient.Tests.StoredProcedureAccess.StoredProcedure.NonQuery" executed="True" result="Success" success="True" time="1.151" asserts="7" />
                              <test-case name="MySql.Data.MySqlClient.Tests.StoredProcedureAccess.StoredProcedure.NoSPOnPre50" executed="True" result="Success" success="True" time="1.010" asserts="1" />
                              <test-case name="MySql.Data.MySqlClient.Tests.StoredProcedureAccess.StoredProcedure.OtherProcSigs" executed="True" result="Success" success="True" time="1.015" asserts="3" />
                              <test-case name="MySql.Data.MySqlClient.Tests.StoredProcedureAccess.StoredProcedure.ParametersInReverseOrderNotOwner" executed="True" result="Success" success="True" time="2.031" asserts="3" />
                              <test-case name="MySql.Data.MySqlClient.Tests.StoredProcedureAccess.StoredProcedure.ParametersInReverseOrderOwner" executed="True" result="Success" success="True" time="2.015" asserts="3" />
                              <test-case name="MySql.Data.MySqlClient.Tests.StoredProcedureAccess.StoredProcedure.ParmWithCharacterSet" executed="True" result="Success" success="True" time="1.014" asserts="2" />
                              <test-case name="MySql.Data.MySqlClient.Tests.StoredProcedureAccess.StoredProcedure.PreparedReader" executed="True" result="Success" success="True" time="1.144" asserts="1" />
                              <test-case name="MySql.Data.MySqlClient.Tests.StoredProcedureAccess.StoredProcedure.ProcedureCacheMiss" executed="True" result="Success" success="True" time="2.020" asserts="1" />
                              <test-case name="MySql.Data.MySqlClient.Tests.StoredProcedureAccess.StoredProcedure.ProcEnumParamTest" executed="True" result="Success" success="True" time="1.204" asserts="2" />
                              <test-case name="MySql.Data.MySqlClient.Tests.StoredProcedureAccess.StoredProcedure.ReturningResultset" executed="True" result="Success" success="True" time="1.017" asserts="2" />
                              <test-case name="MySql.Data.MySqlClient.Tests.StoredProcedureAccess.StoredProcedure.SpecialCharacters" executed="True" result="Success" success="True" time="1.015" asserts="2" />
                              <test-case name="MySql.Data.MySqlClient.Tests.StoredProcedureAccess.StoredProcedure.SPWithSpaceInParameterType" executed="True" result="Success" success="True" time="1.010" asserts="2" />
                              <test-case name="MySql.Data.MySqlClient.Tests.StoredProcedureAccess.StoredProcedure.TurkishStoredProcs" executed="True" result="Success" success="True" time="1.015" asserts="1" />
                              <test-case name="MySql.Data.MySqlClient.Tests.StoredProcedureAccess.StoredProcedure.UsingUInt64AsParam" executed="True" result="Success" success="True" time="1.199" asserts="1" />
                              <test-case name="MySql.Data.MySqlClient.Tests.StoredProcedureAccess.StoredProcedure.WrongParameters" executed="True" result="Success" success="True" time="1.014" asserts="1" />
                              <test-case name="MySql.Data.MySqlClient.Tests.StoredProcedureAccess.UnsignedParametersInSP" executed="True" result="Error" success="False" time="1.022" asserts="1">
                                <failure>
                                  <message><![CDATA[System.InvalidOperationException : Parameters can only be derived for commands using the StoredProcedure command type.]]></message>
                                  <stack-trace><![CDATA[在 MySql.Data.MySqlClient.MySqlCommandBuilder.DeriveParameters(MySqlCommand command) 位置 D:\TFS\SSV4.X\src_V4.3\reference\mysql-connector-net\mysql-connector-net-6.3.7-src\Source\MySql.Data\CommandBuilder.cs:行号 85
在 MySql.Data.MySqlClient.Tests.StoredProcedureAccess.UnsignedParametersInSP() 位置 D:\TFS\SSV4.X\src_V4.3\reference\mysql-connector-net\mysql-connector-net-6.3.7-src\Tests\MySql.Data.Tests\StoredProcedureWithAccess.cs:行号 199
]]></stack-trace>
                                </failure>
                              </test-case>
                              <test-case name="MySql.Data.MySqlClient.Tests.StoredProcedureAccess.UpdateBatchSizeMoreThanOne" executed="True" result="Error" success="False" time="1.246" asserts="2">
                                <failure>
                                  <message><![CDATA[MySql.Data.MySqlClient.MySqlException : You have an error in your SQL syntax; check the manual that corresponds to your MySQL server version for the right syntax to use near 'pbug50123; pbug50123; pbug50123; pbug50123; pbug50123; pbug50123; pbug50123; pbu' at line 1]]></message>
                                  <stack-trace><![CDATA[在 System.Data.Common.DbDataAdapter.UpdatedRowStatusErrors(RowUpdatedEventArgs rowUpdatedEvent, BatchCommandInfo[] batchCommands, Int32 commandCount)
在 System.Data.Common.DbDataAdapter.UpdatedRowStatus(RowUpdatedEventArgs rowUpdatedEvent, BatchCommandInfo[] batchCommands, Int32 commandCount)
在 System.Data.Common.DbDataAdapter.Update(DataRow[] dataRows, DataTableMapping tableMapping)
在 MySql.Data.MySqlClient.MySqlDataAdapter.Update(DataRow[] dataRows, DataTableMapping tableMapping) 位置 D:\TFS\SSV4.X\src_V4.3\reference\mysql-connector-net\mysql-connector-net-6.3.7-src\Source\MySql.Data\dataadapter.cs:行号 182
在 System.Data.Common.DbDataAdapter.UpdateFromDataTable(DataTable dataTable, DataTableMapping tableMapping)
在 System.Data.Common.DbDataAdapter.Update(DataTable dataTable)
在 MySql.Data.MySqlClient.Tests.StoredProcedureAccess.UpdateBatchSizeMoreThanOne() 位置 D:\TFS\SSV4.X\src_V4.3\reference\mysql-connector-net\mysql-connector-net-6.3.7-src\Tests\MySql.Data.Tests\StoredProcedureWithAccess.cs:行号 394
]]></stack-trace>
                                </failure>
                              </test-case>
                            </results>
                          </test-suite>
                          <test-suite type="TestFixture" name="StressTests" executed="True" result="Success" success="True" time="212.195" asserts="0">
                            <results>
                              <test-case name="MySql.Data.MySqlClient.Tests.StressTests.TestMultiPacket" executed="True" result="Success" success="True" time="32.002" asserts="40000003" />
                              <test-case name="MySql.Data.MySqlClient.Tests.StressTests.TestSequence" executed="True" result="Success" success="True" time="180.189" asserts="8002" />
                            </results>
                          </test-suite>
                          <test-suite type="TestFixture" name="StressTestsPipe" executed="True" result="Failure" success="False" time="10.049" asserts="0">
                            <categories>
                              <category name="Pipe" />
                            </categories>
                            <results>
                              <test-case name="MySql.Data.MySqlClient.Tests.StressTestsPipe.StressTests.TestMultiPacket" executed="True" result="Error" success="False" time="5.023" asserts="1">
                                <failure>
                                  <message><![CDATA[SetUp : MySql.Data.MySqlClient.MySqlException : Unable to connect to any of the specified MySQL hosts.
  ----> System.ArgumentException : 无效的句柄。
参数名: handle
TearDown : NUnit.Framework.AssertionException :   Too many processes still running
  Expected: 0
  But was:  1
]]></message>
                                  <stack-trace><![CDATA[在 MySql.Data.MySqlClient.NativeDriver.Open() 位置 D:\TFS\SSV4.X\src_V4.3\reference\mysql-connector-net\mysql-connector-net-6.3.7-src\Source\MySql.Data\NativeDriver.cs:行号 269
在 MySql.Data.MySqlClient.Driver.Open() 位置 D:\TFS\SSV4.X\src_V4.3\reference\mysql-connector-net\mysql-connector-net-6.3.7-src\Source\MySql.Data\Driver.cs:行号 212
在 MySql.Data.MySqlClient.Driver.Create(MySqlConnectionStringBuilder settings) 位置 D:\TFS\SSV4.X\src_V4.3\reference\mysql-connector-net\mysql-connector-net-6.3.7-src\Source\MySql.Data\Driver.cs:行号 200
在 MySql.Data.MySqlClient.MySqlConnection.Open() 位置 D:\TFS\SSV4.X\src_V4.3\reference\mysql-connector-net\mysql-connector-net-6.3.7-src\Source\MySql.Data\Connection.cs:行号 514
在 MySql.Data.MySqlClient.Tests.BaseTest.Open() 位置 D:\TFS\SSV4.X\src_V4.3\reference\mysql-connector-net\mysql-connector-net-6.3.7-src\Tests\MySql.Data.Tests\BaseTest.cs:行号 174
在 MySql.Data.MySqlClient.Tests.BaseTest.Setup() 位置 D:\TFS\SSV4.X\src_V4.3\reference\mysql-connector-net\mysql-connector-net-6.3.7-src\Tests\MySql.Data.Tests\BaseTest.cs:行号 215
在 MySql.Data.MySqlClient.Tests.StressTests.Setup() 位置 D:\TFS\SSV4.X\src_V4.3\reference\mysql-connector-net\mysql-connector-net-6.3.7-src\Tests\MySql.Data.Tests\StressTests.cs:行号 40
--ArgumentException
在 System.IO.FileStream..ctor(SafeFileHandle handle, FileAccess access, Int32 bufferSize, Boolean isAsync)
在 MySql.Data.Common.NamedPipeStream.Open(String path, FileAccess mode, UInt32 timeout) 位置 D:\TFS\SSV4.X\src_V4.3\reference\mysql-connector-net\mysql-connector-net-6.3.7-src\Source\MySql.Data\common\NamedPipeStream.cs:行号 94
在 MySql.Data.Common.NamedPipeStream..ctor(String path, FileAccess mode, UInt32 timeout) 位置 D:\TFS\SSV4.X\src_V4.3\reference\mysql-connector-net\mysql-connector-net-6.3.7-src\Source\MySql.Data\common\NamedPipeStream.cs:行号 51
在 MySql.Data.Common.NamedPipeStream.Create(String pipeName, String hostname, UInt32 timeout) 位置 D:\TFS\SSV4.X\src_V4.3\reference\mysql-connector-net\mysql-connector-net-6.3.7-src\Source\MySql.Data\common\NamedPipeStream.cs:行号 233
在 MySql.Data.Common.StreamCreator.GetStreamFromHost(String pipeName, String hostName, UInt32 timeout) 位置 D:\TFS\SSV4.X\src_V4.3\reference\mysql-connector-net\mysql-connector-net-6.3.7-src\Source\MySql.Data\common\StreamCreator.cs:行号 61
在 MySql.Data.Common.StreamCreator.GetStream(UInt32 timeout) 位置 D:\TFS\SSV4.X\src_V4.3\reference\mysql-connector-net\mysql-connector-net-6.3.7-src\Source\MySql.Data\common\StreamCreator.cs:行号 105
在 MySql.Data.MySqlClient.NativeDriver.Open() 位置 D:\TFS\SSV4.X\src_V4.3\reference\mysql-connector-net\mysql-connector-net-6.3.7-src\Source\MySql.Data\NativeDriver.cs:行号 181
--TearDown
在 MySql.Data.MySqlClient.Tests.BaseTest.Teardown() 位置 D:\TFS\SSV4.X\src_V4.3\reference\mysql-connector-net\mysql-connector-net-6.3.7-src\Tests\MySql.Data.Tests\BaseTest.cs:行号 236
]]></stack-trace>
                                </failure>
                              </test-case>
                              <test-case name="MySql.Data.MySqlClient.Tests.StressTestsPipe.StressTests.TestSequence" executed="True" result="Error" success="False" time="5.022" asserts="1">
                                <failure>
                                  <message><![CDATA[SetUp : MySql.Data.MySqlClient.MySqlException : Unable to connect to any of the specified MySQL hosts.
  ----> System.ArgumentException : 无效的句柄。
参数名: handle
TearDown : NUnit.Framework.AssertionException :   Too many processes still running
  Expected: 0
  But was:  1
]]></message>
                                  <stack-trace><![CDATA[在 MySql.Data.MySqlClient.NativeDriver.Open() 位置 D:\TFS\SSV4.X\src_V4.3\reference\mysql-connector-net\mysql-connector-net-6.3.7-src\Source\MySql.Data\NativeDriver.cs:行号 269
在 MySql.Data.MySqlClient.Driver.Open() 位置 D:\TFS\SSV4.X\src_V4.3\reference\mysql-connector-net\mysql-connector-net-6.3.7-src\Source\MySql.Data\Driver.cs:行号 212
在 MySql.Data.MySqlClient.Driver.Create(MySqlConnectionStringBuilder settings) 位置 D:\TFS\SSV4.X\src_V4.3\reference\mysql-connector-net\mysql-connector-net-6.3.7-src\Source\MySql.Data\Driver.cs:行号 200
在 MySql.Data.MySqlClient.MySqlConnection.Open() 位置 D:\TFS\SSV4.X\src_V4.3\reference\mysql-connector-net\mysql-connector-net-6.3.7-src\Source\MySql.Data\Connection.cs:行号 514
在 MySql.Data.MySqlClient.Tests.BaseTest.Open() 位置 D:\TFS\SSV4.X\src_V4.3\reference\mysql-connector-net\mysql-connector-net-6.3.7-src\Tests\MySql.Data.Tests\BaseTest.cs:行号 174
在 MySql.Data.MySqlClient.Tests.BaseTest.Setup() 位置 D:\TFS\SSV4.X\src_V4.3\reference\mysql-connector-net\mysql-connector-net-6.3.7-src\Tests\MySql.Data.Tests\BaseTest.cs:行号 215
在 MySql.Data.MySqlClient.Tests.StressTests.Setup() 位置 D:\TFS\SSV4.X\src_V4.3\reference\mysql-connector-net\mysql-connector-net-6.3.7-src\Tests\MySql.Data.Tests\StressTests.cs:行号 40
--ArgumentException
在 System.IO.FileStream..ctor(SafeFileHandle handle, FileAccess access, Int32 bufferSize, Boolean isAsync)
在 MySql.Data.Common.NamedPipeStream.Open(String path, FileAccess mode, UInt32 timeout) 位置 D:\TFS\SSV4.X\src_V4.3\reference\mysql-connector-net\mysql-connector-net-6.3.7-src\Source\MySql.Data\common\NamedPipeStream.cs:行号 94
在 MySql.Data.Common.NamedPipeStream..ctor(String path, FileAccess mode, UInt32 timeout) 位置 D:\TFS\SSV4.X\src_V4.3\reference\mysql-connector-net\mysql-connector-net-6.3.7-src\Source\MySql.Data\common\NamedPipeStream.cs:行号 51
在 MySql.Data.Common.NamedPipeStream.Create(String pipeName, String hostname, UInt32 timeout) 位置 D:\TFS\SSV4.X\src_V4.3\reference\mysql-connector-net\mysql-connector-net-6.3.7-src\Source\MySql.Data\common\NamedPipeStream.cs:行号 233
在 MySql.Data.Common.StreamCreator.GetStreamFromHost(String pipeName, String hostName, UInt32 timeout) 位置 D:\TFS\SSV4.X\src_V4.3\reference\mysql-connector-net\mysql-connector-net-6.3.7-src\Source\MySql.Data\common\StreamCreator.cs:行号 61
在 MySql.Data.Common.StreamCreator.GetStream(UInt32 timeout) 位置 D:\TFS\SSV4.X\src_V4.3\reference\mysql-connector-net\mysql-connector-net-6.3.7-src\Source\MySql.Data\common\StreamCreator.cs:行号 105
在 MySql.Data.MySqlClient.NativeDriver.Open() 位置 D:\TFS\SSV4.X\src_V4.3\reference\mysql-connector-net\mysql-connector-net-6.3.7-src\Source\MySql.Data\NativeDriver.cs:行号 181
--TearDown
在 MySql.Data.MySqlClient.Tests.BaseTest.Teardown() 位置 D:\TFS\SSV4.X\src_V4.3\reference\mysql-connector-net\mysql-connector-net-6.3.7-src\Tests\MySql.Data.Tests\BaseTest.cs:行号 236
]]></stack-trace>
                                </failure>
                              </test-case>
                            </results>
                          </test-suite>
                          <test-suite type="TestFixture" name="StressTestsPipeCompressed" executed="True" result="Failure" success="False" time="10.038" asserts="0">
                            <categories>
                              <category name="Compressed" />
                              <category name="Pipe" />
                            </categories>
                            <results>
                              <test-case name="MySql.Data.MySqlClient.Tests.StressTestsPipeCompressed.StressTests.TestMultiPacket" executed="True" result="Error" success="False" time="5.019" asserts="1">
                                <failure>
                                  <message><![CDATA[SetUp : MySql.Data.MySqlClient.MySqlException : Unable to connect to any of the specified MySQL hosts.
  ----> System.ArgumentException : 无效的句柄。
参数名: handle
TearDown : NUnit.Framework.AssertionException :   Too many processes still running
  Expected: 0
  But was:  1
]]></message>
                                  <stack-trace><![CDATA[在 MySql.Data.MySqlClient.NativeDriver.Open() 位置 D:\TFS\SSV4.X\src_V4.3\reference\mysql-connector-net\mysql-connector-net-6.3.7-src\Source\MySql.Data\NativeDriver.cs:行号 269
在 MySql.Data.MySqlClient.Driver.Open() 位置 D:\TFS\SSV4.X\src_V4.3\reference\mysql-connector-net\mysql-connector-net-6.3.7-src\Source\MySql.Data\Driver.cs:行号 212
在 MySql.Data.MySqlClient.Driver.Create(MySqlConnectionStringBuilder settings) 位置 D:\TFS\SSV4.X\src_V4.3\reference\mysql-connector-net\mysql-connector-net-6.3.7-src\Source\MySql.Data\Driver.cs:行号 200
在 MySql.Data.MySqlClient.MySqlConnection.Open() 位置 D:\TFS\SSV4.X\src_V4.3\reference\mysql-connector-net\mysql-connector-net-6.3.7-src\Source\MySql.Data\Connection.cs:行号 514
在 MySql.Data.MySqlClient.Tests.BaseTest.Open() 位置 D:\TFS\SSV4.X\src_V4.3\reference\mysql-connector-net\mysql-connector-net-6.3.7-src\Tests\MySql.Data.Tests\BaseTest.cs:行号 174
在 MySql.Data.MySqlClient.Tests.BaseTest.Setup() 位置 D:\TFS\SSV4.X\src_V4.3\reference\mysql-connector-net\mysql-connector-net-6.3.7-src\Tests\MySql.Data.Tests\BaseTest.cs:行号 215
在 MySql.Data.MySqlClient.Tests.StressTests.Setup() 位置 D:\TFS\SSV4.X\src_V4.3\reference\mysql-connector-net\mysql-connector-net-6.3.7-src\Tests\MySql.Data.Tests\StressTests.cs:行号 40
--ArgumentException
在 System.IO.FileStream..ctor(SafeFileHandle handle, FileAccess access, Int32 bufferSize, Boolean isAsync)
在 MySql.Data.Common.NamedPipeStream.Open(String path, FileAccess mode, UInt32 timeout) 位置 D:\TFS\SSV4.X\src_V4.3\reference\mysql-connector-net\mysql-connector-net-6.3.7-src\Source\MySql.Data\common\NamedPipeStream.cs:行号 94
在 MySql.Data.Common.NamedPipeStream..ctor(String path, FileAccess mode, UInt32 timeout) 位置 D:\TFS\SSV4.X\src_V4.3\reference\mysql-connector-net\mysql-connector-net-6.3.7-src\Source\MySql.Data\common\NamedPipeStream.cs:行号 51
在 MySql.Data.Common.NamedPipeStream.Create(String pipeName, String hostname, UInt32 timeout) 位置 D:\TFS\SSV4.X\src_V4.3\reference\mysql-connector-net\mysql-connector-net-6.3.7-src\Source\MySql.Data\common\NamedPipeStream.cs:行号 233
在 MySql.Data.Common.StreamCreator.GetStreamFromHost(String pipeName, String hostName, UInt32 timeout) 位置 D:\TFS\SSV4.X\src_V4.3\reference\mysql-connector-net\mysql-connector-net-6.3.7-src\Source\MySql.Data\common\StreamCreator.cs:行号 61
在 MySql.Data.Common.StreamCreator.GetStream(UInt32 timeout) 位置 D:\TFS\SSV4.X\src_V4.3\reference\mysql-connector-net\mysql-connector-net-6.3.7-src\Source\MySql.Data\common\StreamCreator.cs:行号 105
在 MySql.Data.MySqlClient.NativeDriver.Open() 位置 D:\TFS\SSV4.X\src_V4.3\reference\mysql-connector-net\mysql-connector-net-6.3.7-src\Source\MySql.Data\NativeDriver.cs:行号 181
--TearDown
在 MySql.Data.MySqlClient.Tests.BaseTest.Teardown() 位置 D:\TFS\SSV4.X\src_V4.3\reference\mysql-connector-net\mysql-connector-net-6.3.7-src\Tests\MySql.Data.Tests\BaseTest.cs:行号 236
]]></stack-trace>
                                </failure>
                              </test-case>
                              <test-case name="MySql.Data.MySqlClient.Tests.StressTestsPipeCompressed.StressTests.TestSequence" executed="True" result="Error" success="False" time="5.016" asserts="1">
                                <failure>
                                  <message><![CDATA[SetUp : MySql.Data.MySqlClient.MySqlException : Unable to connect to any of the specified MySQL hosts.
  ----> System.ArgumentException : 无效的句柄。
参数名: handle
TearDown : NUnit.Framework.AssertionException :   Too many processes still running
  Expected: 0
  But was:  1
]]></message>
                                  <stack-trace><![CDATA[在 MySql.Data.MySqlClient.NativeDriver.Open() 位置 D:\TFS\SSV4.X\src_V4.3\reference\mysql-connector-net\mysql-connector-net-6.3.7-src\Source\MySql.Data\NativeDriver.cs:行号 269
在 MySql.Data.MySqlClient.Driver.Open() 位置 D:\TFS\SSV4.X\src_V4.3\reference\mysql-connector-net\mysql-connector-net-6.3.7-src\Source\MySql.Data\Driver.cs:行号 212
在 MySql.Data.MySqlClient.Driver.Create(MySqlConnectionStringBuilder settings) 位置 D:\TFS\SSV4.X\src_V4.3\reference\mysql-connector-net\mysql-connector-net-6.3.7-src\Source\MySql.Data\Driver.cs:行号 200
在 MySql.Data.MySqlClient.MySqlConnection.Open() 位置 D:\TFS\SSV4.X\src_V4.3\reference\mysql-connector-net\mysql-connector-net-6.3.7-src\Source\MySql.Data\Connection.cs:行号 514
在 MySql.Data.MySqlClient.Tests.BaseTest.Open() 位置 D:\TFS\SSV4.X\src_V4.3\reference\mysql-connector-net\mysql-connector-net-6.3.7-src\Tests\MySql.Data.Tests\BaseTest.cs:行号 174
在 MySql.Data.MySqlClient.Tests.BaseTest.Setup() 位置 D:\TFS\SSV4.X\src_V4.3\reference\mysql-connector-net\mysql-connector-net-6.3.7-src\Tests\MySql.Data.Tests\BaseTest.cs:行号 215
在 MySql.Data.MySqlClient.Tests.StressTests.Setup() 位置 D:\TFS\SSV4.X\src_V4.3\reference\mysql-connector-net\mysql-connector-net-6.3.7-src\Tests\MySql.Data.Tests\StressTests.cs:行号 40
--ArgumentException
在 System.IO.FileStream..ctor(SafeFileHandle handle, FileAccess access, Int32 bufferSize, Boolean isAsync)
在 MySql.Data.Common.NamedPipeStream.Open(String path, FileAccess mode, UInt32 timeout) 位置 D:\TFS\SSV4.X\src_V4.3\reference\mysql-connector-net\mysql-connector-net-6.3.7-src\Source\MySql.Data\common\NamedPipeStream.cs:行号 94
在 MySql.Data.Common.NamedPipeStream..ctor(String path, FileAccess mode, UInt32 timeout) 位置 D:\TFS\SSV4.X\src_V4.3\reference\mysql-connector-net\mysql-connector-net-6.3.7-src\Source\MySql.Data\common\NamedPipeStream.cs:行号 51
在 MySql.Data.Common.NamedPipeStream.Create(String pipeName, String hostname, UInt32 timeout) 位置 D:\TFS\SSV4.X\src_V4.3\reference\mysql-connector-net\mysql-connector-net-6.3.7-src\Source\MySql.Data\common\NamedPipeStream.cs:行号 233
在 MySql.Data.Common.StreamCreator.GetStreamFromHost(String pipeName, String hostName, UInt32 timeout) 位置 D:\TFS\SSV4.X\src_V4.3\reference\mysql-connector-net\mysql-connector-net-6.3.7-src\Source\MySql.Data\common\StreamCreator.cs:行号 61
在 MySql.Data.Common.StreamCreator.GetStream(UInt32 timeout) 位置 D:\TFS\SSV4.X\src_V4.3\reference\mysql-connector-net\mysql-connector-net-6.3.7-src\Source\MySql.Data\common\StreamCreator.cs:行号 105
在 MySql.Data.MySqlClient.NativeDriver.Open() 位置 D:\TFS\SSV4.X\src_V4.3\reference\mysql-connector-net\mysql-connector-net-6.3.7-src\Source\MySql.Data\NativeDriver.cs:行号 181
--TearDown
在 MySql.Data.MySqlClient.Tests.BaseTest.Teardown() 位置 D:\TFS\SSV4.X\src_V4.3\reference\mysql-connector-net\mysql-connector-net-6.3.7-src\Tests\MySql.Data.Tests\BaseTest.cs:行号 236
]]></stack-trace>
                                </failure>
                              </test-case>
                            </results>
                          </test-suite>
                          <test-suite type="TestFixture" name="StressTestsSharedMemory" executed="True" result="Failure" success="False" time="10.048" asserts="0">
                            <categories>
                              <category name="SharedMemory" />
                            </categories>
                            <results>
                              <test-case name="MySql.Data.MySqlClient.Tests.StressTestsSharedMemory.StressTests.TestMultiPacket" executed="True" result="Error" success="False" time="5.019" asserts="1">
                                <failure>
                                  <message><![CDATA[SetUp : MySql.Data.MySqlClient.MySqlException : Unable to connect to any of the specified MySQL hosts.
  ----> System.Threading.WaitHandleCannotBeOpenedException : 不存在给定名称的句柄。
TearDown : NUnit.Framework.AssertionException :   Too many processes still running
  Expected: 0
  But was:  1
]]></message>
                                  <stack-trace><![CDATA[在 MySql.Data.MySqlClient.NativeDriver.Open() 位置 D:\TFS\SSV4.X\src_V4.3\reference\mysql-connector-net\mysql-connector-net-6.3.7-src\Source\MySql.Data\NativeDriver.cs:行号 269
在 MySql.Data.MySqlClient.Driver.Open() 位置 D:\TFS\SSV4.X\src_V4.3\reference\mysql-connector-net\mysql-connector-net-6.3.7-src\Source\MySql.Data\Driver.cs:行号 212
在 MySql.Data.MySqlClient.Driver.Create(MySqlConnectionStringBuilder settings) 位置 D:\TFS\SSV4.X\src_V4.3\reference\mysql-connector-net\mysql-connector-net-6.3.7-src\Source\MySql.Data\Driver.cs:行号 200
在 MySql.Data.MySqlClient.MySqlConnection.Open() 位置 D:\TFS\SSV4.X\src_V4.3\reference\mysql-connector-net\mysql-connector-net-6.3.7-src\Source\MySql.Data\Connection.cs:行号 514
在 MySql.Data.MySqlClient.Tests.BaseTest.Open() 位置 D:\TFS\SSV4.X\src_V4.3\reference\mysql-connector-net\mysql-connector-net-6.3.7-src\Tests\MySql.Data.Tests\BaseTest.cs:行号 174
在 MySql.Data.MySqlClient.Tests.BaseTest.Setup() 位置 D:\TFS\SSV4.X\src_V4.3\reference\mysql-connector-net\mysql-connector-net-6.3.7-src\Tests\MySql.Data.Tests\BaseTest.cs:行号 215
在 MySql.Data.MySqlClient.Tests.StressTests.Setup() 位置 D:\TFS\SSV4.X\src_V4.3\reference\mysql-connector-net\mysql-connector-net-6.3.7-src\Tests\MySql.Data.Tests\StressTests.cs:行号 40
--WaitHandleCannotBeOpenedException
在 System.Threading.EventWaitHandle.OpenExisting(String name, EventWaitHandleRights rights)
在 MySql.Data.Common.SharedMemoryStream.GetConnectNumber(UInt32 timeOut) 位置 D:\TFS\SSV4.X\src_V4.3\reference\mysql-connector-net\mysql-connector-net-6.3.7-src\Source\MySql.Data\common\SharedMemoryStream.cs:行号 166
在 MySql.Data.Common.SharedMemoryStream.Open(UInt32 timeOut) 位置 D:\TFS\SSV4.X\src_V4.3\reference\mysql-connector-net\mysql-connector-net-6.3.7-src\Source\MySql.Data\common\SharedMemoryStream.cs:行号 120
在 MySql.Data.MySqlClient.NativeDriver.Open() 位置 D:\TFS\SSV4.X\src_V4.3\reference\mysql-connector-net\mysql-connector-net-6.3.7-src\Source\MySql.Data\NativeDriver.cs:行号 170
--TearDown
在 MySql.Data.MySqlClient.Tests.BaseTest.Teardown() 位置 D:\TFS\SSV4.X\src_V4.3\reference\mysql-connector-net\mysql-connector-net-6.3.7-src\Tests\MySql.Data.Tests\BaseTest.cs:行号 236
]]></stack-trace>
                                </failure>
                              </test-case>
                              <test-case name="MySql.Data.MySqlClient.Tests.StressTestsSharedMemory.StressTests.TestSequence" executed="True" result="Error" success="False" time="5.025" asserts="1">
                                <failure>
                                  <message><![CDATA[SetUp : MySql.Data.MySqlClient.MySqlException : Unable to connect to any of the specified MySQL hosts.
  ----> System.Threading.WaitHandleCannotBeOpenedException : 不存在给定名称的句柄。
TearDown : NUnit.Framework.AssertionException :   Too many processes still running
  Expected: 0
  But was:  1
]]></message>
                                  <stack-trace><![CDATA[在 MySql.Data.MySqlClient.NativeDriver.Open() 位置 D:\TFS\SSV4.X\src_V4.3\reference\mysql-connector-net\mysql-connector-net-6.3.7-src\Source\MySql.Data\NativeDriver.cs:行号 269
在 MySql.Data.MySqlClient.Driver.Open() 位置 D:\TFS\SSV4.X\src_V4.3\reference\mysql-connector-net\mysql-connector-net-6.3.7-src\Source\MySql.Data\Driver.cs:行号 212
在 MySql.Data.MySqlClient.Driver.Create(MySqlConnectionStringBuilder settings) 位置 D:\TFS\SSV4.X\src_V4.3\reference\mysql-connector-net\mysql-connector-net-6.3.7-src\Source\MySql.Data\Driver.cs:行号 200
在 MySql.Data.MySqlClient.MySqlConnection.Open() 位置 D:\TFS\SSV4.X\src_V4.3\reference\mysql-connector-net\mysql-connector-net-6.3.7-src\Source\MySql.Data\Connection.cs:行号 514
在 MySql.Data.MySqlClient.Tests.BaseTest.Open() 位置 D:\TFS\SSV4.X\src_V4.3\reference\mysql-connector-net\mysql-connector-net-6.3.7-src\Tests\MySql.Data.Tests\BaseTest.cs:行号 174
在 MySql.Data.MySqlClient.Tests.BaseTest.Setup() 位置 D:\TFS\SSV4.X\src_V4.3\reference\mysql-connector-net\mysql-connector-net-6.3.7-src\Tests\MySql.Data.Tests\BaseTest.cs:行号 215
在 MySql.Data.MySqlClient.Tests.StressTests.Setup() 位置 D:\TFS\SSV4.X\src_V4.3\reference\mysql-connector-net\mysql-connector-net-6.3.7-src\Tests\MySql.Data.Tests\StressTests.cs:行号 40
--WaitHandleCannotBeOpenedException
在 System.Threading.EventWaitHandle.OpenExisting(String name, EventWaitHandleRights rights)
在 MySql.Data.Common.SharedMemoryStream.GetConnectNumber(UInt32 timeOut) 位置 D:\TFS\SSV4.X\src_V4.3\reference\mysql-connector-net\mysql-connector-net-6.3.7-src\Source\MySql.Data\common\SharedMemoryStream.cs:行号 166
在 MySql.Data.Common.SharedMemoryStream.Open(UInt32 timeOut) 位置 D:\TFS\SSV4.X\src_V4.3\reference\mysql-connector-net\mysql-connector-net-6.3.7-src\Source\MySql.Data\common\SharedMemoryStream.cs:行号 120
在 MySql.Data.MySqlClient.NativeDriver.Open() 位置 D:\TFS\SSV4.X\src_V4.3\reference\mysql-connector-net\mysql-connector-net-6.3.7-src\Source\MySql.Data\NativeDriver.cs:行号 170
--TearDown
在 MySql.Data.MySqlClient.Tests.BaseTest.Teardown() 位置 D:\TFS\SSV4.X\src_V4.3\reference\mysql-connector-net\mysql-connector-net-6.3.7-src\Tests\MySql.Data.Tests\BaseTest.cs:行号 236
]]></stack-trace>
                                </failure>
                              </test-case>
                            </results>
                          </test-suite>
                          <test-suite type="TestFixture" name="StressTestsSharedMemoryCompressed" executed="True" result="Failure" success="False" time="10.159" asserts="0">
                            <categories>
                              <category name="Compressed" />
                              <category name="SharedMemory" />
                            </categories>
                            <results>
                              <test-case name="MySql.Data.MySqlClient.Tests.StressTestsSharedMemoryCompressed.StressTests.TestMultiPacket" executed="True" result="Error" success="False" time="5.020" asserts="1">
                                <failure>
                                  <message><![CDATA[SetUp : MySql.Data.MySqlClient.MySqlException : Unable to connect to any of the specified MySQL hosts.
  ----> System.Threading.WaitHandleCannotBeOpenedException : 不存在给定名称的句柄。
TearDown : NUnit.Framework.AssertionException :   Too many processes still running
  Expected: 0
  But was:  1
]]></message>
                                  <stack-trace><![CDATA[在 MySql.Data.MySqlClient.NativeDriver.Open() 位置 D:\TFS\SSV4.X\src_V4.3\reference\mysql-connector-net\mysql-connector-net-6.3.7-src\Source\MySql.Data\NativeDriver.cs:行号 269
在 MySql.Data.MySqlClient.Driver.Open() 位置 D:\TFS\SSV4.X\src_V4.3\reference\mysql-connector-net\mysql-connector-net-6.3.7-src\Source\MySql.Data\Driver.cs:行号 212
在 MySql.Data.MySqlClient.Driver.Create(MySqlConnectionStringBuilder settings) 位置 D:\TFS\SSV4.X\src_V4.3\reference\mysql-connector-net\mysql-connector-net-6.3.7-src\Source\MySql.Data\Driver.cs:行号 200
在 MySql.Data.MySqlClient.MySqlConnection.Open() 位置 D:\TFS\SSV4.X\src_V4.3\reference\mysql-connector-net\mysql-connector-net-6.3.7-src\Source\MySql.Data\Connection.cs:行号 514
在 MySql.Data.MySqlClient.Tests.BaseTest.Open() 位置 D:\TFS\SSV4.X\src_V4.3\reference\mysql-connector-net\mysql-connector-net-6.3.7-src\Tests\MySql.Data.Tests\BaseTest.cs:行号 174
在 MySql.Data.MySqlClient.Tests.BaseTest.Setup() 位置 D:\TFS\SSV4.X\src_V4.3\reference\mysql-connector-net\mysql-connector-net-6.3.7-src\Tests\MySql.Data.Tests\BaseTest.cs:行号 215
在 MySql.Data.MySqlClient.Tests.StressTests.Setup() 位置 D:\TFS\SSV4.X\src_V4.3\reference\mysql-connector-net\mysql-connector-net-6.3.7-src\Tests\MySql.Data.Tests\StressTests.cs:行号 40
--WaitHandleCannotBeOpenedException
在 System.Threading.EventWaitHandle.OpenExisting(String name, EventWaitHandleRights rights)
在 MySql.Data.Common.SharedMemoryStream.GetConnectNumber(UInt32 timeOut) 位置 D:\TFS\SSV4.X\src_V4.3\reference\mysql-connector-net\mysql-connector-net-6.3.7-src\Source\MySql.Data\common\SharedMemoryStream.cs:行号 166
在 MySql.Data.Common.SharedMemoryStream.Open(UInt32 timeOut) 位置 D:\TFS\SSV4.X\src_V4.3\reference\mysql-connector-net\mysql-connector-net-6.3.7-src\Source\MySql.Data\common\SharedMemoryStream.cs:行号 120
在 MySql.Data.MySqlClient.NativeDriver.Open() 位置 D:\TFS\SSV4.X\src_V4.3\reference\mysql-connector-net\mysql-connector-net-6.3.7-src\Source\MySql.Data\NativeDriver.cs:行号 170
--TearDown
在 MySql.Data.MySqlClient.Tests.BaseTest.Teardown() 位置 D:\TFS\SSV4.X\src_V4.3\reference\mysql-connector-net\mysql-connector-net-6.3.7-src\Tests\MySql.Data.Tests\BaseTest.cs:行号 236
]]></stack-trace>
                                </failure>
                              </test-case>
                              <test-case name="MySql.Data.MySqlClient.Tests.StressTestsSharedMemoryCompressed.StressTests.TestSequence" executed="True" result="Error" success="False" time="5.135" asserts="1">
                                <failure>
                                  <message><![CDATA[SetUp : MySql.Data.MySqlClient.MySqlException : Unable to connect to any of the specified MySQL hosts.
  ----> System.Threading.WaitHandleCannotBeOpenedException : 不存在给定名称的句柄。
TearDown : NUnit.Framework.AssertionException :   Too many processes still running
  Expected: 0
  But was:  1
]]></message>
                                  <stack-trace><![CDATA[在 MySql.Data.MySqlClient.NativeDriver.Open() 位置 D:\TFS\SSV4.X\src_V4.3\reference\mysql-connector-net\mysql-connector-net-6.3.7-src\Source\MySql.Data\NativeDriver.cs:行号 269
在 MySql.Data.MySqlClient.Driver.Open() 位置 D:\TFS\SSV4.X\src_V4.3\reference\mysql-connector-net\mysql-connector-net-6.3.7-src\Source\MySql.Data\Driver.cs:行号 212
在 MySql.Data.MySqlClient.Driver.Create(MySqlConnectionStringBuilder settings) 位置 D:\TFS\SSV4.X\src_V4.3\reference\mysql-connector-net\mysql-connector-net-6.3.7-src\Source\MySql.Data\Driver.cs:行号 200
在 MySql.Data.MySqlClient.MySqlConnection.Open() 位置 D:\TFS\SSV4.X\src_V4.3\reference\mysql-connector-net\mysql-connector-net-6.3.7-src\Source\MySql.Data\Connection.cs:行号 514
在 MySql.Data.MySqlClient.Tests.BaseTest.Open() 位置 D:\TFS\SSV4.X\src_V4.3\reference\mysql-connector-net\mysql-connector-net-6.3.7-src\Tests\MySql.Data.Tests\BaseTest.cs:行号 174
在 MySql.Data.MySqlClient.Tests.BaseTest.Setup() 位置 D:\TFS\SSV4.X\src_V4.3\reference\mysql-connector-net\mysql-connector-net-6.3.7-src\Tests\MySql.Data.Tests\BaseTest.cs:行号 215
在 MySql.Data.MySqlClient.Tests.StressTests.Setup() 位置 D:\TFS\SSV4.X\src_V4.3\reference\mysql-connector-net\mysql-connector-net-6.3.7-src\Tests\MySql.Data.Tests\StressTests.cs:行号 40
--WaitHandleCannotBeOpenedException
在 System.Threading.EventWaitHandle.OpenExisting(String name, EventWaitHandleRights rights)
在 MySql.Data.Common.SharedMemoryStream.GetConnectNumber(UInt32 timeOut) 位置 D:\TFS\SSV4.X\src_V4.3\reference\mysql-connector-net\mysql-connector-net-6.3.7-src\Source\MySql.Data\common\SharedMemoryStream.cs:行号 166
在 MySql.Data.Common.SharedMemoryStream.Open(UInt32 timeOut) 位置 D:\TFS\SSV4.X\src_V4.3\reference\mysql-connector-net\mysql-connector-net-6.3.7-src\Source\MySql.Data\common\SharedMemoryStream.cs:行号 120
在 MySql.Data.MySqlClient.NativeDriver.Open() 位置 D:\TFS\SSV4.X\src_V4.3\reference\mysql-connector-net\mysql-connector-net-6.3.7-src\Source\MySql.Data\NativeDriver.cs:行号 170
--TearDown
在 MySql.Data.MySqlClient.Tests.BaseTest.Teardown() 位置 D:\TFS\SSV4.X\src_V4.3\reference\mysql-connector-net\mysql-connector-net-6.3.7-src\Tests\MySql.Data.Tests\BaseTest.cs:行号 236
]]></stack-trace>
                                </failure>
                              </test-case>
                            </results>
                          </test-suite>
                          <test-suite type="TestFixture" name="StressTestsSocketCompressed" executed="True" result="Success" success="True" time="178.749" asserts="0">
                            <categories>
                              <category name="Compressed" />
                            </categories>
                            <results>
                              <test-case name="MySql.Data.MySqlClient.Tests.StressTestsSocketCompressed.StressTests.TestMultiPacket" executed="True" result="Success" success="True" time="1.104" asserts="1" />
                              <test-case name="MySql.Data.MySqlClient.Tests.StressTestsSocketCompressed.StressTests.TestSequence" executed="True" result="Success" success="True" time="177.642" asserts="8002" />
                            </results>
                          </test-suite>
                          <test-suite type="TestFixture" name="Syntax" executed="True" result="Failure" success="False" time="78.582" asserts="0">
                            <results>
                              <test-case name="MySql.Data.MySqlClient.Tests.Syntax.AutoIncrement" executed="True" result="Success" success="True" time="1.156" asserts="2" />
                              <test-case name="MySql.Data.MySqlClient.Tests.Syntax.Bug51610" executed="True" result="Success" success="True" time="1.017" asserts="6" />
                              <test-case name="MySql.Data.MySqlClient.Tests.Syntax.Bug6135" executed="True" result="Success" success="True" time="1.092" asserts="1" />
                              <test-case name="MySql.Data.MySqlClient.Tests.Syntax.CommentSymbolInTableName" executed="True" result="Success" success="True" time="1.129" asserts="2" />
                              <test-case name="MySql.Data.MySqlClient.Tests.Syntax.Describe" executed="True" result="Success" success="True" time="1.185" asserts="7" />
                              <test-case name="MySql.Data.MySqlClient.Tests.Syntax.ErrorMessage" executed="True" result="Success" success="True" time="1.014" asserts="2" />
                              <test-case name="MySql.Data.MySqlClient.Tests.Syntax.ForceWarnings" executed="True" result="Success" success="True" time="1.156" asserts="1" />
                              <test-case name="MySql.Data.MySqlClient.Tests.Syntax.FoundRows" executed="True" result="Success" success="True" time="22.017" asserts="2" />
                              <test-case name="MySql.Data.MySqlClient.Tests.Syntax.LoadDataLocalInfile" executed="True" result="Success" success="True" time="24.427" asserts="3" />
                              <test-case name="MySql.Data.MySqlClient.Tests.Syntax.NonTerminatedString" executed="True" result="Success" success="True" time="1.256" asserts="1" />
                              <test-case name="MySql.Data.MySqlClient.Tests.Syntax.NullAsAType" executed="True" result="Success" success="True" time="1.018" asserts="4" />
                              <test-case name="MySql.Data.MySqlClient.Tests.Syntax.ProblemCharsInSQL" executed="True" result="Success" success="True" time="1.245" asserts="5" />
                              <test-case name="MySql.Data.MySqlClient.Tests.Syntax.ProblemCharsInSQLUTF8" executed="True" result="Failure" success="False" time="2.214" asserts="4">
                                <failure>
                                  <message><![CDATA[  Expected string length 27 but was 24. Strings differ at index 24.
  Expected: "This is my;test ? string枓憭摂"
  But was:  "This is my;test ? string"
  -----------------------------------^
]]></message>
                                  <stack-trace><![CDATA[在 MySql.Data.MySqlClient.Tests.Syntax.ProblemCharsInSQLUTF8() 位置 D:\TFS\SSV4.X\src_V4.3\reference\mysql-connector-net\mysql-connector-net-6.3.7-src\Tests\MySql.Data.Tests\Syntax.cs:行号 70
]]></stack-trace>
                                </failure>
                              </test-case>
                              <test-case name="MySql.Data.MySqlClient.Tests.Syntax.QueryNormalizerCrash1" executed="True" result="Success" success="True" time="2.280" asserts="1" />
                              <test-case name="MySql.Data.MySqlClient.Tests.Syntax.QueryNormalizerCrash2" executed="True" result="Success" success="True" time="2.312" asserts="1" />
                              <test-case name="MySql.Data.MySqlClient.Tests.Syntax.SemisAtStartAndEnd" executed="True" result="Success" success="True" time="1.014" asserts="2" />
                              <test-case name="MySql.Data.MySqlClient.Tests.Syntax.SettingAutoIncrementColumns" executed="True" result="Success" success="True" time="1.292" asserts="3" />
                              <test-case name="MySql.Data.MySqlClient.Tests.Syntax.ShowCreateTable" executed="True" result="Success" success="True" time="1.178" asserts="3" />
                              <test-case name="MySql.Data.MySqlClient.Tests.Syntax.ShowProcessList" executed="True" result="Success" success="True" time="2.027" asserts="4" />
                              <test-case name="MySql.Data.MySqlClient.Tests.Syntax.ShowTablesInNonExistentDb" executed="True" result="Success" success="True" time="1.015" asserts="2" />
                              <test-case name="MySql.Data.MySqlClient.Tests.Syntax.ShowTableStatus" executed="True" result="Success" success="True" time="1.147" asserts="2" />
                              <test-case name="MySql.Data.MySqlClient.Tests.Syntax.SpaceInDatabaseName" executed="True" result="Success" success="True" time="2.074" asserts="1" />
                              <test-case name="MySql.Data.MySqlClient.Tests.Syntax.Sum" executed="True" result="Success" success="True" time="1.201" asserts="2" />
                              <test-case name="MySql.Data.MySqlClient.Tests.Syntax.Sum2" executed="True" result="Success" success="True" time="1.389" asserts="3" />
                              <test-case name="MySql.Data.MySqlClient.Tests.Syntax.TokenizerBatching" executed="True" result="Success" success="True" time="1.679" asserts="1" />
                            </results>
                          </test-suite>
                          <test-suite type="TestFixture" name="Syntax2" executed="True" result="Success" success="True" time="4.736" asserts="0">
                            <results>
                              <test-case name="MySql.Data.MySqlClient.Tests.Syntax2.CommentsInSQL" executed="True" result="Success" success="True" time="1.181" asserts="6" />
                              <test-case name="MySql.Data.MySqlClient.Tests.Syntax2.EscapedBackslash" executed="True" result="Success" success="True" time="1.246" asserts="1" />
                              <test-case name="MySql.Data.MySqlClient.Tests.Syntax2.LastInsertid" executed="True" result="Success" success="True" time="1.275" asserts="4" />
                              <test-case name="MySql.Data.MySqlClient.Tests.Syntax2.ParsingBugTest" executed="True" result="Success" success="True" time="1.028" asserts="1" />
                            </results>
                          </test-suite>
                          <test-suite type="TestFixture" name="ThreadingTests" executed="True" result="Success" success="True" time="4.084" asserts="0">
                            <results>
                              <test-case name="MySql.Data.MySqlClient.Tests.ThreadingTests.HardenedThreadAbortException" executed="True" result="Success" success="True" time="1.991" asserts="1" />
                              <test-case name="MySql.Data.MySqlClient.Tests.ThreadingTests.MultipleThreads" executed="True" result="Success" success="True" time="2.090" asserts="1" />
                            </results>
                          </test-suite>
                          <test-suite type="TestFixture" name="TimeoutAndCancel" executed="True" result="Failure" success="False" time="132.671" asserts="0">
                            <results>
                              <test-case name="MySql.Data.MySqlClient.Tests.TimeoutAndCancel.CancelSelect" executed="True" result="Success" success="True" time="41.038" asserts="2" />
                              <test-case name="MySql.Data.MySqlClient.Tests.TimeoutAndCancel.CancelSingleQuery" executed="True" result="Error" success="False" time="33.589" asserts="2">
                                <failure>
                                  <message><![CDATA[TearDown : System.NullReferenceException : 未将对象引用设置到对象的实例。]]></message>
                                  <stack-trace><![CDATA[--TearDown
在 MySql.Data.MySqlClient.MySqlDataReader.Close() 位置 D:\TFS\SSV4.X\src_V4.3\reference\mysql-connector-net\mysql-connector-net-6.3.7-src\Source\MySql.Data\datareader.cs:行号 233
在 MySql.Data.MySqlClient.MySqlConnection.Close() 位置 D:\TFS\SSV4.X\src_V4.3\reference\mysql-connector-net\mysql-connector-net-6.3.7-src\Source\MySql.Data\Connection.cs:行号 611
在 MySql.Data.MySqlClient.Tests.BaseTest.Teardown() 位置 D:\TFS\SSV4.X\src_V4.3\reference\mysql-connector-net\mysql-connector-net-6.3.7-src\Tests\MySql.Data.Tests\BaseTest.cs:行号 238
]]></stack-trace>
                                </failure>
                              </test-case>
                              <test-case name="MySql.Data.MySqlClient.Tests.TimeoutAndCancel.ConnectionStringModifiedAfterCancel" executed="True" result="Error" success="False" time="9.552" asserts="4">
                                <failure>
                                  <message><![CDATA[TearDown : NUnit.Framework.AssertionException :   Too many processes still running
  Expected: 3
  But was:  2
]]></message>
                                  <stack-trace><![CDATA[--TearDown
在 MySql.Data.MySqlClient.Tests.BaseTest.Teardown() 位置 D:\TFS\SSV4.X\src_V4.3\reference\mysql-connector-net\mysql-connector-net-6.3.7-src\Tests\MySql.Data.Tests\BaseTest.cs:行号 236
]]></stack-trace>
                                </failure>
                              </test-case>
                              <test-case name="MySql.Data.MySqlClient.Tests.TimeoutAndCancel.NetWriteTimeoutExpiring" executed="True" result="Success" success="True" time="29.134" asserts="2" />
                              <test-case name="MySql.Data.MySqlClient.Tests.TimeoutAndCancel.TimeoutDuringBatch" executed="True" result="Success" success="True" time="4.752" asserts="3" />
                              <test-case name="MySql.Data.MySqlClient.Tests.TimeoutAndCancel.TimeoutExpiring" executed="True" result="Success" success="True" time="3.526" asserts="4" />
                              <test-case name="MySql.Data.MySqlClient.Tests.TimeoutAndCancel.TimeoutNotExpiring" executed="True" result="Success" success="True" time="2.018" asserts="1" />
                              <test-case name="MySql.Data.MySqlClient.Tests.TimeoutAndCancel.TimeoutNotExpiring2" executed="True" result="Success" success="True" time="2.014" asserts="1" />
                              <test-case name="MySql.Data.MySqlClient.Tests.TimeoutAndCancel.WaitTimeoutExpiring" executed="True" result="Success" success="True" time="7.029" asserts="5" />
                            </results>
                          </test-suite>
                          <test-suite type="TestFixture" name="TimeoutAndCancelPipe" executed="True" result="Failure" success="False" time="45.264" asserts="0">
                            <categories>
                              <category name="Pipe" />
                            </categories>
                            <results>
                              <test-case name="MySql.Data.MySqlClient.Tests.TimeoutAndCancelPipe.TimeoutAndCancel.CancelSelect" executed="True" result="Error" success="False" time="5.032" asserts="1">
                                <failure>
                                  <message><![CDATA[SetUp : MySql.Data.MySqlClient.MySqlException : Unable to connect to any of the specified MySQL hosts.
  ----> System.ArgumentException : 无效的句柄。
参数名: handle
TearDown : NUnit.Framework.AssertionException :   Too many processes still running
  Expected: 0
  But was:  2
]]></message>
                                  <stack-trace><![CDATA[在 MySql.Data.MySqlClient.NativeDriver.Open() 位置 D:\TFS\SSV4.X\src_V4.3\reference\mysql-connector-net\mysql-connector-net-6.3.7-src\Source\MySql.Data\NativeDriver.cs:行号 269
在 MySql.Data.MySqlClient.Driver.Open() 位置 D:\TFS\SSV4.X\src_V4.3\reference\mysql-connector-net\mysql-connector-net-6.3.7-src\Source\MySql.Data\Driver.cs:行号 212
在 MySql.Data.MySqlClient.Driver.Create(MySqlConnectionStringBuilder settings) 位置 D:\TFS\SSV4.X\src_V4.3\reference\mysql-connector-net\mysql-connector-net-6.3.7-src\Source\MySql.Data\Driver.cs:行号 200
在 MySql.Data.MySqlClient.MySqlConnection.Open() 位置 D:\TFS\SSV4.X\src_V4.3\reference\mysql-connector-net\mysql-connector-net-6.3.7-src\Source\MySql.Data\Connection.cs:行号 514
在 MySql.Data.MySqlClient.Tests.BaseTest.Open() 位置 D:\TFS\SSV4.X\src_V4.3\reference\mysql-connector-net\mysql-connector-net-6.3.7-src\Tests\MySql.Data.Tests\BaseTest.cs:行号 174
在 MySql.Data.MySqlClient.Tests.BaseTest.Setup() 位置 D:\TFS\SSV4.X\src_V4.3\reference\mysql-connector-net\mysql-connector-net-6.3.7-src\Tests\MySql.Data.Tests\BaseTest.cs:行号 215
--ArgumentException
在 System.IO.FileStream..ctor(SafeFileHandle handle, FileAccess access, Int32 bufferSize, Boolean isAsync)
在 MySql.Data.Common.NamedPipeStream.Open(String path, FileAccess mode, UInt32 timeout) 位置 D:\TFS\SSV4.X\src_V4.3\reference\mysql-connector-net\mysql-connector-net-6.3.7-src\Source\MySql.Data\common\NamedPipeStream.cs:行号 94
在 MySql.Data.Common.NamedPipeStream..ctor(String path, FileAccess mode, UInt32 timeout) 位置 D:\TFS\SSV4.X\src_V4.3\reference\mysql-connector-net\mysql-connector-net-6.3.7-src\Source\MySql.Data\common\NamedPipeStream.cs:行号 51
在 MySql.Data.Common.NamedPipeStream.Create(String pipeName, String hostname, UInt32 timeout) 位置 D:\TFS\SSV4.X\src_V4.3\reference\mysql-connector-net\mysql-connector-net-6.3.7-src\Source\MySql.Data\common\NamedPipeStream.cs:行号 233
在 MySql.Data.Common.StreamCreator.GetStreamFromHost(String pipeName, String hostName, UInt32 timeout) 位置 D:\TFS\SSV4.X\src_V4.3\reference\mysql-connector-net\mysql-connector-net-6.3.7-src\Source\MySql.Data\common\StreamCreator.cs:行号 61
在 MySql.Data.Common.StreamCreator.GetStream(UInt32 timeout) 位置 D:\TFS\SSV4.X\src_V4.3\reference\mysql-connector-net\mysql-connector-net-6.3.7-src\Source\MySql.Data\common\StreamCreator.cs:行号 105
在 MySql.Data.MySqlClient.NativeDriver.Open() 位置 D:\TFS\SSV4.X\src_V4.3\reference\mysql-connector-net\mysql-connector-net-6.3.7-src\Source\MySql.Data\NativeDriver.cs:行号 181
--TearDown
在 MySql.Data.MySqlClient.Tests.BaseTest.Teardown() 位置 D:\TFS\SSV4.X\src_V4.3\reference\mysql-connector-net\mysql-connector-net-6.3.7-src\Tests\MySql.Data.Tests\BaseTest.cs:行号 236
]]></stack-trace>
                                </failure>
                              </test-case>
                              <test-case name="MySql.Data.MySqlClient.Tests.TimeoutAndCancelPipe.TimeoutAndCancel.CancelSingleQuery" executed="True" result="Error" success="False" time="5.020" asserts="1">
                                <failure>
                                  <message><![CDATA[SetUp : MySql.Data.MySqlClient.MySqlException : Unable to connect to any of the specified MySQL hosts.
  ----> System.ArgumentException : 无效的句柄。
参数名: handle
TearDown : NUnit.Framework.AssertionException :   Too many processes still running
  Expected: 0
  But was:  1
]]></message>
                                  <stack-trace><![CDATA[在 MySql.Data.MySqlClient.NativeDriver.Open() 位置 D:\TFS\SSV4.X\src_V4.3\reference\mysql-connector-net\mysql-connector-net-6.3.7-src\Source\MySql.Data\NativeDriver.cs:行号 269
在 MySql.Data.MySqlClient.Driver.Open() 位置 D:\TFS\SSV4.X\src_V4.3\reference\mysql-connector-net\mysql-connector-net-6.3.7-src\Source\MySql.Data\Driver.cs:行号 212
在 MySql.Data.MySqlClient.Driver.Create(MySqlConnectionStringBuilder settings) 位置 D:\TFS\SSV4.X\src_V4.3\reference\mysql-connector-net\mysql-connector-net-6.3.7-src\Source\MySql.Data\Driver.cs:行号 200
在 MySql.Data.MySqlClient.MySqlConnection.Open() 位置 D:\TFS\SSV4.X\src_V4.3\reference\mysql-connector-net\mysql-connector-net-6.3.7-src\Source\MySql.Data\Connection.cs:行号 514
在 MySql.Data.MySqlClient.Tests.BaseTest.Open() 位置 D:\TFS\SSV4.X\src_V4.3\reference\mysql-connector-net\mysql-connector-net-6.3.7-src\Tests\MySql.Data.Tests\BaseTest.cs:行号 174
在 MySql.Data.MySqlClient.Tests.BaseTest.Setup() 位置 D:\TFS\SSV4.X\src_V4.3\reference\mysql-connector-net\mysql-connector-net-6.3.7-src\Tests\MySql.Data.Tests\BaseTest.cs:行号 215
--ArgumentException
在 System.IO.FileStream..ctor(SafeFileHandle handle, FileAccess access, Int32 bufferSize, Boolean isAsync)
在 MySql.Data.Common.NamedPipeStream.Open(String path, FileAccess mode, UInt32 timeout) 位置 D:\TFS\SSV4.X\src_V4.3\reference\mysql-connector-net\mysql-connector-net-6.3.7-src\Source\MySql.Data\common\NamedPipeStream.cs:行号 94
在 MySql.Data.Common.NamedPipeStream..ctor(String path, FileAccess mode, UInt32 timeout) 位置 D:\TFS\SSV4.X\src_V4.3\reference\mysql-connector-net\mysql-connector-net-6.3.7-src\Source\MySql.Data\common\NamedPipeStream.cs:行号 51
在 MySql.Data.Common.NamedPipeStream.Create(String pipeName, String hostname, UInt32 timeout) 位置 D:\TFS\SSV4.X\src_V4.3\reference\mysql-connector-net\mysql-connector-net-6.3.7-src\Source\MySql.Data\common\NamedPipeStream.cs:行号 233
在 MySql.Data.Common.StreamCreator.GetStreamFromHost(String pipeName, String hostName, UInt32 timeout) 位置 D:\TFS\SSV4.X\src_V4.3\reference\mysql-connector-net\mysql-connector-net-6.3.7-src\Source\MySql.Data\common\StreamCreator.cs:行号 61
在 MySql.Data.Common.StreamCreator.GetStream(UInt32 timeout) 位置 D:\TFS\SSV4.X\src_V4.3\reference\mysql-connector-net\mysql-connector-net-6.3.7-src\Source\MySql.Data\common\StreamCreator.cs:行号 105
在 MySql.Data.MySqlClient.NativeDriver.Open() 位置 D:\TFS\SSV4.X\src_V4.3\reference\mysql-connector-net\mysql-connector-net-6.3.7-src\Source\MySql.Data\NativeDriver.cs:行号 181
--TearDown
在 MySql.Data.MySqlClient.Tests.BaseTest.Teardown() 位置 D:\TFS\SSV4.X\src_V4.3\reference\mysql-connector-net\mysql-connector-net-6.3.7-src\Tests\MySql.Data.Tests\BaseTest.cs:行号 236
]]></stack-trace>
                                </failure>
                              </test-case>
                              <test-case name="MySql.Data.MySqlClient.Tests.TimeoutAndCancelPipe.TimeoutAndCancel.ConnectionStringModifiedAfterCancel" executed="True" result="Error" success="False" time="5.026" asserts="1">
                                <failure>
                                  <message><![CDATA[SetUp : MySql.Data.MySqlClient.MySqlException : Unable to connect to any of the specified MySQL hosts.
  ----> System.ArgumentException : 无效的句柄。
参数名: handle
TearDown : NUnit.Framework.AssertionException :   Too many processes still running
  Expected: 0
  But was:  1
]]></message>
                                  <stack-trace><![CDATA[在 MySql.Data.MySqlClient.NativeDriver.Open() 位置 D:\TFS\SSV4.X\src_V4.3\reference\mysql-connector-net\mysql-connector-net-6.3.7-src\Source\MySql.Data\NativeDriver.cs:行号 269
在 MySql.Data.MySqlClient.Driver.Open() 位置 D:\TFS\SSV4.X\src_V4.3\reference\mysql-connector-net\mysql-connector-net-6.3.7-src\Source\MySql.Data\Driver.cs:行号 212
在 MySql.Data.MySqlClient.Driver.Create(MySqlConnectionStringBuilder settings) 位置 D:\TFS\SSV4.X\src_V4.3\reference\mysql-connector-net\mysql-connector-net-6.3.7-src\Source\MySql.Data\Driver.cs:行号 200
在 MySql.Data.MySqlClient.MySqlConnection.Open() 位置 D:\TFS\SSV4.X\src_V4.3\reference\mysql-connector-net\mysql-connector-net-6.3.7-src\Source\MySql.Data\Connection.cs:行号 514
在 MySql.Data.MySqlClient.Tests.BaseTest.Open() 位置 D:\TFS\SSV4.X\src_V4.3\reference\mysql-connector-net\mysql-connector-net-6.3.7-src\Tests\MySql.Data.Tests\BaseTest.cs:行号 174
在 MySql.Data.MySqlClient.Tests.BaseTest.Setup() 位置 D:\TFS\SSV4.X\src_V4.3\reference\mysql-connector-net\mysql-connector-net-6.3.7-src\Tests\MySql.Data.Tests\BaseTest.cs:行号 215
--ArgumentException
在 System.IO.FileStream..ctor(SafeFileHandle handle, FileAccess access, Int32 bufferSize, Boolean isAsync)
在 MySql.Data.Common.NamedPipeStream.Open(String path, FileAccess mode, UInt32 timeout) 位置 D:\TFS\SSV4.X\src_V4.3\reference\mysql-connector-net\mysql-connector-net-6.3.7-src\Source\MySql.Data\common\NamedPipeStream.cs:行号 94
在 MySql.Data.Common.NamedPipeStream..ctor(String path, FileAccess mode, UInt32 timeout) 位置 D:\TFS\SSV4.X\src_V4.3\reference\mysql-connector-net\mysql-connector-net-6.3.7-src\Source\MySql.Data\common\NamedPipeStream.cs:行号 51
在 MySql.Data.Common.NamedPipeStream.Create(String pipeName, String hostname, UInt32 timeout) 位置 D:\TFS\SSV4.X\src_V4.3\reference\mysql-connector-net\mysql-connector-net-6.3.7-src\Source\MySql.Data\common\NamedPipeStream.cs:行号 233
在 MySql.Data.Common.StreamCreator.GetStreamFromHost(String pipeName, String hostName, UInt32 timeout) 位置 D:\TFS\SSV4.X\src_V4.3\reference\mysql-connector-net\mysql-connector-net-6.3.7-src\Source\MySql.Data\common\StreamCreator.cs:行号 61
在 MySql.Data.Common.StreamCreator.GetStream(UInt32 timeout) 位置 D:\TFS\SSV4.X\src_V4.3\reference\mysql-connector-net\mysql-connector-net-6.3.7-src\Source\MySql.Data\common\StreamCreator.cs:行号 105
在 MySql.Data.MySqlClient.NativeDriver.Open() 位置 D:\TFS\SSV4.X\src_V4.3\reference\mysql-connector-net\mysql-connector-net-6.3.7-src\Source\MySql.Data\NativeDriver.cs:行号 181
--TearDown
在 MySql.Data.MySqlClient.Tests.BaseTest.Teardown() 位置 D:\TFS\SSV4.X\src_V4.3\reference\mysql-connector-net\mysql-connector-net-6.3.7-src\Tests\MySql.Data.Tests\BaseTest.cs:行号 236
]]></stack-trace>
                                </failure>
                              </test-case>
                              <test-case name="MySql.Data.MySqlClient.Tests.TimeoutAndCancelPipe.TimeoutAndCancel.NetWriteTimeoutExpiring" executed="True" result="Error" success="False" time="5.025" asserts="1">
                                <failure>
                                  <message><![CDATA[SetUp : MySql.Data.MySqlClient.MySqlException : Unable to connect to any of the specified MySQL hosts.
  ----> System.ArgumentException : 无效的句柄。
参数名: handle
TearDown : NUnit.Framework.AssertionException :   Too many processes still running
  Expected: 0
  But was:  1
]]></message>
                                  <stack-trace><![CDATA[在 MySql.Data.MySqlClient.NativeDriver.Open() 位置 D:\TFS\SSV4.X\src_V4.3\reference\mysql-connector-net\mysql-connector-net-6.3.7-src\Source\MySql.Data\NativeDriver.cs:行号 269
在 MySql.Data.MySqlClient.Driver.Open() 位置 D:\TFS\SSV4.X\src_V4.3\reference\mysql-connector-net\mysql-connector-net-6.3.7-src\Source\MySql.Data\Driver.cs:行号 212
在 MySql.Data.MySqlClient.Driver.Create(MySqlConnectionStringBuilder settings) 位置 D:\TFS\SSV4.X\src_V4.3\reference\mysql-connector-net\mysql-connector-net-6.3.7-src\Source\MySql.Data\Driver.cs:行号 200
在 MySql.Data.MySqlClient.MySqlConnection.Open() 位置 D:\TFS\SSV4.X\src_V4.3\reference\mysql-connector-net\mysql-connector-net-6.3.7-src\Source\MySql.Data\Connection.cs:行号 514
在 MySql.Data.MySqlClient.Tests.BaseTest.Open() 位置 D:\TFS\SSV4.X\src_V4.3\reference\mysql-connector-net\mysql-connector-net-6.3.7-src\Tests\MySql.Data.Tests\BaseTest.cs:行号 174
在 MySql.Data.MySqlClient.Tests.BaseTest.Setup() 位置 D:\TFS\SSV4.X\src_V4.3\reference\mysql-connector-net\mysql-connector-net-6.3.7-src\Tests\MySql.Data.Tests\BaseTest.cs:行号 215
--ArgumentException
在 System.IO.FileStream..ctor(SafeFileHandle handle, FileAccess access, Int32 bufferSize, Boolean isAsync)
在 MySql.Data.Common.NamedPipeStream.Open(String path, FileAccess mode, UInt32 timeout) 位置 D:\TFS\SSV4.X\src_V4.3\reference\mysql-connector-net\mysql-connector-net-6.3.7-src\Source\MySql.Data\common\NamedPipeStream.cs:行号 94
在 MySql.Data.Common.NamedPipeStream..ctor(String path, FileAccess mode, UInt32 timeout) 位置 D:\TFS\SSV4.X\src_V4.3\reference\mysql-connector-net\mysql-connector-net-6.3.7-src\Source\MySql.Data\common\NamedPipeStream.cs:行号 51
在 MySql.Data.Common.NamedPipeStream.Create(String pipeName, String hostname, UInt32 timeout) 位置 D:\TFS\SSV4.X\src_V4.3\reference\mysql-connector-net\mysql-connector-net-6.3.7-src\Source\MySql.Data\common\NamedPipeStream.cs:行号 233
在 MySql.Data.Common.StreamCreator.GetStreamFromHost(String pipeName, String hostName, UInt32 timeout) 位置 D:\TFS\SSV4.X\src_V4.3\reference\mysql-connector-net\mysql-connector-net-6.3.7-src\Source\MySql.Data\common\StreamCreator.cs:行号 61
在 MySql.Data.Common.StreamCreator.GetStream(UInt32 timeout) 位置 D:\TFS\SSV4.X\src_V4.3\reference\mysql-connector-net\mysql-connector-net-6.3.7-src\Source\MySql.Data\common\StreamCreator.cs:行号 105
在 MySql.Data.MySqlClient.NativeDriver.Open() 位置 D:\TFS\SSV4.X\src_V4.3\reference\mysql-connector-net\mysql-connector-net-6.3.7-src\Source\MySql.Data\NativeDriver.cs:行号 181
--TearDown
在 MySql.Data.MySqlClient.Tests.BaseTest.Teardown() 位置 D:\TFS\SSV4.X\src_V4.3\reference\mysql-connector-net\mysql-connector-net-6.3.7-src\Tests\MySql.Data.Tests\BaseTest.cs:行号 236
]]></stack-trace>
                                </failure>
                              </test-case>
                              <test-case name="MySql.Data.MySqlClient.Tests.TimeoutAndCancelPipe.TimeoutAndCancel.TimeoutDuringBatch" executed="True" result="Error" success="False" time="5.022" asserts="1">
                                <failure>
                                  <message><![CDATA[SetUp : MySql.Data.MySqlClient.MySqlException : Unable to connect to any of the specified MySQL hosts.
  ----> System.ArgumentException : 无效的句柄。
参数名: handle
TearDown : NUnit.Framework.AssertionException :   Too many processes still running
  Expected: 0
  But was:  1
]]></message>
                                  <stack-trace><![CDATA[在 MySql.Data.MySqlClient.NativeDriver.Open() 位置 D:\TFS\SSV4.X\src_V4.3\reference\mysql-connector-net\mysql-connector-net-6.3.7-src\Source\MySql.Data\NativeDriver.cs:行号 269
在 MySql.Data.MySqlClient.Driver.Open() 位置 D:\TFS\SSV4.X\src_V4.3\reference\mysql-connector-net\mysql-connector-net-6.3.7-src\Source\MySql.Data\Driver.cs:行号 212
在 MySql.Data.MySqlClient.Driver.Create(MySqlConnectionStringBuilder settings) 位置 D:\TFS\SSV4.X\src_V4.3\reference\mysql-connector-net\mysql-connector-net-6.3.7-src\Source\MySql.Data\Driver.cs:行号 200
在 MySql.Data.MySqlClient.MySqlConnection.Open() 位置 D:\TFS\SSV4.X\src_V4.3\reference\mysql-connector-net\mysql-connector-net-6.3.7-src\Source\MySql.Data\Connection.cs:行号 514
在 MySql.Data.MySqlClient.Tests.BaseTest.Open() 位置 D:\TFS\SSV4.X\src_V4.3\reference\mysql-connector-net\mysql-connector-net-6.3.7-src\Tests\MySql.Data.Tests\BaseTest.cs:行号 174
在 MySql.Data.MySqlClient.Tests.BaseTest.Setup() 位置 D:\TFS\SSV4.X\src_V4.3\reference\mysql-connector-net\mysql-connector-net-6.3.7-src\Tests\MySql.Data.Tests\BaseTest.cs:行号 215
--ArgumentException
在 System.IO.FileStream..ctor(SafeFileHandle handle, FileAccess access, Int32 bufferSize, Boolean isAsync)
在 MySql.Data.Common.NamedPipeStream.Open(String path, FileAccess mode, UInt32 timeout) 位置 D:\TFS\SSV4.X\src_V4.3\reference\mysql-connector-net\mysql-connector-net-6.3.7-src\Source\MySql.Data\common\NamedPipeStream.cs:行号 94
在 MySql.Data.Common.NamedPipeStream..ctor(String path, FileAccess mode, UInt32 timeout) 位置 D:\TFS\SSV4.X\src_V4.3\reference\mysql-connector-net\mysql-connector-net-6.3.7-src\Source\MySql.Data\common\NamedPipeStream.cs:行号 51
在 MySql.Data.Common.NamedPipeStream.Create(String pipeName, String hostname, UInt32 timeout) 位置 D:\TFS\SSV4.X\src_V4.3\reference\mysql-connector-net\mysql-connector-net-6.3.7-src\Source\MySql.Data\common\NamedPipeStream.cs:行号 233
在 MySql.Data.Common.StreamCreator.GetStreamFromHost(String pipeName, String hostName, UInt32 timeout) 位置 D:\TFS\SSV4.X\src_V4.3\reference\mysql-connector-net\mysql-connector-net-6.3.7-src\Source\MySql.Data\common\StreamCreator.cs:行号 61
在 MySql.Data.Common.StreamCreator.GetStream(UInt32 timeout) 位置 D:\TFS\SSV4.X\src_V4.3\reference\mysql-connector-net\mysql-connector-net-6.3.7-src\Source\MySql.Data\common\StreamCreator.cs:行号 105
在 MySql.Data.MySqlClient.NativeDriver.Open() 位置 D:\TFS\SSV4.X\src_V4.3\reference\mysql-connector-net\mysql-connector-net-6.3.7-src\Source\MySql.Data\NativeDriver.cs:行号 181
--TearDown
在 MySql.Data.MySqlClient.Tests.BaseTest.Teardown() 位置 D:\TFS\SSV4.X\src_V4.3\reference\mysql-connector-net\mysql-connector-net-6.3.7-src\Tests\MySql.Data.Tests\BaseTest.cs:行号 236
]]></stack-trace>
                                </failure>
                              </test-case>
                              <test-case name="MySql.Data.MySqlClient.Tests.TimeoutAndCancelPipe.TimeoutAndCancel.TimeoutExpiring" executed="True" result="Error" success="False" time="5.020" asserts="1">
                                <failure>
                                  <message><![CDATA[SetUp : MySql.Data.MySqlClient.MySqlException : Unable to connect to any of the specified MySQL hosts.
  ----> System.ArgumentException : 无效的句柄。
参数名: handle
TearDown : NUnit.Framework.AssertionException :   Too many processes still running
  Expected: 0
  But was:  1
]]></message>
                                  <stack-trace><![CDATA[在 MySql.Data.MySqlClient.NativeDriver.Open() 位置 D:\TFS\SSV4.X\src_V4.3\reference\mysql-connector-net\mysql-connector-net-6.3.7-src\Source\MySql.Data\NativeDriver.cs:行号 269
在 MySql.Data.MySqlClient.Driver.Open() 位置 D:\TFS\SSV4.X\src_V4.3\reference\mysql-connector-net\mysql-connector-net-6.3.7-src\Source\MySql.Data\Driver.cs:行号 212
在 MySql.Data.MySqlClient.Driver.Create(MySqlConnectionStringBuilder settings) 位置 D:\TFS\SSV4.X\src_V4.3\reference\mysql-connector-net\mysql-connector-net-6.3.7-src\Source\MySql.Data\Driver.cs:行号 200
在 MySql.Data.MySqlClient.MySqlConnection.Open() 位置 D:\TFS\SSV4.X\src_V4.3\reference\mysql-connector-net\mysql-connector-net-6.3.7-src\Source\MySql.Data\Connection.cs:行号 514
在 MySql.Data.MySqlClient.Tests.BaseTest.Open() 位置 D:\TFS\SSV4.X\src_V4.3\reference\mysql-connector-net\mysql-connector-net-6.3.7-src\Tests\MySql.Data.Tests\BaseTest.cs:行号 174
在 MySql.Data.MySqlClient.Tests.BaseTest.Setup() 位置 D:\TFS\SSV4.X\src_V4.3\reference\mysql-connector-net\mysql-connector-net-6.3.7-src\Tests\MySql.Data.Tests\BaseTest.cs:行号 215
--ArgumentException
在 System.IO.FileStream..ctor(SafeFileHandle handle, FileAccess access, Int32 bufferSize, Boolean isAsync)
在 MySql.Data.Common.NamedPipeStream.Open(String path, FileAccess mode, UInt32 timeout) 位置 D:\TFS\SSV4.X\src_V4.3\reference\mysql-connector-net\mysql-connector-net-6.3.7-src\Source\MySql.Data\common\NamedPipeStream.cs:行号 94
在 MySql.Data.Common.NamedPipeStream..ctor(String path, FileAccess mode, UInt32 timeout) 位置 D:\TFS\SSV4.X\src_V4.3\reference\mysql-connector-net\mysql-connector-net-6.3.7-src\Source\MySql.Data\common\NamedPipeStream.cs:行号 51
在 MySql.Data.Common.NamedPipeStream.Create(String pipeName, String hostname, UInt32 timeout) 位置 D:\TFS\SSV4.X\src_V4.3\reference\mysql-connector-net\mysql-connector-net-6.3.7-src\Source\MySql.Data\common\NamedPipeStream.cs:行号 233
在 MySql.Data.Common.StreamCreator.GetStreamFromHost(String pipeName, String hostName, UInt32 timeout) 位置 D:\TFS\SSV4.X\src_V4.3\reference\mysql-connector-net\mysql-connector-net-6.3.7-src\Source\MySql.Data\common\StreamCreator.cs:行号 61
在 MySql.Data.Common.StreamCreator.GetStream(UInt32 timeout) 位置 D:\TFS\SSV4.X\src_V4.3\reference\mysql-connector-net\mysql-connector-net-6.3.7-src\Source\MySql.Data\common\StreamCreator.cs:行号 105
在 MySql.Data.MySqlClient.NativeDriver.Open() 位置 D:\TFS\SSV4.X\src_V4.3\reference\mysql-connector-net\mysql-connector-net-6.3.7-src\Source\MySql.Data\NativeDriver.cs:行号 181
--TearDown
在 MySql.Data.MySqlClient.Tests.BaseTest.Teardown() 位置 D:\TFS\SSV4.X\src_V4.3\reference\mysql-connector-net\mysql-connector-net-6.3.7-src\Tests\MySql.Data.Tests\BaseTest.cs:行号 236
]]></stack-trace>
                                </failure>
                              </test-case>
                              <test-case name="MySql.Data.MySqlClient.Tests.TimeoutAndCancelPipe.TimeoutAndCancel.TimeoutNotExpiring" executed="True" result="Error" success="False" time="5.030" asserts="1">
                                <failure>
                                  <message><![CDATA[SetUp : MySql.Data.MySqlClient.MySqlException : Unable to connect to any of the specified MySQL hosts.
  ----> System.ArgumentException : 无效的句柄。
参数名: handle
TearDown : NUnit.Framework.AssertionException :   Too many processes still running
  Expected: 0
  But was:  1
]]></message>
                                  <stack-trace><![CDATA[在 MySql.Data.MySqlClient.NativeDriver.Open() 位置 D:\TFS\SSV4.X\src_V4.3\reference\mysql-connector-net\mysql-connector-net-6.3.7-src\Source\MySql.Data\NativeDriver.cs:行号 269
在 MySql.Data.MySqlClient.Driver.Open() 位置 D:\TFS\SSV4.X\src_V4.3\reference\mysql-connector-net\mysql-connector-net-6.3.7-src\Source\MySql.Data\Driver.cs:行号 212
在 MySql.Data.MySqlClient.Driver.Create(MySqlConnectionStringBuilder settings) 位置 D:\TFS\SSV4.X\src_V4.3\reference\mysql-connector-net\mysql-connector-net-6.3.7-src\Source\MySql.Data\Driver.cs:行号 200
在 MySql.Data.MySqlClient.MySqlConnection.Open() 位置 D:\TFS\SSV4.X\src_V4.3\reference\mysql-connector-net\mysql-connector-net-6.3.7-src\Source\MySql.Data\Connection.cs:行号 514
在 MySql.Data.MySqlClient.Tests.BaseTest.Open() 位置 D:\TFS\SSV4.X\src_V4.3\reference\mysql-connector-net\mysql-connector-net-6.3.7-src\Tests\MySql.Data.Tests\BaseTest.cs:行号 174
在 MySql.Data.MySqlClient.Tests.BaseTest.Setup() 位置 D:\TFS\SSV4.X\src_V4.3\reference\mysql-connector-net\mysql-connector-net-6.3.7-src\Tests\MySql.Data.Tests\BaseTest.cs:行号 215
--ArgumentException
在 System.IO.FileStream..ctor(SafeFileHandle handle, FileAccess access, Int32 bufferSize, Boolean isAsync)
在 MySql.Data.Common.NamedPipeStream.Open(String path, FileAccess mode, UInt32 timeout) 位置 D:\TFS\SSV4.X\src_V4.3\reference\mysql-connector-net\mysql-connector-net-6.3.7-src\Source\MySql.Data\common\NamedPipeStream.cs:行号 94
在 MySql.Data.Common.NamedPipeStream..ctor(String path, FileAccess mode, UInt32 timeout) 位置 D:\TFS\SSV4.X\src_V4.3\reference\mysql-connector-net\mysql-connector-net-6.3.7-src\Source\MySql.Data\common\NamedPipeStream.cs:行号 51
在 MySql.Data.Common.NamedPipeStream.Create(String pipeName, String hostname, UInt32 timeout) 位置 D:\TFS\SSV4.X\src_V4.3\reference\mysql-connector-net\mysql-connector-net-6.3.7-src\Source\MySql.Data\common\NamedPipeStream.cs:行号 233
在 MySql.Data.Common.StreamCreator.GetStreamFromHost(String pipeName, String hostName, UInt32 timeout) 位置 D:\TFS\SSV4.X\src_V4.3\reference\mysql-connector-net\mysql-connector-net-6.3.7-src\Source\MySql.Data\common\StreamCreator.cs:行号 61
在 MySql.Data.Common.StreamCreator.GetStream(UInt32 timeout) 位置 D:\TFS\SSV4.X\src_V4.3\reference\mysql-connector-net\mysql-connector-net-6.3.7-src\Source\MySql.Data\common\StreamCreator.cs:行号 105
在 MySql.Data.MySqlClient.NativeDriver.Open() 位置 D:\TFS\SSV4.X\src_V4.3\reference\mysql-connector-net\mysql-connector-net-6.3.7-src\Source\MySql.Data\NativeDriver.cs:行号 181
--TearDown
在 MySql.Data.MySqlClient.Tests.BaseTest.Teardown() 位置 D:\TFS\SSV4.X\src_V4.3\reference\mysql-connector-net\mysql-connector-net-6.3.7-src\Tests\MySql.Data.Tests\BaseTest.cs:行号 236
]]></stack-trace>
                                </failure>
                              </test-case>
                              <test-case name="MySql.Data.MySqlClient.Tests.TimeoutAndCancelPipe.TimeoutAndCancel.TimeoutNotExpiring2" executed="True" result="Error" success="False" time="5.039" asserts="1">
                                <failure>
                                  <message><![CDATA[SetUp : MySql.Data.MySqlClient.MySqlException : Unable to connect to any of the specified MySQL hosts.
  ----> System.ArgumentException : 无效的句柄。
参数名: handle
TearDown : NUnit.Framework.AssertionException :   Too many processes still running
  Expected: 0
  But was:  1
]]></message>
                                  <stack-trace><![CDATA[在 MySql.Data.MySqlClient.NativeDriver.Open() 位置 D:\TFS\SSV4.X\src_V4.3\reference\mysql-connector-net\mysql-connector-net-6.3.7-src\Source\MySql.Data\NativeDriver.cs:行号 269
在 MySql.Data.MySqlClient.Driver.Open() 位置 D:\TFS\SSV4.X\src_V4.3\reference\mysql-connector-net\mysql-connector-net-6.3.7-src\Source\MySql.Data\Driver.cs:行号 212
在 MySql.Data.MySqlClient.Driver.Create(MySqlConnectionStringBuilder settings) 位置 D:\TFS\SSV4.X\src_V4.3\reference\mysql-connector-net\mysql-connector-net-6.3.7-src\Source\MySql.Data\Driver.cs:行号 200
在 MySql.Data.MySqlClient.MySqlConnection.Open() 位置 D:\TFS\SSV4.X\src_V4.3\reference\mysql-connector-net\mysql-connector-net-6.3.7-src\Source\MySql.Data\Connection.cs:行号 514
在 MySql.Data.MySqlClient.Tests.BaseTest.Open() 位置 D:\TFS\SSV4.X\src_V4.3\reference\mysql-connector-net\mysql-connector-net-6.3.7-src\Tests\MySql.Data.Tests\BaseTest.cs:行号 174
在 MySql.Data.MySqlClient.Tests.BaseTest.Setup() 位置 D:\TFS\SSV4.X\src_V4.3\reference\mysql-connector-net\mysql-connector-net-6.3.7-src\Tests\MySql.Data.Tests\BaseTest.cs:行号 215
--ArgumentException
在 System.IO.FileStream..ctor(SafeFileHandle handle, FileAccess access, Int32 bufferSize, Boolean isAsync)
在 MySql.Data.Common.NamedPipeStream.Open(String path, FileAccess mode, UInt32 timeout) 位置 D:\TFS\SSV4.X\src_V4.3\reference\mysql-connector-net\mysql-connector-net-6.3.7-src\Source\MySql.Data\common\NamedPipeStream.cs:行号 94
在 MySql.Data.Common.NamedPipeStream..ctor(String path, FileAccess mode, UInt32 timeout) 位置 D:\TFS\SSV4.X\src_V4.3\reference\mysql-connector-net\mysql-connector-net-6.3.7-src\Source\MySql.Data\common\NamedPipeStream.cs:行号 51
在 MySql.Data.Common.NamedPipeStream.Create(String pipeName, String hostname, UInt32 timeout) 位置 D:\TFS\SSV4.X\src_V4.3\reference\mysql-connector-net\mysql-connector-net-6.3.7-src\Source\MySql.Data\common\NamedPipeStream.cs:行号 233
在 MySql.Data.Common.StreamCreator.GetStreamFromHost(String pipeName, String hostName, UInt32 timeout) 位置 D:\TFS\SSV4.X\src_V4.3\reference\mysql-connector-net\mysql-connector-net-6.3.7-src\Source\MySql.Data\common\StreamCreator.cs:行号 61
在 MySql.Data.Common.StreamCreator.GetStream(UInt32 timeout) 位置 D:\TFS\SSV4.X\src_V4.3\reference\mysql-connector-net\mysql-connector-net-6.3.7-src\Source\MySql.Data\common\StreamCreator.cs:行号 105
在 MySql.Data.MySqlClient.NativeDriver.Open() 位置 D:\TFS\SSV4.X\src_V4.3\reference\mysql-connector-net\mysql-connector-net-6.3.7-src\Source\MySql.Data\NativeDriver.cs:行号 181
--TearDown
在 MySql.Data.MySqlClient.Tests.BaseTest.Teardown() 位置 D:\TFS\SSV4.X\src_V4.3\reference\mysql-connector-net\mysql-connector-net-6.3.7-src\Tests\MySql.Data.Tests\BaseTest.cs:行号 236
]]></stack-trace>
                                </failure>
                              </test-case>
                              <test-case name="MySql.Data.MySqlClient.Tests.TimeoutAndCancelPipe.TimeoutAndCancel.WaitTimeoutExpiring" executed="True" result="Error" success="False" time="5.031" asserts="1">
                                <failure>
                                  <message><![CDATA[SetUp : MySql.Data.MySqlClient.MySqlException : Unable to connect to any of the specified MySQL hosts.
  ----> System.ArgumentException : 无效的句柄。
参数名: handle
TearDown : NUnit.Framework.AssertionException :   Too many processes still running
  Expected: 0
  But was:  1
]]></message>
                                  <stack-trace><![CDATA[在 MySql.Data.MySqlClient.NativeDriver.Open() 位置 D:\TFS\SSV4.X\src_V4.3\reference\mysql-connector-net\mysql-connector-net-6.3.7-src\Source\MySql.Data\NativeDriver.cs:行号 269
在 MySql.Data.MySqlClient.Driver.Open() 位置 D:\TFS\SSV4.X\src_V4.3\reference\mysql-connector-net\mysql-connector-net-6.3.7-src\Source\MySql.Data\Driver.cs:行号 212
在 MySql.Data.MySqlClient.Driver.Create(MySqlConnectionStringBuilder settings) 位置 D:\TFS\SSV4.X\src_V4.3\reference\mysql-connector-net\mysql-connector-net-6.3.7-src\Source\MySql.Data\Driver.cs:行号 200
在 MySql.Data.MySqlClient.MySqlConnection.Open() 位置 D:\TFS\SSV4.X\src_V4.3\reference\mysql-connector-net\mysql-connector-net-6.3.7-src\Source\MySql.Data\Connection.cs:行号 514
在 MySql.Data.MySqlClient.Tests.BaseTest.Open() 位置 D:\TFS\SSV4.X\src_V4.3\reference\mysql-connector-net\mysql-connector-net-6.3.7-src\Tests\MySql.Data.Tests\BaseTest.cs:行号 174
在 MySql.Data.MySqlClient.Tests.BaseTest.Setup() 位置 D:\TFS\SSV4.X\src_V4.3\reference\mysql-connector-net\mysql-connector-net-6.3.7-src\Tests\MySql.Data.Tests\BaseTest.cs:行号 215
--ArgumentException
在 System.IO.FileStream..ctor(SafeFileHandle handle, FileAccess access, Int32 bufferSize, Boolean isAsync)
在 MySql.Data.Common.NamedPipeStream.Open(String path, FileAccess mode, UInt32 timeout) 位置 D:\TFS\SSV4.X\src_V4.3\reference\mysql-connector-net\mysql-connector-net-6.3.7-src\Source\MySql.Data\common\NamedPipeStream.cs:行号 94
在 MySql.Data.Common.NamedPipeStream..ctor(String path, FileAccess mode, UInt32 timeout) 位置 D:\TFS\SSV4.X\src_V4.3\reference\mysql-connector-net\mysql-connector-net-6.3.7-src\Source\MySql.Data\common\NamedPipeStream.cs:行号 51
在 MySql.Data.Common.NamedPipeStream.Create(String pipeName, String hostname, UInt32 timeout) 位置 D:\TFS\SSV4.X\src_V4.3\reference\mysql-connector-net\mysql-connector-net-6.3.7-src\Source\MySql.Data\common\NamedPipeStream.cs:行号 233
在 MySql.Data.Common.StreamCreator.GetStreamFromHost(String pipeName, String hostName, UInt32 timeout) 位置 D:\TFS\SSV4.X\src_V4.3\reference\mysql-connector-net\mysql-connector-net-6.3.7-src\Source\MySql.Data\common\StreamCreator.cs:行号 61
在 MySql.Data.Common.StreamCreator.GetStream(UInt32 timeout) 位置 D:\TFS\SSV4.X\src_V4.3\reference\mysql-connector-net\mysql-connector-net-6.3.7-src\Source\MySql.Data\common\StreamCreator.cs:行号 105
在 MySql.Data.MySqlClient.NativeDriver.Open() 位置 D:\TFS\SSV4.X\src_V4.3\reference\mysql-connector-net\mysql-connector-net-6.3.7-src\Source\MySql.Data\NativeDriver.cs:行号 181
--TearDown
在 MySql.Data.MySqlClient.Tests.BaseTest.Teardown() 位置 D:\TFS\SSV4.X\src_V4.3\reference\mysql-connector-net\mysql-connector-net-6.3.7-src\Tests\MySql.Data.Tests\BaseTest.cs:行号 236
]]></stack-trace>
                                </failure>
                              </test-case>
                            </results>
                          </test-suite>
                          <test-suite type="TestFixture" name="TimeoutAndCancelSharedMemory" executed="True" result="Failure" success="False" time="45.256" asserts="0">
                            <categories>
                              <category name="SharedMemory" />
                            </categories>
                            <results>
                              <test-case name="MySql.Data.MySqlClient.Tests.TimeoutAndCancelSharedMemory.TimeoutAndCancel.CancelSelect" executed="True" result="Error" success="False" time="5.028" asserts="1">
                                <failure>
                                  <message><![CDATA[SetUp : MySql.Data.MySqlClient.MySqlException : Unable to connect to any of the specified MySQL hosts.
  ----> System.Threading.WaitHandleCannotBeOpenedException : 不存在给定名称的句柄。
TearDown : NUnit.Framework.AssertionException :   Too many processes still running
  Expected: 0
  But was:  1
]]></message>
                                  <stack-trace><![CDATA[在 MySql.Data.MySqlClient.NativeDriver.Open() 位置 D:\TFS\SSV4.X\src_V4.3\reference\mysql-connector-net\mysql-connector-net-6.3.7-src\Source\MySql.Data\NativeDriver.cs:行号 269
在 MySql.Data.MySqlClient.Driver.Open() 位置 D:\TFS\SSV4.X\src_V4.3\reference\mysql-connector-net\mysql-connector-net-6.3.7-src\Source\MySql.Data\Driver.cs:行号 212
在 MySql.Data.MySqlClient.Driver.Create(MySqlConnectionStringBuilder settings) 位置 D:\TFS\SSV4.X\src_V4.3\reference\mysql-connector-net\mysql-connector-net-6.3.7-src\Source\MySql.Data\Driver.cs:行号 200
在 MySql.Data.MySqlClient.MySqlConnection.Open() 位置 D:\TFS\SSV4.X\src_V4.3\reference\mysql-connector-net\mysql-connector-net-6.3.7-src\Source\MySql.Data\Connection.cs:行号 514
在 MySql.Data.MySqlClient.Tests.BaseTest.Open() 位置 D:\TFS\SSV4.X\src_V4.3\reference\mysql-connector-net\mysql-connector-net-6.3.7-src\Tests\MySql.Data.Tests\BaseTest.cs:行号 174
在 MySql.Data.MySqlClient.Tests.BaseTest.Setup() 位置 D:\TFS\SSV4.X\src_V4.3\reference\mysql-connector-net\mysql-connector-net-6.3.7-src\Tests\MySql.Data.Tests\BaseTest.cs:行号 215
--WaitHandleCannotBeOpenedException
在 System.Threading.EventWaitHandle.OpenExisting(String name, EventWaitHandleRights rights)
在 MySql.Data.Common.SharedMemoryStream.GetConnectNumber(UInt32 timeOut) 位置 D:\TFS\SSV4.X\src_V4.3\reference\mysql-connector-net\mysql-connector-net-6.3.7-src\Source\MySql.Data\common\SharedMemoryStream.cs:行号 166
在 MySql.Data.Common.SharedMemoryStream.Open(UInt32 timeOut) 位置 D:\TFS\SSV4.X\src_V4.3\reference\mysql-connector-net\mysql-connector-net-6.3.7-src\Source\MySql.Data\common\SharedMemoryStream.cs:行号 120
在 MySql.Data.MySqlClient.NativeDriver.Open() 位置 D:\TFS\SSV4.X\src_V4.3\reference\mysql-connector-net\mysql-connector-net-6.3.7-src\Source\MySql.Data\NativeDriver.cs:行号 170
--TearDown
在 MySql.Data.MySqlClient.Tests.BaseTest.Teardown() 位置 D:\TFS\SSV4.X\src_V4.3\reference\mysql-connector-net\mysql-connector-net-6.3.7-src\Tests\MySql.Data.Tests\BaseTest.cs:行号 236
]]></stack-trace>
                                </failure>
                              </test-case>
                              <test-case name="MySql.Data.MySqlClient.Tests.TimeoutAndCancelSharedMemory.TimeoutAndCancel.CancelSingleQuery" executed="True" result="Error" success="False" time="5.022" asserts="1">
                                <failure>
                                  <message><![CDATA[SetUp : MySql.Data.MySqlClient.MySqlException : Unable to connect to any of the specified MySQL hosts.
  ----> System.Threading.WaitHandleCannotBeOpenedException : 不存在给定名称的句柄。
TearDown : NUnit.Framework.AssertionException :   Too many processes still running
  Expected: 0
  But was:  1
]]></message>
                                  <stack-trace><![CDATA[在 MySql.Data.MySqlClient.NativeDriver.Open() 位置 D:\TFS\SSV4.X\src_V4.3\reference\mysql-connector-net\mysql-connector-net-6.3.7-src\Source\MySql.Data\NativeDriver.cs:行号 269
在 MySql.Data.MySqlClient.Driver.Open() 位置 D:\TFS\SSV4.X\src_V4.3\reference\mysql-connector-net\mysql-connector-net-6.3.7-src\Source\MySql.Data\Driver.cs:行号 212
在 MySql.Data.MySqlClient.Driver.Create(MySqlConnectionStringBuilder settings) 位置 D:\TFS\SSV4.X\src_V4.3\reference\mysql-connector-net\mysql-connector-net-6.3.7-src\Source\MySql.Data\Driver.cs:行号 200
在 MySql.Data.MySqlClient.MySqlConnection.Open() 位置 D:\TFS\SSV4.X\src_V4.3\reference\mysql-connector-net\mysql-connector-net-6.3.7-src\Source\MySql.Data\Connection.cs:行号 514
在 MySql.Data.MySqlClient.Tests.BaseTest.Open() 位置 D:\TFS\SSV4.X\src_V4.3\reference\mysql-connector-net\mysql-connector-net-6.3.7-src\Tests\MySql.Data.Tests\BaseTest.cs:行号 174
在 MySql.Data.MySqlClient.Tests.BaseTest.Setup() 位置 D:\TFS\SSV4.X\src_V4.3\reference\mysql-connector-net\mysql-connector-net-6.3.7-src\Tests\MySql.Data.Tests\BaseTest.cs:行号 215
--WaitHandleCannotBeOpenedException
在 System.Threading.EventWaitHandle.OpenExisting(String name, EventWaitHandleRights rights)
在 MySql.Data.Common.SharedMemoryStream.GetConnectNumber(UInt32 timeOut) 位置 D:\TFS\SSV4.X\src_V4.3\reference\mysql-connector-net\mysql-connector-net-6.3.7-src\Source\MySql.Data\common\SharedMemoryStream.cs:行号 166
在 MySql.Data.Common.SharedMemoryStream.Open(UInt32 timeOut) 位置 D:\TFS\SSV4.X\src_V4.3\reference\mysql-connector-net\mysql-connector-net-6.3.7-src\Source\MySql.Data\common\SharedMemoryStream.cs:行号 120
在 MySql.Data.MySqlClient.NativeDriver.Open() 位置 D:\TFS\SSV4.X\src_V4.3\reference\mysql-connector-net\mysql-connector-net-6.3.7-src\Source\MySql.Data\NativeDriver.cs:行号 170
--TearDown
在 MySql.Data.MySqlClient.Tests.BaseTest.Teardown() 位置 D:\TFS\SSV4.X\src_V4.3\reference\mysql-connector-net\mysql-connector-net-6.3.7-src\Tests\MySql.Data.Tests\BaseTest.cs:行号 236
]]></stack-trace>
                                </failure>
                              </test-case>
                              <test-case name="MySql.Data.MySqlClient.Tests.TimeoutAndCancelSharedMemory.TimeoutAndCancel.ConnectionStringModifiedAfterCancel" executed="True" result="Error" success="False" time="5.023" asserts="1">
                                <failure>
                                  <message><![CDATA[SetUp : MySql.Data.MySqlClient.MySqlException : Unable to connect to any of the specified MySQL hosts.
  ----> System.Threading.WaitHandleCannotBeOpenedException : 不存在给定名称的句柄。
TearDown : NUnit.Framework.AssertionException :   Too many processes still running
  Expected: 0
  But was:  1
]]></message>
                                  <stack-trace><![CDATA[在 MySql.Data.MySqlClient.NativeDriver.Open() 位置 D:\TFS\SSV4.X\src_V4.3\reference\mysql-connector-net\mysql-connector-net-6.3.7-src\Source\MySql.Data\NativeDriver.cs:行号 269
在 MySql.Data.MySqlClient.Driver.Open() 位置 D:\TFS\SSV4.X\src_V4.3\reference\mysql-connector-net\mysql-connector-net-6.3.7-src\Source\MySql.Data\Driver.cs:行号 212
在 MySql.Data.MySqlClient.Driver.Create(MySqlConnectionStringBuilder settings) 位置 D:\TFS\SSV4.X\src_V4.3\reference\mysql-connector-net\mysql-connector-net-6.3.7-src\Source\MySql.Data\Driver.cs:行号 200
在 MySql.Data.MySqlClient.MySqlConnection.Open() 位置 D:\TFS\SSV4.X\src_V4.3\reference\mysql-connector-net\mysql-connector-net-6.3.7-src\Source\MySql.Data\Connection.cs:行号 514
在 MySql.Data.MySqlClient.Tests.BaseTest.Open() 位置 D:\TFS\SSV4.X\src_V4.3\reference\mysql-connector-net\mysql-connector-net-6.3.7-src\Tests\MySql.Data.Tests\BaseTest.cs:行号 174
在 MySql.Data.MySqlClient.Tests.BaseTest.Setup() 位置 D:\TFS\SSV4.X\src_V4.3\reference\mysql-connector-net\mysql-connector-net-6.3.7-src\Tests\MySql.Data.Tests\BaseTest.cs:行号 215
--WaitHandleCannotBeOpenedException
在 System.Threading.EventWaitHandle.OpenExisting(String name, EventWaitHandleRights rights)
在 MySql.Data.Common.SharedMemoryStream.GetConnectNumber(UInt32 timeOut) 位置 D:\TFS\SSV4.X\src_V4.3\reference\mysql-connector-net\mysql-connector-net-6.3.7-src\Source\MySql.Data\common\SharedMemoryStream.cs:行号 166
在 MySql.Data.Common.SharedMemoryStream.Open(UInt32 timeOut) 位置 D:\TFS\SSV4.X\src_V4.3\reference\mysql-connector-net\mysql-connector-net-6.3.7-src\Source\MySql.Data\common\SharedMemoryStream.cs:行号 120
在 MySql.Data.MySqlClient.NativeDriver.Open() 位置 D:\TFS\SSV4.X\src_V4.3\reference\mysql-connector-net\mysql-connector-net-6.3.7-src\Source\MySql.Data\NativeDriver.cs:行号 170
--TearDown
在 MySql.Data.MySqlClient.Tests.BaseTest.Teardown() 位置 D:\TFS\SSV4.X\src_V4.3\reference\mysql-connector-net\mysql-connector-net-6.3.7-src\Tests\MySql.Data.Tests\BaseTest.cs:行号 236
]]></stack-trace>
                                </failure>
                              </test-case>
                              <test-case name="MySql.Data.MySqlClient.Tests.TimeoutAndCancelSharedMemory.TimeoutAndCancel.NetWriteTimeoutExpiring" executed="True" result="Error" success="False" time="5.021" asserts="1">
                                <failure>
                                  <message><![CDATA[SetUp : MySql.Data.MySqlClient.MySqlException : Unable to connect to any of the specified MySQL hosts.
  ----> System.Threading.WaitHandleCannotBeOpenedException : 不存在给定名称的句柄。
TearDown : NUnit.Framework.AssertionException :   Too many processes still running
  Expected: 0
  But was:  1
]]></message>
                                  <stack-trace><![CDATA[在 MySql.Data.MySqlClient.NativeDriver.Open() 位置 D:\TFS\SSV4.X\src_V4.3\reference\mysql-connector-net\mysql-connector-net-6.3.7-src\Source\MySql.Data\NativeDriver.cs:行号 269
在 MySql.Data.MySqlClient.Driver.Open() 位置 D:\TFS\SSV4.X\src_V4.3\reference\mysql-connector-net\mysql-connector-net-6.3.7-src\Source\MySql.Data\Driver.cs:行号 212
在 MySql.Data.MySqlClient.Driver.Create(MySqlConnectionStringBuilder settings) 位置 D:\TFS\SSV4.X\src_V4.3\reference\mysql-connector-net\mysql-connector-net-6.3.7-src\Source\MySql.Data\Driver.cs:行号 200
在 MySql.Data.MySqlClient.MySqlConnection.Open() 位置 D:\TFS\SSV4.X\src_V4.3\reference\mysql-connector-net\mysql-connector-net-6.3.7-src\Source\MySql.Data\Connection.cs:行号 514
在 MySql.Data.MySqlClient.Tests.BaseTest.Open() 位置 D:\TFS\SSV4.X\src_V4.3\reference\mysql-connector-net\mysql-connector-net-6.3.7-src\Tests\MySql.Data.Tests\BaseTest.cs:行号 174
在 MySql.Data.MySqlClient.Tests.BaseTest.Setup() 位置 D:\TFS\SSV4.X\src_V4.3\reference\mysql-connector-net\mysql-connector-net-6.3.7-src\Tests\MySql.Data.Tests\BaseTest.cs:行号 215
--WaitHandleCannotBeOpenedException
在 System.Threading.EventWaitHandle.OpenExisting(String name, EventWaitHandleRights rights)
在 MySql.Data.Common.SharedMemoryStream.GetConnectNumber(UInt32 timeOut) 位置 D:\TFS\SSV4.X\src_V4.3\reference\mysql-connector-net\mysql-connector-net-6.3.7-src\Source\MySql.Data\common\SharedMemoryStream.cs:行号 166
在 MySql.Data.Common.SharedMemoryStream.Open(UInt32 timeOut) 位置 D:\TFS\SSV4.X\src_V4.3\reference\mysql-connector-net\mysql-connector-net-6.3.7-src\Source\MySql.Data\common\SharedMemoryStream.cs:行号 120
在 MySql.Data.MySqlClient.NativeDriver.Open() 位置 D:\TFS\SSV4.X\src_V4.3\reference\mysql-connector-net\mysql-connector-net-6.3.7-src\Source\MySql.Data\NativeDriver.cs:行号 170
--TearDown
在 MySql.Data.MySqlClient.Tests.BaseTest.Teardown() 位置 D:\TFS\SSV4.X\src_V4.3\reference\mysql-connector-net\mysql-connector-net-6.3.7-src\Tests\MySql.Data.Tests\BaseTest.cs:行号 236
]]></stack-trace>
                                </failure>
                              </test-case>
                              <test-case name="MySql.Data.MySqlClient.Tests.TimeoutAndCancelSharedMemory.TimeoutAndCancel.TimeoutDuringBatch" executed="True" result="Error" success="False" time="5.021" asserts="1">
                                <failure>
                                  <message><![CDATA[SetUp : MySql.Data.MySqlClient.MySqlException : Unable to connect to any of the specified MySQL hosts.
  ----> System.Threading.WaitHandleCannotBeOpenedException : 不存在给定名称的句柄。
TearDown : NUnit.Framework.AssertionException :   Too many processes still running
  Expected: 0
  But was:  1
]]></message>
                                  <stack-trace><![CDATA[在 MySql.Data.MySqlClient.NativeDriver.Open() 位置 D:\TFS\SSV4.X\src_V4.3\reference\mysql-connector-net\mysql-connector-net-6.3.7-src\Source\MySql.Data\NativeDriver.cs:行号 269
在 MySql.Data.MySqlClient.Driver.Open() 位置 D:\TFS\SSV4.X\src_V4.3\reference\mysql-connector-net\mysql-connector-net-6.3.7-src\Source\MySql.Data\Driver.cs:行号 212
在 MySql.Data.MySqlClient.Driver.Create(MySqlConnectionStringBuilder settings) 位置 D:\TFS\SSV4.X\src_V4.3\reference\mysql-connector-net\mysql-connector-net-6.3.7-src\Source\MySql.Data\Driver.cs:行号 200
在 MySql.Data.MySqlClient.MySqlConnection.Open() 位置 D:\TFS\SSV4.X\src_V4.3\reference\mysql-connector-net\mysql-connector-net-6.3.7-src\Source\MySql.Data\Connection.cs:行号 514
在 MySql.Data.MySqlClient.Tests.BaseTest.Open() 位置 D:\TFS\SSV4.X\src_V4.3\reference\mysql-connector-net\mysql-connector-net-6.3.7-src\Tests\MySql.Data.Tests\BaseTest.cs:行号 174
在 MySql.Data.MySqlClient.Tests.BaseTest.Setup() 位置 D:\TFS\SSV4.X\src_V4.3\reference\mysql-connector-net\mysql-connector-net-6.3.7-src\Tests\MySql.Data.Tests\BaseTest.cs:行号 215
--WaitHandleCannotBeOpenedException
在 System.Threading.EventWaitHandle.OpenExisting(String name, EventWaitHandleRights rights)
在 MySql.Data.Common.SharedMemoryStream.GetConnectNumber(UInt32 timeOut) 位置 D:\TFS\SSV4.X\src_V4.3\reference\mysql-connector-net\mysql-connector-net-6.3.7-src\Source\MySql.Data\common\SharedMemoryStream.cs:行号 166
在 MySql.Data.Common.SharedMemoryStream.Open(UInt32 timeOut) 位置 D:\TFS\SSV4.X\src_V4.3\reference\mysql-connector-net\mysql-connector-net-6.3.7-src\Source\MySql.Data\common\SharedMemoryStream.cs:行号 120
在 MySql.Data.MySqlClient.NativeDriver.Open() 位置 D:\TFS\SSV4.X\src_V4.3\reference\mysql-connector-net\mysql-connector-net-6.3.7-src\Source\MySql.Data\NativeDriver.cs:行号 170
--TearDown
在 MySql.Data.MySqlClient.Tests.BaseTest.Teardown() 位置 D:\TFS\SSV4.X\src_V4.3\reference\mysql-connector-net\mysql-connector-net-6.3.7-src\Tests\MySql.Data.Tests\BaseTest.cs:行号 236
]]></stack-trace>
                                </failure>
                              </test-case>
                              <test-case name="MySql.Data.MySqlClient.Tests.TimeoutAndCancelSharedMemory.TimeoutAndCancel.TimeoutExpiring" executed="True" result="Error" success="False" time="5.036" asserts="1">
                                <failure>
                                  <message><![CDATA[SetUp : MySql.Data.MySqlClient.MySqlException : Unable to connect to any of the specified MySQL hosts.
  ----> System.Threading.WaitHandleCannotBeOpenedException : 不存在给定名称的句柄。
TearDown : NUnit.Framework.AssertionException :   Too many processes still running
  Expected: 0
  But was:  1
]]></message>
                                  <stack-trace><![CDATA[在 MySql.Data.MySqlClient.NativeDriver.Open() 位置 D:\TFS\SSV4.X\src_V4.3\reference\mysql-connector-net\mysql-connector-net-6.3.7-src\Source\MySql.Data\NativeDriver.cs:行号 269
在 MySql.Data.MySqlClient.Driver.Open() 位置 D:\TFS\SSV4.X\src_V4.3\reference\mysql-connector-net\mysql-connector-net-6.3.7-src\Source\MySql.Data\Driver.cs:行号 212
在 MySql.Data.MySqlClient.Driver.Create(MySqlConnectionStringBuilder settings) 位置 D:\TFS\SSV4.X\src_V4.3\reference\mysql-connector-net\mysql-connector-net-6.3.7-src\Source\MySql.Data\Driver.cs:行号 200
在 MySql.Data.MySqlClient.MySqlConnection.Open() 位置 D:\TFS\SSV4.X\src_V4.3\reference\mysql-connector-net\mysql-connector-net-6.3.7-src\Source\MySql.Data\Connection.cs:行号 514
在 MySql.Data.MySqlClient.Tests.BaseTest.Open() 位置 D:\TFS\SSV4.X\src_V4.3\reference\mysql-connector-net\mysql-connector-net-6.3.7-src\Tests\MySql.Data.Tests\BaseTest.cs:行号 174
在 MySql.Data.MySqlClient.Tests.BaseTest.Setup() 位置 D:\TFS\SSV4.X\src_V4.3\reference\mysql-connector-net\mysql-connector-net-6.3.7-src\Tests\MySql.Data.Tests\BaseTest.cs:行号 215
--WaitHandleCannotBeOpenedException
在 System.Threading.EventWaitHandle.OpenExisting(String name, EventWaitHandleRights rights)
在 MySql.Data.Common.SharedMemoryStream.GetConnectNumber(UInt32 timeOut) 位置 D:\TFS\SSV4.X\src_V4.3\reference\mysql-connector-net\mysql-connector-net-6.3.7-src\Source\MySql.Data\common\SharedMemoryStream.cs:行号 166
在 MySql.Data.Common.SharedMemoryStream.Open(UInt32 timeOut) 位置 D:\TFS\SSV4.X\src_V4.3\reference\mysql-connector-net\mysql-connector-net-6.3.7-src\Source\MySql.Data\common\SharedMemoryStream.cs:行号 120
在 MySql.Data.MySqlClient.NativeDriver.Open() 位置 D:\TFS\SSV4.X\src_V4.3\reference\mysql-connector-net\mysql-connector-net-6.3.7-src\Source\MySql.Data\NativeDriver.cs:行号 170
--TearDown
在 MySql.Data.MySqlClient.Tests.BaseTest.Teardown() 位置 D:\TFS\SSV4.X\src_V4.3\reference\mysql-connector-net\mysql-connector-net-6.3.7-src\Tests\MySql.Data.Tests\BaseTest.cs:行号 236
]]></stack-trace>
                                </failure>
                              </test-case>
                              <test-case name="MySql.Data.MySqlClient.Tests.TimeoutAndCancelSharedMemory.TimeoutAndCancel.TimeoutNotExpiring" executed="True" result="Error" success="False" time="5.028" asserts="1">
                                <failure>
                                  <message><![CDATA[SetUp : MySql.Data.MySqlClient.MySqlException : Unable to connect to any of the specified MySQL hosts.
  ----> System.Threading.WaitHandleCannotBeOpenedException : 不存在给定名称的句柄。
TearDown : NUnit.Framework.AssertionException :   Too many processes still running
  Expected: 0
  But was:  1
]]></message>
                                  <stack-trace><![CDATA[在 MySql.Data.MySqlClient.NativeDriver.Open() 位置 D:\TFS\SSV4.X\src_V4.3\reference\mysql-connector-net\mysql-connector-net-6.3.7-src\Source\MySql.Data\NativeDriver.cs:行号 269
在 MySql.Data.MySqlClient.Driver.Open() 位置 D:\TFS\SSV4.X\src_V4.3\reference\mysql-connector-net\mysql-connector-net-6.3.7-src\Source\MySql.Data\Driver.cs:行号 212
在 MySql.Data.MySqlClient.Driver.Create(MySqlConnectionStringBuilder settings) 位置 D:\TFS\SSV4.X\src_V4.3\reference\mysql-connector-net\mysql-connector-net-6.3.7-src\Source\MySql.Data\Driver.cs:行号 200
在 MySql.Data.MySqlClient.MySqlConnection.Open() 位置 D:\TFS\SSV4.X\src_V4.3\reference\mysql-connector-net\mysql-connector-net-6.3.7-src\Source\MySql.Data\Connection.cs:行号 514
在 MySql.Data.MySqlClient.Tests.BaseTest.Open() 位置 D:\TFS\SSV4.X\src_V4.3\reference\mysql-connector-net\mysql-connector-net-6.3.7-src\Tests\MySql.Data.Tests\BaseTest.cs:行号 174
在 MySql.Data.MySqlClient.Tests.BaseTest.Setup() 位置 D:\TFS\SSV4.X\src_V4.3\reference\mysql-connector-net\mysql-connector-net-6.3.7-src\Tests\MySql.Data.Tests\BaseTest.cs:行号 215
--WaitHandleCannotBeOpenedException
在 System.Threading.EventWaitHandle.OpenExisting(String name, EventWaitHandleRights rights)
在 MySql.Data.Common.SharedMemoryStream.GetConnectNumber(UInt32 timeOut) 位置 D:\TFS\SSV4.X\src_V4.3\reference\mysql-connector-net\mysql-connector-net-6.3.7-src\Source\MySql.Data\common\SharedMemoryStream.cs:行号 166
在 MySql.Data.Common.SharedMemoryStream.Open(UInt32 timeOut) 位置 D:\TFS\SSV4.X\src_V4.3\reference\mysql-connector-net\mysql-connector-net-6.3.7-src\Source\MySql.Data\common\SharedMemoryStream.cs:行号 120
在 MySql.Data.MySqlClient.NativeDriver.Open() 位置 D:\TFS\SSV4.X\src_V4.3\reference\mysql-connector-net\mysql-connector-net-6.3.7-src\Source\MySql.Data\NativeDriver.cs:行号 170
--TearDown
在 MySql.Data.MySqlClient.Tests.BaseTest.Teardown() 位置 D:\TFS\SSV4.X\src_V4.3\reference\mysql-connector-net\mysql-connector-net-6.3.7-src\Tests\MySql.Data.Tests\BaseTest.cs:行号 236
]]></stack-trace>
                                </failure>
                              </test-case>
                              <test-case name="MySql.Data.MySqlClient.Tests.TimeoutAndCancelSharedMemory.TimeoutAndCancel.TimeoutNotExpiring2" executed="True" result="Error" success="False" time="5.021" asserts="1">
                                <failure>
                                  <message><![CDATA[SetUp : MySql.Data.MySqlClient.MySqlException : Unable to connect to any of the specified MySQL hosts.
  ----> System.Threading.WaitHandleCannotBeOpenedException : 不存在给定名称的句柄。
TearDown : NUnit.Framework.AssertionException :   Too many processes still running
  Expected: 0
  But was:  1
]]></message>
                                  <stack-trace><![CDATA[在 MySql.Data.MySqlClient.NativeDriver.Open() 位置 D:\TFS\SSV4.X\src_V4.3\reference\mysql-connector-net\mysql-connector-net-6.3.7-src\Source\MySql.Data\NativeDriver.cs:行号 269
在 MySql.Data.MySqlClient.Driver.Open() 位置 D:\TFS\SSV4.X\src_V4.3\reference\mysql-connector-net\mysql-connector-net-6.3.7-src\Source\MySql.Data\Driver.cs:行号 212
在 MySql.Data.MySqlClient.Driver.Create(MySqlConnectionStringBuilder settings) 位置 D:\TFS\SSV4.X\src_V4.3\reference\mysql-connector-net\mysql-connector-net-6.3.7-src\Source\MySql.Data\Driver.cs:行号 200
在 MySql.Data.MySqlClient.MySqlConnection.Open() 位置 D:\TFS\SSV4.X\src_V4.3\reference\mysql-connector-net\mysql-connector-net-6.3.7-src\Source\MySql.Data\Connection.cs:行号 514
在 MySql.Data.MySqlClient.Tests.BaseTest.Open() 位置 D:\TFS\SSV4.X\src_V4.3\reference\mysql-connector-net\mysql-connector-net-6.3.7-src\Tests\MySql.Data.Tests\BaseTest.cs:行号 174
在 MySql.Data.MySqlClient.Tests.BaseTest.Setup() 位置 D:\TFS\SSV4.X\src_V4.3\reference\mysql-connector-net\mysql-connector-net-6.3.7-src\Tests\MySql.Data.Tests\BaseTest.cs:行号 215
--WaitHandleCannotBeOpenedException
在 System.Threading.EventWaitHandle.OpenExisting(String name, EventWaitHandleRights rights)
在 MySql.Data.Common.SharedMemoryStream.GetConnectNumber(UInt32 timeOut) 位置 D:\TFS\SSV4.X\src_V4.3\reference\mysql-connector-net\mysql-connector-net-6.3.7-src\Source\MySql.Data\common\SharedMemoryStream.cs:行号 166
在 MySql.Data.Common.SharedMemoryStream.Open(UInt32 timeOut) 位置 D:\TFS\SSV4.X\src_V4.3\reference\mysql-connector-net\mysql-connector-net-6.3.7-src\Source\MySql.Data\common\SharedMemoryStream.cs:行号 120
在 MySql.Data.MySqlClient.NativeDriver.Open() 位置 D:\TFS\SSV4.X\src_V4.3\reference\mysql-connector-net\mysql-connector-net-6.3.7-src\Source\MySql.Data\NativeDriver.cs:行号 170
--TearDown
在 MySql.Data.MySqlClient.Tests.BaseTest.Teardown() 位置 D:\TFS\SSV4.X\src_V4.3\reference\mysql-connector-net\mysql-connector-net-6.3.7-src\Tests\MySql.Data.Tests\BaseTest.cs:行号 236
]]></stack-trace>
                                </failure>
                              </test-case>
                              <test-case name="MySql.Data.MySqlClient.Tests.TimeoutAndCancelSharedMemory.TimeoutAndCancel.WaitTimeoutExpiring" executed="True" result="Error" success="False" time="5.036" asserts="1">
                                <failure>
                                  <message><![CDATA[SetUp : MySql.Data.MySqlClient.MySqlException : Unable to connect to any of the specified MySQL hosts.
  ----> System.Threading.WaitHandleCannotBeOpenedException : 不存在给定名称的句柄。
TearDown : NUnit.Framework.AssertionException :   Too many processes still running
  Expected: 0
  But was:  1
]]></message>
                                  <stack-trace><![CDATA[在 MySql.Data.MySqlClient.NativeDriver.Open() 位置 D:\TFS\SSV4.X\src_V4.3\reference\mysql-connector-net\mysql-connector-net-6.3.7-src\Source\MySql.Data\NativeDriver.cs:行号 269
在 MySql.Data.MySqlClient.Driver.Open() 位置 D:\TFS\SSV4.X\src_V4.3\reference\mysql-connector-net\mysql-connector-net-6.3.7-src\Source\MySql.Data\Driver.cs:行号 212
在 MySql.Data.MySqlClient.Driver.Create(MySqlConnectionStringBuilder settings) 位置 D:\TFS\SSV4.X\src_V4.3\reference\mysql-connector-net\mysql-connector-net-6.3.7-src\Source\MySql.Data\Driver.cs:行号 200
在 MySql.Data.MySqlClient.MySqlConnection.Open() 位置 D:\TFS\SSV4.X\src_V4.3\reference\mysql-connector-net\mysql-connector-net-6.3.7-src\Source\MySql.Data\Connection.cs:行号 514
在 MySql.Data.MySqlClient.Tests.BaseTest.Open() 位置 D:\TFS\SSV4.X\src_V4.3\reference\mysql-connector-net\mysql-connector-net-6.3.7-src\Tests\MySql.Data.Tests\BaseTest.cs:行号 174
在 MySql.Data.MySqlClient.Tests.BaseTest.Setup() 位置 D:\TFS\SSV4.X\src_V4.3\reference\mysql-connector-net\mysql-connector-net-6.3.7-src\Tests\MySql.Data.Tests\BaseTest.cs:行号 215
--WaitHandleCannotBeOpenedException
在 System.Threading.EventWaitHandle.OpenExisting(String name, EventWaitHandleRights rights)
在 MySql.Data.Common.SharedMemoryStream.GetConnectNumber(UInt32 timeOut) 位置 D:\TFS\SSV4.X\src_V4.3\reference\mysql-connector-net\mysql-connector-net-6.3.7-src\Source\MySql.Data\common\SharedMemoryStream.cs:行号 166
在 MySql.Data.Common.SharedMemoryStream.Open(UInt32 timeOut) 位置 D:\TFS\SSV4.X\src_V4.3\reference\mysql-connector-net\mysql-connector-net-6.3.7-src\Source\MySql.Data\common\SharedMemoryStream.cs:行号 120
在 MySql.Data.MySqlClient.NativeDriver.Open() 位置 D:\TFS\SSV4.X\src_V4.3\reference\mysql-connector-net\mysql-connector-net-6.3.7-src\Source\MySql.Data\NativeDriver.cs:行号 170
--TearDown
在 MySql.Data.MySqlClient.Tests.BaseTest.Teardown() 位置 D:\TFS\SSV4.X\src_V4.3\reference\mysql-connector-net\mysql-connector-net-6.3.7-src\Tests\MySql.Data.Tests\BaseTest.cs:行号 236
]]></stack-trace>
                                </failure>
                              </test-case>
                            </results>
                          </test-suite>
                          <test-suite type="TestFixture" name="TimeoutAndCancelSocketCompressed" executed="True" result="Success" success="True" time="78.686" asserts="0">
                            <results>
                              <test-case name="MySql.Data.MySqlClient.Tests.TimeoutAndCancelSocketCompressed.TimeoutAndCancel.CancelSelect" executed="True" result="Success" success="True" time="26.978" asserts="2" />
                              <test-case name="MySql.Data.MySqlClient.Tests.TimeoutAndCancelSocketCompressed.TimeoutAndCancel.CancelSingleQuery" executed="True" result="Success" success="True" time="3.026" asserts="1" />
                              <test-case name="MySql.Data.MySqlClient.Tests.TimeoutAndCancelSocketCompressed.TimeoutAndCancel.ConnectionStringModifiedAfterCancel" executed="True" result="Success" success="True" time="4.537" asserts="4" />
                              <test-case name="MySql.Data.MySqlClient.Tests.TimeoutAndCancelSocketCompressed.TimeoutAndCancel.NetWriteTimeoutExpiring" executed="True" result="Success" success="True" time="24.747" asserts="2" />
                              <test-case name="MySql.Data.MySqlClient.Tests.TimeoutAndCancelSocketCompressed.TimeoutAndCancel.TimeoutDuringBatch" executed="True" result="Success" success="True" time="4.803" asserts="3" />
                              <test-case name="MySql.Data.MySqlClient.Tests.TimeoutAndCancelSocketCompressed.TimeoutAndCancel.TimeoutExpiring" executed="True" result="Success" success="True" time="3.521" asserts="4" />
                              <test-case name="MySql.Data.MySqlClient.Tests.TimeoutAndCancelSocketCompressed.TimeoutAndCancel.TimeoutNotExpiring" executed="True" result="Success" success="True" time="2.017" asserts="1" />
                              <test-case name="MySql.Data.MySqlClient.Tests.TimeoutAndCancelSocketCompressed.TimeoutAndCancel.TimeoutNotExpiring2" executed="True" result="Success" success="True" time="2.014" asserts="1" />
                              <test-case name="MySql.Data.MySqlClient.Tests.TimeoutAndCancelSocketCompressed.TimeoutAndCancel.WaitTimeoutExpiring" executed="True" result="Success" success="True" time="7.027" asserts="5" />
                            </results>
                          </test-suite>
                          <test-suite type="TestFixture" name="Tokenizer" executed="True" result="Success" success="True" time="14.413" asserts="0">
                            <results>
                              <test-case name="MySql.Data.MySqlClient.Tests.Tokenizer.AnsiQuotes" executed="True" result="Success" success="True" time="1.017" asserts="11" />
                              <test-case name="MySql.Data.MySqlClient.Tests.Tokenizer.DashSingleLineComment" executed="True" result="Success" success="True" time="1.015" asserts="12" />
                              <test-case name="MySql.Data.MySqlClient.Tests.Tokenizer.HashSingleLineComment" executed="True" result="Success" success="True" time="1.016" asserts="12" />
                              <test-case name="MySql.Data.MySqlClient.Tests.Tokenizer.MultiLineComment" executed="True" result="Success" success="True" time="1.016" asserts="12" />
                              <test-case name="MySql.Data.MySqlClient.Tests.Tokenizer.NextParameter" executed="True" result="Success" success="True" time="1.009" asserts="4" />
                              <test-case name="MySql.Data.MySqlClient.Tests.Tokenizer.NoSpaceAroundEquals" executed="True" result="Success" success="True" time="1.191" asserts="3" />
                              <test-case name="MySql.Data.MySqlClient.Tests.Tokenizer.Parameter" executed="True" result="Success" success="True" time="1.015" asserts="14" />
                              <test-case name="MySql.Data.MySqlClient.Tests.Tokenizer.ParameterWithSpecialCharacters" executed="True" result="Success" success="True" time="1.008" asserts="10" />
                              <test-case name="MySql.Data.MySqlClient.Tests.Tokenizer.ParseProcBody" executed="True" result="Success" success="True" time="1.011" asserts="20" />
                              <test-case name="MySql.Data.MySqlClient.Tests.Tokenizer.Simple" executed="True" result="Success" success="True" time="1.017" asserts="6" />
                              <test-case name="MySql.Data.MySqlClient.Tests.Tokenizer.Slash" executed="True" result="Success" success="True" time="1.018" asserts="6" />
                              <test-case name="MySql.Data.MySqlClient.Tests.Tokenizer.SqlServerMode" executed="True" result="Success" success="True" time="1.020" asserts="9" />
                              <test-case name="MySql.Data.MySqlClient.Tests.Tokenizer.StringLiteral" executed="True" result="Success" success="True" time="1.018" asserts="8" />
                              <test-case name="MySql.Data.MySqlClient.Tests.Tokenizer.UserVariable" executed="True" result="Success" success="True" time="1.019" asserts="8" />
                            </results>
                          </test-suite>
                          <test-suite type="TestFixture" name="Transactions" executed="True" result="Failure" success="False" time="229.244" asserts="0">
                            <results>
                              <test-case name="MySql.Data.MySqlClient.Tests.Transactions.AttemptToEnlistTwoConnections" executed="True" result="Success" success="True" time="2.245" asserts="1" />
                              <test-case name="MySql.Data.MySqlClient.Tests.Transactions.AttemptToUseConnectionAfterScopeTimeout" executed="True" result="Success" success="True" time="3.157" asserts="3" />
                              <test-case name="MySql.Data.MySqlClient.Tests.Transactions.Bug22042" executed="True" result="Success" success="True" time="2.014" asserts="1" />
                              <test-case name="MySql.Data.MySqlClient.Tests.Transactions.CommitDoesNotTimeout" executed="True" result="Error" success="False" time="158.940" asserts="97">
                                <failure>
                                  <message><![CDATA[MySql.Data.MySqlClient.MySqlException : Timeout expired.  The timeout period elapsed prior to completion of the operation or the server is not responding.
  ----> System.TimeoutException : Timeout in IO operation]]></message>
                                  <stack-trace><![CDATA[在 MySql.Data.MySqlClient.MySqlConnection.HandleTimeoutOrThreadAbort(Exception ex) 位置 D:\TFS\SSV4.X\src_V4.3\reference\mysql-connector-net\mysql-connector-net-6.3.7-src\Source\MySql.Data\Connection.cs:行号 687
在 MySql.Data.MySqlClient.MySqlDataReader.Read() 位置 D:\TFS\SSV4.X\src_V4.3\reference\mysql-connector-net\mysql-connector-net-6.3.7-src\Source\MySql.Data\datareader.cs:行号 962
在 MySql.Data.MySqlClient.Tests.Transactions.CommitDoesNotTimeout() 位置 D:\TFS\SSV4.X\src_V4.3\reference\mysql-connector-net\mysql-connector-net-6.3.7-src\Tests\MySql.Data.Tests\Transactions.cs:行号 843
--TimeoutException
在 MySql.Data.MySqlClient.TimedStream.StopTimer() 位置 D:\TFS\SSV4.X\src_V4.3\reference\mysql-connector-net\mysql-connector-net-6.3.7-src\Source\MySql.Data\TimedStream.cs:行号 148
在 MySql.Data.MySqlClient.TimedStream.Read(Byte[] buffer, Int32 offset, Int32 count) 位置 D:\TFS\SSV4.X\src_V4.3\reference\mysql-connector-net\mysql-connector-net-6.3.7-src\Source\MySql.Data\TimedStream.cs:行号 210
在 System.IO.BufferedStream.Read(Byte[] array, Int32 offset, Int32 count)
在 MySql.Data.MySqlClient.MySqlStream.ReadFully(Stream stream, Byte[] buffer, Int32 offset, Int32 count) 位置 D:\TFS\SSV4.X\src_V4.3\reference\mysql-connector-net\mysql-connector-net-6.3.7-src\Source\MySql.Data\MySqlStream.cs:行号 164
在 MySql.Data.MySqlClient.MySqlStream.LoadPacket() 位置 D:\TFS\SSV4.X\src_V4.3\reference\mysql-connector-net\mysql-connector-net-6.3.7-src\Source\MySql.Data\MySqlStream.cs:行号 193
在 MySql.Data.MySqlClient.MySqlStream.ReadPacket() 位置 D:\TFS\SSV4.X\src_V4.3\reference\mysql-connector-net\mysql-connector-net-6.3.7-src\Source\MySql.Data\MySqlStream.cs:行号 130
在 MySql.Data.MySqlClient.NativeDriver.FetchDataRow(Int32 statementId, Int32 columns) 位置 D:\TFS\SSV4.X\src_V4.3\reference\mysql-connector-net\mysql-connector-net-6.3.7-src\Source\MySql.Data\NativeDriver.cs:行号 855
在 MySql.Data.MySqlClient.Driver.FetchDataRow(Int32 statementId, Int32 columns) 位置 D:\TFS\SSV4.X\src_V4.3\reference\mysql-connector-net\mysql-connector-net-6.3.7-src\Source\MySql.Data\Driver.cs:行号 378
在 MySql.Data.MySqlClient.ResultSet.GetNextRow() 位置 D:\TFS\SSV4.X\src_V4.3\reference\mysql-connector-net\mysql-connector-net-6.3.7-src\Source\MySql.Data\ResultSet.cs:行号 175
在 MySql.Data.MySqlClient.ResultSet.NextRow(CommandBehavior behavior) 位置 D:\TFS\SSV4.X\src_V4.3\reference\mysql-connector-net\mysql-connector-net-6.3.7-src\Source\MySql.Data\ResultSet.cs:行号 198
在 MySql.Data.MySqlClient.MySqlDataReader.Read() 位置 D:\TFS\SSV4.X\src_V4.3\reference\mysql-connector-net\mysql-connector-net-6.3.7-src\Source\MySql.Data\datareader.cs:行号 958
]]></stack-trace>
                                </failure>
                              </test-case>
                              <test-case name="MySql.Data.MySqlClient.Tests.Transactions.EnlistTransactionNullTest" executed="True" result="Success" success="True" time="1.015" asserts="1" />
                              <test-case name="MySql.Data.MySqlClient.Tests.Transactions.EnlistTransactionWNestedTrxTest" executed="True" result="Success" success="True" time="1.094" asserts="1" />
                              <test-case name="MySql.Data.MySqlClient.Tests.Transactions.LockedTable" executed="True" result="Error" success="False" time="2.284" asserts="1">
                                <failure>
                                  <message><![CDATA[MySql.Data.MySqlClient.MySqlException : Access denied for user 'root'@'localhost' (using password: NO)]]></message>
                                  <stack-trace><![CDATA[在 MySql.Data.MySqlClient.MySqlStream.ReadPacket() 位置 D:\TFS\SSV4.X\src_V4.3\reference\mysql-connector-net\mysql-connector-net-6.3.7-src\Source\MySql.Data\MySqlStream.cs:行号 146
在 MySql.Data.MySqlClient.NativeDriver.AuthenticateNew() 位置 D:\TFS\SSV4.X\src_V4.3\reference\mysql-connector-net\mysql-connector-net-6.3.7-src\Source\MySql.Data\NativeDriver.cs:行号 448
在 MySql.Data.MySqlClient.NativeDriver.Authenticate() 位置 D:\TFS\SSV4.X\src_V4.3\reference\mysql-connector-net\mysql-connector-net-6.3.7-src\Source\MySql.Data\NativeDriver.cs:行号 476
在 MySql.Data.MySqlClient.NativeDriver.Open() 位置 D:\TFS\SSV4.X\src_V4.3\reference\mysql-connector-net\mysql-connector-net-6.3.7-src\Source\MySql.Data\NativeDriver.cs:行号 257
在 MySql.Data.MySqlClient.Driver.Open() 位置 D:\TFS\SSV4.X\src_V4.3\reference\mysql-connector-net\mysql-connector-net-6.3.7-src\Source\MySql.Data\Driver.cs:行号 212
在 MySql.Data.MySqlClient.Driver.Create(MySqlConnectionStringBuilder settings) 位置 D:\TFS\SSV4.X\src_V4.3\reference\mysql-connector-net\mysql-connector-net-6.3.7-src\Source\MySql.Data\Driver.cs:行号 200
在 MySql.Data.MySqlClient.MySqlPool.CreateNewPooledConnection() 位置 D:\TFS\SSV4.X\src_V4.3\reference\mysql-connector-net\mysql-connector-net-6.3.7-src\Source\MySql.Data\MySqlPool.cs:行号 172
在 MySql.Data.MySqlClient.MySqlPool.GetPooledConnection() 位置 D:\TFS\SSV4.X\src_V4.3\reference\mysql-connector-net\mysql-connector-net-6.3.7-src\Source\MySql.Data\MySqlPool.cs:行号 155
在 MySql.Data.MySqlClient.MySqlPool.TryToGetDriver() 位置 D:\TFS\SSV4.X\src_V4.3\reference\mysql-connector-net\mysql-connector-net-6.3.7-src\Source\MySql.Data\MySqlPool.cs:行号 246
在 MySql.Data.MySqlClient.MySqlPool.GetConnection() 位置 D:\TFS\SSV4.X\src_V4.3\reference\mysql-connector-net\mysql-connector-net-6.3.7-src\Source\MySql.Data\MySqlPool.cs:行号 257
在 MySql.Data.MySqlClient.MySqlConnection.Open() 位置 D:\TFS\SSV4.X\src_V4.3\reference\mysql-connector-net\mysql-connector-net-6.3.7-src\Source\MySql.Data\Connection.cs:行号 514
在 MySql.Data.MySqlClient.Tests.Transactions.LockedTable() 位置 D:\TFS\SSV4.X\src_V4.3\reference\mysql-connector-net\mysql-connector-net-6.3.7-src\Tests\MySql.Data.Tests\Transactions.cs:行号 212
]]></stack-trace>
                                </failure>
                              </test-case>
                              <test-case name="MySql.Data.MySqlClient.Tests.Transactions.ManualEnlistment" executed="True" result="Success" success="True" time="3.233" asserts="2" />
                              <test-case name="MySql.Data.MySqlClient.Tests.Transactions.ManualEnlistmentWithActiveConnection" executed="True" result="Success" success="True" time="3.024" asserts="1" />
                              <test-case name="MySql.Data.MySqlClient.Tests.Transactions.ManuallyEnlistingInitialConnection" executed="True" result="Success" success="True" time="4.287" asserts="1" />
                              <test-case name="MySql.Data.MySqlClient.Tests.Transactions.ManuallyEnlistingInitialConnectionNoComplete" executed="True" result="Success" success="True" time="4.221" asserts="1" />
                              <test-case name="MySql.Data.MySqlClient.Tests.Transactions.NestedScope" executed="True" result="Success" success="True" time="23.190" asserts="23" />
                              <test-case name="MySql.Data.MySqlClient.Tests.Transactions.ReusingSameConnection" executed="True" result="Success" success="True" time="5.634" asserts="13" />
                              <test-case name="MySql.Data.MySqlClient.Tests.Transactions.RollingBackOnClose" executed="True" result="Success" success="True" time="2.194" asserts="2" />
                              <test-case name="MySql.Data.MySqlClient.Tests.Transactions.ScopeTimeoutWithMySqlHelper" executed="True" result="Success" success="True" time="3.159" asserts="2" />
                              <test-case name="MySql.Data.MySqlClient.Tests.Transactions.TransactionScopeCommit" executed="True" result="Success" success="True" time="2.167" asserts="2" />
                              <test-case name="MySql.Data.MySqlClient.Tests.Transactions.TransactionScopeRollback" executed="True" result="Success" success="True" time="2.309" asserts="2" />
                              <test-case name="MySql.Data.MySqlClient.Tests.Transactions.TransactionScopeWithIsolationLevel" executed="True" result="Success" success="True" time="2.024" asserts="2" />
                              <test-case name="MySql.Data.MySqlClient.Tests.Transactions.TransactionScopeWithThreads" executed="True" result="Success" success="True" time="3.017" asserts="1" />
                            </results>
                          </test-suite>
                          <test-suite type="TestFixture" name="UsageAdvisorTests" executed="True" result="Success" success="True" time="6.343" asserts="0">
                            <results>
                              <test-case name="MySql.Data.MySqlClient.Tests.UsageAdvisorTests.BadIndexUsed" executed="True" result="Success" success="True" time="1.390" asserts="8" />
                              <test-case name="MySql.Data.MySqlClient.Tests.UsageAdvisorTests.FieldConversion" executed="True" result="Success" success="True" time="1.186" asserts="8" />
                              <test-case name="MySql.Data.MySqlClient.Tests.UsageAdvisorTests.NoIndexUsed" executed="True" result="Success" success="True" time="1.180" asserts="8" />
                              <test-case name="MySql.Data.MySqlClient.Tests.UsageAdvisorTests.NotReadingEveryField" executed="True" result="Success" success="True" time="1.228" asserts="17" />
                              <test-case name="MySql.Data.MySqlClient.Tests.UsageAdvisorTests.NotReadingEveryRow" executed="True" result="Success" success="True" time="1.227" asserts="15" />
                            </results>
                          </test-suite>
                        </results>
                      </test-suite>
                    </results>
                  </test-suite>
                </results>
              </test-suite>
            </results>
          </test-suite>
        </results>
      </test-suite>
    </results>
  </test-suite>
</test-results>